[05/10/2012 00:55:02] /i special backpack
[05/10/2012 00:55:26] /i exp potion
[05/10/2012 00:55:26] /i exp potion
[05/10/2012 00:55:27] /i exp potion
[05/10/2012 00:55:27] /i exp potion
[05/10/2012 00:55:27] /i exp potion
[05/10/2012 00:55:27] /i exp potion
[05/10/2012 00:55:27] /i exp potion
[05/10/2012 00:55:27] /i exp potion
[05/10/2012 00:55:27] /i exp potion
[05/10/2012 00:55:27] /i exp potion
[05/10/2012 00:55:27] /i exp potion
[05/10/2012 00:55:27] /i exp potion
[05/10/2012 00:55:27] /i exp potion
[05/10/2012 00:55:27] /i exp potion
[05/10/2012 00:55:27] /i exp potion
[05/10/2012 00:55:27] /i exp potion
[05/10/2012 00:55:27] /i exp potion
[05/10/2012 00:55:27] /i exp potion
[05/10/2012 00:55:27] /i exp potion
[05/10/2012 00:55:27] /i exp potion
[05/10/2012 00:55:27] /i exp potion
[05/10/2012 00:55:27] /i exp potion
[05/10/2012 00:55:27] /i exp potion
[05/10/2012 00:55:27] /i exp potion
[05/10/2012 00:55:27] /i exp potion
[05/10/2012 00:55:27] /i exp potion
[05/10/2012 00:55:27] /i exp potion
[05/10/2012 00:55:27] /i exp potion
[05/10/2012 00:55:27] /i exp potion
[05/10/2012 00:55:27] /i exp potion
[05/10/2012 00:55:28] /i exp potion
[05/10/2012 00:55:28] /i exp potion
[05/10/2012 00:55:28] /i exp potion
[05/10/2012 00:55:28] /i exp potion
[05/10/2012 00:55:28] /i exp potion
[05/10/2012 00:55:28] /i exp potion
[05/10/2012 00:55:28] /i exp potion
[05/10/2012 00:55:28] /i exp potion
[05/10/2012 00:55:28] /i exp potion
[05/10/2012 00:55:28] /i exp potion
[05/10/2012 00:55:28] /i exp potion
[05/10/2012 00:55:28] /i exp potion
[05/10/2012 00:55:28] /i exp potion
[05/10/2012 00:55:28] /i exp potion
[05/10/2012 00:55:28] /i exp potion
[05/10/2012 00:55:28] /i exp potion
[05/10/2012 00:55:28] /i exp potion
[05/10/2012 00:55:28] /i exp potion
[05/10/2012 00:55:28] /i exp potion
[05/10/2012 00:55:29] /i exp potion
[05/10/2012 00:55:29] /i exp potion
[05/10/2012 00:55:29] /i exp potion
[05/10/2012 00:55:29] /i exp potion
[05/10/2012 00:55:29] /i exp potion
[05/10/2012 00:55:29] /i exp potion
[05/10/2012 00:55:29] /i exp potion
[05/10/2012 00:55:30] /i exp potion
[05/10/2012 00:55:30] /i exp potion
[05/10/2012 00:55:32] /r all
[05/10/2012 00:59:34] /i special backpack
[05/10/2012 00:59:41] /i 2160
[05/10/2012 00:59:41] /i 2160
[05/10/2012 00:59:41] /i 2160
[05/10/2012 00:59:41] /i 2160
[05/10/2012 00:59:41] /i 2160
[05/10/2012 00:59:41] /i 2160
[05/10/2012 00:59:42] /i 2160
[05/10/2012 00:59:42] /i 2160
[05/10/2012 00:59:42] /i 2160
[05/10/2012 00:59:42] /i 2160
[05/10/2012 00:59:42] /i 2160
[05/10/2012 00:59:42] /i 2160
[05/10/2012 00:59:42] /i 2160
[05/10/2012 00:59:42] /i 2160
[05/10/2012 00:59:42] /i 2160
[05/10/2012 00:59:42] /i 2160
[05/10/2012 00:59:42] /i 2160
[05/10/2012 00:59:42] /i 2160
[05/10/2012 00:59:42] /i 2160
[05/10/2012 00:59:42] /i 2160
[05/10/2012 00:59:42] /i 2160
[05/10/2012 00:59:42] /i 2160
[05/10/2012 00:59:42] /i 2160
[05/10/2012 00:59:42] /i 2160
[05/10/2012 00:59:42] /i 2160
[05/10/2012 00:59:42] /i 2160
[05/10/2012 00:59:42] /i 2160
[05/10/2012 00:59:42] /i 2160
[05/10/2012 00:59:42] /i 2160
[05/10/2012 00:59:42] /i 2160
[05/10/2012 00:59:42] /i 2160
[05/10/2012 00:59:42] /i 2160
[05/10/2012 00:59:42] /i 2160
[05/10/2012 00:59:42] /i 2160
[05/10/2012 00:59:42] /i 2160
[05/10/2012 00:59:43] /i 2160
[05/10/2012 00:59:43] /i 2160
[05/10/2012 00:59:43] /i 2160
[05/10/2012 00:59:43] /i 2160
[05/10/2012 00:59:43] /i 2160
[05/10/2012 00:59:43] /i 2160
[05/10/2012 00:59:43] /i 2160
[05/10/2012 00:59:43] /i 2160
[05/10/2012 00:59:43] /i 2160
[05/10/2012 00:59:43] /i 2160
[05/10/2012 00:59:43] /i 2160
[05/10/2012 00:59:43] /i 2160
[05/10/2012 00:59:43] /i 2160
[05/10/2012 00:59:43] /i 2160
[05/10/2012 00:59:43] /i 2160
[05/10/2012 00:59:43] /i 2160
[05/10/2012 00:59:43] /i 2160
[05/10/2012 00:59:43] /i 2160
[05/10/2012 00:59:45] /r all
[05/10/2012 14:14:12] /c nini an~
[05/10/2012 14:14:16] /i backpack
[05/10/2012 14:14:20] /i supreme sword
[05/10/2012 14:14:25] /i supreme ring shield
[05/10/2012 14:14:29] /i supreme ring
[05/10/2012 14:14:32] /i supreme shield
[06/10/2012 19:30:16] /c krazzy flay
[06/10/2012 19:30:39] /i special backpack
[06/10/2012 19:30:41] /a
[06/10/2012 19:30:43] /i 2160
[06/10/2012 19:30:44] /i 2160
[06/10/2012 19:30:44] /i 2160
[06/10/2012 19:30:44] /i 2160
[06/10/2012 19:30:44] /i 2160
[06/10/2012 19:30:44] /i 2160
[06/10/2012 19:30:44] /i 2160
[06/10/2012 19:30:44] /i 2160
[06/10/2012 19:30:44] /i 2160
[06/10/2012 19:30:44] /i 2160
[06/10/2012 19:30:44] /i 2160
[06/10/2012 19:30:44] /i 2160
[06/10/2012 19:30:44] /i 2160
[06/10/2012 19:30:44] /i 2160
[06/10/2012 19:30:44] /i 2160
[06/10/2012 19:30:44] /i 2160
[06/10/2012 19:30:44] /i 2160
[06/10/2012 19:30:44] /i 2160
[06/10/2012 19:30:44] /i 2160
[06/10/2012 19:30:44] /i 2160
[06/10/2012 19:30:44] /i 2160
[06/10/2012 19:30:44] /i 2160
[06/10/2012 19:30:44] /i 2160
[06/10/2012 19:30:45] /i 2160
[06/10/2012 19:30:45] /i 2160
[06/10/2012 19:30:45] /i 2160
[06/10/2012 19:30:45] /i 2160
[06/10/2012 19:30:45] /i 2160
[06/10/2012 19:30:45] /i 2160
[06/10/2012 19:30:45] /i 2160
[06/10/2012 19:30:45] /i 2160
[06/10/2012 19:30:45] /i 2160
[06/10/2012 19:30:45] /i 2160
[06/10/2012 19:30:45] /i 2160
[06/10/2012 19:30:45] /i 2160
[06/10/2012 19:30:45] /i 2160
[06/10/2012 19:30:45] /i 2160
[06/10/2012 19:30:45] /i 2160
[06/10/2012 19:30:45] /i 2160
[06/10/2012 19:30:45] /i 2160
[06/10/2012 19:30:45] /i 2160
[06/10/2012 19:30:45] /i 2160
[06/10/2012 19:30:45] /i 2160
[06/10/2012 19:30:46] /i 2160
[06/10/2012 19:30:46] /i 2160
[06/10/2012 19:30:46] /i 2160
[06/10/2012 19:30:46] /i 2160
[06/10/2012 19:30:46] /i 2160
[06/10/2012 19:30:46] /i 2160
[06/10/2012 19:30:46] /i 2160
[06/10/2012 19:30:46] /i 2160
[06/10/2012 19:30:47] /i 2160
[06/10/2012 19:30:47] /i 2160
[06/10/2012 19:30:47] /i 2160
[06/10/2012 19:30:47] /i 2160
[06/10/2012 19:30:47] /i 2160
[06/10/2012 19:30:47] /i 2160
[06/10/2012 19:30:50] /r all
[06/10/2012 19:30:56] /i special backpack
[06/10/2012 19:30:57] /a
[06/10/2012 19:30:59] /i exp potion
[06/10/2012 19:30:59] /i exp potion
[06/10/2012 19:30:59] /i exp potion
[06/10/2012 19:30:59] /i exp potion
[06/10/2012 19:30:59] /i exp potion
[06/10/2012 19:30:59] /i exp potion
[06/10/2012 19:30:59] /i exp potion
[06/10/2012 19:30:59] /i exp potion
[06/10/2012 19:30:59] /i exp potion
[06/10/2012 19:30:59] /i exp potion
[06/10/2012 19:30:59] /i exp potion
[06/10/2012 19:30:59] /i exp potion
[06/10/2012 19:30:59] /i exp potion
[06/10/2012 19:30:59] /i exp potion
[06/10/2012 19:31:00] /i exp potion
[06/10/2012 19:31:00] /i exp potion
[06/10/2012 19:31:00] /i exp potion
[06/10/2012 19:31:00] /i exp potion
[06/10/2012 19:31:00] /i exp potion
[06/10/2012 19:31:00] /i exp potion
[06/10/2012 19:31:00] /i exp potion
[06/10/2012 19:31:00] /i exp potion
[06/10/2012 19:31:00] /i exp potion
[06/10/2012 19:31:00] /i exp potion
[06/10/2012 19:31:00] /i exp potion
[06/10/2012 19:31:00] /i exp potion
[06/10/2012 19:31:00] /i exp potion
[06/10/2012 19:31:00] /i exp potion
[06/10/2012 19:31:00] /i exp potion
[06/10/2012 19:31:00] /i exp potion
[06/10/2012 19:31:00] /i exp potion
[06/10/2012 19:31:01] /i exp potion
[06/10/2012 19:31:01] /i exp potion
[06/10/2012 19:31:01] /i exp potion
[06/10/2012 19:31:01] /i exp potion
[06/10/2012 19:31:01] /i exp potion
[06/10/2012 19:31:01] /i exp potion
[06/10/2012 19:31:01] /i exp potion
[06/10/2012 19:31:02] /i exp potion
[06/10/2012 19:31:02] /i exp potion
[06/10/2012 19:31:02] /i exp potion
[06/10/2012 19:31:02] /i exp potion
[06/10/2012 19:31:02] /i exp potion
[06/10/2012 19:31:02] /i exp potion
[06/10/2012 19:31:02] /i exp potion
[06/10/2012 19:31:03] /i exp potion
[06/10/2012 19:31:03] /i exp potion
[06/10/2012 19:31:03] /i exp potion
[06/10/2012 19:31:03] /i exp potion
[06/10/2012 19:31:03] /i exp potion
[06/10/2012 19:31:04] /i exp potion
[06/10/2012 19:31:04] /i exp potion
[06/10/2012 19:31:04] /i exp potion
[06/10/2012 19:31:04] /i exp potion
[06/10/2012 19:31:04] /i exp potion
[06/10/2012 19:31:04] /i exp potion
[06/10/2012 19:31:05] /i exp potion
[06/10/2012 19:31:07] /r all
[06/10/2012 19:31:37] /t
[06/10/2012 19:32:03] /t
[06/10/2012 19:32:19] /a
[06/10/2012 19:32:26] /a 10
[06/10/2012 19:32:27] /a 10
[06/10/2012 19:32:27] /a 10
[06/10/2012 19:32:28] /a 10
[06/10/2012 19:32:29] /a 10
[06/10/2012 19:32:30] /a 10
[06/10/2012 19:32:31] /a 10
[06/10/2012 19:32:31] /a 10
[06/10/2012 19:32:32] /a 10
[06/10/2012 19:32:32] /a 10
[06/10/2012 19:32:33] /a 10
[06/10/2012 19:32:34] /a 10
[06/10/2012 19:32:34] /a 10
[06/10/2012 19:32:34] /a 10
[06/10/2012 19:32:35] /a 10
[06/10/2012 19:32:35] /a 10
[06/10/2012 19:32:36] /a 10
[06/10/2012 19:32:37] /a 10
[06/10/2012 19:32:37] /a 10
[06/10/2012 19:32:37] /a 10
[06/10/2012 19:32:37] /a 10
[06/10/2012 19:32:38] /a 10
[06/10/2012 19:32:38] /a 10
[06/10/2012 19:32:39] /a 10
[06/10/2012 19:32:41] /a 10
[06/10/2012 19:32:42] /a 10
[06/10/2012 19:32:43] /a 10
[06/10/2012 19:32:45] /a
[06/10/2012 19:32:45] /a
[06/10/2012 19:32:46] /a
[06/10/2012 19:32:46] /a
[06/10/2012 19:32:48] /a
[06/10/2012 19:32:51] /a 2
[06/10/2012 19:32:57] /a 4
[06/10/2012 19:32:57] /a 4
[06/10/2012 19:32:58] /a 4
[06/10/2012 19:32:59] /a 4
[06/10/2012 19:33:00] /a 4
[06/10/2012 19:33:01] /a 4
[06/10/2012 19:33:03] /a
[06/10/2012 19:33:04] /a
[06/10/2012 19:33:06] /a
[06/10/2012 19:33:11] /a 5
[06/10/2012 19:33:12] /a 5
[06/10/2012 19:33:12] /a 5
[06/10/2012 19:33:12] /a 5
[06/10/2012 19:33:13] /a 5
[06/10/2012 19:33:13] /a 5
[06/10/2012 19:33:14] /a 5
[06/10/2012 19:33:16] /a 5
[06/10/2012 19:33:18] /a 5
[06/10/2012 19:33:20] /a
[06/10/2012 19:33:26] /c krazzy flay
[06/10/2012 19:33:54] /a
[06/10/2012 19:33:57] /a 5
[06/10/2012 19:33:58] /a 5
[06/10/2012 19:33:59] /a 5
[06/10/2012 19:34:03] /c krazzy~
[06/10/2012 19:34:53] /r all
[06/10/2012 19:34:55] /r all
[06/10/2012 19:34:56] /r all
[06/10/2012 19:34:57] /r all
[06/10/2012 21:09:08] /goto nini~
[06/10/2012 21:09:15] /mc
[06/10/2012 21:12:18] /mc
[06/10/2012 21:13:12] /goto lokinha sorc
[06/10/2012 21:13:49] /goto mato mesmo
[06/10/2012 21:17:37] /name Guguw,GuGuW RuLLeX
[06/10/2012 21:17:57] /kick guguw
[06/10/2012 22:11:39] /t
[06/10/2012 22:11:53] /goto sir es~
[06/10/2012 22:12:45] /t
[06/10/2012 22:18:16] /c dirty e~
[06/10/2012 22:18:33] /a
[06/10/2012 22:18:37] /i special backpack
[06/10/2012 22:18:37] /i 2160
[06/10/2012 22:18:38] /i 2160
[06/10/2012 22:18:38] /i 2160
[06/10/2012 22:18:38] /i 2160
[06/10/2012 22:18:38] /i 2160
[06/10/2012 22:18:38] /i 2160
[06/10/2012 22:18:38] /i 2160
[06/10/2012 22:18:38] /i 2160
[06/10/2012 22:18:38] /i 2160
[06/10/2012 22:18:38] /i 2160
[06/10/2012 22:18:38] /i 2160
[06/10/2012 22:18:38] /i 2160
[06/10/2012 22:18:38] /i 2160
[06/10/2012 22:18:38] /i 2160
[06/10/2012 22:18:38] /i 2160
[06/10/2012 22:18:38] /i 2160
[06/10/2012 22:18:38] /i 2160
[06/10/2012 22:18:38] /i 2160
[06/10/2012 22:18:38] /i 2160
[06/10/2012 22:18:38] /i 2160
[06/10/2012 22:18:38] /i 2160
[06/10/2012 22:18:39] /i 2160
[06/10/2012 22:18:39] /i 2160
[06/10/2012 22:18:39] /i 2160
[06/10/2012 22:18:39] /i 2160
[06/10/2012 22:18:39] /i 2160
[06/10/2012 22:18:39] /i 2160
[06/10/2012 22:18:39] /i 2160
[06/10/2012 22:18:39] /i 2160
[06/10/2012 22:18:39] /i 2160
[06/10/2012 22:18:39] /i 2160
[06/10/2012 22:18:39] /i 2160
[06/10/2012 22:18:39] /i 2160
[06/10/2012 22:18:39] /i 2160
[06/10/2012 22:18:39] /i 2160
[06/10/2012 22:18:39] /i 2160
[06/10/2012 22:18:39] /i 2160
[06/10/2012 22:18:40] /i 2160
[06/10/2012 22:18:40] /i 2160
[06/10/2012 22:18:40] /i 2160
[06/10/2012 22:18:40] /i 2160
[06/10/2012 22:18:40] /i 2160
[06/10/2012 22:18:40] /i 2160
[06/10/2012 22:18:40] /i 2160
[06/10/2012 22:18:40] /i 2160
[06/10/2012 22:18:41] /i 2160
[06/10/2012 22:18:41] /i 2160
[06/10/2012 22:18:41] /i 2160
[06/10/2012 22:18:41] /i 2160
[06/10/2012 22:18:42] /i 2160
[06/10/2012 22:18:42] /i 2160
[06/10/2012 22:18:42] /i 2160
[06/10/2012 22:18:42] /i 2160
[06/10/2012 22:18:42] /i 2160
[06/10/2012 22:18:42] /i 2160
[06/10/2012 22:18:43] /i 2160
[06/10/2012 22:18:46] /i special backpack
[06/10/2012 22:18:47] /i 2160
[06/10/2012 22:18:48] /i 2160
[06/10/2012 22:18:48] /i 2160
[06/10/2012 22:18:48] /i 2160
[06/10/2012 22:18:48] /i 2160
[06/10/2012 22:18:48] /i 2160
[06/10/2012 22:18:48] /i 2160
[06/10/2012 22:18:48] /i 2160
[06/10/2012 22:18:48] /i 2160
[06/10/2012 22:18:48] /i 2160
[06/10/2012 22:18:48] /i 2160
[06/10/2012 22:18:48] /i 2160
[06/10/2012 22:18:48] /i 2160
[06/10/2012 22:18:48] /i 2160
[06/10/2012 22:18:48] /i 2160
[06/10/2012 22:18:48] /i 2160
[06/10/2012 22:18:48] /i 2160
[06/10/2012 22:18:48] /i 2160
[06/10/2012 22:18:48] /i 2160
[06/10/2012 22:18:48] /i 2160
[06/10/2012 22:18:48] /i 2160
[06/10/2012 22:18:48] /i 2160
[06/10/2012 22:18:48] /i 2160
[06/10/2012 22:18:48] /i 2160
[06/10/2012 22:18:48] /i 2160
[06/10/2012 22:18:48] /i 2160
[06/10/2012 22:18:48] /i 2160
[06/10/2012 22:18:48] /i 2160
[06/10/2012 22:18:49] /i 2160
[06/10/2012 22:18:49] /i 2160
[06/10/2012 22:18:49] /i 2160
[06/10/2012 22:18:49] /i 2160
[06/10/2012 22:18:49] /i 2160
[06/10/2012 22:18:49] /i 2160
[06/10/2012 22:18:49] /i 2160
[06/10/2012 22:18:49] /i 2160
[06/10/2012 22:18:49] /i 2160
[06/10/2012 22:18:52] /r al
[06/10/2012 22:18:53] /r all
[06/10/2012 22:18:54] /a
[06/10/2012 22:18:56] /i 2160
[06/10/2012 22:18:57] /i 2160
[06/10/2012 22:18:57] /i 2160
[06/10/2012 22:18:57] /i 2160
[06/10/2012 22:18:57] /i 2160
[06/10/2012 22:18:57] /i 2160
[06/10/2012 22:18:57] /i 2160
[06/10/2012 22:18:57] /i 2160
[06/10/2012 22:18:57] /i 2160
[06/10/2012 22:18:57] /i 2160
[06/10/2012 22:18:57] /i 2160
[06/10/2012 22:18:57] /i 2160
[06/10/2012 22:18:57] /i 2160
[06/10/2012 22:18:57] /i 2160
[06/10/2012 22:18:57] /i 2160
[06/10/2012 22:18:57] /i 2160
[06/10/2012 22:18:57] /i 2160
[06/10/2012 22:18:57] /i 2160
[06/10/2012 22:18:57] /i 2160
[06/10/2012 22:18:57] /i 2160
[06/10/2012 22:18:57] /i 2160
[06/10/2012 22:18:57] /i 2160
[06/10/2012 22:18:57] /i 2160
[06/10/2012 22:18:57] /i 2160
[06/10/2012 22:18:58] /i 2160
[06/10/2012 22:18:58] /i 2160
[06/10/2012 22:18:58] /i 2160
[06/10/2012 22:18:58] /i 2160
[06/10/2012 22:18:58] /i 2160
[06/10/2012 22:18:58] /i 2160
[06/10/2012 22:18:58] /i 2160
[06/10/2012 22:18:58] /i 2160
[06/10/2012 22:18:58] /i 2160
[06/10/2012 22:19:00] /r all
[06/10/2012 22:19:04] /a
[06/10/2012 22:19:12] /i special backpack
[06/10/2012 22:19:13] /i exp potion
[06/10/2012 22:19:13] /i exp potion
[06/10/2012 22:19:13] /i exp potion
[06/10/2012 22:19:13] /i exp potion
[06/10/2012 22:19:14] /i exp potion
[06/10/2012 22:19:14] /i exp potion
[06/10/2012 22:19:14] /i exp potion
[06/10/2012 22:19:14] /i exp potion
[06/10/2012 22:19:14] /i exp potion
[06/10/2012 22:19:14] /i exp potion
[06/10/2012 22:19:14] /i exp potion
[06/10/2012 22:19:14] /i exp potion
[06/10/2012 22:19:14] /i exp potion
[06/10/2012 22:19:14] /i exp potion
[06/10/2012 22:19:14] /i exp potion
[06/10/2012 22:19:14] /i exp potion
[06/10/2012 22:19:14] /i exp potion
[06/10/2012 22:19:14] /i exp potion
[06/10/2012 22:19:14] /i exp potion
[06/10/2012 22:19:14] /i exp potion
[06/10/2012 22:19:14] /i exp potion
[06/10/2012 22:19:14] /i exp potion
[06/10/2012 22:19:14] /i exp potion
[06/10/2012 22:19:15] /i exp potion
[06/10/2012 22:19:15] /i exp potion
[06/10/2012 22:19:15] /i exp potion
[06/10/2012 22:19:15] /i exp potion
[06/10/2012 22:19:15] /i exp potion
[06/10/2012 22:19:15] /i exp potion
[06/10/2012 22:19:16] /i exp potion
[06/10/2012 22:19:16] /i exp potion
[06/10/2012 22:19:16] /i exp potion
[06/10/2012 22:19:16] /i exp potion
[06/10/2012 22:19:16] /i exp potion
[06/10/2012 22:19:16] /i exp potion
[06/10/2012 22:19:16] /i exp potion
[06/10/2012 22:19:17] /i exp potion
[06/10/2012 22:19:17] /i exp potion
[06/10/2012 22:19:17] /i exp potion
[06/10/2012 22:19:17] /i exp potion
[06/10/2012 22:19:17] /i exp potion
[06/10/2012 22:19:18] /i exp potion
[06/10/2012 22:19:18] /i exp potion
[06/10/2012 22:19:18] /i exp potion
[06/10/2012 22:19:18] /i exp potion
[06/10/2012 22:19:18] /i exp potion
[06/10/2012 22:19:18] /i exp potion
[06/10/2012 22:19:19] /i exp potion
[06/10/2012 22:19:19] /i exp potion
[06/10/2012 22:19:19] /i exp potion
[06/10/2012 22:19:19] /i exp potion
[06/10/2012 22:19:19] /i exp potion
[06/10/2012 22:19:20] /i exp potion
[06/10/2012 22:19:20] /i exp potion
[06/10/2012 22:19:20] /i exp potion
[06/10/2012 22:19:23] /r all
[06/10/2012 22:19:27] /a
[06/10/2012 22:19:32] /i special backpack
[06/10/2012 22:19:39] /i supreme wand
[06/10/2012 22:19:44] /i supreme shield
[06/10/2012 22:19:48] /i supreme ring
[06/10/2012 22:20:38] /a
[06/10/2012 22:20:45] /i special backpack
[06/10/2012 22:20:46] /i 2160
[06/10/2012 22:20:46] /i 2160
[06/10/2012 22:20:46] /i 2160
[06/10/2012 22:20:46] /i 2160
[06/10/2012 22:20:46] /i 2160
[06/10/2012 22:20:46] /i 2160
[06/10/2012 22:20:46] /i 2160
[06/10/2012 22:20:47] /i 2160
[06/10/2012 22:20:47] /i 2160
[06/10/2012 22:20:47] /i 2160
[06/10/2012 22:20:47] /i 2160
[06/10/2012 22:20:47] /i 2160
[06/10/2012 22:20:47] /i 2160
[06/10/2012 22:20:47] /i 2160
[06/10/2012 22:20:47] /i 2160
[06/10/2012 22:20:47] /i 2160
[06/10/2012 22:20:47] /i 2160
[06/10/2012 22:20:47] /i 2160
[06/10/2012 22:20:47] /i 2160
[06/10/2012 22:20:47] /i 2160
[06/10/2012 22:20:47] /i 2160
[06/10/2012 22:20:47] /i 2160
[06/10/2012 22:20:47] /i 2160
[06/10/2012 22:20:48] /i 2160
[06/10/2012 22:20:48] /i 2160
[06/10/2012 22:20:48] /i 2160
[06/10/2012 22:20:48] /i 2160
[06/10/2012 22:20:48] /i 2160
[06/10/2012 22:20:48] /i 2160
[06/10/2012 22:20:48] /i 2160
[06/10/2012 22:20:49] /i 2160
[06/10/2012 22:20:49] /i 2160
[06/10/2012 22:20:49] /i 2160
[06/10/2012 22:20:49] /i 2160
[06/10/2012 22:20:49] /i 2160
[06/10/2012 22:20:50] /i 2160
[06/10/2012 22:20:50] /i 2160
[06/10/2012 22:20:50] /i 2160
[06/10/2012 22:20:51] /i 2160
[06/10/2012 22:20:51] /i 2160
[06/10/2012 22:20:51] /i 2160
[06/10/2012 22:20:51] /i 2160
[06/10/2012 22:20:52] /i 2160
[06/10/2012 22:20:52] /i 2160
[06/10/2012 22:20:52] /i 2160
[06/10/2012 22:20:52] /i 2160
[06/10/2012 22:20:52] /i 2160
[06/10/2012 22:20:53] /i 2160
[06/10/2012 22:20:53] /i 2160
[06/10/2012 22:20:53] /i 2160
[06/10/2012 22:20:53] /i 2160
[06/10/2012 22:20:53] /i 2160
[06/10/2012 22:20:54] /i 2160
[06/10/2012 22:20:54] /i 2160
[06/10/2012 22:20:54] /i 2160
[06/10/2012 22:20:54] /i 2160
[06/10/2012 22:20:55] /i 2160
[06/10/2012 22:20:55] /i 2160
[06/10/2012 22:21:00] /r all
[06/10/2012 22:21:01] /a
[06/10/2012 22:21:06] /i special backpack
[06/10/2012 22:21:07] /i exp potion
[06/10/2012 22:21:07] /i exp potion
[06/10/2012 22:21:07] /i exp potion
[06/10/2012 22:21:07] /i exp potion
[06/10/2012 22:21:07] /i exp potion
[06/10/2012 22:21:08] /i exp potion
[06/10/2012 22:21:08] /i exp potion
[06/10/2012 22:21:08] /i exp potion
[06/10/2012 22:21:08] /i exp potion
[06/10/2012 22:21:08] /i exp potion
[06/10/2012 22:21:08] /i exp potion
[06/10/2012 22:21:08] /i exp potion
[06/10/2012 22:21:08] /i exp potion
[06/10/2012 22:21:08] /i exp potion
[06/10/2012 22:21:08] /i exp potion
[06/10/2012 22:21:08] /i exp potion
[06/10/2012 22:21:08] /i exp potion
[06/10/2012 22:21:08] /i exp potion
[06/10/2012 22:21:09] /i exp potion
[06/10/2012 22:21:09] /i exp potion
[06/10/2012 22:21:09] /i exp potion
[06/10/2012 22:21:09] /i exp potion
[06/10/2012 22:21:09] /i exp potion
[06/10/2012 22:21:09] /i exp potion
[06/10/2012 22:21:10] /i exp potion
[06/10/2012 22:21:10] /i exp potion
[06/10/2012 22:21:10] /i exp potion
[06/10/2012 22:21:10] /i exp potion
[06/10/2012 22:21:10] /i exp potion
[06/10/2012 22:21:10] /i exp potion
[06/10/2012 22:21:11] /i exp potion
[06/10/2012 22:21:11] /i exp potion
[06/10/2012 22:21:11] /i exp potion
[06/10/2012 22:21:11] /i exp potion
[06/10/2012 22:21:11] /i exp potion
[06/10/2012 22:21:11] /i exp potion
[06/10/2012 22:21:12] /i exp potion
[06/10/2012 22:21:12] /i exp potion
[06/10/2012 22:21:12] /i exp potion
[06/10/2012 22:21:12] /i exp potion
[06/10/2012 22:21:13] /i exp potion
[06/10/2012 22:21:13] /i exp potion
[06/10/2012 22:21:13] /i exp potion
[06/10/2012 22:21:13] /i exp potion
[06/10/2012 22:21:14] /i exp potion
[06/10/2012 22:21:14] /i exp potion
[06/10/2012 22:21:14] /i exp potion
[06/10/2012 22:21:14] /i exp potion
[06/10/2012 22:21:15] /i exp potion
[06/10/2012 22:21:15] /i exp potion
[06/10/2012 22:21:15] /i exp potion
[06/10/2012 22:21:15] /i exp potion
[06/10/2012 22:21:16] /i exp potion
[06/10/2012 22:21:16] /i exp potion
[06/10/2012 22:21:22] /r all
[06/10/2012 22:21:56] /a
[06/10/2012 22:22:05] /i supreme wand
[06/10/2012 22:22:08] /i supreme ring
[06/10/2012 22:22:13] /i supreme shield
[06/10/2012 22:23:23] /goto krazzy fla~
[06/10/2012 22:27:45] /c dirty~
[06/10/2012 22:30:55] /i remover frags
[06/10/2012 22:30:58] /i remover frags
[07/10/2012 00:03:50] /goto niin~
[07/10/2012 00:04:02] /goto prin~
[07/10/2012 00:10:18] /goto niin~
[07/10/2012 00:11:24] /goto knight fore~
[07/10/2012 00:11:34] /goto niin~
[07/10/2012 00:15:09] /goto knight fore~
[07/10/2012 00:15:11] /goto niin~
[07/10/2012 00:44:00] /goto niin~
[07/10/2012 00:45:09] /t
[07/10/2012 00:45:14] /c dirty~
[07/10/2012 00:46:21] /c dirty~
[07/10/2012 00:46:28] /goto niin~
[07/10/2012 00:47:09] /goto niin~
[07/10/2012 00:48:59] /goto niin~
[07/10/2012 00:49:13] /goto pato'~
[07/10/2012 00:49:56] /goto niin~
[07/10/2012 02:08:54] /goto pato'~
[07/10/2012 03:21:19] /up
[07/10/2012 03:21:30] /a
[07/10/2012 03:21:30] /a
[07/10/2012 03:21:32] /a
[07/10/2012 03:21:38] /i axe
[07/10/2012 03:21:48] /attr set attack 99999999999999
[07/10/2012 03:24:00] /c krazzy fla~
[07/10/2012 03:24:43] /m massive fire elemental
[07/10/2012 03:24:43] /m massive fire elemental
[07/10/2012 03:24:52] /m massive fire elemental
[07/10/2012 03:24:56] /m massive fire elemental
[07/10/2012 03:25:01] /m massive fire elemental
[07/10/2012 03:25:05] /m massive fire elemental
[07/10/2012 03:25:20] /save
[07/10/2012 03:25:34] /t
[07/10/2012 03:25:36] /up
[07/10/2012 03:25:56] /a
[07/10/2012 03:26:02] /c krazzy fla~
[07/10/2012 03:29:08] /goto Sko Llz Iit Ol L
[07/10/2012 03:29:25] /mc
[07/10/2012 03:32:49] /goto warrior
[07/10/2012 03:52:18] /goto warrior
[07/10/2012 03:52:21] /goto warrior
[07/10/2012 03:52:22] /goto warrior
[07/10/2012 04:01:58] /clean
[07/10/2012 04:05:11] /goto warrior
[07/10/2012 04:05:18] /t nini~
[07/10/2012 04:08:16] /t
[07/10/2012 04:08:22] /goto sou~
[07/10/2012 15:07:04] /clean
[07/10/2012 15:07:56] /b ohh lag boa ein kkk'
[07/10/2012 15:33:24] /mc
[07/10/2012 15:36:50] /i backpack
[07/10/2012 15:46:51] /c nini~
[07/10/2012 15:46:59] /i remover frags
[07/10/2012 15:48:59] /goto niin~
[07/10/2012 15:49:23] /goto porra~
[07/10/2012 15:49:31] /goto porra~
[07/10/2012 15:49:35] /goto porra~
[07/10/2012 18:26:05] /goto lord~
[07/10/2012 18:26:23] /goto lord~
[07/10/2012 18:26:28] /goto lord xu~
[07/10/2012 18:27:47] /t
[07/10/2012 18:31:05] /mc
[07/10/2012 18:32:30] /goto krazzy st~
[08/10/2012 01:20:29] /goto pato'~
[08/10/2012 01:20:34] /a
[08/10/2012 01:20:59] /goto polo
[08/10/2012 01:21:08] /c dirty~
[08/10/2012 01:22:07] /goto pato'~
[08/10/2012 01:40:08] /goto pato'~
[08/10/2012 01:40:36] /mc
[08/10/2012 01:42:32] /r
[08/10/2012 01:43:02] /goto macho~
[08/10/2012 01:43:17] /goto pato'~
[08/10/2012 01:43:19] /goto pato'~
[08/10/2012 01:43:28] /goto pato'~
[08/10/2012 01:43:30] /goto pato'~
[08/10/2012 01:43:31] /goto pato'~
[08/10/2012 01:43:37] /goto pato'~
[08/10/2012 01:43:39] /goto pato'~
[08/10/2012 01:43:40] /goto pato'~
[08/10/2012 01:43:41] /goto pato'~
[08/10/2012 01:43:43] /goto pato'~
[08/10/2012 01:43:44] /goto pato'~
[08/10/2012 01:43:46] /goto pato'~
[08/10/2012 01:43:48] /goto pato'~
[08/10/2012 01:43:49] /goto pato'~
[08/10/2012 01:44:02] /goto pato'~
[08/10/2012 01:44:07] /goto bune~
[08/10/2012 01:44:19] /goto bune~
[08/10/2012 01:44:22] /goto pato'~
[08/10/2012 01:44:30] /goto bune~
[08/10/2012 01:45:06] /goto pato'~
[08/10/2012 01:45:10] /goto pato'~
[08/10/2012 01:45:11] /goto pato'~
[08/10/2012 01:45:13] /goto pato'~
[08/10/2012 01:45:14] /goto pato'~
[08/10/2012 01:45:15] /goto pato'~
[08/10/2012 01:45:17] /goto pato'~
[08/10/2012 01:45:26] /goto pato'~
[08/10/2012 01:45:27] /goto pato'~
[08/10/2012 01:45:29] /goto pato'~
[08/10/2012 01:45:30] /goto pato'~
[08/10/2012 01:45:38] /goto pato'~
[08/10/2012 01:45:40] /goto pato'~
[08/10/2012 01:45:43] /goto pato'~
[08/10/2012 01:46:06] /goto pato'~
[08/10/2012 01:46:28] /goto pato'~
[08/10/2012 01:46:46] /goto pato'~
[08/10/2012 01:46:58] /goto pato'~
[08/10/2012 01:47:00] /goto pato'~
[08/10/2012 01:47:02] /goto pato'~
[08/10/2012 01:47:29] /goto pato'~
[08/10/2012 01:47:55] /goto pato'~
[08/10/2012 01:48:05] /goto erii~
[08/10/2012 01:48:07] /goto pato'~
[08/10/2012 01:48:26] /goto pato'~
[08/10/2012 01:48:30] /goto erii~
[08/10/2012 01:48:31] /goto erii~
[08/10/2012 01:48:41] /goto erii~
[08/10/2012 01:48:46] /goto erii~
[08/10/2012 01:48:48] /goto erii~
[08/10/2012 01:48:50] /goto erii~
[08/10/2012 01:48:51] /goto erii~
[08/10/2012 01:48:53] /goto erii~
[08/10/2012 01:48:54] /goto pato'~
[08/10/2012 01:48:55] /goto pato'~
[08/10/2012 01:48:57] /goto pato'~
[08/10/2012 01:49:04] /goto erii~
[08/10/2012 01:49:09] /goto pato'~
[08/10/2012 01:49:13] /goto pato'~
[08/10/2012 01:49:20] /goto erii~
[08/10/2012 01:49:22] /goto pato'~
[08/10/2012 01:49:27] /goto pato'~
[08/10/2012 01:49:28] /goto pato'~
[08/10/2012 01:49:32] /goto pato'~
[08/10/2012 01:49:33] /goto erii~
[08/10/2012 01:51:18] /goto pato'~
[08/10/2012 01:51:20] /goto erii~
[08/10/2012 01:51:26] /goto pato'~
[08/10/2012 01:51:28] /goto pato'~
[08/10/2012 01:51:38] /goto pato'~
[08/10/2012 01:51:41] /goto pato'~
[08/10/2012 01:52:02] /goto pato'~
[08/10/2012 02:01:22] /goto erii~
[08/10/2012 02:01:54] /goto erii~
[08/10/2012 02:02:14] /c nini~
[08/10/2012 02:02:47] /goto erii~
[08/10/2012 02:02:51] /goto pato'~
[08/10/2012 02:03:01] /goto erii~
[08/10/2012 02:03:03] /t
[08/10/2012 02:03:11] /c nini~
[08/10/2012 02:04:11] /goto pato'~
[08/10/2012 02:04:35] /goto nini~
[08/10/2012 02:04:48] /attr set attackspeed 125
[08/10/2012 02:08:50] /goto pato'~
[08/10/2012 02:09:53] /goto pato'~
[08/10/2012 02:09:55] /goto pato'~
[08/10/2012 02:09:56] /goto pato'~
[08/10/2012 02:09:57] /goto pato'~
[08/10/2012 02:09:58] /goto pato'~
[08/10/2012 02:09:58] /goto pato'~
[08/10/2012 02:10:09] /goto pato'~
[08/10/2012 02:10:11] /goto pato'~
[08/10/2012 02:10:14] /goto pato'~
[08/10/2012 02:10:15] /goto pato'~
[08/10/2012 02:10:17] /goto pato'~
[08/10/2012 02:10:18] /goto pato'~
[08/10/2012 02:10:20] /goto pato'~
[08/10/2012 02:10:22] /goto pato'~
[08/10/2012 02:10:23] /goto pato'~
[08/10/2012 02:10:24] /goto pato'~
[08/10/2012 02:10:25] /goto pato'~
[08/10/2012 02:10:34] /goto pato'~
[08/10/2012 02:10:42] /goto pato'~
[08/10/2012 02:10:44] /goto pato'~
[08/10/2012 02:10:45] /goto pato'~
[08/10/2012 02:12:18] /goto pato'~
[08/10/2012 02:12:23] /goto pato'~
[08/10/2012 02:12:25] /goto pato'~
[08/10/2012 02:12:31] /goto pato'~
[08/10/2012 02:14:32] /goto pato'~
[08/10/2012 02:16:29] /goto pato'~
[08/10/2012 02:18:39] /t
[08/10/2012 02:18:42] /up
[08/10/2012 02:18:43] /up
[08/10/2012 02:18:48] /a
[08/10/2012 02:18:52] /c nini~
[08/10/2012 02:19:32] /m exp bug
[08/10/2012 02:19:37] /goto pato'~
[08/10/2012 02:19:40] /goto pato'~
[08/10/2012 02:19:51] /goto nini~
[08/10/2012 02:19:59] /t
[08/10/2012 02:20:02] /c nini~
[08/10/2012 02:41:38] /c nini~
[08/10/2012 02:42:48] /goto pato'~
[08/10/2012 02:42:50] /goto pato'~
[08/10/2012 02:42:55] /goto polo
[08/10/2012 02:43:26] /goto pato'~
[08/10/2012 02:43:32] /goto polo
[08/10/2012 02:48:35] /goto polo
[08/10/2012 02:48:39] /goto pato'~
[08/10/2012 02:54:45] /goto polo
[08/10/2012 02:55:50] /goto nini~
[08/10/2012 02:55:55] /r
[09/10/2012 00:39:13] /goto eriicç
[09/10/2012 00:39:16] /goto eriick
[09/10/2012 00:39:20] /goto eriick
[09/10/2012 00:39:21] /goto eriick
[09/10/2012 00:50:12] /goto eriick
[09/10/2012 00:59:01] /t
[09/10/2012 00:59:06] /up
[09/10/2012 00:59:06] /up
[09/10/2012 00:59:11] /a
[09/10/2012 00:59:24] /c nini~
[09/10/2012 01:00:03] /m exp bug
[09/10/2012 01:00:44] /m exp bug
[09/10/2012 01:01:19] /t
[09/10/2012 01:01:37] /c nini~
[09/10/2012 01:05:27] /c nini~
[09/10/2012 01:05:33] /i special backpack
[09/10/2012 01:05:34] /i 2160
[09/10/2012 01:05:34] /i 2160
[09/10/2012 01:05:34] /i 2160
[09/10/2012 01:05:34] /i 2160
[09/10/2012 01:05:34] /i 2160
[09/10/2012 01:05:34] /i 2160
[09/10/2012 01:05:34] /i 2160
[09/10/2012 01:05:34] /i 2160
[09/10/2012 01:05:34] /i 2160
[09/10/2012 01:05:34] /i 2160
[09/10/2012 01:05:34] /i 2160
[09/10/2012 01:05:35] /i 2160
[09/10/2012 01:05:35] /i 2160
[09/10/2012 01:05:35] /i 2160
[09/10/2012 01:05:35] /i 2160
[09/10/2012 01:05:35] /i 2160
[09/10/2012 01:05:35] /i 2160
[09/10/2012 01:05:35] /i 2160
[09/10/2012 01:05:35] /i 2160
[09/10/2012 01:05:35] /i 2160
[09/10/2012 01:05:35] /i 2160
[09/10/2012 01:05:35] /i 2160
[09/10/2012 01:05:36] /i 2160
[09/10/2012 01:05:38] /i 2160
[09/10/2012 01:05:38] /i 2160
[09/10/2012 01:05:38] /i 2160
[09/10/2012 01:05:38] /i 2160
[09/10/2012 01:05:38] /i 2160
[09/10/2012 01:05:38] /i 2160
[09/10/2012 01:05:38] /i 2160
[09/10/2012 01:05:38] /i 2160
[09/10/2012 01:05:39] /i 2160
[09/10/2012 01:05:39] /i 2160
[09/10/2012 01:05:39] /i 2160
[09/10/2012 01:05:39] /i 2160
[09/10/2012 01:05:39] /i 2160
[09/10/2012 01:05:39] /i 2160
[09/10/2012 01:05:39] /i 2160
[09/10/2012 01:05:39] /i 2160
[09/10/2012 01:05:39] /i 2160
[09/10/2012 01:05:39] /i 2160
[09/10/2012 01:05:39] /i 2160
[09/10/2012 01:05:39] /i 2160
[09/10/2012 01:05:39] /i 2160
[09/10/2012 01:05:39] /i 2160
[09/10/2012 01:05:39] /i 2160
[09/10/2012 01:05:39] /i 2160
[09/10/2012 01:05:39] /i 2160
[09/10/2012 01:05:39] /i 2160
[09/10/2012 01:05:39] /i 2160
[09/10/2012 01:05:39] /i 2160
[09/10/2012 01:05:39] /i 2160
[09/10/2012 01:05:39] /i 2160
[09/10/2012 01:05:39] /i 2160
[09/10/2012 01:05:40] /i 2160
[09/10/2012 01:05:40] /i 2160
[09/10/2012 01:05:40] /i 2160
[09/10/2012 01:05:40] /i 2160
[09/10/2012 01:05:54] /i special backpack
[09/10/2012 01:05:54] /i exp potion
[09/10/2012 01:05:55] /i exp potion
[09/10/2012 01:05:55] /i exp potion
[09/10/2012 01:05:55] /i exp potion
[09/10/2012 01:05:55] /i exp potion
[09/10/2012 01:05:55] /i exp potion
[09/10/2012 01:05:55] /i exp potion
[09/10/2012 01:05:55] /i exp potion
[09/10/2012 01:05:55] /i exp potion
[09/10/2012 01:05:55] /i exp potion
[09/10/2012 01:05:55] /i exp potion
[09/10/2012 01:05:55] /i exp potion
[09/10/2012 01:05:55] /i exp potion
[09/10/2012 01:05:55] /i exp potion
[09/10/2012 01:05:55] /i exp potion
[09/10/2012 01:05:55] /i exp potion
[09/10/2012 01:05:56] /i exp potion
[09/10/2012 01:05:56] /i exp potion
[09/10/2012 01:05:56] /i exp potion
[09/10/2012 01:05:56] /i exp potion
[09/10/2012 01:05:56] /i exp potion
[09/10/2012 01:05:56] /i exp potion
[09/10/2012 01:05:57] /i exp potion
[09/10/2012 01:05:57] /i exp potion
[09/10/2012 01:05:57] /i exp potion
[09/10/2012 01:05:57] /i exp potion
[09/10/2012 01:05:57] /i exp potion
[09/10/2012 01:05:57] /i exp potion
[09/10/2012 01:05:57] /i exp potion
[09/10/2012 01:05:58] /i exp potion
[09/10/2012 01:05:58] /i exp potion
[09/10/2012 01:05:58] /i exp potion
[09/10/2012 01:05:58] /i exp potion
[09/10/2012 01:05:58] /i exp potion
[09/10/2012 01:05:59] /i exp potion
[09/10/2012 01:05:59] /i exp potion
[09/10/2012 01:05:59] /i exp potion
[09/10/2012 01:05:59] /i exp potion
[09/10/2012 01:05:59] /i exp potion
[09/10/2012 01:05:59] /i exp potion
[09/10/2012 01:05:59] /i exp potion
[09/10/2012 01:06:00] /i exp potion
[09/10/2012 01:06:00] /i exp potion
[09/10/2012 01:06:00] /i exp potion
[09/10/2012 01:06:00] /i exp potion
[09/10/2012 01:06:00] /i exp potion
[09/10/2012 01:06:01] /i exp potion
[09/10/2012 01:06:01] /i exp potion
[09/10/2012 01:06:01] /i exp potion
[09/10/2012 01:06:01] /i exp potion
[09/10/2012 01:06:01] /i exp potion
[09/10/2012 01:06:01] /i exp potion
[09/10/2012 01:06:02] /i exp potion
[09/10/2012 01:06:02] /i exp potion
[09/10/2012 01:06:02] /i exp potion
[09/10/2012 01:06:04] /r all
[09/10/2012 14:37:44] /t
[09/10/2012 14:38:23] /goto eriick
[09/10/2012 14:38:31] /goto niin~
[09/10/2012 14:38:33] /t
[09/10/2012 14:43:24] /mc
[09/10/2012 14:46:01] /r
[09/10/2012 14:46:05] /r
[09/10/2012 14:51:33] /c nini~
[09/10/2012 15:06:39] /save
[09/10/2012 15:07:07] /save
[09/10/2012 15:07:25] /save
[09/10/2012 15:49:50] /goto warrior
[09/10/2012 16:22:19] /goto warrior
[10/10/2012 13:00:28] /goto mato~
[10/10/2012 14:04:31] /t
[10/10/2012 15:48:06] /i backpack
[10/10/2012 15:50:30] /i remover frags
[10/10/2012 15:50:35] /goto foi ele~
[10/10/2012 15:50:43] /c foi ele
[10/10/2012 15:50:45] /c foi ele~
[12/10/2012 00:22:34] /i backpack
[12/10/2012 00:22:38] /i supreme hat
[12/10/2012 00:22:40] /i supreme armor
[12/10/2012 00:22:42] /i supreme legs
[12/10/2012 00:22:44] /i supreme boots
[12/10/2012 00:22:51] /i special amor
[12/10/2012 00:22:53] /i special armor
[15/10/2012 18:30:06] /goto will
[15/10/2012 18:30:13] /mc
