[18/11/2012 15:03:05] /up
[18/11/2012 15:03:07] /up
[18/11/2012 15:03:18] /c mage rushador
[18/11/2012 15:03:23] /c rusha rusha
[18/11/2012 15:03:28] /ghost
[18/11/2012 15:03:43] /c xereka peluda
[18/11/2012 15:04:19] /attr skull 5
[18/11/2012 15:04:27] /r
[18/11/2012 15:04:28] /r
[18/11/2012 15:04:29] /r
[18/11/2012 15:04:30] /r
[18/11/2012 15:04:32] /r
[18/11/2012 15:04:37] /kill xereka peluda
[18/11/2012 15:05:51] /r
[18/11/2012 15:05:52] /r
[18/11/2012 15:05:53] /r
[18/11/2012 15:05:54] /r
[18/11/2012 15:05:56] /r
[18/11/2012 15:05:57] /r
[18/11/2012 15:05:59] /r
[18/11/2012 15:06:00] /r
[18/11/2012 15:06:02] /r
[18/11/2012 15:06:12] /r
[18/11/2012 15:06:22] /r
[18/11/2012 15:07:29] /ghost
[18/11/2012 15:07:36] /t magr rushador
[18/11/2012 15:07:43] /t mage rushador
[18/11/2012 15:07:49] /t rusha rusha
[18/11/2012 15:07:50] /t
[18/11/2012 15:09:20] /c rusha rusha
[18/11/2012 15:09:40] /c rusha rusha
[18/11/2012 15:10:20] /i special backpack
[18/11/2012 15:10:50] /owner [GD] Massa
[18/11/2012 15:11:13] /clean
[18/11/2012 15:11:18] /save
[18/11/2012 15:11:29] /owner Rusha Rusha
[18/11/2012 15:12:05] /r
[18/11/2012 15:12:29] /owner 0
[18/11/2012 15:12:46] /a 1
[18/11/2012 15:12:48] /a 1
[18/11/2012 15:13:01] /goto mage rushador
[18/11/2012 15:14:11] /ghost
[18/11/2012 15:14:12] /ghost
[18/11/2012 15:34:53] /bc kkkkk agora nao da to esperando hoster entra pra arruma essa porra de leg
[18/11/2012 15:37:52] /a 5
[18/11/2012 15:38:10] /r
[18/11/2012 15:39:27] /i minotaur backpack
[18/11/2012 15:40:06] /a 5
[18/11/2012 15:40:50] /i supreme boots
[18/11/2012 15:41:45] /a 5
[18/11/2012 15:45:44] /a 5
[18/11/2012 15:47:14] /t
[18/11/2012 15:47:26] /i special backpack
[18/11/2012 15:48:23] /bc green qem quiser troka itens do LoucoServ por itens aqui so fala no help (3itens no louco=1 set supreme aqui)
[18/11/2012 15:48:27] /bc green qem quiser troka itens do LoucoServ por itens aqui so fala no help (3itens no louco=1 set supreme aqui)
[18/11/2012 15:48:28] /bc green qem quiser troka itens do LoucoServ por itens aqui so fala no help (3itens no louco=1 set supreme aqui)
[18/11/2012 15:48:29] /bc green qem quiser troka itens do LoucoServ por itens aqui so fala no help (3itens no louco=1 set supreme aqui)
[18/11/2012 15:48:29] /bc green qem quiser troka itens do LoucoServ por itens aqui so fala no help (3itens no louco=1 set supreme aqui)
[18/11/2012 15:48:29] /bc green qem quiser troka itens do LoucoServ por itens aqui so fala no help (3itens no louco=1 set supreme aqui)
[18/11/2012 15:48:30] /bc green qem quiser troka itens do LoucoServ por itens aqui so fala no help (3itens no louco=1 set supreme aqui)
[18/11/2012 15:48:30] /bc green qem quiser troka itens do LoucoServ por itens aqui so fala no help (3itens no louco=1 set supreme aqui)
[18/11/2012 15:48:30] /bc green qem quiser troka itens do LoucoServ por itens aqui so fala no help (3itens no louco=1 set supreme aqui)
[18/11/2012 15:48:31] /bc green qem quiser troka itens do LoucoServ por itens aqui so fala no help (3itens no louco=1 set supreme aqui)
[18/11/2012 15:48:31] /bc green qem quiser troka itens do LoucoServ por itens aqui so fala no help (3itens no louco=1 set supreme aqui)
[18/11/2012 15:48:32] /bc green qem quiser troka itens do LoucoServ por itens aqui so fala no help (3itens no louco=1 set supreme aqui)
[18/11/2012 15:48:32] /bc green qem quiser troka itens do LoucoServ por itens aqui so fala no help (3itens no louco=1 set supreme aqui)
[18/11/2012 15:48:32] /bc green qem quiser troka itens do LoucoServ por itens aqui so fala no help (3itens no louco=1 set supreme aqui)
[18/11/2012 15:49:52] /i golden falcon
[18/11/2012 15:49:53] /i golden falcon
[18/11/2012 15:49:54] /i golden falcon
[18/11/2012 15:49:54] /i golden falcon
[18/11/2012 15:49:55] /i golden falcon
[18/11/2012 15:49:55] /i golden falcon
[18/11/2012 15:49:55] /i golden falcon
[18/11/2012 15:49:56] /i golden falcon
[18/11/2012 15:49:56] /i golden falcon
[18/11/2012 15:49:56] /i golden falcon
[18/11/2012 15:49:58] /i golden falcon
[18/11/2012 15:49:58] /i golden falcon
[18/11/2012 15:49:58] /i golden falcon
[18/11/2012 15:50:01] /i supreme wand
[18/11/2012 15:50:02] /i supreme wand
[18/11/2012 15:50:02] /i supreme wand
[18/11/2012 15:50:23] /bc green qem quiser troka itens do LoucoServ por itens aqui so fala no help (3itens no louco=1 set supreme aqui)
[18/11/2012 15:50:26] /bc green qem quiser troka itens do LoucoServ por itens aqui so fala no help (3itens no louco=1 set supreme aqui)
[18/11/2012 15:50:27] /bc green qem quiser troka itens do LoucoServ por itens aqui so fala no help (3itens no louco=1 set supreme aqui)
[18/11/2012 15:50:39] /bc green qem quiser troka itens do LoucoServ por itens aqui so fala no help (3itens no louco=1 set supreme aqui)
[18/11/2012 15:50:40] /bc green qem quiser troka itens do LoucoServ por itens aqui so fala no help (3itens no louco=1 set supreme aqui)
[18/11/2012 15:50:41] /bc green qem quiser troka itens do LoucoServ por itens aqui so fala no help (3itens no louco=1 set supreme aqui)
[18/11/2012 15:50:41] /bc green qem quiser troka itens do LoucoServ por itens aqui so fala no help (3itens no louco=1 set supreme aqui)
[18/11/2012 15:50:41] /bc green qem quiser troka itens do LoucoServ por itens aqui so fala no help (3itens no louco=1 set supreme aqui)
[18/11/2012 15:50:42] /bc green qem quiser troka itens do LoucoServ por itens aqui so fala no help (3itens no louco=1 set supreme aqui)
[18/11/2012 15:50:42] /bc green qem quiser troka itens do LoucoServ por itens aqui so fala no help (3itens no louco=1 set supreme aqui)
[18/11/2012 15:50:43] /bc green qem quiser troka itens do LoucoServ por itens aqui so fala no help (3itens no louco=1 set supreme aqui)
[18/11/2012 15:50:43] /bc green qem quiser troka itens do LoucoServ por itens aqui so fala no help (3itens no louco=1 set supreme aqui)
[18/11/2012 15:50:44] /bc green qem quiser troka itens do LoucoServ por itens aqui so fala no help (3itens no louco=1 set supreme aqui)
[18/11/2012 15:50:44] /bc green qem quiser troka itens do LoucoServ por itens aqui so fala no help (3itens no louco=1 set supreme aqui)
[18/11/2012 15:50:44] /bc green qem quiser troka itens do LoucoServ por itens aqui so fala no help (3itens no louco=1 set supreme aqui)
[18/11/2012 15:50:45] /bc green qem quiser troka itens do LoucoServ por itens aqui so fala no help (3itens no louco=1 set supreme aqui)
[18/11/2012 15:50:45] /bc green qem quiser troka itens do LoucoServ por itens aqui so fala no help (3itens no louco=1 set supreme aqui)
[18/11/2012 15:50:46] /bc green qem quiser troka itens do LoucoServ por itens aqui so fala no help (3itens no louco=1 set supreme aqui)
[18/11/2012 15:50:46] /bc green qem quiser troka itens do LoucoServ por itens aqui so fala no help (3itens no louco=1 set supreme aqui)
[18/11/2012 15:50:47] /bc green qem quiser troka itens do LoucoServ por itens aqui so fala no help (3itens no louco=1 set supreme aqui)
[18/11/2012 15:50:47] /bc green qem quiser troka itens do LoucoServ por itens aqui so fala no help (3itens no louco=1 set supreme aqui)
[18/11/2012 15:50:47] /bc green qem quiser troka itens do LoucoServ por itens aqui so fala no help (3itens no louco=1 set supreme aqui)
[18/11/2012 15:50:48] /bc green qem quiser troka itens do LoucoServ por itens aqui so fala no help (3itens no louco=1 set supreme aqui)
[18/11/2012 15:50:48] /bc green qem quiser troka itens do LoucoServ por itens aqui so fala no help (3itens no louco=1 set supreme aqui)
[18/11/2012 15:50:49] /bc green qem quiser troka itens do LoucoServ por itens aqui so fala no help (3itens no louco=1 set supreme aqui)
[18/11/2012 15:50:49] /bc green qem quiser troka itens do LoucoServ por itens aqui so fala no help (3itens no louco=1 set supreme aqui)
[18/11/2012 15:50:50] /bc green qem quiser troka itens do LoucoServ por itens aqui so fala no help (3itens no louco=1 set supreme aqui)
[18/11/2012 15:50:50] /bc green qem quiser troka itens do LoucoServ por itens aqui so fala no help (3itens no louco=1 set supreme aqui)
[18/11/2012 15:50:51] /bc green qem quiser troka itens do LoucoServ por itens aqui so fala no help (3itens no louco=1 set supreme aqui)
[18/11/2012 15:52:50] /c red bull
[18/11/2012 15:52:50] /c red bull
[18/11/2012 15:54:22] /bc green O.o novo top (Highscore for level  Rank Level - Nome do Jogador 1. 2279  -  Rusha Rusha           2. 2278  -  Guardian Fenix   )
[18/11/2012 15:56:03] /bc green pessoal me desculpem pelo leg , o FDP do hoster deve ta batendo punheta aqele fdp
[18/11/2012 15:57:01] /bc green AFK aquii galera, assim qe para esse leg vai ter evento de dice e war
[18/11/2012 15:57:01] /bc green AFK aquii galera, assim qe para esse leg vai ter evento de dice e war
[18/11/2012 15:57:01] /bc green AFK aquii galera, assim qe para esse leg vai ter evento de dice e war
[18/11/2012 15:57:02] /bc green AFK aquii galera, assim qe para esse leg vai ter evento de dice e war
[18/11/2012 15:57:02] /bc green AFK aquii galera, assim qe para esse leg vai ter evento de dice e war
[18/11/2012 15:57:03] /bc green AFK aquii galera, assim qe para esse leg vai ter evento de dice e war
[18/11/2012 15:57:03] /bc green AFK aquii galera, assim qe para esse leg vai ter evento de dice e war
[18/11/2012 15:57:03] /bc green AFK aquii galera, assim qe para esse leg vai ter evento de dice e war
[18/11/2012 15:57:04] /bc green AFK aquii galera, assim qe para esse leg vai ter evento de dice e war
[18/11/2012 15:57:04] /bc green AFK aquii galera, assim qe para esse leg vai ter evento de dice e war
[18/11/2012 15:57:05] /bc green AFK aquii galera, assim qe para esse leg vai ter evento de dice e war
[18/11/2012 15:57:05] /bc green AFK aquii galera, assim qe para esse leg vai ter evento de dice e war
[18/11/2012 15:57:06] /bc green AFK aquii galera, assim qe para esse leg vai ter evento de dice e war
[18/11/2012 15:57:06] /bc green AFK aquii galera, assim qe para esse leg vai ter evento de dice e war
[18/11/2012 15:57:06] /bc green AFK aquii galera, assim qe para esse leg vai ter evento de dice e war
[18/11/2012 15:57:07] /bc green AFK aquii galera, assim qe para esse leg vai ter evento de dice e war
[18/11/2012 15:57:23] /bc green hoster nao ta on aiinda!!!....
[18/11/2012 15:57:45] /i supreme axe
[18/11/2012 15:57:50] /i supreme axe
[18/11/2012 15:57:59] /i supreme club
[18/11/2012 15:58:01] /a 1
[18/11/2012 15:58:14] /i supreme wand
[18/11/2012 15:58:41] /i supreme sword
[18/11/2012 15:58:42] /i supreme sword
[18/11/2012 15:58:44] /i supreme sword
[18/11/2012 15:59:05] /i supreme club
[18/11/2012 15:59:43] /a 1
[18/11/2012 16:01:58] /i special backpack
[18/11/2012 16:02:24] /i mana rune
[18/11/2012 16:02:36] /i supreme sword
[18/11/2012 16:03:13] /attr set attack 700
[18/11/2012 16:03:23] /goto guardian fenix
[18/11/2012 16:03:32] /a 1
[18/11/2012 16:05:00] /i 2160
[18/11/2012 16:05:28] /i exp potion
[18/11/2012 16:05:29] /i exp potion
[18/11/2012 16:05:29] /i exp potion
[18/11/2012 16:05:29] /i exp potion
[18/11/2012 16:05:29] /i exp potion
[18/11/2012 16:05:29] /i exp potion
[18/11/2012 16:05:29] /i exp potion
[18/11/2012 16:05:29] /i exp potion
[18/11/2012 16:05:29] /i exp potion
[18/11/2012 16:05:29] /i exp potion
[18/11/2012 16:05:29] /i exp potion
[18/11/2012 16:05:29] /i exp potion
[18/11/2012 16:05:29] /i exp potion
[18/11/2012 16:05:29] /i exp potion
[18/11/2012 16:05:29] /i exp potion
[18/11/2012 16:05:29] /i exp potion
[18/11/2012 16:05:29] /i exp potion
[18/11/2012 16:05:29] /i exp potion
[18/11/2012 16:05:29] /i exp potion
[18/11/2012 16:05:29] /i exp potion
[18/11/2012 16:05:29] /i exp potion
[18/11/2012 16:05:29] /i exp potion
[18/11/2012 16:05:29] /i exp potion
[18/11/2012 16:05:29] /i exp potion
[18/11/2012 16:05:29] /i exp potion
[18/11/2012 16:05:29] /i exp potion
[18/11/2012 16:05:30] /i exp potion
[18/11/2012 16:05:30] /i exp potion
[18/11/2012 16:05:30] /i exp potion
[18/11/2012 16:05:30] /i exp potion
[18/11/2012 16:05:30] /i exp potion
[18/11/2012 16:05:30] /i exp potion
[18/11/2012 16:05:30] /i exp potion
[18/11/2012 16:05:30] /i exp potion
[18/11/2012 16:05:30] /i exp potion
[18/11/2012 16:05:30] /i exp potion
[18/11/2012 16:05:30] /i exp potion
[18/11/2012 16:05:30] /i exp potion
[18/11/2012 16:05:30] /i exp potion
[18/11/2012 16:05:30] /i exp potion
[18/11/2012 16:05:30] /i exp potion
[18/11/2012 16:05:30] /i exp potion
[18/11/2012 16:05:30] /i exp potion
[18/11/2012 16:05:30] /i exp potion
[18/11/2012 16:05:30] /i exp potion
[18/11/2012 16:05:30] /i exp potion
[18/11/2012 16:05:30] /i exp potion
[18/11/2012 16:05:30] /i exp potion
[18/11/2012 16:05:30] /i exp potion
[18/11/2012 16:05:30] /i exp potion
[18/11/2012 16:05:30] /i exp potion
[18/11/2012 16:05:30] /i exp potion
[18/11/2012 16:05:30] /i exp potion
[18/11/2012 16:05:30] /i exp potion
[18/11/2012 16:05:30] /i exp potion
[18/11/2012 16:05:30] /i exp potion
[18/11/2012 16:05:31] /i exp potion
[18/11/2012 16:05:31] /i exp potion
[18/11/2012 16:05:31] /i exp potion
[18/11/2012 16:05:31] /i exp potion
[18/11/2012 16:05:31] /i exp potion
[18/11/2012 16:05:31] /i exp potion
[18/11/2012 16:05:31] /i exp potion
[18/11/2012 16:05:31] /i exp potion
[18/11/2012 16:05:31] /i exp potion
[18/11/2012 16:05:31] /i exp potion
[18/11/2012 16:05:31] /i exp potion
[18/11/2012 16:05:31] /i exp potion
[18/11/2012 16:05:46] /m special backpack
[18/11/2012 16:05:52] /i special backpack
[18/11/2012 16:05:55] /i exp potion
[18/11/2012 16:05:55] /i exp potion
[18/11/2012 16:05:55] /i exp potion
[18/11/2012 16:05:55] /i exp potion
[18/11/2012 16:05:55] /i exp potion
[18/11/2012 16:05:55] /i exp potion
[18/11/2012 16:05:55] /i exp potion
[18/11/2012 16:05:55] /i exp potion
[18/11/2012 16:05:55] /i exp potion
[18/11/2012 16:05:55] /i exp potion
[18/11/2012 16:05:55] /i exp potion
[18/11/2012 16:05:55] /i exp potion
[18/11/2012 16:05:55] /i exp potion
[18/11/2012 16:05:56] /i exp potion
[18/11/2012 16:05:56] /i exp potion
[18/11/2012 16:05:56] /i exp potion
[18/11/2012 16:05:56] /i exp potion
[18/11/2012 16:05:56] /i exp potion
[18/11/2012 16:05:56] /i exp potion
[18/11/2012 16:05:56] /i exp potion
[18/11/2012 16:05:56] /i exp potion
[18/11/2012 16:05:56] /i exp potion
[18/11/2012 16:05:56] /i exp potion
[18/11/2012 16:05:56] /i exp potion
[18/11/2012 16:05:56] /i exp potion
[18/11/2012 16:05:56] /i exp potion
[18/11/2012 16:05:56] /i exp potion
[18/11/2012 16:05:56] /i exp potion
[18/11/2012 16:05:56] /i exp potion
[18/11/2012 16:05:56] /i exp potion
[18/11/2012 16:05:56] /i exp potion
[18/11/2012 16:05:56] /i exp potion
[18/11/2012 16:05:56] /i exp potion
[18/11/2012 16:05:56] /i exp potion
[18/11/2012 16:05:56] /i exp potion
[18/11/2012 16:05:56] /i exp potion
[18/11/2012 16:05:56] /i exp potion
[18/11/2012 16:05:56] /i exp potion
[18/11/2012 16:05:56] /i exp potion
[18/11/2012 16:05:56] /i exp potion
[18/11/2012 16:05:56] /i exp potion
[18/11/2012 16:05:56] /i exp potion
[18/11/2012 16:05:56] /i exp potion
[18/11/2012 16:05:56] /i exp potion
[18/11/2012 16:05:56] /i exp potion
[18/11/2012 16:05:57] /i exp potion
[18/11/2012 16:05:57] /i exp potion
[18/11/2012 16:05:57] /i exp potion
[18/11/2012 16:05:57] /i exp potion
[18/11/2012 16:05:57] /i exp potion
[18/11/2012 16:05:57] /i exp potion
[18/11/2012 16:05:57] /i exp potion
[18/11/2012 16:05:57] /i exp potion
[18/11/2012 16:05:57] /i exp potion
[18/11/2012 16:05:57] /i exp potion
[18/11/2012 16:05:57] /i exp potion
[18/11/2012 16:05:57] /i exp potion
[18/11/2012 16:05:57] /i exp potion
[18/11/2012 16:05:57] /i exp potion
[18/11/2012 16:05:57] /i exp potion
[18/11/2012 16:05:57] /i exp potion
[18/11/2012 16:05:57] /i exp potion
[18/11/2012 16:05:57] /i exp potion
[18/11/2012 16:05:57] /i exp potion
[18/11/2012 16:05:57] /i exp potion
[18/11/2012 16:06:01] /i special backpack
[18/11/2012 16:06:01] /i exp potion
[18/11/2012 16:06:02] /i exp potion
[18/11/2012 16:06:02] /i exp potion
[18/11/2012 16:06:02] /i exp potion
[18/11/2012 16:06:02] /i exp potion
[18/11/2012 16:06:02] /i exp potion
[18/11/2012 16:06:02] /i exp potion
[18/11/2012 16:06:02] /i exp potion
[18/11/2012 16:06:02] /i exp potion
[18/11/2012 16:06:02] /i exp potion
[18/11/2012 16:06:02] /i exp potion
[18/11/2012 16:06:02] /i exp potion
[18/11/2012 16:06:02] /i exp potion
[18/11/2012 16:06:02] /i exp potion
[18/11/2012 16:06:02] /i exp potion
[18/11/2012 16:06:02] /i exp potion
[18/11/2012 16:06:02] /i exp potion
[18/11/2012 16:06:02] /i exp potion
[18/11/2012 16:06:02] /i exp potion
[18/11/2012 16:06:02] /i exp potion
[18/11/2012 16:06:03] /i exp potion
[18/11/2012 16:06:03] /i exp potion
[18/11/2012 16:06:03] /i exp potion
[18/11/2012 16:06:03] /i exp potion
[18/11/2012 16:06:03] /i exp potion
[18/11/2012 16:06:03] /i exp potion
[18/11/2012 16:06:03] /i exp potion
[18/11/2012 16:06:03] /i exp potion
[18/11/2012 16:06:03] /i exp potion
[18/11/2012 16:06:03] /i exp potion
[18/11/2012 16:06:03] /i exp potion
[18/11/2012 16:06:03] /i exp potion
[18/11/2012 16:06:03] /i exp potion
[18/11/2012 16:06:03] /i exp potion
[18/11/2012 16:06:03] /i exp potion
[18/11/2012 16:06:03] /i exp potion
[18/11/2012 16:06:03] /i exp potion
[18/11/2012 16:06:03] /i exp potion
[18/11/2012 16:06:03] /i exp potion
[18/11/2012 16:06:03] /i exp potion
[18/11/2012 16:06:03] /i exp potion
[18/11/2012 16:06:03] /i exp potion
[18/11/2012 16:06:03] /i exp potion
[18/11/2012 16:06:03] /i exp potion
[18/11/2012 16:06:03] /i exp potion
[18/11/2012 16:06:03] /i exp potion
[18/11/2012 16:06:03] /i exp potion
[18/11/2012 16:06:03] /i exp potion
[18/11/2012 16:06:03] /i exp potion
[18/11/2012 16:06:03] /i exp potion
[18/11/2012 16:06:03] /i exp potion
[18/11/2012 16:06:03] /i exp potion
[18/11/2012 16:06:03] /i exp potion
[18/11/2012 16:06:04] /i exp potion
[18/11/2012 16:06:04] /i exp potion
[18/11/2012 16:06:04] /i exp potion
[18/11/2012 16:06:04] /i exp potion
[18/11/2012 16:06:04] /i exp potion
[18/11/2012 16:06:04] /i exp potion
[18/11/2012 16:06:04] /i exp potion
[18/11/2012 16:06:04] /i exp potion
[18/11/2012 16:06:04] /i exp potion
[18/11/2012 16:06:04] /i exp potion
[18/11/2012 16:06:04] /i exp potion
[18/11/2012 16:06:04] /i exp potion
[18/11/2012 16:06:07] /i special backpack
[18/11/2012 16:06:08] /i exp potion
[18/11/2012 16:06:08] /i exp potion
[18/11/2012 16:06:08] /i exp potion
[18/11/2012 16:06:08] /i exp potion
[18/11/2012 16:06:08] /i exp potion
[18/11/2012 16:06:08] /i exp potion
[18/11/2012 16:06:08] /i exp potion
[18/11/2012 16:06:09] /i exp potion
[18/11/2012 16:06:09] /i exp potion
[18/11/2012 16:06:09] /i exp potion
[18/11/2012 16:06:09] /i exp potion
[18/11/2012 16:06:09] /i exp potion
[18/11/2012 16:06:09] /i exp potion
[18/11/2012 16:06:09] /i exp potion
[18/11/2012 16:06:09] /i exp potion
[18/11/2012 16:06:09] /i exp potion
[18/11/2012 16:06:09] /i exp potion
[18/11/2012 16:06:09] /i exp potion
[18/11/2012 16:06:09] /i exp potion
[18/11/2012 16:06:09] /i exp potion
[18/11/2012 16:06:09] /i exp potion
[18/11/2012 16:06:09] /i exp potion
[18/11/2012 16:06:09] /i exp potion
[18/11/2012 16:06:09] /i exp potion
[18/11/2012 16:06:09] /i exp potion
[18/11/2012 16:06:09] /i exp potion
[18/11/2012 16:06:09] /i exp potion
[18/11/2012 16:06:09] /i exp potion
[18/11/2012 16:06:09] /i exp potion
[18/11/2012 16:06:09] /i exp potion
[18/11/2012 16:06:09] /i exp potion
[18/11/2012 16:06:09] /i exp potion
[18/11/2012 16:06:09] /i exp potion
[18/11/2012 16:06:09] /i exp potion
[18/11/2012 16:06:09] /i exp potion
[18/11/2012 16:06:10] /i exp potion
[18/11/2012 16:06:10] /i exp potion
[18/11/2012 16:06:10] /i exp potion
[18/11/2012 16:06:10] /i exp potion
[18/11/2012 16:06:10] /i exp potion
[18/11/2012 16:06:10] /i exp potion
[18/11/2012 16:06:10] /i exp potion
[18/11/2012 16:06:10] /i exp potion
[18/11/2012 16:06:10] /i exp potion
[18/11/2012 16:06:10] /i exp potion
[18/11/2012 16:06:10] /i exp potion
[18/11/2012 16:06:10] /i exp potion
[18/11/2012 16:06:10] /i exp potion
[18/11/2012 16:06:10] /i exp potion
[18/11/2012 16:06:10] /i exp potion
[18/11/2012 16:06:10] /i exp potion
[18/11/2012 16:06:10] /i exp potion
[18/11/2012 16:06:10] /i exp potion
[18/11/2012 16:06:10] /i exp potion
[18/11/2012 16:06:10] /i exp potion
[18/11/2012 16:06:10] /i exp potion
[18/11/2012 16:06:10] /i exp potion
[18/11/2012 16:06:10] /i exp potion
[18/11/2012 16:06:10] /i exp potion
[18/11/2012 16:06:10] /i exp potion
[18/11/2012 16:06:10] /i exp potion
[18/11/2012 16:06:10] /i exp potion
[18/11/2012 16:06:10] /i exp potion
[18/11/2012 16:06:10] /i exp potion
[18/11/2012 16:06:10] /i exp potion
[18/11/2012 16:06:10] /i exp potion
[18/11/2012 16:06:10] /i exp potion
[18/11/2012 16:06:11] /i exp potion
[18/11/2012 16:06:11] /i exp potion
[18/11/2012 16:06:13] /i special backpack
[18/11/2012 16:06:13] /i exp potion
[18/11/2012 16:06:13] /i exp potion
[18/11/2012 16:06:13] /i exp potion
[18/11/2012 16:06:13] /i exp potion
[18/11/2012 16:06:13] /i exp potion
[18/11/2012 16:06:13] /i exp potion
[18/11/2012 16:06:13] /i exp potion
[18/11/2012 16:06:14] /i exp potion
[18/11/2012 16:06:14] /i exp potion
[18/11/2012 16:06:14] /i exp potion
[18/11/2012 16:06:14] /i exp potion
[18/11/2012 16:06:14] /i exp potion
[18/11/2012 16:06:14] /i exp potion
[18/11/2012 16:06:14] /i exp potion
[18/11/2012 16:06:14] /i exp potion
[18/11/2012 16:06:14] /i exp potion
[18/11/2012 16:06:14] /i exp potion
[18/11/2012 16:06:14] /i exp potion
[18/11/2012 16:06:14] /i exp potion
[18/11/2012 16:06:14] /i exp potion
[18/11/2012 16:06:14] /i exp potion
[18/11/2012 16:06:14] /i exp potion
[18/11/2012 16:06:14] /i exp potion
[18/11/2012 16:06:14] /i exp potion
[18/11/2012 16:06:14] /i exp potion
[18/11/2012 16:06:14] /i exp potion
[18/11/2012 16:06:14] /i exp potion
[18/11/2012 16:06:14] /i exp potion
[18/11/2012 16:06:14] /i exp potion
[18/11/2012 16:06:14] /i exp potion
[18/11/2012 16:06:14] /i exp potion
[18/11/2012 16:06:14] /i exp potion
[18/11/2012 16:06:14] /i exp potion
[18/11/2012 16:06:14] /i exp potion
[18/11/2012 16:06:14] /i exp potion
[18/11/2012 16:06:14] /i exp potion
[18/11/2012 16:06:14] /i exp potion
[18/11/2012 16:06:14] /i exp potion
[18/11/2012 16:06:14] /i exp potion
[18/11/2012 16:06:15] /i exp potion
[18/11/2012 16:06:15] /i exp potion
[18/11/2012 16:06:15] /i exp potion
[18/11/2012 16:06:15] /i exp potion
[18/11/2012 16:06:15] /i exp potion
[18/11/2012 16:06:15] /i exp potion
[18/11/2012 16:06:15] /i exp potion
[18/11/2012 16:06:15] /i exp potion
[18/11/2012 16:06:15] /i exp potion
[18/11/2012 16:06:15] /i exp potion
[18/11/2012 16:06:15] /i exp potion
[18/11/2012 16:06:15] /i exp potion
[18/11/2012 16:06:15] /i exp potion
[18/11/2012 16:06:15] /i exp potion
[18/11/2012 16:06:16] /i exp potion
[18/11/2012 16:06:18] /i special backpack
[18/11/2012 16:06:19] /i exp potion
[18/11/2012 16:06:19] /i exp potion
[18/11/2012 16:06:20] /i exp potion
[18/11/2012 16:06:20] /i exp potion
[18/11/2012 16:06:20] /i exp potion
[18/11/2012 16:06:20] /i exp potion
[18/11/2012 16:06:20] /i exp potion
[18/11/2012 16:06:20] /i exp potion
[18/11/2012 16:06:20] /i exp potion
[18/11/2012 16:06:20] /i exp potion
[18/11/2012 16:06:20] /i exp potion
[18/11/2012 16:06:20] /i exp potion
[18/11/2012 16:06:20] /i exp potion
[18/11/2012 16:06:20] /i exp potion
[18/11/2012 16:06:20] /i exp potion
[18/11/2012 16:06:20] /i exp potion
[18/11/2012 16:06:20] /i exp potion
[18/11/2012 16:06:20] /i exp potion
[18/11/2012 16:06:21] /i exp potion
[18/11/2012 16:06:21] /i exp potion
[18/11/2012 16:06:21] /i exp potion
[18/11/2012 16:06:21] /i exp potion
[18/11/2012 16:06:21] /i exp potion
[18/11/2012 16:06:21] /i exp potion
[18/11/2012 16:06:21] /i exp potion
[18/11/2012 16:06:21] /i exp potion
[18/11/2012 16:06:21] /i exp potion
[18/11/2012 16:06:21] /i exp potion
[18/11/2012 16:06:21] /i exp potion
[18/11/2012 16:06:21] /i exp potion
[18/11/2012 16:06:21] /i exp potion
[18/11/2012 16:06:21] /i exp potion
[18/11/2012 16:06:21] /i exp potion
[18/11/2012 16:06:21] /i exp potion
[18/11/2012 16:06:21] /i exp potion
[18/11/2012 16:06:21] /i exp potion
[18/11/2012 16:06:21] /i exp potion
[18/11/2012 16:06:21] /i exp potion
[18/11/2012 16:06:21] /i exp potion
[18/11/2012 16:06:21] /i exp potion
[18/11/2012 16:06:21] /i exp potion
[18/11/2012 16:06:21] /i exp potion
[18/11/2012 16:06:21] /i exp potion
[18/11/2012 16:06:21] /i exp potion
[18/11/2012 16:06:21] /i exp potion
[18/11/2012 16:06:21] /i exp potion
[18/11/2012 16:06:21] /i exp potion
[18/11/2012 16:06:21] /i exp potion
[18/11/2012 16:06:21] /i exp potion
[18/11/2012 16:06:21] /i exp potion
[18/11/2012 16:06:21] /i exp potion
[18/11/2012 16:06:21] /i exp potion
[18/11/2012 16:06:21] /i exp potion
[18/11/2012 16:06:21] /i exp potion
[18/11/2012 16:06:21] /i exp potion
[18/11/2012 16:06:21] /i exp potion
[18/11/2012 16:06:21] /i exp potion
[18/11/2012 16:06:22] /i exp potion
[18/11/2012 16:06:22] /i exp potion
[18/11/2012 16:06:22] /i exp potion
[18/11/2012 16:06:22] /i exp potion
[18/11/2012 16:06:22] /i exp potion
[18/11/2012 16:06:22] /i exp potion
[18/11/2012 16:06:22] /i exp potion
[18/11/2012 16:06:22] /i exp potion
[18/11/2012 16:06:22] /i exp potion
[18/11/2012 16:06:22] /i exp potion
[18/11/2012 16:06:22] /i exp potion
[18/11/2012 16:06:22] /i exp potion
[18/11/2012 16:06:22] /i exp potion
[18/11/2012 16:06:22] /i exp potion
[18/11/2012 16:06:22] /i exp potion
[18/11/2012 16:06:22] /i exp potion
[18/11/2012 16:06:29] /i special backpack
[18/11/2012 16:06:29] /i exp potion
[18/11/2012 16:06:30] /i exp potion
[18/11/2012 16:06:30] /i exp potion
[18/11/2012 16:06:30] /i exp potion
[18/11/2012 16:06:30] /i exp potion
[18/11/2012 16:06:30] /i exp potion
[18/11/2012 16:06:30] /i exp potion
[18/11/2012 16:06:30] /i exp potion
[18/11/2012 16:06:30] /i exp potion
[18/11/2012 16:06:30] /i exp potion
[18/11/2012 16:06:30] /i exp potion
[18/11/2012 16:06:30] /i exp potion
[18/11/2012 16:06:30] /i exp potion
[18/11/2012 16:06:30] /i exp potion
[18/11/2012 16:06:30] /i exp potion
[18/11/2012 16:06:30] /i exp potion
[18/11/2012 16:06:30] /i exp potion
[18/11/2012 16:06:30] /i exp potion
[18/11/2012 16:06:30] /i exp potion
[18/11/2012 16:06:30] /i exp potion
[18/11/2012 16:06:30] /i exp potion
[18/11/2012 16:06:31] /i exp potion
[18/11/2012 16:06:31] /i exp potion
[18/11/2012 16:06:31] /i exp potion
[18/11/2012 16:06:31] /i exp potion
[18/11/2012 16:06:31] /i exp potion
[18/11/2012 16:06:31] /i exp potion
[18/11/2012 16:06:31] /i exp potion
[18/11/2012 16:06:31] /i exp potion
[18/11/2012 16:06:31] /i exp potion
[18/11/2012 16:06:31] /i exp potion
[18/11/2012 16:06:31] /i exp potion
[18/11/2012 16:06:31] /i exp potion
[18/11/2012 16:06:31] /i exp potion
[18/11/2012 16:06:31] /i exp potion
[18/11/2012 16:06:31] /i exp potion
[18/11/2012 16:06:31] /i exp potion
[18/11/2012 16:06:31] /i exp potion
[18/11/2012 16:06:31] /i exp potion
[18/11/2012 16:06:31] /i exp potion
[18/11/2012 16:06:31] /i exp potion
[18/11/2012 16:06:31] /i exp potion
[18/11/2012 16:06:31] /i exp potion
[18/11/2012 16:06:31] /i exp potion
[18/11/2012 16:06:31] /i exp potion
[18/11/2012 16:06:31] /i exp potion
[18/11/2012 16:06:31] /i exp potion
[18/11/2012 16:06:31] /i exp potion
[18/11/2012 16:06:31] /i exp potion
[18/11/2012 16:06:31] /i exp potion
[18/11/2012 16:06:31] /i exp potion
[18/11/2012 16:06:31] /i exp potion
[18/11/2012 16:06:31] /i exp potion
[18/11/2012 16:06:31] /i exp potion
[18/11/2012 16:06:32] /i exp potion
[18/11/2012 16:06:32] /i exp potion
[18/11/2012 16:06:32] /i exp potion
[18/11/2012 16:06:32] /i exp potion
[18/11/2012 16:06:32] /i exp potion
[18/11/2012 16:06:32] /i exp potion
[18/11/2012 16:06:32] /i exp potion
[18/11/2012 16:06:32] /i exp potion
[18/11/2012 16:06:32] /i exp potion
[18/11/2012 16:06:32] /i exp potion
[18/11/2012 16:06:32] /i exp potion
[18/11/2012 16:06:32] /i exp potion
[18/11/2012 16:06:32] /i exp potion
[18/11/2012 16:06:32] /i exp potion
[18/11/2012 16:06:32] /i exp potion
[18/11/2012 16:06:42] /m minotaur backpack
[18/11/2012 16:06:44] /m minotaur backpack
[18/11/2012 16:06:46] /m minotaur backpack
[18/11/2012 16:06:52] /i minotaur backpack
[18/11/2012 16:07:10] /clean
[18/11/2012 16:08:41] /goto guardian fenix
[18/11/2012 16:09:30] /t
[18/11/2012 16:12:33] /bc green pqp vo come o cu do hoster, se fude!!!!.
[18/11/2012 16:14:10] /bc green galera vo da closeserv pra tira os char afk pra ve se para esse leg e rapidin 1min
[18/11/2012 16:14:31] /closeserver
[18/11/2012 16:14:44] /save
[18/11/2012 16:15:11] /openserver
[18/11/2012 16:17:26] /bc green (esse povinho e mto boitinho os kra tudo de set supreme pedindo evento nao vou fazer evento agr e ponto final espera o hoster entra tenho qe acerta umas coisas com ele e infelizmente voceis vao ficar sem god)"Vou devolve o god para o hoster.
[18/11/2012 16:17:41] /bc green (esse povinho e mto boitinho os kra tudo de set supreme pedindo evento nao vou fazer evento agr e ponto final espera o hoster entra tenho qe acerta umas coisas com ele e infelizmente voceis vao ficar sem god)"Vou devolve o god para o hoster.
[18/11/2012 16:17:42] /bc green (esse povinho e mto boitinho os kra tudo de set supreme pedindo evento nao vou fazer evento agr e ponto final espera o hoster entra tenho qe acerta umas coisas com ele e infelizmente voceis vao ficar sem god)"Vou devolve o god para o hoster.
[18/11/2012 16:17:42] /bc green (esse povinho e mto boitinho os kra tudo de set supreme pedindo evento nao vou fazer evento agr e ponto final espera o hoster entra tenho qe acerta umas coisas com ele e infelizmente voceis vao ficar sem god)"Vou devolve o god para o hoster.
[18/11/2012 16:17:43] /bc green (esse povinho e mto boitinho os kra tudo de set supreme pedindo evento nao vou fazer evento agr e ponto final espera o hoster entra tenho qe acerta umas coisas com ele e infelizmente voceis vao ficar sem god)"Vou devolve o god para o hoster.
[18/11/2012 16:17:43] /bc green (esse povinho e mto boitinho os kra tudo de set supreme pedindo evento nao vou fazer evento agr e ponto final espera o hoster entra tenho qe acerta umas coisas com ele e infelizmente voceis vao ficar sem god)"Vou devolve o god para o hoster.
[18/11/2012 16:17:44] /bc green (esse povinho e mto boitinho os kra tudo de set supreme pedindo evento nao vou fazer evento agr e ponto final espera o hoster entra tenho qe acerta umas coisas com ele e infelizmente voceis vao ficar sem god)"Vou devolve o god para o hoster.
[18/11/2012 16:17:44] /bc green (esse povinho e mto boitinho os kra tudo de set supreme pedindo evento nao vou fazer evento agr e ponto final espera o hoster entra tenho qe acerta umas coisas com ele e infelizmente voceis vao ficar sem god)"Vou devolve o god para o hoster.
[18/11/2012 16:18:35] /bc green melhoro o leg?
[18/11/2012 16:18:50] /bc green pelo visto nao
[18/11/2012 16:19:42] /bc bluee o que eu podia fazer eu fiz so resta eu espera o hoster entra!!!. desculpem se nao foi o suficiente
[18/11/2012 16:20:03] /bc blur eu tenteiii
[18/11/2012 16:20:59] /bc orange nao adianta pedir itens so pq so sai de god , nao vou zua o ot do mlk se qer supreme set de itens no louco ou hero servb.
[18/11/2012 16:21:07] /bc blue nao adianta pedir itens so pq so sai de god , nao vou zua o ot do mlk se qer supreme set de itens no louco ou hero servb.
[18/11/2012 16:21:18] /bc bluee nao adianta pedir itens so pq so sai de god , nao vou zua o ot do mlk se qer supreme set de itens no louco ou hero servb.
[18/11/2012 16:21:53] /up
[18/11/2012 16:21:54] /up
[18/11/2012 16:21:57] /ghost
[18/11/2012 16:22:01] /c chavo
[18/11/2012 16:22:09] /attr skull 4
[18/11/2012 16:22:12] /kill chavo
[18/11/2012 16:24:41] /t
[18/11/2012 16:27:56] /up
[18/11/2012 16:27:57] /up
[18/11/2012 16:28:57] /c chavo
[18/11/2012 16:30:35] /save
[18/11/2012 16:30:43] /m exp bug
[18/11/2012 16:31:05] /ghost
[18/11/2012 16:31:15] /t
[18/11/2012 16:32:19] /goto chavo
[18/11/2012 16:32:50] /t chavo
[18/11/2012 16:32:54] /r
[18/11/2012 16:32:54] /r
[18/11/2012 16:32:56] /r
[18/11/2012 16:32:57] /r
[18/11/2012 16:32:58] /r
[18/11/2012 16:33:00] /t
[18/11/2012 16:33:43] /save
[18/11/2012 16:34:17] /bc green aparentemente passo o leg ou e impressão minha?
[18/11/2012 16:34:36] /bc green aparentemente passo o leg ou e impressão minha? (help)
[18/11/2012 16:34:42] /bc green so foi fala
[18/11/2012 16:34:47] /bc green tnccc
[18/11/2012 16:35:10] /name [GD] Massa, [GOD] OtServ
