[10/04/2012 16:46:47] /a
[10/04/2012 16:46:49] /ghost
[10/04/2012 16:46:56] /i special legs
[10/04/2012 16:47:07] /i supreme legs
[10/04/2012 16:47:13] /i supreme shield
[10/04/2012 16:47:17] /r all
[10/04/2012 16:47:22] /i supreme sword
[10/04/2012 16:47:27] /i supreme armor
[10/04/2012 16:47:30] /i supreme boots
[10/04/2012 16:47:32] /i supreme hat
[10/04/2012 16:47:35] /i 2173
[10/04/2012 16:48:56] /b hello
[10/04/2012 16:49:08] /ghost
[10/04/2012 16:49:15] /a
[10/04/2012 16:49:16] /a
[10/04/2012 16:49:17] /a
[10/04/2012 16:49:18] /a
[10/04/2012 16:49:19] /a
[10/04/2012 16:49:20] /a
[10/04/2012 16:50:19] /i supreme star
[10/04/2012 16:50:23] /r 99
[10/04/2012 16:51:47] /ghost
[10/04/2012 16:51:52] /a
[10/04/2012 16:51:52] /a
[10/04/2012 16:52:00] /owner [HOSTER] Caique Freitas
[10/04/2012 16:52:16] /owner [HOSTER] CaiqueFreitas
[10/04/2012 16:52:21] /a
[10/04/2012 16:52:21] /a
[10/04/2012 16:52:28] /ghost
[10/04/2012 16:53:59] /i special backpack
[10/04/2012 16:54:07] /goto been s2
[10/04/2012 16:54:09] /t
[10/04/2012 16:54:13] /up
[10/04/2012 16:54:15] /c been sz
[10/04/2012 16:54:22] /attr group 6
[10/04/2012 16:54:25] /r
[10/04/2012 16:54:48] /t
[10/04/2012 16:54:55] /i special legs
[10/04/2012 16:55:00] /i special boots
[10/04/2012 16:55:02] /i special armor
[10/04/2012 16:55:04] /i special hat
[10/04/2012 16:55:06] /i special shield
[10/04/2012 16:55:09] /i special arrow
[10/04/2012 16:55:11] /i special bow
[10/04/2012 16:55:14] /i 2160
[10/04/2012 16:55:15] /i 2160
[10/04/2012 16:55:15] /i 2160
[10/04/2012 16:55:15] /i 2160
[10/04/2012 16:55:16] /i 2160
[10/04/2012 16:55:16] /i 2160
[10/04/2012 16:55:17] /i 2160
[10/04/2012 16:55:17] /i 2160
[10/04/2012 16:55:17] /i 2160
[10/04/2012 16:55:18] /i 2160
[10/04/2012 16:55:18] /i 2160
[10/04/2012 16:55:19] /i 2160
[10/04/2012 16:55:19] /i 2160
[10/04/2012 16:55:19] /i 2160
[10/04/2012 16:55:20] /i 2160
[10/04/2012 16:55:20] /i 2160
[10/04/2012 16:55:21] /i 2160
[10/04/2012 16:55:21] /i 2160
[10/04/2012 16:55:22] /i 2160
[10/04/2012 16:55:22] /i 2160
[10/04/2012 16:55:22] /i 2160
[10/04/2012 16:55:25] /i exp potion
[10/04/2012 16:55:30] /i special backpack
[10/04/2012 16:55:31] /i special backpack
[10/04/2012 16:55:34] /i exp potion
[10/04/2012 16:55:35] /i exp potion
[10/04/2012 16:55:35] /i exp potion
[10/04/2012 16:55:36] /i exp potion
[10/04/2012 16:55:36] /i exp potion
[10/04/2012 17:12:49] /bc k Invasões No Templo .
[10/04/2012 17:12:50] /bc k Invasões No Templo .
[10/04/2012 17:12:50] /bc k Invasões No Templo .
[10/04/2012 17:12:51] /bc k Invasões No Templo .
[10/04/2012 17:12:51] /bc k Invasões No Templo .
[10/04/2012 17:13:05] /name [HOSTER] CaiqueFreitas,[HOSTER]
