[16/03/2012 23:45:51] /b hahahahah agora sim caraio
[17/03/2012 13:19:34] /b BEN CHUPA LINGUIÇA
[17/03/2012 13:20:11] /b nenhum god on .. tudo na punheta
[17/03/2012 14:24:33] /b tah tirando nun confia nessa porra
[17/03/2012 14:25:14] /b ae vo joga um axe e uma wand supreme no templo gogogo corrao lah
[17/03/2012 14:25:16] /b ae vo joga um axe e uma wand supreme no templo gogogo corrao lah
[17/03/2012 14:25:20] /b ae vo joga um axe e uma wand supreme no templo gogogo corrao lah
[17/03/2012 14:25:34] /b retred
[17/03/2012 14:25:46] /b quem ramelo
[17/03/2012 14:25:58] /b joga seu char lah fiao
[17/03/2012 14:26:29] /b loga lah ben
[17/03/2012 14:26:48] /b e vem ve essa porra ve si eu to editado
[17/03/2012 14:27:17] /b vem loga seu char e traz aki  do memo jeito que tava fiao
[17/03/2012 20:55:04] /b vai mano tira ess aporra aki caraio
[17/03/2012 20:55:12] /b e ben se tah tirando mano aff´s
[17/03/2012 20:55:40] /b vo ajuda ngm nao mano se vira
[17/03/2012 21:37:15] /b responde oq caraio ?
[18/03/2012 14:12:48] /b salve putas
[18/03/2012 18:18:16] /b a onde ?
[18/03/2012 18:39:30] /b OOOOOOOOOOOOOOOOOO NOSSO TEAN VOLTOOOOOOOOOOOO NOSSSO TEAN VOLTOOOOOOOOO
[18/03/2012 18:42:53] /b oq foi caraio ? que vc puxo meu char . os cara falow que eu to editado .. kkkkkkkkk vai nessa e pke nao sabe joga .. so joga um ot .. é noob e foda
[18/03/2012 18:44:20] /b PRA MIM QUEM MORRE É NOOB .. 
[18/03/2012 18:45:00] /b PRA QUEM FALOW QUE IA ATE PARA DE JOGA O OT FALANDO .. QUE SOMOS EDITADO .. E QUE O NOSSO PVP ;; É MUITO ZIKA 
[18/03/2012 18:46:24] /b AE RAPA O NEGO BLUE PEGO TRAVECO .. NA RUA .. AE FALOW PRA MAE DELE QUE IA LEVA O CAMILAO NA MOTO E VAI DA UM CRAU COM ELA ... ELE  TAVA DORMINDO AINDA
[18/03/2012 18:46:25] /b AE RAPA O NEGO BLUE PEGO TRAVECO .. NA RUA .. AE FALOW PRA MAE DELE QUE IA LEVA O CAMILAO NA MOTO E VAI DA UM CRAU COM ELA ... ELE  TAVA DORMINDO AINDA
[18/03/2012 18:46:41] /b AE RAPA O NEGO BLUE PEGO TRAVECO .. NA RUA .. AE FALOW PRA MAE DELE QUE IA LEVA O CAMILAO NA MOTO E VAI DA UM CRAU COM ELA ... ELE  TAVA DORMINDO AINDA
[18/03/2012 18:49:32] /b KKKKKKKKKKKKKKK MORREU SE FODEU NEGO ...
[19/03/2012 17:26:15] /b to na war caraio sai fora
[19/03/2012 17:31:59] /b PORRA VEM TODO  MUNDOOOOOOOOOOOOOOOO
[19/03/2012 17:49:22] /b ele falow assim que vai joga no info vip e nao vai devolve kkkkkkkkkkkkkkkkkkk
[19/03/2012 22:27:30] /b paro lek ?
[19/03/2012 22:41:13] /b meu msn ae .. bobby-lon@hotmail.com
[19/03/2012 22:41:19] /b meu msn ae .. bobby-lon@hotmail.com
[19/03/2012 23:27:30] /b SEU CORNO SE BANIU PRIMEIRO KKKKKKKKKKKKKKKKKKKKKKKKKKKK
[19/03/2012 23:28:35] /b AE MUDA O NOME DO MEU DRUID LAH FIAO
[19/03/2012 23:47:43] /b VAMO DADO PARA DE UPA CARAIO ... VEM PRE TRETA
[19/03/2012 23:49:56] /b O TOP MORREU RED KKKKKKKKKKKKKKKKK
[19/03/2012 23:56:08] /b SAI EU E ELE SO
[19/03/2012 23:56:32] /b DEAD NOS NOOB CARAIO
[19/03/2012 23:58:20] /b jaera a tean so com eternal agora fala com ele  mano ...
[20/03/2012 00:00:17] /b caraio mano nao so o dono do serv tio .. so so tutor char normal porra
[20/03/2012 00:05:05] /b AE VO SAI AKI MANO QUE AMANHA VO TRAMPA ....
[21/03/2012 15:36:32] /b tudo noob .. editado kkkkkkkkkkkkkkkkkkkkkkk
[21/03/2012 15:36:35] /b tudo noob .. editado kkkkkkkkkkkkkkkkkkkkkkk
[21/03/2012 16:08:22] /b AFK .. JOGANDO HEROSERV NEIN TO MANO ...
[21/03/2012 16:08:23] /b AFK .. JOGANDO HEROSERV NEIN TO MANO ...
[21/03/2012 16:17:52] /b AFK .. JOGANDO HEROSERV NEIN TO MANO ...
[21/03/2012 16:17:58] /b AFK .. JOGANDO HEROSERV NEIN TO MANO ...
