[27/02/2012 21:45:45] /b ai pessoa novo tutor de voocs
[27/02/2012 21:53:08] /b PARA INICITANTES FALA .!notice
[27/02/2012 22:16:01] /b me puxa ae
[27/02/2012 22:16:21] /b kkkkkkk
[27/02/2012 22:16:50] /b vale o que 
[27/02/2012 22:18:08] /b IVASAO TEMPLE
[28/02/2012 13:26:27] /b ss
[28/02/2012 13:29:58] /b benn arranja exp potion ae so um
[28/02/2012 13:31:03] /info
[28/02/2012 13:31:08] /info gay
[28/02/2012 13:31:16] /info Reggae Rullez
[28/02/2012 13:31:32] /b sss
[28/02/2012 13:31:37] /b preguiça kk
[28/02/2012 13:33:45] /b na ond na sua casa aki na rua ta um sol pakas
[28/02/2012 13:57:18] /b been ta ae
[28/02/2012 14:06:44] /b SOLED DOIS NB KK
[28/02/2012 14:07:34] /b mais tbm nem vale vim com o god
[28/02/2012 14:07:43] /b e me procura que nb memso
[01/03/2012 13:12:12] /b eae caique
[01/03/2012 13:12:23] /b :D
[01/03/2012 13:19:23] /b caique fazendo o que ?
[01/03/2012 13:26:26] /b TROKO SUPREME STAR POR SUPREME SWORD
[01/03/2012 18:10:34] /b alguem on ae ?
[01/03/2012 18:12:34] /b eae
[01/03/2012 18:13:10] /b eae caique blz
[01/03/2012 21:25:29] /b TROKO SUPREME STAR POR SUPREME SWORD
[01/03/2012 21:42:03] /b mas que lag da porra vei pohaa
[01/03/2012 23:27:27] /b eae primo :SD
[01/03/2012 23:30:50] /b TROKO SUPREME STAR POR SUPREME SWORD
[01/03/2012 23:34:08] /b TROKO SUPREME STAR POR SUPREME SWORD
[01/03/2012 23:35:07] /b TROKO SUPREME STAR POR SUPREME SWORD
[01/03/2012 23:35:25] /b TROKO SUPREME STAR POR SUPREME SWORD
[01/03/2012 23:35:26] /b TROKO SUPREME STAR POR SUPREME SWORD
[01/03/2012 23:36:07] /b TROKO SUPREME STAR POR SUPREME SWORD
[01/03/2012 23:36:32] /b TROKO SUPREME STAR POR SUPREME SWORD
[01/03/2012 23:36:37] /b TROKO SUPREME STAR POR SUPREME SWORD
[01/03/2012 23:36:37] /b TROKO SUPREME STAR POR SUPREME SWORD
[01/03/2012 23:36:38] /b TROKO SUPREME STAR POR SUPREME SWORD
[01/03/2012 23:36:38] /b TROKO SUPREME STAR POR SUPREME SWORD
[01/03/2012 23:36:38] /b TROKO SUPREME STAR POR SUPREME SWORD
[01/03/2012 23:36:39] /b TROKO SUPREME STAR POR SUPREME SWORD
[01/03/2012 23:37:07] /b TROKO SUPREME STAR POR SUPREME SWORD
[01/03/2012 23:37:46] /b TROKO SUPREME STAR POR SUPREME SWORD
[01/03/2012 23:39:07] /b TROKO SUPREME STAR POR SUPREME SWORD
[01/03/2012 23:39:11] /b TROKO SUPREME STAR POR SUPREME SWORD
[01/03/2012 23:39:12] /b TROKO SUPREME STAR POR SUPREME SWORD
[01/03/2012 23:39:44] /b TROKO SUPREME STAR POR SUPREME SWORD
[01/03/2012 23:39:44] /b TROKO SUPREME STAR POR SUPREME SWORD
[01/03/2012 23:39:45] /b TROKO SUPREME STAR POR SUPREME SWORD
[01/03/2012 23:39:45] /b TROKO SUPREME STAR POR SUPREME SWORD
[01/03/2012 23:40:13] /b TROKO SUPREME STAR POR SUPREME SWORD
[01/03/2012 23:40:33] /b TROKO SUPREME STAR POR SUPREME SWORD (QUEM TIVER MANDA MSG)
[01/03/2012 23:40:35] /b TROKO SUPREME STAR POR SUPREME SWORD (QUEM TIVER MANDA MSG)
[01/03/2012 23:40:36] /b TROKO SUPREME STAR POR SUPREME SWORD (QUEM TIVER MANDA MSG)
[01/03/2012 23:40:45] /b TROKO SUPREME STAR POR SUPREME SWORD (QUEM TIVER MANDA MSG)
[01/03/2012 23:40:49] /b TROKO SUPREME STAR POR SUPREME SWORD (QUEM TIVER MANDA MSG)
[01/03/2012 23:41:34] /b TROKO SUPREME STAR POR SUPREME SWORD (QUEM TIVER MANDA MSG)
[01/03/2012 23:41:35] /b TROKO SUPREME STAR POR SUPREME SWORD (QUEM TIVER MANDA MSG)
[01/03/2012 23:42:16] /b TROKO SUPREME STAR POR SUPREME SWORD (QUEM TIVER MANDA MSG)
[01/03/2012 23:42:16] /b TROKO SUPREME STAR POR SUPREME SWORD (QUEM TIVER MANDA MSG)
[01/03/2012 23:42:17] /b TROKO SUPREME STAR POR SUPREME SWORD (QUEM TIVER MANDA MSG)
[01/03/2012 23:42:33] /b TROKO SUPREME STAR POR SUPREME SWORD (QUEM TIVER MANDA MSG)
[01/03/2012 23:42:33] /b TROKO SUPREME STAR POR SUPREME SWORD (QUEM TIVER MANDA MSG)
[01/03/2012 23:42:56] /b TROKO SUPREME STAR POR SUPREME SWORD (QUEM TIVER MANDA MSG)
[01/03/2012 23:43:13] /b TROKO SUPREME STAR POR SUPREME SWORD (QUEM TIVER MANDA MSG)
[01/03/2012 23:48:05] /b TROKO SUPREME STAR POR SUPREME SWORD (QUEM TIVER MANDA MSG)
[02/03/2012 13:20:45] /b agr s
[02/03/2012 13:20:51] /b falo
[02/03/2012 13:20:53] /b falo
[02/03/2012 13:20:53] /b falo
[02/03/2012 13:35:00] /b nem assim me mata ¬¬
[02/03/2012 13:46:05] /b aff os mlk entrano god e da goto em mim so pra saber on d eu to,mano vem sem o god porra seja ehoem e procura
[02/03/2012 13:46:35] /b n sabe joga n entra no god vei
[02/03/2012 13:47:46] /b vei seja homen
[02/03/2012 13:50:02] /b e assim nehentrando no god e dando kill em mim 3:40 Warning! The murder of [TUTOR] Va La Ki NhAS was not justified
[02/03/2012 13:56:08] /b enrique vai aprende a joga sem entra no god e da goto vei
[02/03/2012 13:56:10] /b enrique vai aprende a joga sem entra no god e da goto vei
[02/03/2012 15:44:54] /b You recognize Pally Supreme. He was killed by Mage Foda and by Huux.
[02/03/2012 16:01:16] /b huhuhuhuhuhuhu
[02/03/2012 16:01:23] /b war entrem team,
[02/03/2012 16:03:44] /b porra que lag da merda
[02/03/2012 16:07:35] /b ligar bott
[02/03/2012 16:10:09] /b war porra
[02/03/2012 16:10:17] /b uhuh
[02/03/2012 18:48:40] /b aff que lag
[02/03/2012 19:00:34] /b alguem on
[02/03/2012 19:00:41] /b god on ou gm?
[02/03/2012 20:00:53] /b quem sabe botao obote pra subir buracos que sobe manda pvt
[02/03/2012 20:00:54] /b quem sabe botao obote pra subir buracos que sobe manda pvt
[02/03/2012 20:00:54] /b quem sabe botao obote pra subir buracos que sobe manda pvt
[02/03/2012 20:00:54] /b quem sabe botao obote pra subir buracos que sobe manda pvt
[02/03/2012 20:15:49] /b You recognize Knight Lokinho. He was killed by [TUTOR] Va La Ki NhAS. ItemID: [3058]. DecayTo: [3059]. Position: [X: 10160] [Y: 10058] [Z: 7].
[02/03/2012 20:15:50] /b You recognize Knight Lokinho. He was killed by [TUTOR] Va La Ki NhAS. ItemID: [3058]. DecayTo: [3059]. Position: [X: 10160] [Y: 10058] [Z: 7].
[02/03/2012 20:15:51] /b You recognize Knight Lokinho. He was killed by [TUTOR] Va La Ki NhAS. ItemID: [3058]. DecayTo: [3059]. Position: [X: 10160] [Y: 10058] [Z: 7].
[02/03/2012 20:15:52] /b You recognize Knight Lokinho. He was killed by [TUTOR] Va La Ki NhAS. ItemID: [3058]. DecayTo: [3059]. Position: [X: 10160] [Y: 10058] [Z: 7].
[02/03/2012 20:15:52] /b You recognize Knight Lokinho. He was killed by [TUTOR] Va La Ki NhAS. ItemID: [3058]. DecayTo: [3059]. Position: [X: 10160] [Y: 10058] [Z: 7].
[02/03/2012 20:15:52] /b You recognize Knight Lokinho. He was killed by [TUTOR] Va La Ki NhAS. ItemID: [3058]. DecayTo: [3059]. Position: [X: 10160] [Y: 10058] [Z: 7].
[02/03/2012 20:15:53] /b You recognize Knight Lokinho. He was killed by [TUTOR] Va La Ki NhAS. ItemID: [3058]. DecayTo: [3059]. Position: [X: 10160] [Y: 10058] [Z: 7].
[02/03/2012 20:19:36] /b alguem sabecomo bota no elf pra deçer escadas ou buracos ?
[02/03/2012 20:19:37] /b alguem sabecomo bota no elf pra deçer escadas ou buracos ?
[02/03/2012 20:23:27] /b lag
[02/03/2012 20:28:51] /b porraque lag esse vei
[03/03/2012 10:32:00] /b eae pessoal :D
[03/03/2012 10:32:45] /b quem e gui
[03/03/2012 10:33:49] /b q god ta on 
[03/03/2012 10:35:39] /b vo ligar bot
[03/03/2012 10:48:25] /b aff que lag mano
[03/03/2012 10:50:16] /b 10:49 ohh MoRPix [2046]: Exevo Gran Trap ""Caique Been Enrique Deni Pedro Vini Bobby Parçeiros Zika Memo paga pau kk
[03/03/2012 10:53:55] /b ai theus ou caique usando set supreme
[03/03/2012 10:53:58] /b neh
[03/03/2012 10:54:10] /b ben vo joga mais n esse ot fii
[03/03/2012 10:54:15] /b falo
