[11/02/2012 10:31:03] /b Eae Galerinha
[11/02/2012 10:31:09] /b Chamen Amigos
[11/02/2012 10:57:21] /b galera divirtense
[11/02/2012 14:34:43] /b gm ta aew?
[13/02/2012 14:04:49] /b aff tem 1 cara edited god affs
[13/02/2012 14:05:52] /b galera o [H a Y a B u S a A] é edited afs
[13/02/2012 14:05:54] /b galera o [H a Y a B u S a A] é edited af
[13/02/2012 14:05:55] /b galera o [H a Y a B u S a A] é edited aff
[13/02/2012 14:05:57] /b galera o [H a Y a B u S a A] é edited aff
[13/02/2012 14:05:57] /b galera o [H a Y a B u S a A] é edited aff
[14/02/2012 14:56:25] /b eae garotada :D
[14/02/2012 15:03:14] /b tem augum gm aew?
[14/02/2012 15:25:06] /b ta aew gm?
[14/02/2012 15:30:38] /b aff fugiu com a bena :D
[14/02/2012 15:56:16] /b aff para esse warrior é edited
[14/02/2012 16:11:40] /b paara esse fenix é bugued
[14/02/2012 16:15:42] /b GOD VO DA BAN NESSE FENIX ELE É MT EDITED
[14/02/2012 16:15:43] /b GOD VO DA BAN NESSE FENIX ELE É MT EDITED
[14/02/2012 16:15:43] /b GOD VO DA BAN NESSE FENIX ELE É MT EDITED
[14/02/2012 16:15:48] /b GOD VO DA BAN NESSE FENIX ELE É MT EDITED
[14/02/2012 16:24:59] /b tem augum god aew?
[14/02/2012 16:25:02] /b tem augum god aew?
[14/02/2012 16:40:45] /b evento do q?
[14/02/2012 16:44:16] /b sou eu pow se tu kila o kina dezossa é dead.
[14/02/2012 16:44:33] /b Sou Eu Pow se vc kila o kina dezossa é dead.
[14/02/2012 16:49:19] /b TEM AUGUM GOD AEW PORRA?
[14/02/2012 16:49:20] /b TEM AUGUM GOD AEW PORRA?
[14/02/2012 16:49:50] /b aonde é?
[14/02/2012 16:53:01] /b KKKKKKKKKKKK
