[26/09/2012 23:50:29] /ghost
[26/09/2012 23:50:41] /goto druid foda
[26/09/2012 23:50:43] /goto druid foda
[26/09/2012 23:50:46] /goto druid foda
[26/09/2012 23:50:46] /goto druid foda
[26/09/2012 23:50:47] /goto druid foda
[26/09/2012 23:50:48] /goto druid foda
[26/09/2012 23:50:49] /goto druid foda
[26/09/2012 23:50:50] /goto druid foda
[26/09/2012 23:50:52] /goto druid foda
[26/09/2012 23:50:54] /goto druid foda
[26/09/2012 23:50:55] /goto druid foda
[26/09/2012 23:50:56] /goto druid foda
[26/09/2012 23:50:57] /goto druid foda
[26/09/2012 23:50:58] /goto druid foda
[26/09/2012 23:50:59] /goto druid foda
[26/09/2012 23:51:00] /goto druid foda
[26/09/2012 23:51:03] /goto druid foda
[26/09/2012 23:51:24] /down
[26/09/2012 23:51:27] /a 5
[26/09/2012 23:51:28] /a 5
[26/09/2012 23:51:28] /a 5
[26/09/2012 23:51:29] /a 5
[26/09/2012 23:51:29] /a 5
[26/09/2012 23:51:29] /a 5
[26/09/2012 23:51:30] /a 5
[26/09/2012 23:51:30] /a 5
[26/09/2012 23:51:31] /a 5
[26/09/2012 23:51:31] /a 5
[26/09/2012 23:51:32] /a 5
[27/09/2012 00:03:11] /goto traf~
[27/09/2012 00:03:14] /t
[27/09/2012 00:03:19] /goto druid foda
[27/09/2012 01:12:55] /c krazzy sty~
[27/09/2012 01:13:07] /i special sword
[27/09/2012 01:13:18] /attr set attack 99999999999999
[27/09/2012 01:13:32] /m massive fire elemental
[27/09/2012 01:13:33] /m massive fire elemental
[27/09/2012 01:13:33] /m massive fire elemental
[27/09/2012 01:13:33] /m massive fire elemental
[27/09/2012 01:13:34] /m massive fire elemental
[27/09/2012 01:15:41] /t
[27/09/2012 01:15:46] /a 50
[27/09/2012 01:15:47] /a 50
[27/09/2012 01:15:48] /a 50
[27/09/2012 01:15:49] /a 50
[27/09/2012 01:15:51] /a
[27/09/2012 01:15:51] /a
[27/09/2012 01:15:52] /a
[27/09/2012 01:15:52] /a
[27/09/2012 01:15:52] /a
[27/09/2012 01:15:53] /a
[27/09/2012 01:15:53] /a
[27/09/2012 01:15:53] /a
[27/09/2012 01:15:54] /a
[27/09/2012 01:16:58] /i fire bomb
[27/09/2012 01:17:03] /i fire bomb rune
[27/09/2012 01:20:11] /a 50
[27/09/2012 01:20:11] /a 50
[27/09/2012 01:20:12] /a 50
[27/09/2012 01:20:12] /a 50
[27/09/2012 01:20:13] /a 50
[27/09/2012 01:20:14] /a 50
[27/09/2012 01:20:16] /a 50
[27/09/2012 01:20:16] /a 50
[27/09/2012 01:20:20] /a 50
[27/09/2012 02:04:19] /c krazzy flow
[27/09/2012 02:05:37] /m massive fire elemental
[27/09/2012 02:05:38] /m massive fire elemental
[27/09/2012 02:05:39] /m massive fire elemental
[27/09/2012 02:05:46] /m massive fire elemental
[27/09/2012 02:05:47] /m massive fire elemental
[27/09/2012 02:05:47] /m massive fire elemental
[27/09/2012 02:06:06] /goto um druid~
[27/09/2012 02:06:11] /a 50
[27/09/2012 02:06:12] /a 50
[27/09/2012 02:06:12] /a 50
