[30/11/2011 14:01:47] /b eu
[30/11/2011 14:03:31] /b ae rapa jah volto vo volta pro trampo bjo 
[30/11/2011 14:03:49] /b ae rapa jah volto vo volta pro trampo bjo 
[30/11/2011 17:19:47] /b cade os cara nessa porra ?
[30/11/2011 17:20:04] /b cade os cara
[30/11/2011 18:30:13] /b ui
[30/11/2011 19:47:47] /b ALGUM GOD ON AE ?
[30/11/2011 21:15:23] /b AFK JAH VOLTO
[30/11/2011 21:16:16] /b oi
[30/11/2011 22:58:11] /b pedro porra fala comigo caraio
[30/11/2011 22:58:22] /b pedro porra fala comigo caraio
[30/11/2011 23:11:14] /b DOIS GAY BRIGANDO NO TEMPLO MANO DAHORA
[30/11/2011 23:13:10] /b AFK VO VER O FILME QUEM QUER SE O MILHONARIO
[30/11/2011 23:28:25] /b todos que tah upando e tudo gay mano .. i eu to ligado que a karin que me mata kkkkkkkkkkkkkkkkk
[01/12/2011 13:54:05] /b salve 
[01/12/2011 15:33:56] /b fala de novo sumiu
[01/12/2011 16:53:54] /b eu vo atraz de quem me mato nessa porra
[01/12/2011 16:58:35] /b i mano esse cara e gay 
[01/12/2011 22:16:30] /b TAH FODA AKI TBM MANO
[01/12/2011 22:19:36] /b se me deleta .. fi eu upo no lord vampire fi 
[01/12/2011 22:19:49] /b deleta ae se nun o hoster fi
[01/12/2011 22:20:06] /b chama o caique lah ai vc fala comigo fiao .. 
[01/12/2011 22:44:26] /b AH INVEJA DOS FRACASADOS .. FORTALECE NOIS QUI E GUERREIRO ..  ESSE E MEU LEMA ..
[02/12/2011 15:37:51] /b o ben seu corno me responde porra
[02/12/2011 16:45:35] /b E BEN GOSTOSAO VO PEGA LVL 1900 TO QUASE LAH CARAIO .. AE EU QUERO VVE OS CARA VIM FALA QUE EU SO EDITADO ...]
[02/12/2011 17:02:39] /b e hoster fala comigo 
[02/12/2011 17:02:53] /b e hoster fala comigo 
[02/12/2011 17:47:19] /b o meu lvl porra dahora
[22/01/2012 19:04:54] /b Bobby Lon caraio
[22/01/2012 19:19:40] /b ae cade o ben . e o theus  nesssa porra
[22/01/2012 19:20:33] /b nao da pra entra pk na house ...
[22/01/2012 19:23:22] /b NAO SO HOSTER PORRA
[22/01/2012 19:23:42] /b NAO SO HOSTER PORRA
[22/01/2012 19:25:21] /b lag o mega do hoster e so um 1 
[22/01/2012 19:38:54] /b eu quero god
[22/01/2012 19:39:00] /b ^^
[22/01/2012 20:08:02] /b kkkkkkkkkkkkkkkkkkkkk
[22/01/2012 20:19:32] /b QUE ISSO SE E DOIDO
[22/01/2012 20:20:54] /b no evento quem for o mais gay vai ganha um premio
[22/01/2012 20:21:05] /b no evento quem for o mais gay vai ganha um premio
[22/01/2012 20:29:09] /b quero
[22/01/2012 20:29:45] /b ae eu do se tah ligado
[22/01/2012 20:30:04] /b e so fala a conta do cara e o nome do ser char fiao .. nois é zika
[22/01/2012 21:48:12] /b vamo ae so tem 1 azul vem mais 2 ae gogogogo
[22/01/2012 21:49:02] /b ae mais 1 pro vermelho gogogo
[22/01/2012 21:49:16] /b fexo o azul
[22/01/2012 21:50:09] /b ae theus fexo mano gogogogo
[22/01/2012 21:50:33] /b VAMO CARAIO 4 X 4
[22/01/2012 21:57:08] /b AE SO FALTO A QUEST
[22/01/2012 23:04:57] /b ae quem ae tah on ae ?
[22/01/2012 23:13:32] /b AE VAMO UPA AE .. QUE QUANDO A QUEST ESTIVER PRONTA VAMO I TODO MUNDO .. CARAIO
[22/01/2012 23:13:41] /b AE VAMO UPA AE .. QUE QUANDO A QUEST ESTIVER PRONTA VAMO I TODO MUNDO .. CARAIO
[22/01/2012 23:38:55] /b O CAIQUE CARAIO TAH AE ?
[22/01/2012 23:48:55] /b vai fexa ?
[05/02/2012 18:15:23] /b me chupa ben viado
[05/02/2012 18:57:29] /b salve bando de gay do caaio .. seus chupa rola
[05/02/2012 19:06:05] /b TUDO BANDO DE PUTA QUEM FALA QUE EU SO GM
[05/02/2012 20:51:51] /b evento vamo vamo gogogogo
[05/02/2012 20:52:32] /b gogogogo evento arena
[05/02/2012 20:55:27] /b demoro
[05/02/2012 20:56:24] /b ngm quer i evento osso mano
[05/02/2012 21:01:24] /b puxa eu ae
[05/02/2012 21:13:53] /b si eu nao ganha essa eu vo sai nessa porra
[05/02/2012 21:14:27] /b vai da 4 no meu essa porra
[05/02/2012 21:15:41] /b ae minha ultima vez vo sai se e loko nao ganho essa porra
[05/02/2012 21:16:55] /b fui parei
[05/02/2012 23:29:25] /b e theus puxa eu pra onde vc tah rapidao .. so pra eu e vc converça
[06/02/2012 15:54:19] /b so falta vc fazer as quest gostosao pra ter mais graça
[06/02/2012 16:03:31] /b se nao é loko 
[06/02/2012 16:03:51] /b vai da o rabo seu corno 
[06/02/2012 16:08:52] /b AE PORA FAZ A MERDA DA QUEST CARAIO
[06/02/2012 16:09:21] /b seu porra nun é verdade caraio .. ai tem mais craça
[06/02/2012 16:10:07] /b iae seis tah tirando
[06/02/2012 16:11:54] /b ae caique si vc fazer a quest do a bunda pra vc
[06/02/2012 16:13:03] /b MORREU SE FODEU
[06/02/2012 16:13:17] /b ae caique si vc fazer a quest do a bunda pra vc
[06/02/2012 16:13:18] /b ae caique si vc fazer a quest do a bunda pra vc
[06/02/2012 16:18:40] /b OQ EU FASSO NESSA PORRA PRA PEGA UMA SUPREME WAND ?
[06/02/2012 16:27:45] /b PAREI RAPAZIADA BJO ATE OUTRO OT AE
[06/02/2012 16:27:51] /b PAREI RAPAZIADA BJO ATE OUTRO OT AE
[06/02/2012 16:27:51] /b PAREI RAPAZIADA BJO ATE OUTRO OT AE
[06/02/2012 16:27:52] /b PAREI RAPAZIADA BJO ATE OUTRO OT AE
[06/02/2012 16:28:00] /b SI DEUS QUIZER 
