[03/09/2012 17:52:01] /c theus forga
[03/09/2012 17:52:02] /a
[03/09/2012 17:52:05] /ghost
[03/09/2012 17:52:56] /a 10
[03/09/2012 17:52:57] /a 10
[03/09/2012 17:52:58] /a 10
[03/09/2012 17:53:10] /c theus~
[03/09/2012 17:53:18] /r
[03/09/2012 17:53:21] /t theus~
[03/09/2012 17:53:30] /a 10
[03/09/2012 17:53:31] /a 10
[03/09/2012 17:53:31] /a 10
[03/09/2012 17:53:31] /a 10
[03/09/2012 17:53:32] /a 10
[03/09/2012 17:53:32] /a 10
[03/09/2012 17:53:33] /a 10
[03/09/2012 17:53:34] /a 10
[03/09/2012 17:53:35] /a 10
[03/09/2012 17:53:35] /a 10
[03/09/2012 17:53:36] /a 10
[03/09/2012 17:53:36] /a 10
[03/09/2012 17:53:37] /a 10
[03/09/2012 17:53:41] /a
[03/09/2012 17:53:41] /a
[03/09/2012 17:53:43] /up
[03/09/2012 17:53:43] /up
[03/09/2012 17:53:45] /up
[03/09/2012 17:53:45] /up
[03/09/2012 17:53:47] /a 4
[03/09/2012 17:54:07] /i axe
[03/09/2012 17:54:09] /i axe
[03/09/2012 17:54:23] /attr set attack 99999999
[03/09/2012 17:54:25] /attr set attack 999999999
[03/09/2012 17:54:27] /attr set attack 9999999999
[03/09/2012 17:54:29] /attr set attack 999999999
[03/09/2012 17:54:40] /c theus~
[03/09/2012 17:54:53] /i exp potion
[03/09/2012 17:55:04] /m exp bug
[03/09/2012 17:55:05] /m exp bug
[03/09/2012 17:55:06] /m exp bug
[03/09/2012 17:55:07] /m exp bug
[03/09/2012 17:55:07] /m exp bug
[03/09/2012 17:55:08] /m exp bug
[03/09/2012 17:55:09] /m exp bug
[03/09/2012 17:55:09] /m exp bug
[03/09/2012 17:55:10] /m exp bug
[03/09/2012 17:55:10] /m exp bug
[03/09/2012 17:55:10] /m exp bug
[03/09/2012 17:55:11] /m exp bug
[03/09/2012 17:55:11] /m exp bug
[03/09/2012 17:55:12] /m exp bug
[03/09/2012 17:55:12] /m exp bug
[03/09/2012 17:55:13] /m exp bug
[03/09/2012 17:55:13] /m exp bug
[03/09/2012 17:55:13] /m exp bug
[03/09/2012 17:55:18] /m exp bug
[03/09/2012 17:55:18] /m exp bug
[03/09/2012 17:55:18] /m exp bug
[03/09/2012 17:55:18] /m exp bug
[03/09/2012 17:55:18] /m exp bug
[03/09/2012 17:55:20] /m exp bug
[03/09/2012 17:55:20] /m exp bug
[03/09/2012 17:55:21] /m exp bug
[03/09/2012 17:55:21] /m exp bug
[03/09/2012 17:55:22] /m exp bug
[03/09/2012 17:55:22] /m exp bug
[03/09/2012 17:55:22] /m exp bug
[03/09/2012 17:55:23] /m exp bug
[03/09/2012 17:55:23] /m exp bug
[03/09/2012 17:55:24] /m exp bug
[03/09/2012 17:55:24] /m exp bug
[03/09/2012 17:55:24] /m exp bug
[03/09/2012 17:55:25] /m exp bug
[03/09/2012 17:55:25] /m exp bug
[03/09/2012 17:55:26] /m exp bug
[03/09/2012 17:55:26] /m exp bug
[03/09/2012 17:55:26] /m exp bug
[03/09/2012 17:55:27] /m exp bug
[03/09/2012 17:55:27] /m exp bug
[03/09/2012 17:55:28] /m exp bug
[03/09/2012 17:55:28] /m exp bug
[03/09/2012 17:55:29] /m exp bug
[03/09/2012 17:55:29] /m exp bug
[03/09/2012 17:55:29] /m exp bug
[03/09/2012 17:55:30] /m exp bug
[03/09/2012 17:55:38] /r all
[03/09/2012 17:55:39] /r all
[03/09/2012 17:55:40] /r all
[03/09/2012 17:55:40] /r all
[03/09/2012 17:55:41] /r all
[03/09/2012 17:55:42] /r all
[03/09/2012 17:55:43] /r all
[03/09/2012 17:55:45] /r all
[03/09/2012 17:55:49] /c theus~
[03/09/2012 17:55:50] /c theus~
[03/09/2012 17:56:16] /attr set attack 750
[03/09/2012 17:56:34] /attr set shield 400
[03/09/2012 17:56:41] /attr set shielding 400
[03/09/2012 17:56:47] /attr set def 400
[03/09/2012 17:56:51] /attr set defense 400
[03/09/2012 17:57:09] /i supreme axe
[03/09/2012 17:57:21] /attr set attack 750
[03/09/2012 17:57:27] /attr set defense 400
[03/09/2012 17:57:43] /i supreme shield
[03/09/2012 17:57:56] /attr set defense 800
[03/09/2012 17:57:57] /attr set defense 800
[03/09/2012 17:58:54] /t theus~
[03/09/2012 18:18:49] /down
[03/09/2012 18:18:51] /down
[03/09/2012 18:18:52] /down
[03/09/2012 18:18:54] /down
[03/09/2012 18:18:57] /a 10
[03/09/2012 18:18:57] /a 10
[03/09/2012 18:18:58] /a 10
[03/09/2012 18:18:58] /a 10
[03/09/2012 18:18:59] /a 10
[03/09/2012 18:19:00] /a 10
[03/09/2012 18:19:02] /down
[03/09/2012 18:19:03] /down
[03/09/2012 18:19:06] /a 10
[03/09/2012 18:19:06] /a 10
[03/09/2012 18:19:07] /a 10
[03/09/2012 18:19:08] /a 10
[03/09/2012 18:19:08] /a 10
[03/09/2012 18:19:10] /down
[03/09/2012 18:19:10] /down
[03/09/2012 18:19:13] /a
[03/09/2012 18:19:14] /a
[03/09/2012 18:19:14] /a
[03/09/2012 18:19:14] /a
[03/09/2012 18:19:15] /a
[03/09/2012 18:19:15] /a
[03/09/2012 18:19:15] /a
[03/09/2012 18:19:16] /a
[03/09/2012 18:19:16] /a
[03/09/2012 18:19:16] /a
[03/09/2012 18:19:19] /down
[03/09/2012 18:19:19] /down
[03/09/2012 18:19:34] /mc
[03/09/2012 18:19:46] /c wava~
[03/09/2012 18:20:25] /up
[03/09/2012 18:20:26] /up
[03/09/2012 18:20:26] /up
[03/09/2012 18:20:26] /up
[03/09/2012 18:20:27] /up
[03/09/2012 18:20:27] /up
[03/09/2012 18:20:31] /a 10
[03/09/2012 18:20:31] /a 10
[03/09/2012 18:20:31] /a 10
[03/09/2012 18:20:32] /a 10
[03/09/2012 18:20:32] /a 10
[03/09/2012 18:20:39] /up
[03/09/2012 18:20:40] /up
[03/09/2012 18:20:42] /a 4
[03/09/2012 18:20:42] /a 4
[03/09/2012 18:21:13] /m massive fire elemental
[03/09/2012 18:21:15] /m massive fire elemental
[03/09/2012 18:21:15] /m massive fire elemental
[03/09/2012 18:21:15] /m massive fire elemental
[03/09/2012 18:21:17] /r
[03/09/2012 18:21:18] /r
[03/09/2012 18:21:19] /r
[03/09/2012 18:21:20] /r
[03/09/2012 18:21:31] /c feio s~
[03/09/2012 18:21:37] /r
[03/09/2012 18:23:14] /m massive fire elemental
[03/09/2012 18:23:15] /m massive fire elemental
[03/09/2012 18:23:15] /m massive fire elemental
[03/09/2012 18:23:15] /m massive fire elemental
[03/09/2012 18:23:15] /m massive fire elemental
[03/09/2012 18:23:15] /m massive fire elemental
[03/09/2012 18:23:15] /m massive fire elemental
[03/09/2012 18:23:15] /m massive fire elemental
[03/09/2012 18:23:15] /m massive fire elemental
[03/09/2012 18:23:15] /m massive fire elemental
[03/09/2012 18:23:15] /m massive fire elemental
[03/09/2012 18:23:15] /m massive fire elemental
[03/09/2012 18:23:16] /m massive fire elemental
[03/09/2012 18:23:16] /m massive fire elemental
[03/09/2012 18:23:16] /m massive fire elemental
[03/09/2012 18:23:16] /m massive fire elemental
[03/09/2012 18:23:16] /m massive fire elemental
[03/09/2012 18:23:16] /m massive fire elemental
[03/09/2012 18:23:16] /m massive fire elemental
[03/09/2012 18:23:16] /m massive fire elemental
[03/09/2012 18:23:16] /m massive fire elemental
[03/09/2012 18:23:38] /m massive fire elemental
[03/09/2012 18:23:42] /m massive fire elemental
[03/09/2012 18:23:48] /m massive fire elemental
[03/09/2012 18:23:49] /m massive fire elemental
[03/09/2012 18:23:49] /m massive fire elemental
[03/09/2012 18:24:01] /r
[03/09/2012 18:24:05] /r all
[03/09/2012 18:24:05] /r all
[03/09/2012 18:24:06] /r all
[03/09/2012 18:24:07] /r all
[03/09/2012 18:24:08] /r all
[03/09/2012 18:24:09] /r all
[03/09/2012 18:24:10] /r all
[03/09/2012 18:24:11] /r all
[03/09/2012 18:24:12] /r all
[03/09/2012 18:24:12] /r all
[03/09/2012 18:24:13] /r all
[03/09/2012 18:24:14] /r all
[03/09/2012 18:24:42] /r
[03/09/2012 18:25:26] /c feio st~
[03/09/2012 18:25:36] /m massive fire elemental
[03/09/2012 18:25:36] /m massive fire elemental
[03/09/2012 18:25:36] /m massive fire elemental
[03/09/2012 18:25:36] /m massive fire elemental
[03/09/2012 18:25:37] /m massive fire elemental
[03/09/2012 18:25:37] /m massive fire elemental
[03/09/2012 18:26:00] /m massive fire elemental
[03/09/2012 18:26:01] /m massive fire elemental
[03/09/2012 18:26:01] /m massive fire elemental
[03/09/2012 18:26:01] /m massive fire elemental
[03/09/2012 18:26:02] /m massive fire elemental
[03/09/2012 18:26:02] /m massive fire elemental
[03/09/2012 18:26:03] /m massive fire elemental
[03/09/2012 18:26:07] /m massive fire elemental
[03/09/2012 18:26:08] /m massive fire elemental
[03/09/2012 18:26:08] /m massive fire elemental
[03/09/2012 18:26:09] /m massive fire elemental
[03/09/2012 18:26:11] /m massive fire elemental
[03/09/2012 18:26:14] /m massive fire elemental
[03/09/2012 18:26:15] /m massive fire elemental
[03/09/2012 18:26:16] /m massive fire elemental
[03/09/2012 18:26:17] /m massive fire elemental
[03/09/2012 18:26:27] /r
[03/09/2012 18:26:37] /c wava
[03/09/2012 18:26:40] /c wava~
[03/09/2012 18:26:40] /c wava~
[03/09/2012 18:26:48] /i exp potion
[03/09/2012 18:26:51] /i exp potion
[03/09/2012 18:27:21] /r all
[03/09/2012 18:27:22] /r all
[03/09/2012 18:27:23] /r all
[03/09/2012 18:27:24] /r all
[03/09/2012 18:27:25] /r all
[03/09/2012 18:27:26] /r all
[03/09/2012 18:27:41] /mc
[03/09/2012 18:28:09] /m massive fire elemental
[03/09/2012 18:28:11] /m massive fire elemental
[03/09/2012 18:28:11] /m massive fire elemental
[03/09/2012 18:28:12] /m massive fire elemental
[03/09/2012 18:28:12] /m massive fire elemental
[03/09/2012 18:28:12] /m massive fire elemental
[03/09/2012 18:28:12] /m massive fire elemental
[03/09/2012 18:28:12] /m massive fire elemental
[03/09/2012 18:28:12] /m massive fire elemental
[03/09/2012 18:28:13] /m massive fire elemental
[03/09/2012 18:28:13] /m massive fire elemental
[03/09/2012 18:28:13] /m massive fire elemental
[03/09/2012 18:28:13] /m massive fire elemental
[03/09/2012 18:28:13] /m massive fire elemental
[03/09/2012 18:28:13] /m massive fire elemental
[03/09/2012 18:28:14] /m massive fire elemental
[03/09/2012 18:28:14] /m massive fire elemental
[03/09/2012 18:28:14] /m massive fire elemental
[03/09/2012 18:28:14] /m massive fire elemental
[03/09/2012 18:28:14] /m massive fire elemental
[03/09/2012 18:28:14] /m massive fire elemental
[03/09/2012 18:28:14] /m massive fire elemental
[03/09/2012 18:28:15] /m massive fire elemental
[03/09/2012 18:28:15] /m massive fire elemental
[03/09/2012 18:28:39] /r all
[03/09/2012 18:28:41] /r all
[03/09/2012 18:28:42] /r all
[03/09/2012 18:28:44] /r all
[03/09/2012 18:28:53] /r all
[03/09/2012 18:28:54] /r all
[03/09/2012 18:28:55] /r all
[03/09/2012 18:28:57] /r all
[03/09/2012 18:28:57] /r all
[03/09/2012 18:29:10] /i backpack
[03/09/2012 18:29:18] /attr set defense 800
[03/09/2012 18:29:30] /attr set defense 800
[03/09/2012 18:29:42] /r
[03/09/2012 18:29:50] /i supreme wand
[03/09/2012 18:30:03] /down
[03/09/2012 18:30:04] /down
[03/09/2012 18:30:06] /down
[03/09/2012 18:30:07] /a
[03/09/2012 18:30:07] /a
[03/09/2012 18:30:07] /a
[03/09/2012 18:30:08] /a
[03/09/2012 18:30:10] /a 10
[03/09/2012 18:30:10] /a 10
[03/09/2012 18:30:11] /a 10
[03/09/2012 18:30:12] /a 10
[03/09/2012 18:30:12] /a 10
[03/09/2012 18:30:12] /a 10
[03/09/2012 18:30:13] /a 10
[03/09/2012 18:30:14] /a 10
[03/09/2012 18:30:14] /a 10
[03/09/2012 18:30:14] /a 10
[03/09/2012 18:30:16] /a 10
[03/09/2012 18:30:16] /a 10
[03/09/2012 18:30:21] /a 10
[03/09/2012 18:30:22] /a 10
[03/09/2012 18:30:22] /a 10
[03/09/2012 18:30:25] /a 10
[03/09/2012 18:30:26] /down
[03/09/2012 18:30:28] /down
[03/09/2012 18:30:29] /down
[03/09/2012 18:30:29] /down
[03/09/2012 18:30:30] /down
[03/09/2012 18:30:34] /down
[03/09/2012 18:30:34] /down
[03/09/2012 18:30:34] /down
[03/09/2012 18:30:34] /down
[03/09/2012 18:30:34] /down
[03/09/2012 18:30:43] /a 10
[03/09/2012 18:30:50] /a
[03/09/2012 18:30:50] /a
[03/09/2012 18:30:50] /a
[03/09/2012 18:30:51] /a
[03/09/2012 18:30:55] /c wava~
[03/09/2012 18:36:21] /t waza~
[03/09/2012 18:36:28] /t wavaç
[03/09/2012 18:36:31] /t wava~
[04/09/2012 01:56:18] /c WaVaGaNtErS LoUcO
[04/09/2012 13:49:18] /t
[04/09/2012 13:49:37] /a 4
[04/09/2012 13:49:37] /a 4
[04/09/2012 13:49:37] /a 4
[04/09/2012 13:49:37] /a 4
[04/09/2012 13:49:37] /a 4
[04/09/2012 13:49:37] /a 4
[04/09/2012 13:49:38] /a 4
[04/09/2012 13:49:38] /a 4
[04/09/2012 13:49:38] /a 4
[04/09/2012 13:49:38] /a 4
[04/09/2012 13:49:39] /a 4
[04/09/2012 13:49:39] /a 4
[04/09/2012 13:49:39] /a 4
[04/09/2012 13:49:39] /a 4
[04/09/2012 13:49:39] /a 4
[04/09/2012 13:49:39] /a 4
[04/09/2012 13:49:40] /a 4
[04/09/2012 13:49:40] /a 4
[04/09/2012 13:49:40] /a 4
[04/09/2012 13:49:41] /a 4
[04/09/2012 13:49:41] /a 4
[04/09/2012 13:49:44] /a 4
[04/09/2012 13:49:44] /a 4
[04/09/2012 13:49:44] /a 4
[04/09/2012 13:49:45] /a 4
[04/09/2012 13:49:45] /a 4
[04/09/2012 13:49:45] /a 4
[04/09/2012 13:49:45] /a 4
[04/09/2012 13:49:45] /a 4
[04/09/2012 13:49:45] /a 4
[04/09/2012 13:49:45] /a 4
[04/09/2012 13:49:46] /a 4
[04/09/2012 13:49:46] /a 4
[04/09/2012 13:49:46] /a 4
[04/09/2012 13:49:46] /a 4
[04/09/2012 13:49:46] /a 4
[04/09/2012 13:49:47] /a 4
[04/09/2012 13:49:47] /a 4
[04/09/2012 13:49:47] /a 4
[04/09/2012 13:49:47] /a 4
[04/09/2012 13:49:47] /a 4
[04/09/2012 13:49:48] /a 4
[04/09/2012 13:49:48] /a 4
[04/09/2012 13:49:49] /a 4
[04/09/2012 13:49:49] /a 4
[04/09/2012 13:49:49] /a 4
[04/09/2012 13:49:49] /a 4
[04/09/2012 13:49:49] /a 4
[04/09/2012 13:49:49] /a 4
[04/09/2012 13:49:50] /a 4
[04/09/2012 13:49:50] /a 4
[04/09/2012 13:49:50] /a 4
[04/09/2012 13:49:50] /a 4
[04/09/2012 13:49:50] /a 4
[04/09/2012 13:49:51] /a 4
[04/09/2012 13:49:51] /a 4
[04/09/2012 13:49:51] /a 4
[04/09/2012 13:49:51] /a 4
[04/09/2012 13:49:51] /a 4
[04/09/2012 13:49:51] /a 4
[04/09/2012 13:49:51] /a 4
[04/09/2012 13:49:52] /a 4
[04/09/2012 13:49:52] /a 4
[04/09/2012 13:49:54] /a 4
[04/09/2012 13:49:54] /a 4
[04/09/2012 13:49:54] /a 4
[04/09/2012 13:49:55] /a 4
[04/09/2012 13:49:57] /up
[04/09/2012 13:50:00] /up
[04/09/2012 13:50:24] /down
[04/09/2012 13:51:57] /a 4
[04/09/2012 13:51:57] /a 4
[04/09/2012 13:51:57] /a 4
[04/09/2012 13:52:00] /a 4
[04/09/2012 13:52:00] /a 4
[04/09/2012 13:52:00] /a 4
[04/09/2012 13:52:00] /a 4
[04/09/2012 13:52:00] /a 4
[04/09/2012 13:52:01] /a 4
[04/09/2012 13:52:02] /a 4
[04/09/2012 13:52:02] /a 4
[04/09/2012 13:52:05] /a 4
[04/09/2012 13:52:05] /a 4
[04/09/2012 14:36:13] /c wava
[04/09/2012 14:36:36] /i exp potion
[04/09/2012 14:36:42] /c WaVaGaNtErS LoUcO
[04/09/2012 14:37:10] /m massive fire elemental
[04/09/2012 14:37:14] /m massive fire elemental
[04/09/2012 14:37:15] /m massive fire elemental
[04/09/2012 14:37:24] /r
[04/09/2012 14:37:27] /r
[04/09/2012 14:37:28] /r
[04/09/2012 14:37:29] /r
[04/09/2012 14:37:30] /r
[04/09/2012 14:37:32] /r
[04/09/2012 14:37:34] /r
[04/09/2012 14:37:35] /r
[04/09/2012 14:37:36] /r
[04/09/2012 14:37:38] /r
[04/09/2012 14:37:45] /t WaVaGaNtErS LoUcO
[04/09/2012 15:26:16] /goto Theus Volto
[04/09/2012 15:26:19] /a 33
[04/09/2012 15:26:20] /a 33
[04/09/2012 15:26:21] /a 33
[04/09/2012 15:26:23] /a 3
[04/09/2012 15:26:23] /a 3
[04/09/2012 15:26:24] /a 3
[04/09/2012 15:26:25] /a 3
[04/09/2012 15:26:28] /a 10
[04/09/2012 15:26:29] /a 10
[04/09/2012 15:26:31] /a 10
[04/09/2012 15:26:38] /a 5
[04/09/2012 15:26:53] /a 33
[04/09/2012 15:26:56] /a 33
[04/09/2012 15:26:58] /a 33
[04/09/2012 15:27:00] /a 3
[04/09/2012 15:27:01] /a 3
[04/09/2012 15:27:01] /a 3
[04/09/2012 15:27:02] /a 3
[04/09/2012 15:27:09] /a 3
[04/09/2012 15:27:12] /a 3
[04/09/2012 15:27:13] /a 3
[04/09/2012 15:27:13] /a 3
[04/09/2012 15:27:14] /a 3
[04/09/2012 15:27:14] /a 3
[04/09/2012 15:27:15] /a 3
[04/09/2012 15:27:16] /a 3
[04/09/2012 15:27:16] /a 3
[04/09/2012 15:27:17] /a 3
[04/09/2012 15:27:18] /a 3
[04/09/2012 15:27:18] /a 3
[04/09/2012 15:27:19] /a 3
[04/09/2012 15:27:20] /a 3
[04/09/2012 15:27:23] /c Theus Volto
[04/09/2012 15:27:31] /goto lord~
[04/09/2012 15:27:35] /goto lord vampire
[04/09/2012 15:32:33] /a
[04/09/2012 15:53:12] /t
[04/09/2012 15:53:22] /c [adm]~
[04/09/2012 15:53:27] /a 4
[04/09/2012 15:53:29] /a 4
[04/09/2012 15:53:30] /a 4
[04/09/2012 15:53:32] /a 4
[04/09/2012 15:53:34] /r
[04/09/2012 15:53:55] /bc green RESPONDE AEE HOSTER KARALHO ;]
[04/09/2012 15:53:56] /bc green RESPONDE AEE HOSTER KARALHO ;]
[04/09/2012 15:53:56] /bc green RESPONDE AEE HOSTER KARALHO ;]
[04/09/2012 15:53:57] /bc green RESPONDE AEE HOSTER KARALHO ;]
[04/09/2012 15:53:57] /bc green RESPONDE AEE HOSTER KARALHO ;]
[04/09/2012 15:53:57] /bc green RESPONDE AEE HOSTER KARALHO ;]
[04/09/2012 15:53:58] /t
[04/09/2012 15:54:04] /up
[04/09/2012 15:54:05] /bc green RESPONDE AEE HOSTER KARALHO ;]
[04/09/2012 15:54:06] /bc green RESPONDE AEE HOSTER KARALHO ;]
[04/09/2012 15:54:08] /mc
[04/09/2012 15:54:10] /up
[04/09/2012 17:03:32] /a 33
[04/09/2012 17:03:36] /down
[04/09/2012 17:03:37] /a 33
[04/09/2012 17:03:43] /goto lord vampire~
[04/09/2012 17:03:45] /goto lord vampire
[04/09/2012 17:04:49] /c theus volto
[04/09/2012 17:04:56] /i exp potion
[04/09/2012 17:05:11] /m massive fire elemental
[04/09/2012 17:05:12] /m massive fire elemental
[04/09/2012 17:05:12] /m massive fire elemental
[04/09/2012 17:05:24] /m massive fire elemental
[04/09/2012 17:05:24] /m massive fire elemental
[04/09/2012 17:05:24] /m massive fire elemental
[04/09/2012 17:05:24] /m massive fire elemental
[04/09/2012 17:05:24] /m massive fire elemental
[04/09/2012 17:05:33] /m massive fire elemental
[04/09/2012 17:05:33] /m massive fire elemental
[04/09/2012 17:05:33] /m massive fire elemental
[04/09/2012 17:05:33] /m massive fire elemental
[04/09/2012 17:05:48] /r
[04/09/2012 17:05:49] /r
[04/09/2012 17:06:17] /r
[04/09/2012 17:06:23] /t theus~
[04/09/2012 17:33:45] /mc
[04/09/2012 17:33:53] /t
[04/09/2012 17:33:54] /a 33
[04/09/2012 17:33:55] /a 33
[04/09/2012 17:33:56] /a 33
[04/09/2012 17:33:56] /a 33
[04/09/2012 21:23:20] /a 33
[04/09/2012 21:23:22] /a 33
[04/09/2012 21:23:24] /a 33
[04/09/2012 21:23:25] /a 33
[04/09/2012 21:23:25] /a 33
[04/09/2012 21:23:30] /a 33
[04/09/2012 21:23:38] /a 33
[04/09/2012 21:23:39] /a 33
[04/09/2012 21:23:40] /a 33
[04/09/2012 21:23:41] /a 33
[04/09/2012 21:23:43] /a 33
[04/09/2012 21:23:45] /a 33
[04/09/2012 21:23:45] /a 33
[04/09/2012 21:23:46] /a 33
[04/09/2012 21:23:48] /a 33
[04/09/2012 21:23:50] /a 33
[04/09/2012 21:23:51] /a 33
[04/09/2012 21:24:07] /goto lord vampire
[04/09/2012 21:24:17] /c en~
[04/09/2012 21:24:24] /c borra~
[04/09/2012 21:24:45] /i exp potion
[04/09/2012 21:25:01] /i massive fire elemental
[04/09/2012 21:25:01] /i massive fire elemental
[04/09/2012 21:25:07] /m massive fire elemental
[04/09/2012 21:25:07] /m massive fire elemental
[04/09/2012 21:25:13] /m massive fire elemental
[04/09/2012 21:25:14] /m massive fire elemental
[04/09/2012 21:25:32] /i supreme ring
[04/09/2012 21:25:35] /i supreme shield
[04/09/2012 21:25:49] /t borra~
[04/09/2012 22:34:35] /goto borra~
[04/09/2012 22:34:41] /goto lord~
[04/09/2012 22:34:51] /goto lord vampire
[04/09/2012 22:34:57] /a 33
[04/09/2012 23:24:20] /a 33
[04/09/2012 23:24:22] /a 33
[04/09/2012 23:24:25] /goto borra~
[04/09/2012 23:24:31] /up
[04/09/2012 23:24:32] /up
[04/09/2012 23:24:37] /a  33
[04/09/2012 23:24:39] /a  3
[04/09/2012 23:24:40] /a  3
[04/09/2012 23:24:40] /a  3
[04/09/2012 23:24:41] /a  3
[04/09/2012 23:24:44] /c wava~
[05/09/2012 01:45:45] /t
[05/09/2012 01:45:56] /i supreme wand
[05/09/2012 01:46:01] /goto borra~
[05/09/2012 01:46:16] /goto verminor
[05/09/2012 01:46:22] /goto verminor
[05/09/2012 01:46:26] /goto verminor
[05/09/2012 01:46:27] /goto verminor
[05/09/2012 01:46:30] /goto verminor
[05/09/2012 01:46:33] /goto verminor
[05/09/2012 01:46:37] /goto verminor
[05/09/2012 01:46:41] /goto borra~
[05/09/2012 01:46:43] /goto verminor
[05/09/2012 01:47:11] /c wava~
[05/09/2012 01:47:17] /i 424
[05/09/2012 01:47:23] /i axe
[05/09/2012 01:47:31] /attr set attack 9999999999999
[05/09/2012 01:47:36] /attr set attack 99999999999
[05/09/2012 01:47:39] /attr set attack 9999999999
[05/09/2012 01:47:51] /i exp potiob
[05/09/2012 01:47:55] /i exp potion
[05/09/2012 01:48:10] /m massive fire elemental
[05/09/2012 01:48:15] /m massive fire elemental
[05/09/2012 01:48:16] /m massive fire elemental
[05/09/2012 01:48:21] /m massive fire elemental
[05/09/2012 01:48:21] /m massive fire elemental
[05/09/2012 01:48:22] /m massive fire elemental
[05/09/2012 01:48:26] /m massive fire elemental
[05/09/2012 01:48:27] /m massive fire elemental
[05/09/2012 01:48:33] /m massive fire elemental
[05/09/2012 01:48:34] /m massive fire elemental
[05/09/2012 01:48:34] /m massive fire elemental
[05/09/2012 01:48:35] /m massive fire elemental
[05/09/2012 01:48:35] /m massive fire elemental
[05/09/2012 01:49:02] /t wava~
[05/09/2012 01:49:05] /r
[05/09/2012 01:49:06] /r
[05/09/2012 01:49:08] /r
[05/09/2012 01:49:09] /r
[05/09/2012 01:49:10] /r
[05/09/2012 01:49:11] /r
[05/09/2012 01:49:14] /r
[05/09/2012 01:49:15] /r
[05/09/2012 01:49:16] /r
[05/09/2012 01:49:18] /r
[05/09/2012 01:49:20] /r
[05/09/2012 01:49:24] /r
[05/09/2012 01:49:25] /r
[05/09/2012 01:49:31] /i 4820
[05/09/2012 01:51:26] /name Theus Volto , WaVaGhAnTeRs BrInKzS
[05/09/2012 01:51:59] /goto warrio~
[05/09/2012 15:14:56] /i special backpack
[05/09/2012 15:14:58] /i 2160
[05/09/2012 15:14:59] /i 2160
[05/09/2012 15:14:59] /i 2160
[05/09/2012 15:14:59] /i 2160
[05/09/2012 15:14:59] /i 2160
[05/09/2012 15:14:59] /i 2160
[05/09/2012 15:14:59] /i 2160
[05/09/2012 15:14:59] /i 2160
[05/09/2012 15:14:59] /i 2160
[05/09/2012 15:14:59] /i 2160
[05/09/2012 15:14:59] /i 2160
[05/09/2012 15:15:00] /i 2160
[05/09/2012 15:15:00] /i 2160
[05/09/2012 15:15:00] /i 2160
[05/09/2012 15:15:00] /i 2160
[05/09/2012 15:15:00] /i 2160
[05/09/2012 15:15:00] /i 2160
[05/09/2012 15:15:01] /i 2160
[05/09/2012 15:15:01] /i 2160
[05/09/2012 15:15:01] /i 2160
[05/09/2012 15:15:01] /i 2160
[05/09/2012 15:15:01] /i 2160
[05/09/2012 15:15:01] /i 2160
[05/09/2012 15:15:01] /i 2160
[05/09/2012 15:15:01] /i 2160
[05/09/2012 15:15:01] /i 2160
[05/09/2012 15:15:01] /i 2160
[05/09/2012 15:15:01] /i 2160
[05/09/2012 15:15:01] /i 2160
[05/09/2012 15:15:01] /i 2160
[05/09/2012 15:15:02] /i 2160
[05/09/2012 15:15:02] /i 2160
[05/09/2012 15:15:02] /i 2160
[05/09/2012 15:15:02] /i 2160
[05/09/2012 15:15:02] /i 2160
[05/09/2012 15:15:02] /i 2160
[05/09/2012 15:15:02] /i 2160
[05/09/2012 15:15:02] /i 2160
[05/09/2012 15:15:02] /i 2160
[05/09/2012 15:15:02] /i 2160
[05/09/2012 15:15:02] /i 2160
[05/09/2012 15:15:02] /i 2160
[05/09/2012 15:15:02] /i 2160
[05/09/2012 15:15:03] /i 2160
[05/09/2012 15:15:03] /i 2160
[05/09/2012 15:15:03] /i 2160
[05/09/2012 15:15:03] /i 2160
[05/09/2012 15:15:03] /i 2160
[05/09/2012 15:15:03] /i 2160
[05/09/2012 15:15:03] /i 2160
[05/09/2012 15:15:03] /i 2160
[05/09/2012 15:15:03] /i 2160
[05/09/2012 15:15:03] /i 2160
[05/09/2012 15:15:03] /i 2160
[05/09/2012 15:15:03] /i 2160
[05/09/2012 15:15:03] /i 2160
[05/09/2012 15:15:04] /i 2160
[05/09/2012 15:15:04] /i 2160
[05/09/2012 15:15:04] /i 2160
[05/09/2012 15:15:04] /i 2160
[05/09/2012 15:15:04] /i 2160
[05/09/2012 15:15:04] /i 2160
[05/09/2012 15:15:04] /i 2160
[05/09/2012 15:15:04] /i 2160
[05/09/2012 15:15:04] /i 2160
[05/09/2012 15:15:04] /i 2160
[05/09/2012 15:15:04] /i 2160
[05/09/2012 15:15:04] /i 2160
[05/09/2012 15:15:04] /i 2160
[05/09/2012 15:15:04] /i 2160
[05/09/2012 15:15:09] /i special backpack
[05/09/2012 15:15:10] /i 2160
[05/09/2012 15:15:10] /i 2160
[05/09/2012 15:15:11] /i 2160
[05/09/2012 15:15:11] /i 2160
[05/09/2012 15:15:11] /i 2160
[05/09/2012 15:15:11] /i 2160
[05/09/2012 15:15:11] /i 2160
[05/09/2012 15:15:11] /i 2160
[05/09/2012 15:15:11] /i 2160
[05/09/2012 15:15:11] /i 2160
[05/09/2012 15:15:11] /i 2160
[05/09/2012 15:15:11] /i 2160
[05/09/2012 15:15:11] /i 2160
[05/09/2012 15:15:11] /i 2160
[05/09/2012 15:15:12] /i 2160
[05/09/2012 15:15:12] /i 2160
[05/09/2012 15:15:12] /i 2160
[05/09/2012 15:15:12] /i 2160
[05/09/2012 15:15:12] /i 2160
[05/09/2012 15:15:12] /i 2160
[05/09/2012 15:15:12] /i 2160
[05/09/2012 15:15:12] /i 2160
[05/09/2012 15:15:12] /i 2160
[05/09/2012 15:15:13] /i 2160
[05/09/2012 15:15:13] /i 2160
[05/09/2012 15:15:13] /i 2160
[05/09/2012 15:15:13] /i 2160
[05/09/2012 15:15:13] /i 2160
[05/09/2012 15:15:13] /i 2160
[05/09/2012 15:15:13] /i 2160
[05/09/2012 15:15:13] /i 2160
[05/09/2012 15:15:13] /i 2160
[05/09/2012 15:15:13] /i 2160
[05/09/2012 15:15:13] /i 2160
[05/09/2012 15:15:13] /i 2160
[05/09/2012 15:15:13] /i 2160
[05/09/2012 15:15:14] /i 2160
[05/09/2012 15:15:14] /i 2160
[05/09/2012 15:15:14] /i 2160
[05/09/2012 15:15:14] /i 2160
[05/09/2012 15:15:14] /i 2160
[05/09/2012 15:15:14] /i 2160
[05/09/2012 15:15:14] /i 2160
[05/09/2012 15:15:14] /i 2160
[05/09/2012 15:15:15] /i 2160
[05/09/2012 15:15:15] /i 2160
[05/09/2012 15:15:15] /i 2160
[05/09/2012 15:15:15] /i 2160
[05/09/2012 15:15:15] /i 2160
[05/09/2012 15:15:15] /i 2160
[05/09/2012 15:15:15] /i 2160
[05/09/2012 15:15:15] /i 2160
[05/09/2012 15:15:15] /i 2160
[05/09/2012 15:15:15] /i 2160
[05/09/2012 15:15:15] /i 2160
[05/09/2012 15:15:15] /i 2160
[05/09/2012 15:15:15] /i 2160
[05/09/2012 15:15:16] /i 2160
[05/09/2012 15:15:16] /i 2160
[05/09/2012 15:15:16] /i 2160
[05/09/2012 15:15:16] /i 2160
[05/09/2012 15:15:16] /i 2160
[05/09/2012 15:15:16] /i 2160
[05/09/2012 15:15:16] /i 2160
[05/09/2012 15:15:16] /i 2160
[05/09/2012 15:15:16] /i 2160
[05/09/2012 15:15:16] /i 2160
[05/09/2012 15:15:17] /i 2160
[05/09/2012 15:15:17] /i 2160
[05/09/2012 15:15:17] /i 2160
[05/09/2012 15:15:26] /i 424
[05/09/2012 15:15:34] /c WaVaGaNtErS LoUcO
[05/09/2012 15:15:50] /i remover frags
[05/09/2012 15:15:54] /i remover frags
[05/09/2012 15:16:03] /t WaVaGaNtErS LoUcO
[05/09/2012 16:20:43] /a
[05/09/2012 16:20:44] /a
[05/09/2012 16:20:55] /a
[05/09/2012 16:20:55] /a
[05/09/2012 16:20:56] /a
[05/09/2012 16:20:57] /down
[05/09/2012 16:20:59] /a
[05/09/2012 16:20:59] /a
[05/09/2012 16:21:00] /down
[05/09/2012 16:21:01] /down
[05/09/2012 16:21:01] /down
[05/09/2012 16:21:02] /down
[05/09/2012 16:21:03] /t
[05/09/2012 16:21:22] /a
[05/09/2012 16:21:22] /a
[05/09/2012 16:21:41] /a 5
[05/09/2012 16:21:44] /a
[05/09/2012 16:22:16] /a 5
[05/09/2012 16:22:17] /a 5
[05/09/2012 16:22:18] /a 5
[05/09/2012 16:22:18] /a 5
[05/09/2012 16:22:18] /a 5
[05/09/2012 16:22:18] /a 5
[05/09/2012 16:22:18] /a 5
[05/09/2012 16:22:18] /a 5
[05/09/2012 16:22:19] /a 5
[05/09/2012 16:22:19] /a 5
[05/09/2012 16:22:20] /a 5
[05/09/2012 16:22:20] /a 5
[05/09/2012 16:22:20] /a 5
[05/09/2012 16:22:21] /a 5
[05/09/2012 16:22:21] /a 5
[05/09/2012 16:22:26] /a 5
[05/09/2012 16:22:28] /a 5
[05/09/2012 16:22:31] /a 5
[05/09/2012 16:22:32] /a 5
[05/09/2012 16:22:32] /a 5
[05/09/2012 16:22:33] /a 5
[05/09/2012 16:22:33] /a 5
[05/09/2012 16:22:33] /a 5
[05/09/2012 16:22:33] /a 5
[05/09/2012 16:22:33] /a 5
[05/09/2012 16:22:33] /a 5
[05/09/2012 16:22:33] /a 5
[05/09/2012 16:22:34] /a 5
[05/09/2012 16:22:34] /a 5
[05/09/2012 16:22:34] /a 5
[05/09/2012 16:22:34] /a 5
[05/09/2012 16:22:34] /a 5
[05/09/2012 16:22:34] /a 5
[05/09/2012 16:22:34] /a 5
[05/09/2012 16:22:34] /a 5
[05/09/2012 16:22:34] /a 5
[05/09/2012 16:22:34] /a 5
[05/09/2012 16:22:35] /a 5
[05/09/2012 16:22:35] /a 5
[05/09/2012 16:22:35] /a 5
[05/09/2012 16:22:35] /a 5
[05/09/2012 16:22:35] /a 5
[05/09/2012 16:22:35] /a 5
[05/09/2012 16:22:35] /a 5
[05/09/2012 16:22:35] /a 5
[05/09/2012 16:22:35] /a 5
[05/09/2012 16:22:36] /a 5
[05/09/2012 16:22:36] /a 5
[05/09/2012 16:22:36] /a 5
[05/09/2012 16:22:36] /a 5
[05/09/2012 16:22:36] /a 5
[05/09/2012 16:22:37] /a 5
[05/09/2012 16:22:37] /a 5
[05/09/2012 16:22:37] /a 5
[05/09/2012 16:22:37] /a 5
[05/09/2012 16:22:37] /a 5
[05/09/2012 16:22:37] /a 5
[05/09/2012 16:22:37] /a 5
[05/09/2012 16:22:37] /a 5
[05/09/2012 16:22:37] /a 5
[05/09/2012 16:22:37] /a 5
[05/09/2012 16:22:38] /a 5
[05/09/2012 16:22:38] /a 5
[05/09/2012 16:22:38] /a 5
[05/09/2012 16:22:38] /a 5
[05/09/2012 16:22:38] /a 5
[05/09/2012 16:22:38] /a 5
[05/09/2012 16:22:38] /a 5
[05/09/2012 16:22:38] /a 5
[05/09/2012 16:22:38] /a 5
[05/09/2012 16:22:38] /a 5
[05/09/2012 16:22:39] /a 5
[05/09/2012 16:22:39] /a 5
[05/09/2012 16:22:39] /a 5
[05/09/2012 16:22:39] /a 5
[05/09/2012 16:22:39] /a 5
[05/09/2012 16:22:39] /a 5
[05/09/2012 16:22:39] /a 5
[05/09/2012 16:22:39] /a 5
[05/09/2012 16:22:39] /a 5
[05/09/2012 16:22:39] /a 5
[05/09/2012 16:22:40] /a 5
[05/09/2012 16:22:40] /a 5
[05/09/2012 16:22:40] /a 5
[05/09/2012 16:22:40] /a 5
[05/09/2012 16:22:40] /a 5
[05/09/2012 16:22:40] /a 5
[05/09/2012 16:22:40] /a 5
[05/09/2012 16:22:40] /a 5
[05/09/2012 16:22:40] /a 5
[05/09/2012 16:22:40] /a 5
[05/09/2012 16:22:41] /a 5
[05/09/2012 16:22:41] /a 5
[05/09/2012 16:22:41] /a 5
[05/09/2012 16:22:41] /a 5
[05/09/2012 16:22:41] /a 5
[05/09/2012 16:22:41] /a 5
[05/09/2012 16:22:41] /a 5
[05/09/2012 16:22:41] /a 5
[05/09/2012 16:22:41] /a 5
[05/09/2012 16:22:41] /a 5
[05/09/2012 16:22:42] /a 5
[05/09/2012 16:22:42] /a 5
[05/09/2012 16:22:42] /a 5
[05/09/2012 16:22:42] /a 5
[05/09/2012 16:22:42] /a 5
[05/09/2012 16:22:42] /a 5
[05/09/2012 16:22:42] /a 5
[05/09/2012 16:22:42] /a 5
[05/09/2012 16:22:43] /a 5
[05/09/2012 16:22:43] /a 5
[05/09/2012 16:22:43] /a 5
[05/09/2012 16:22:43] /a 5
[05/09/2012 16:22:43] /a 5
[05/09/2012 16:22:43] /a 5
[05/09/2012 16:22:44] /a 5
[05/09/2012 16:22:44] /a 5
[05/09/2012 16:22:44] /a 5
[05/09/2012 16:22:44] /a 5
[05/09/2012 16:22:44] /a 5
[05/09/2012 16:22:46] /a 5
[05/09/2012 16:22:46] /a 5
[05/09/2012 16:22:46] /a 5
[05/09/2012 16:22:46] /a 5
[05/09/2012 16:22:55] /goto wa~
[05/09/2012 16:23:06] /a 5
[05/09/2012 16:23:08] /a 5
[05/09/2012 16:23:09] /a
[05/09/2012 16:23:09] /a
[05/09/2012 16:23:12] /a 5
[05/09/2012 16:23:12] /a 5
[05/09/2012 16:23:12] /a 5
[05/09/2012 16:23:13] /a 5
[05/09/2012 16:23:13] /a 5
[05/09/2012 16:23:13] /a 5
[05/09/2012 16:23:13] /a 5
[05/09/2012 16:23:13] /a 5
[05/09/2012 16:23:13] /a 5
[05/09/2012 16:23:13] /a 5
[05/09/2012 16:23:13] /a 5
[05/09/2012 16:23:13] /a 5
[05/09/2012 16:23:13] /a 5
[05/09/2012 16:23:13] /a 5
[05/09/2012 16:23:14] /a 5
[05/09/2012 16:23:14] /a 5
[05/09/2012 16:23:14] /a 5
[05/09/2012 16:23:14] /a 5
[05/09/2012 16:23:14] /a 5
[05/09/2012 16:23:14] /a 5
[05/09/2012 16:23:14] /a 5
[05/09/2012 16:23:14] /a 5
[05/09/2012 16:23:15] /a 5
[05/09/2012 16:23:15] /a 5
[05/09/2012 16:23:16] /a 5
[05/09/2012 16:23:16] /a 5
[05/09/2012 16:23:16] /a 5
[05/09/2012 16:23:16] /a 5
[05/09/2012 16:23:16] /a 5
[05/09/2012 16:23:16] /a 5
[05/09/2012 16:23:16] /a 5
[05/09/2012 16:23:16] /a 5
[05/09/2012 16:23:16] /a 5
[05/09/2012 16:23:17] /a 5
[05/09/2012 16:23:18] /a 5
[05/09/2012 16:23:18] /a 5
[05/09/2012 16:23:19] /a 5
[05/09/2012 16:23:20] /a 5
[05/09/2012 16:23:21] /a 5
[05/09/2012 16:23:22] /up
[05/09/2012 16:23:24] /up
[05/09/2012 16:23:25] /up
[05/09/2012 16:23:26] /a 5
[05/09/2012 16:28:53] /c lord infi~
[05/09/2012 16:28:57] /c wava~
[05/09/2012 16:29:39] /mc
[05/09/2012 16:29:45] /t wava~
[05/09/2012 16:30:15] /i ice demon
[05/09/2012 16:30:18] /m ice demon
[05/09/2012 16:30:21] /m ice demon
[05/09/2012 16:30:22] /m ice demon
[05/09/2012 16:30:23] /m ice demon
[05/09/2012 16:30:24] /m ice demon
[05/09/2012 16:30:24] /m ice demon
[05/09/2012 16:30:25] /m ice demon
[05/09/2012 16:30:25] /m ice demon
[05/09/2012 16:30:25] /m ice demon
[05/09/2012 16:30:26] /m ice demon
[05/09/2012 16:30:26] /m ice demon
[05/09/2012 16:30:27] /m ice demon
[05/09/2012 16:30:27] /m ice demon
[05/09/2012 16:30:27] /m ice demon
[05/09/2012 16:30:28] /m ice demon
[05/09/2012 16:30:28] /m ice demon
[05/09/2012 16:30:29] /m ice demon
[05/09/2012 16:30:29] /m ice demon
[05/09/2012 16:30:52] /m exp bug
[05/09/2012 16:30:53] /m exp bug
[05/09/2012 16:30:54] /m exp bug
[05/09/2012 16:30:54] /m exp bug
[05/09/2012 16:30:54] /m exp bug
[05/09/2012 16:30:55] /m exp bug
[05/09/2012 16:30:55] /m exp bug
[05/09/2012 16:30:56] /m exp bug
[05/09/2012 16:30:56] /m exp bug
[05/09/2012 16:31:00] /i exp potion
[05/09/2012 16:31:42] /i exp potion
[05/09/2012 16:31:43] /i exp potion
[05/09/2012 16:31:45] /m exp bug
[05/09/2012 16:31:46] /m exp bug
[05/09/2012 16:31:46] /m exp bug
[05/09/2012 16:31:47] /m exp bug
[05/09/2012 16:31:47] /m exp bug
[05/09/2012 16:31:47] /m exp bug
[05/09/2012 16:31:48] /m exp bug
[05/09/2012 16:31:48] /m exp bug
[05/09/2012 16:31:48] /m exp bug
[05/09/2012 16:31:49] /m exp bug
[05/09/2012 16:31:49] /m exp bug
[05/09/2012 16:31:50] /m exp bug
[05/09/2012 16:31:50] /m exp bug
[05/09/2012 16:31:51] /a
[05/09/2012 16:31:59] /m exp bug
[05/09/2012 16:35:42] /i special backpack
[05/09/2012 16:35:43] /i special backpack
[05/09/2012 16:35:43] /i special backpack
[05/09/2012 16:35:44] /i special backpack
[05/09/2012 16:35:51] /i 2160
[05/09/2012 16:35:51] /i 2160
[05/09/2012 16:35:51] /i 2160
[05/09/2012 16:35:52] /i 2160
[05/09/2012 16:35:52] /i 2160
[05/09/2012 16:35:52] /i 2160
[05/09/2012 16:35:52] /i 2160
[05/09/2012 16:35:52] /i 2160
[05/09/2012 16:35:52] /i 2160
[05/09/2012 16:35:52] /i 2160
[05/09/2012 16:35:52] /i 2160
[05/09/2012 16:35:52] /i 2160
[05/09/2012 16:35:52] /i 2160
[05/09/2012 16:35:53] /i 2160
[05/09/2012 16:35:53] /i 2160
[05/09/2012 16:35:53] /i 2160
[05/09/2012 16:35:53] /i 2160
[05/09/2012 16:35:53] /i 2160
[05/09/2012 16:35:53] /i 2160
[05/09/2012 16:35:53] /i 2160
[05/09/2012 16:35:53] /i 2160
[05/09/2012 16:35:53] /i 2160
[05/09/2012 16:35:53] /i 2160
[05/09/2012 16:35:54] /i 2160
[05/09/2012 16:35:54] /i 2160
[05/09/2012 16:35:54] /i 2160
[05/09/2012 16:35:54] /i 2160
[05/09/2012 16:35:54] /i 2160
[05/09/2012 16:35:54] /i 2160
[05/09/2012 16:35:54] /i 2160
[05/09/2012 16:35:54] /i 2160
[05/09/2012 16:35:54] /i 2160
[05/09/2012 16:35:54] /i 2160
[05/09/2012 16:35:54] /i 2160
[05/09/2012 16:35:55] /i 2160
[05/09/2012 16:35:55] /i 2160
[05/09/2012 16:35:55] /i 2160
[05/09/2012 16:35:55] /i 2160
[05/09/2012 16:35:55] /i 2160
[05/09/2012 16:35:55] /i 2160
[05/09/2012 16:35:55] /i 2160
[05/09/2012 16:35:55] /i 2160
[05/09/2012 16:35:55] /i 2160
[05/09/2012 16:35:55] /i 2160
[05/09/2012 16:35:55] /i 2160
[05/09/2012 16:35:55] /i 2160
[05/09/2012 16:35:56] /i 2160
[05/09/2012 16:35:56] /i 2160
[05/09/2012 16:35:56] /i 2160
[05/09/2012 16:35:56] /i 2160
[05/09/2012 16:35:56] /i 2160
[05/09/2012 16:35:56] /i 2160
[05/09/2012 16:35:56] /i 2160
[05/09/2012 16:35:56] /i 2160
[05/09/2012 16:35:56] /i 2160
[05/09/2012 16:35:56] /i 2160
[05/09/2012 16:35:56] /i 2160
[05/09/2012 16:35:57] /i 2160
[05/09/2012 16:35:57] /i 2160
[05/09/2012 16:35:57] /i 2160
[05/09/2012 16:35:57] /i 2160
[05/09/2012 16:35:57] /i 2160
[05/09/2012 16:35:57] /i 2160
[05/09/2012 16:35:57] /i 2160
[05/09/2012 16:35:57] /i 2160
[05/09/2012 16:35:57] /i 2160
[05/09/2012 16:35:57] /i 2160
[05/09/2012 16:35:57] /i 2160
[05/09/2012 16:35:58] /i 2160
[05/09/2012 16:35:58] /i 2160
[05/09/2012 16:35:58] /i 2160
[05/09/2012 16:35:58] /i 2160
[05/09/2012 16:35:58] /i 2160
[05/09/2012 16:35:58] /i 2160
[05/09/2012 16:35:58] /i 2160
[05/09/2012 16:35:58] /i 2160
[05/09/2012 16:35:58] /i 2160
[05/09/2012 16:35:58] /i 2160
[05/09/2012 16:35:59] /i 2160
[05/09/2012 16:35:59] /i 2160
[05/09/2012 16:35:59] /i 2160
[05/09/2012 16:35:59] /i 2160
[05/09/2012 16:35:59] /i 2160
[05/09/2012 16:35:59] /i 2160
[05/09/2012 16:35:59] /i 2160
[05/09/2012 16:35:59] /i 2160
[05/09/2012 16:35:59] /i 2160
[05/09/2012 16:35:59] /i 2160
[05/09/2012 16:35:59] /i 2160
[05/09/2012 16:36:00] /i 2160
[05/09/2012 16:36:00] /i 2160
[05/09/2012 16:36:00] /i 2160
[05/09/2012 16:36:00] /i 2160
[05/09/2012 16:36:00] /i 2160
[05/09/2012 16:36:00] /i 2160
[05/09/2012 16:36:00] /i 2160
[05/09/2012 16:36:00] /i 2160
[05/09/2012 16:36:00] /i 2160
[05/09/2012 16:36:00] /i 2160
[05/09/2012 16:36:00] /i 2160
[05/09/2012 16:36:01] /i 2160
[05/09/2012 16:36:01] /i 2160
[05/09/2012 16:36:01] /i 2160
[05/09/2012 16:36:01] /i 2160
[05/09/2012 16:36:01] /i 2160
[05/09/2012 16:36:01] /i 2160
[05/09/2012 16:36:01] /i 2160
[05/09/2012 16:36:01] /i 2160
[05/09/2012 16:36:01] /i 2160
[05/09/2012 16:36:01] /i 2160
[05/09/2012 16:36:02] /i 2160
[05/09/2012 16:36:02] /i 2160
[05/09/2012 16:36:02] /i 2160
[05/09/2012 16:36:02] /i 2160
[05/09/2012 16:36:02] /i 2160
[05/09/2012 16:36:02] /i 2160
[05/09/2012 16:36:02] /i 2160
[05/09/2012 16:36:02] /i 2160
[05/09/2012 16:36:02] /i 2160
[05/09/2012 16:36:02] /i 2160
[05/09/2012 16:36:02] /i 2160
[05/09/2012 16:36:03] /i 2160
[05/09/2012 16:36:03] /i 2160
[05/09/2012 16:36:03] /i 2160
[05/09/2012 16:36:03] /i 2160
[05/09/2012 16:36:03] /i 2160
[05/09/2012 16:36:03] /i 2160
[05/09/2012 16:36:03] /i 2160
[05/09/2012 16:36:03] /i 2160
[05/09/2012 16:36:03] /i 2160
[05/09/2012 16:36:03] /i 2160
[05/09/2012 16:36:03] /i 2160
[05/09/2012 16:36:05] /i 2160
[05/09/2012 16:36:05] /i 2160
[05/09/2012 16:36:05] /i 2160
[05/09/2012 16:36:05] /i 2160
[05/09/2012 16:36:06] /i 2160
[05/09/2012 16:36:06] /i 2160
[05/09/2012 16:36:06] /i 2160
[05/09/2012 16:36:06] /i 2160
[05/09/2012 16:36:07] /i 2160
[05/09/2012 16:36:07] /i 2160
[05/09/2012 16:36:07] /i 2160
[05/09/2012 16:36:07] /i 2160
[05/09/2012 16:36:07] /i 2160
[05/09/2012 16:36:07] /i 2160
[05/09/2012 16:36:07] /i 2160
[05/09/2012 16:36:07] /i 2160
[05/09/2012 16:36:08] /i 2160
[05/09/2012 16:36:08] /i 2160
[05/09/2012 16:36:08] /i 2160
[05/09/2012 16:36:08] /i 2160
[05/09/2012 16:36:08] /i 2160
[05/09/2012 16:36:08] /i 2160
[05/09/2012 16:36:08] /i 2160
[05/09/2012 16:36:08] /i 2160
[05/09/2012 16:36:08] /i 2160
[05/09/2012 16:36:08] /i 2160
[05/09/2012 16:36:09] /i 2160
[05/09/2012 16:36:09] /i 2160
[05/09/2012 16:36:09] /i 2160
[05/09/2012 16:36:09] /i 2160
[05/09/2012 16:36:09] /i 2160
[05/09/2012 16:36:09] /i 2160
[05/09/2012 16:36:09] /i 2160
[05/09/2012 16:36:09] /i 2160
[05/09/2012 16:36:09] /i 2160
[05/09/2012 16:36:09] /i 2160
[05/09/2012 16:36:10] /i 2160
[05/09/2012 16:36:10] /i 2160
[05/09/2012 16:36:10] /i 2160
[05/09/2012 16:36:10] /i 2160
[05/09/2012 16:36:10] /i 2160
[05/09/2012 16:36:10] /i 2160
[05/09/2012 16:36:10] /i 2160
[05/09/2012 16:36:10] /i 2160
[05/09/2012 16:36:10] /i 2160
[05/09/2012 16:36:10] /i 2160
[05/09/2012 16:36:10] /i 2160
[05/09/2012 16:36:11] /i 2160
[05/09/2012 16:36:11] /i 2160
[05/09/2012 16:36:11] /i 2160
[05/09/2012 16:36:11] /i 2160
[05/09/2012 16:36:11] /i 2160
[05/09/2012 16:36:11] /i 2160
[05/09/2012 16:36:11] /i 2160
[05/09/2012 16:36:11] /i 2160
[05/09/2012 16:36:11] /i 2160
[05/09/2012 16:36:11] /i 2160
[05/09/2012 16:36:12] /i 2160
[05/09/2012 16:36:12] /i 2160
[05/09/2012 16:36:12] /i 2160
[05/09/2012 16:36:12] /i 2160
[05/09/2012 16:36:12] /i 2160
[05/09/2012 16:36:12] /i 2160
[05/09/2012 16:36:12] /i 2160
[05/09/2012 16:36:12] /i 2160
[05/09/2012 16:36:12] /i 2160
[05/09/2012 16:36:12] /i 2160
[05/09/2012 16:36:13] /i 2160
[05/09/2012 16:36:13] /i 2160
[05/09/2012 16:36:13] /i 2160
[05/09/2012 16:36:13] /i 2160
[05/09/2012 16:36:13] /i 2160
[05/09/2012 16:36:13] /i 2160
[05/09/2012 16:36:13] /i 2160
[05/09/2012 16:36:19] /i special backpack
[05/09/2012 16:36:20] /i special backpack
[05/09/2012 16:36:20] /i special backpack
[05/09/2012 16:36:21] /i special backpack
[05/09/2012 16:36:52] /i special backpack
[05/09/2012 16:37:27] /i special backpack
[05/09/2012 16:37:27] /i special backpack
[05/09/2012 16:37:28] /i special backpack
[05/09/2012 16:37:32] /i exp potion
[05/09/2012 16:37:32] /i exp potion
[05/09/2012 16:37:32] /i exp potion
[05/09/2012 16:37:32] /i exp potion
[05/09/2012 16:37:32] /i exp potion
[05/09/2012 16:37:32] /i exp potion
[05/09/2012 16:37:32] /i exp potion
[05/09/2012 16:37:33] /i exp potion
[05/09/2012 16:37:33] /i exp potion
[05/09/2012 16:37:33] /i exp potion
[05/09/2012 16:37:33] /i exp potion
[05/09/2012 16:37:33] /i exp potion
[05/09/2012 16:37:33] /i exp potion
[05/09/2012 16:37:33] /i exp potion
[05/09/2012 16:37:33] /i exp potion
[05/09/2012 16:37:33] /i exp potion
[05/09/2012 16:37:33] /i exp potion
[05/09/2012 16:37:33] /i exp potion
[05/09/2012 16:37:34] /i exp potion
[05/09/2012 16:37:34] /i exp potion
[05/09/2012 16:37:34] /i exp potion
[05/09/2012 16:37:34] /i exp potion
[05/09/2012 16:37:34] /i exp potion
[05/09/2012 16:37:34] /i exp potion
[05/09/2012 16:37:34] /i exp potion
[05/09/2012 16:37:34] /i exp potion
[05/09/2012 16:37:34] /i exp potion
[05/09/2012 16:37:34] /i exp potion
[05/09/2012 16:37:35] /i exp potion
[05/09/2012 16:37:35] /i exp potion
[05/09/2012 16:37:35] /i exp potion
[05/09/2012 16:37:35] /i exp potion
[05/09/2012 16:37:35] /i exp potion
[05/09/2012 16:37:35] /i exp potion
[05/09/2012 16:37:35] /i exp potion
[05/09/2012 16:37:35] /i exp potion
[05/09/2012 16:37:35] /i exp potion
[05/09/2012 16:37:35] /i exp potion
[05/09/2012 16:37:36] /i exp potion
[05/09/2012 16:37:36] /i exp potion
[05/09/2012 16:37:36] /i exp potion
[05/09/2012 16:37:36] /i exp potion
[05/09/2012 16:37:36] /i exp potion
[05/09/2012 16:37:36] /i exp potion
[05/09/2012 16:37:36] /i exp potion
[05/09/2012 16:37:36] /i exp potion
[05/09/2012 16:37:36] /i exp potion
[05/09/2012 16:37:36] /i exp potion
[05/09/2012 16:37:36] /i exp potion
[05/09/2012 16:37:37] /i exp potion
[05/09/2012 16:37:37] /i exp potion
[05/09/2012 16:37:37] /i exp potion
[05/09/2012 16:37:37] /i exp potion
[05/09/2012 16:37:37] /i exp potion
[05/09/2012 16:37:37] /i exp potion
[05/09/2012 16:37:37] /i exp potion
[05/09/2012 16:37:37] /i exp potion
[05/09/2012 16:37:37] /i exp potion
[05/09/2012 16:37:37] /i exp potion
[05/09/2012 16:37:37] /i exp potion
[05/09/2012 16:37:38] /i exp potion
[05/09/2012 16:37:38] /i exp potion
[05/09/2012 16:37:38] /i exp potion
[05/09/2012 16:37:38] /i exp potion
[05/09/2012 16:37:38] /i exp potion
[05/09/2012 16:37:38] /i exp potion
[05/09/2012 16:37:38] /i exp potion
[05/09/2012 16:37:38] /i exp potion
[05/09/2012 16:37:38] /i exp potion
[05/09/2012 16:37:38] /i exp potion
[05/09/2012 16:37:39] /i exp potion
[05/09/2012 16:37:39] /i exp potion
[05/09/2012 16:37:39] /i exp potion
[05/09/2012 16:37:39] /i exp potion
[05/09/2012 16:37:39] /i exp potion
[05/09/2012 16:37:39] /i exp potion
[05/09/2012 16:37:39] /i exp potion
[05/09/2012 16:37:39] /i exp potion
[05/09/2012 16:37:39] /i exp potion
[05/09/2012 16:37:39] /i exp potion
[05/09/2012 16:37:39] /i exp potion
[05/09/2012 16:37:40] /i exp potion
[05/09/2012 16:37:40] /i exp potion
[05/09/2012 16:37:40] /i exp potion
[05/09/2012 16:37:40] /i exp potion
[05/09/2012 16:37:40] /i exp potion
[05/09/2012 16:37:40] /i exp potion
[05/09/2012 16:37:40] /i exp potion
[05/09/2012 16:37:40] /i exp potion
[05/09/2012 16:37:40] /i exp potion
[05/09/2012 16:37:41] /i exp potion
[05/09/2012 16:37:41] /i exp potion
[05/09/2012 16:37:41] /i exp potion
[05/09/2012 16:37:41] /i exp potion
[05/09/2012 16:37:41] /i exp potion
[05/09/2012 16:37:41] /i exp potion
[05/09/2012 16:37:41] /i exp potion
[05/09/2012 16:37:41] /i exp potion
[05/09/2012 16:37:41] /i exp potion
[05/09/2012 16:37:42] /i exp potion
[05/09/2012 16:37:42] /i exp potion
[05/09/2012 16:37:42] /i exp potion
[05/09/2012 16:37:42] /i exp potion
[05/09/2012 16:37:42] /i exp potion
[05/09/2012 16:37:42] /i exp potion
[05/09/2012 16:37:42] /i exp potion
[05/09/2012 16:37:42] /i exp potion
[05/09/2012 16:37:42] /i exp potion
[05/09/2012 16:37:42] /i exp potion
[05/09/2012 16:37:42] /i exp potion
[05/09/2012 16:37:43] /i exp potion
[05/09/2012 16:37:43] /i exp potion
[05/09/2012 16:37:43] /i exp potion
[05/09/2012 16:37:43] /i exp potion
[05/09/2012 16:37:43] /i exp potion
[05/09/2012 16:37:43] /i exp potion
[05/09/2012 16:37:43] /i exp potion
[05/09/2012 16:37:43] /i exp potion
[05/09/2012 16:37:43] /i exp potion
[05/09/2012 16:37:43] /i exp potion
[05/09/2012 16:37:44] /i exp potion
[05/09/2012 16:37:44] /i exp potion
[05/09/2012 16:37:44] /i exp potion
[05/09/2012 16:37:44] /i exp potion
[05/09/2012 16:37:44] /i exp potion
[05/09/2012 16:37:44] /i exp potion
[05/09/2012 16:37:44] /i exp potion
[05/09/2012 16:37:44] /i exp potion
[05/09/2012 16:37:44] /i exp potion
[05/09/2012 16:37:44] /i exp potion
[05/09/2012 16:37:45] /i exp potion
[05/09/2012 16:37:45] /i exp potion
[05/09/2012 16:37:45] /i exp potion
[05/09/2012 16:37:45] /i exp potion
[05/09/2012 16:37:45] /i exp potion
[05/09/2012 16:37:45] /i exp potion
[05/09/2012 16:37:45] /i exp potion
[05/09/2012 16:37:45] /i exp potion
[05/09/2012 16:37:45] /i exp potion
[05/09/2012 16:37:45] /i exp potion
[05/09/2012 16:37:46] /i exp potion
[05/09/2012 16:37:46] /i exp potion
[05/09/2012 16:37:46] /i exp potion
[05/09/2012 16:37:46] /i exp potion
[05/09/2012 16:37:46] /i exp potion
[05/09/2012 16:37:46] /i exp potion
[05/09/2012 16:37:46] /i exp potion
[05/09/2012 16:37:46] /i exp potion
[05/09/2012 16:37:46] /i exp potion
[05/09/2012 16:37:46] /i exp potion
[05/09/2012 16:37:47] /i exp potion
[05/09/2012 16:37:47] /i exp potion
[05/09/2012 16:38:16] /r all
[05/09/2012 16:38:17] /i exp potion
[05/09/2012 16:38:21] /r all
[05/09/2012 16:38:21] /r all
[05/09/2012 16:38:22] /r all
[05/09/2012 16:38:23] /r all
[05/09/2012 16:38:24] /r all
[05/09/2012 16:38:25] /r all
[05/09/2012 16:38:26] /r all
[05/09/2012 16:38:27] /r all
[05/09/2012 16:39:21] /i supreme wand
[05/09/2012 16:39:28] /i supreme shield
[05/09/2012 16:39:33] /i supreme ring
[05/09/2012 16:40:07] /attr set defense 900
[05/09/2012 16:40:11] /attr set defense 1000
[05/09/2012 16:40:33] /i special hat
[05/09/2012 16:40:38] /i special armor
[05/09/2012 16:40:41] /i special legs
[05/09/2012 16:40:46] /i supreme boots
[05/09/2012 16:41:02] /i supreme hat
[05/09/2012 16:41:26] /i 6513
[05/09/2012 16:41:28] /r
[05/09/2012 16:41:31] /i 6526
[05/09/2012 16:41:33] /r
[05/09/2012 16:41:39] /i 6523
[05/09/2012 16:41:41] /i 6522
[05/09/2012 16:41:43] /i 6524
[05/09/2012 16:41:50] /i 6527
[05/09/2012 16:41:58] /r all
[05/09/2012 16:42:38] /m massive fire elemental
[05/09/2012 16:42:39] /m massive fire elemental
[05/09/2012 16:42:39] /m massive fire elemental
[05/09/2012 16:42:39] /m massive fire elemental
[05/09/2012 16:42:40] /m massive fire elemental
[05/09/2012 16:42:40] /m massive fire elemental
[05/09/2012 16:42:40] /m massive fire elemental
[05/09/2012 16:42:40] /m massive fire elemental
[05/09/2012 16:42:40] /m massive fire elemental
[05/09/2012 16:42:40] /m massive fire elemental
[05/09/2012 16:42:40] /m massive fire elemental
[05/09/2012 16:42:40] /m massive fire elemental
[05/09/2012 16:42:40] /m massive fire elemental
[05/09/2012 16:42:40] /m massive fire elemental
[05/09/2012 16:42:41] /m massive fire elemental
[05/09/2012 16:42:41] /m massive fire elemental
[05/09/2012 16:42:41] /m massive fire elemental
[05/09/2012 16:42:41] /m massive fire elemental
[05/09/2012 16:42:41] /m massive fire elemental
[05/09/2012 16:42:41] /m massive fire elemental
[05/09/2012 16:42:41] /m massive fire elemental
[05/09/2012 16:42:41] /m massive fire elemental
[05/09/2012 16:42:41] /m massive fire elemental
[05/09/2012 16:42:41] /m massive fire elemental
[05/09/2012 16:42:42] /m massive fire elemental
[05/09/2012 16:42:42] /m massive fire elemental
[05/09/2012 16:43:36] /m massive fire elemental
[05/09/2012 16:43:36] /m massive fire elemental
[05/09/2012 16:43:47] /m massive fire elemental
[05/09/2012 16:43:47] /m massive fire elemental
[05/09/2012 16:43:47] /m massive fire elemental
[05/09/2012 16:43:56] /m massive fire elemental
[05/09/2012 16:43:56] /m massive fire elemental
[05/09/2012 16:43:56] /m massive fire elemental
[05/09/2012 16:43:57] /m massive fire elemental
[05/09/2012 16:44:12] /r all
[05/09/2012 16:44:13] /r all
[05/09/2012 16:44:13] /r all
[05/09/2012 16:44:15] /r all
[05/09/2012 16:44:15] /r all
[05/09/2012 16:44:16] /r all
[05/09/2012 16:44:17] /r all
[05/09/2012 16:44:18] /r all
[05/09/2012 16:44:19] /r all
[05/09/2012 16:44:20] /r all
[05/09/2012 16:44:21] /r all
[05/09/2012 16:44:22] /r all
[05/09/2012 16:44:23] /r all
[05/09/2012 16:44:24] /r all
[05/09/2012 16:45:35] /r
[05/09/2012 16:45:39] /r
[05/09/2012 16:45:45] /t lord ebu~
[05/09/2012 16:45:50] /t lord in~
[05/09/2012 16:49:02] /goto lord~
[05/09/2012 16:49:07] /goto lord inf~
[05/09/2012 16:49:17] /a
[05/09/2012 16:49:31] /up
[05/09/2012 16:49:53] /i backpack
[05/09/2012 16:50:03] /i golden flacon
[05/09/2012 16:50:11] /i golden falcon
[05/09/2012 16:50:49] /i 2665
[05/09/2012 16:50:56] /i 2128
[05/09/2012 16:51:25] /owner lord infinity
[05/09/2012 16:51:51] /i 2160
[05/09/2012 16:51:57] /i 2160
[05/09/2012 16:51:58] /i 2160
[05/09/2012 16:51:59] /i 2160
[05/09/2012 16:52:06] /i 2160
[05/09/2012 16:52:07] /i 2160
[05/09/2012 16:52:09] /i 2160
[05/09/2012 16:52:10] /i 2160
[05/09/2012 16:52:10] /i 2160
[05/09/2012 16:52:11] /i 2160
[05/09/2012 16:52:12] /i 2160
[05/09/2012 16:52:13] /i 2160
[05/09/2012 16:52:13] /i 2160
[05/09/2012 16:52:14] /i 2160
[05/09/2012 16:52:15] /i 2160
[05/09/2012 16:52:17] /i 2160
[05/09/2012 16:52:17] /i 2160
[05/09/2012 16:52:18] /i 2160
[05/09/2012 16:52:19] /i 2160
[05/09/2012 16:52:19] /i 2160
[05/09/2012 16:52:20] /i 2160
[05/09/2012 16:52:21] /i 2160
[05/09/2012 16:52:29] /i golden falcon
[05/09/2012 16:52:30] /i golden falcon
[05/09/2012 16:52:31] /i golden falcon
[05/09/2012 16:52:32] /i golden falcon
[05/09/2012 16:53:11] /i wooden flor
[05/09/2012 16:53:15] /i wooden floor
[05/09/2012 16:53:20] /r all
[05/09/2012 16:53:23] /i 2160
[05/09/2012 16:53:25] /a 100
[05/09/2012 16:53:28] /a 20
[05/09/2012 16:53:29] /a 20
[05/09/2012 16:53:30] /a 20
[05/09/2012 16:53:30] /a 20
[05/09/2012 16:53:33] /a 20
[05/09/2012 16:53:35] /a 20
[05/09/2012 16:53:36] /a 20
[05/09/2012 16:53:37] /a 20
[05/09/2012 16:53:38] /a 20
[05/09/2012 16:53:39] /a 20
[05/09/2012 16:53:53] /a 200
[05/09/2012 16:54:18] /a 5
[05/09/2012 16:54:19] /a 5
[05/09/2012 16:54:19] /a 5
[05/09/2012 16:54:19] /a 5
[05/09/2012 16:54:20] /a 5
[05/09/2012 16:54:21] /a 5
[05/09/2012 16:55:11] /c lord~
[05/09/2012 16:55:15] /c lord inf~
[05/09/2012 16:55:23] /c mons~
[05/09/2012 16:55:27] /c mons~
[05/09/2012 16:55:31] /c monster rala
[05/09/2012 16:55:44] /attr group 6
[05/09/2012 16:55:44] /r
[05/09/2012 16:56:26] /i 2798
[05/09/2012 16:56:44] /r all
[05/09/2012 16:56:45] /r all
[05/09/2012 16:56:46] /r all
[05/09/2012 16:56:47] /r all
[05/09/2012 16:56:49] /r all
[05/09/2012 16:56:50] /r all
[05/09/2012 16:56:50] /r all
[05/09/2012 16:56:51] /r all
[05/09/2012 16:56:52] /r all
[05/09/2012 16:56:52] /r all
[05/09/2012 16:56:53] /r all
[05/09/2012 16:56:54] /r all
[05/09/2012 16:56:55] /r all
[05/09/2012 16:56:56] /r all
[05/09/2012 16:56:57] /r all
[05/09/2012 16:56:58] /r all
[05/09/2012 16:56:59] /r all
[05/09/2012 16:56:59] /r all
[05/09/2012 16:57:01] /r all
[05/09/2012 16:57:03] /r all
[05/09/2012 16:57:04] /r all
[05/09/2012 16:57:15] /i 2798
[05/09/2012 16:57:16] /i 2798
[05/09/2012 16:57:16] /i 2798
[05/09/2012 16:57:17] /i 2798
[05/09/2012 16:57:18] /i 2798
[05/09/2012 16:57:19] /i 2798
[05/09/2012 16:57:19] /i 2798
[05/09/2012 16:57:20] /i 2798
[05/09/2012 16:57:21] /i 2798
[05/09/2012 16:57:21] /i 2798
[05/09/2012 16:57:22] /i 2798
[05/09/2012 16:57:23] /i 2798
[05/09/2012 16:57:23] /i 2798
[05/09/2012 16:57:23] /i 2798
[05/09/2012 16:57:24] /i 2798
[05/09/2012 16:57:25] /i 2798
[05/09/2012 16:57:25] /i 2798
[05/09/2012 16:57:26] /i 2798
[05/09/2012 16:57:27] /i 2798
[05/09/2012 16:57:27] /i 2798
[05/09/2012 16:57:42] /c feio~
[05/09/2012 16:57:46] /c feio stronda kina~
[05/09/2012 16:57:53] /c feio str~
[05/09/2012 16:57:53] /c feio str~
[05/09/2012 16:57:54] /c feio str~
[05/09/2012 16:57:59] /c FeIo StRoNdA KiNa
[05/09/2012 16:58:01] /c FeIo StRoNdA KiNa
[05/09/2012 16:58:02] /c FeIo StRoNdA KiNa
[05/09/2012 16:58:02] /c FeIo StRoNdA KiNa
[05/09/2012 16:58:02] /c FeIo StRoNdA KiNa
[05/09/2012 16:58:03] /c FeIo StRoNdA KiNa
[05/09/2012 16:58:07] /c FeIo StRoNdA KiNa
[05/09/2012 16:58:08] /c FeIo StRoNdA KiNa
[05/09/2012 16:58:14] /i 2798
[05/09/2012 16:58:30] /i 2190
[05/09/2012 16:58:30] /i 2190
[05/09/2012 16:58:40] /r
[05/09/2012 16:58:41] /r
[05/09/2012 16:58:42] /i 2160
[05/09/2012 16:58:42] /i 2160
[05/09/2012 16:58:43] /i 2160
[05/09/2012 16:58:44] /i 2160
[05/09/2012 16:58:44] /i 2160
[05/09/2012 16:58:47] /i 2160
[05/09/2012 16:58:47] /i 2160
[05/09/2012 16:58:48] /i 2160
[05/09/2012 16:58:49] /i 2160
[05/09/2012 16:58:49] /i 2160
[05/09/2012 16:58:50] /i 2160
[05/09/2012 16:58:53] /i 2160
[05/09/2012 16:58:54] /i 2160
[05/09/2012 16:58:54] /i 2160
[05/09/2012 16:58:55] /i 2160
[05/09/2012 16:58:56] /i 2160
[05/09/2012 16:58:56] /i 2160
[05/09/2012 16:58:57] /i 2160
[05/09/2012 16:58:59] /c lord inf~
[05/09/2012 16:59:00] /i 2160
[05/09/2012 16:59:01] /i 2160
[05/09/2012 16:59:21] /i 2798
[05/09/2012 16:59:22] /i 2160
[05/09/2012 16:59:27] /r 100
[05/09/2012 16:59:37] /i 2160
[05/09/2012 16:59:49] /i golden falcon
[05/09/2012 16:59:50] /i golden falcon
[05/09/2012 16:59:52] /i golden falcon
[05/09/2012 16:59:59] /i golden falcon
[05/09/2012 17:00:01] /i golden falcon
[05/09/2012 17:00:07] /c feio s~
[05/09/2012 17:00:39] /i golden falcon
[05/09/2012 17:00:41] /i golden falcon
[05/09/2012 17:01:38] /i 2128
[05/09/2012 17:01:40] /i 2128
[05/09/2012 17:01:41] /i 2128
[05/09/2012 17:01:42] /i 2128
[05/09/2012 17:01:45] /r
[05/09/2012 17:01:46] /r
[05/09/2012 17:01:47] /r
[05/09/2012 17:01:52] /i golden falcon
[05/09/2012 17:02:02] /i 2665
[05/09/2012 17:02:12] /i 2665
[05/09/2012 17:02:18] /i 2665
[05/09/2012 17:02:22] /i 2665
[05/09/2012 17:02:32] /i 2128
[05/09/2012 17:02:33] /i 2128
[05/09/2012 17:02:35] /i 2128
[05/09/2012 17:03:51] /a 20
[05/09/2012 17:03:52] /a 20
[05/09/2012 17:03:52] /a 20
[05/09/2012 17:03:52] /a 20
[05/09/2012 17:03:53] /a 20
[05/09/2012 17:03:53] /a 20
[05/09/2012 17:03:54] /a 20
[05/09/2012 17:03:55] /a 20
[05/09/2012 17:03:57] /a 20
[05/09/2012 17:03:57] /a 20
[05/09/2012 17:03:57] /a 20
[05/09/2012 17:03:58] /a 20
[05/09/2012 17:03:58] /a 20
[05/09/2012 17:03:59] /a 20
[05/09/2012 17:04:00] /a 20
[05/09/2012 17:04:01] /a 20
[05/09/2012 17:04:01] /a 20
[05/09/2012 17:04:02] /a 20
[05/09/2012 17:04:02] /a 20
[05/09/2012 17:04:03] /a 20
[05/09/2012 17:04:03] /a 20
[05/09/2012 17:04:04] /a 20
[05/09/2012 17:04:05] /a 20
[05/09/2012 17:04:07] /a
[05/09/2012 17:04:07] /a
[05/09/2012 17:04:07] /a
[05/09/2012 17:04:09] /a 10
[05/09/2012 17:04:10] /a 10
[05/09/2012 17:04:10] /a 10
[05/09/2012 17:04:11] /a 10
[05/09/2012 17:04:11] /a 10
[05/09/2012 17:04:12] /a 10
[05/09/2012 17:04:12] /a 10
[05/09/2012 17:04:13] /a 10
[05/09/2012 17:04:15] /a 10
[05/09/2012 17:04:16] /a 10
[05/09/2012 17:04:16] /a 10
[05/09/2012 17:04:18] /a 10
[05/09/2012 17:04:19] /a 10
[05/09/2012 17:04:19] /a 10
[05/09/2012 17:04:20] /a 10
[05/09/2012 17:04:20] /a 10
[05/09/2012 17:04:22] /up
[05/09/2012 17:04:23] /a
[05/09/2012 17:04:23] /a
[05/09/2012 17:04:28] /up
[05/09/2012 17:04:30] /up
[05/09/2012 18:35:52] /attr skull
[05/09/2012 18:35:53] /attr skull 4
[05/09/2012 18:35:54] /attr skull 4
[05/09/2012 18:35:57] /c pora
[05/09/2012 18:35:59] /attr skull 4
[05/09/2012 18:36:03] /kill pora
[05/09/2012 18:36:19] /c pora
[05/09/2012 18:36:39] /t pora
[05/09/2012 18:36:46] /mc
[06/09/2012 00:01:15] /t Warlock Druid 
