[28/11/2011 23:40:12] /a
[28/11/2011 23:40:49] /i special backpack
[28/11/2011 23:40:56] /i special hat
[28/11/2011 23:40:59] /i special armor
[28/11/2011 23:41:02] /i special legs
[28/11/2011 23:41:06] /i special boots
[28/11/2011 23:41:10] /i special bow
[28/11/2011 23:41:12] /i special arrow
[28/11/2011 23:41:26] /i energy ring
[28/11/2011 23:41:27] /i energy ring
[28/11/2011 23:41:35] /i special backpack
[28/11/2011 23:41:45] /i 2160
[28/11/2011 23:41:45] /i 2160
[28/11/2011 23:41:45] /i 2160
[28/11/2011 23:41:45] /i 2160
[28/11/2011 23:41:45] /i 2160
[28/11/2011 23:41:45] /i 2160
[28/11/2011 23:41:45] /i 2160
[28/11/2011 23:41:45] /i 2160
[28/11/2011 23:41:45] /i 2160
[28/11/2011 23:41:45] /i 2160
[28/11/2011 23:41:45] /i 2160
[28/11/2011 23:41:46] /i 2160
[28/11/2011 23:41:46] /i 2160
[28/11/2011 23:41:46] /i 2160
[28/11/2011 23:41:46] /i 2160
[28/11/2011 23:41:46] /i 2160
[28/11/2011 23:41:46] /i 2160
[28/11/2011 23:41:53] /r
[28/11/2011 23:41:54] /i special backpack
[28/11/2011 23:42:02] /i special hat
[28/11/2011 23:42:05] /i special armor
[28/11/2011 23:42:08] /i special legs
[28/11/2011 23:42:11] /i special boots
[28/11/2011 23:42:14] /i special bow
[28/11/2011 23:42:18] /i special arrow
[28/11/2011 23:42:35] /i special shield
[28/11/2011 23:42:47] /i energy ring
[28/11/2011 23:42:48] /i energy ring
[28/11/2011 23:42:55] /i special backpack
[28/11/2011 23:43:04] /i exp potion
[28/11/2011 23:43:05] /i exp potion
[28/11/2011 23:43:05] /i exp potion
[28/11/2011 23:43:05] /i exp potion
[28/11/2011 23:43:05] /i exp potion
[28/11/2011 23:43:06] /i exp potion
[28/11/2011 23:43:06] /i exp potion
[28/11/2011 23:43:06] /i exp potion
[28/11/2011 23:43:07] /i 2160
[28/11/2011 23:43:08] /i 2160
[28/11/2011 23:43:08] /i 2160
[28/11/2011 23:43:08] /i 2160
[28/11/2011 23:43:08] /i 2160
[28/11/2011 23:43:08] /i 2160
[28/11/2011 23:43:08] /i 2160
[28/11/2011 23:43:08] /i 2160
[28/11/2011 23:43:08] /i 2160
[28/11/2011 23:43:08] /i 2160
[28/11/2011 23:43:08] /i 2160
[28/11/2011 23:43:08] /i 2160
[28/11/2011 23:43:08] /i 2160
[28/11/2011 23:43:08] /i 2160
[28/11/2011 23:43:08] /i 2160
[28/11/2011 23:43:08] /i 2160
[28/11/2011 23:43:08] /i 2160
[28/11/2011 23:43:08] /i 2160
[28/11/2011 23:43:08] /i 2160
[28/11/2011 23:43:08] /i 2160
[28/11/2011 23:43:08] /i 2160
[28/11/2011 23:43:09] /i 2160
[28/11/2011 23:43:09] /i 2160
[28/11/2011 23:43:09] /i 2160
[28/11/2011 23:43:09] /i 2160
[28/11/2011 23:44:18] /i 2173
[28/11/2011 23:45:02] /i 2283
[28/11/2011 23:45:08] /r
[28/11/2011 23:45:09] /r
[28/11/2011 23:45:11] /r
[28/11/2011 23:45:12] /r 100
[28/11/2011 23:45:19] /i 2293
[29/11/2011 00:10:35] /i 2160
[29/11/2011 00:10:44] /i mana rune
[29/11/2011 00:11:08] /r 100
[29/11/2011 00:11:10] /r 100
[29/11/2011 00:11:16] /r 49
[29/11/2011 00:11:28] /i mana rune
[29/11/2011 00:11:40] /r 100
[29/11/2011 00:11:41] /r 100
[29/11/2011 00:11:43] /r 100
[29/11/2011 00:11:44] /r 100
[29/11/2011 00:11:49] /r 100
[29/11/2011 00:11:50] /r 100
[29/11/2011 00:12:08] /r 100
[29/11/2011 00:12:19] /r 100
[29/11/2011 00:12:26] /i mana rune
[29/11/2011 00:13:01] /clean
[29/11/2011 00:24:21] /goto Lord Vampire
[29/11/2011 00:24:34] /i special bow
[29/11/2011 00:24:46] /attr set attack 99999999999
[29/11/2011 00:25:24] /c My~
[29/11/2011 00:26:44] /i 2160
[29/11/2011 00:26:46] /i 2160
[29/11/2011 00:26:56] /r 100
[29/11/2011 00:27:00] /r 100
[29/11/2011 00:27:14] /m exp bug
[29/11/2011 00:27:26] /m exp bug
[29/11/2011 00:27:41] /r
[29/11/2011 00:27:42] /r
[29/11/2011 00:27:43] /r
[29/11/2011 00:27:44] /r
[29/11/2011 00:27:46] /r
[29/11/2011 00:27:46] /r
[29/11/2011 00:27:48] /r
[29/11/2011 00:27:49] /r
[29/11/2011 00:27:57] /m bosser
[29/11/2011 00:27:59] /m bosser
[29/11/2011 00:28:01] /m boss
[29/11/2011 00:28:14] /m fire element
[29/11/2011 00:28:19] /m dourado
[29/11/2011 00:28:20] /m dourado
[29/11/2011 00:28:29] /m exp bug
[29/11/2011 00:28:31] /m exp bug
[29/11/2011 00:28:43] /r
[29/11/2011 00:28:43] /r
[29/11/2011 00:28:44] /r
[29/11/2011 00:28:45] /r
[29/11/2011 00:28:46] /r
[29/11/2011 00:28:47] /r
[29/11/2011 00:28:48] /r
[29/11/2011 00:28:48] /r
[29/11/2011 00:28:49] /r
[29/11/2011 00:29:27] /t
[29/11/2011 00:29:43] /goto verminor
[29/11/2011 00:29:59] /t
[29/11/2011 00:30:29] /i backpack
[29/11/2011 00:30:30] /i 2160
[29/11/2011 00:30:31] /i 2160
[29/11/2011 00:30:41] /a
[29/11/2011 00:30:53] /down
[29/11/2011 00:30:53] /down
[29/11/2011 00:30:54] /down
[29/11/2011 00:30:55] /down
[29/11/2011 00:30:56] /down
[29/11/2011 00:30:57] /down
[29/11/2011 00:31:08] /m exp bug
[29/11/2011 00:31:09] /m exp bug
[29/11/2011 00:31:10] /m exp bug
[29/11/2011 00:31:19] /attr maxhealth 10
[29/11/2011 00:31:20] /attr maxhealth 10
[29/11/2011 00:31:22] /attr maxhealth 10
[29/11/2011 00:31:26] /attr health 10
[29/11/2011 00:31:27] /attr health 10
[29/11/2011 00:31:29] /attr health 10
[29/11/2011 00:31:31] /m exp bug
[29/11/2011 00:31:34] /attr maxhealth 10
[29/11/2011 00:31:36] /attr health 10
[29/11/2011 00:32:08] /t
[29/11/2011 00:40:13] /i 2160
[29/11/2011 00:40:21] /goto Pallyzin
[29/11/2011 00:40:31] /goto ls~
[29/11/2011 00:40:33] /goto ls~
[29/11/2011 00:40:34] /goto ls~
[29/11/2011 00:40:36] /goto ls~
[29/11/2011 00:40:38] /goto ls~
[29/11/2011 00:41:21] /i 2160
[29/11/2011 00:41:36] /goto My~
[29/11/2011 00:43:23] /a 4
[29/11/2011 00:43:24] /a 4
[29/11/2011 00:44:00] /a 6
[29/11/2011 00:44:01] /a 6
[29/11/2011 00:44:02] /a 6
[29/11/2011 00:45:01] /goto Lord vamp~
[29/11/2011 00:45:06] /goto Lord Vampire
[29/11/2011 00:45:12] /goto Bosser
[29/11/2011 00:45:52] /c My~
[29/11/2011 00:46:58] /goto Bosser
[29/11/2011 00:47:12] /a 3
[29/11/2011 00:47:30] /c My~
[29/11/2011 00:48:25] /t My~
[29/11/2011 00:48:32] /goto Lord Vampire
[29/11/2011 00:48:40] /goto ls~
[29/11/2011 12:05:49] /a 3
[29/11/2011 12:06:33] /i 2160
[29/11/2011 12:06:49] /b nem tem vagas. 
[29/11/2011 12:06:59] /t
[29/11/2011 12:17:52] /up
[29/11/2011 12:17:53] /up
[29/11/2011 12:18:01] /i special bow
[29/11/2011 12:19:05] /attr set attack 50
[29/11/2011 12:19:10] /t
[29/11/2011 12:19:34] /a 3
[29/11/2011 12:19:36] /a 3
[29/11/2011 12:19:41] /a 3
[29/11/2011 12:21:27] /goto My~
[29/11/2011 12:22:48] /attr skull 5
[29/11/2011 12:22:57] /kill Pallyziin
[29/11/2011 12:24:23] /t My~
[29/11/2011 12:24:39] /t
[29/11/2011 12:24:56] /ghost
[29/11/2011 12:25:45] /i special hat
[29/11/2011 22:59:22] /ghost
[29/11/2011 23:00:29] /r
[29/11/2011 23:00:42] /goto ls~
[29/11/2011 23:00:44] /goto ls~
[29/11/2011 23:00:45] /goto ls~
[29/11/2011 23:00:49] /goto ls~
[29/11/2011 23:01:38] /goto ls~
[29/11/2011 23:01:39] /goto ls~
[29/11/2011 23:01:40] /goto ls~
[29/11/2011 23:01:41] /goto ls~
[29/11/2011 23:01:43] /goto ls~
[29/11/2011 23:01:43] /goto ls~
[29/11/2011 23:01:47] /goto ls~
[29/11/2011 23:01:48] /goto ls~
[29/11/2011 23:01:53] /goto ls~
[29/11/2011 23:01:54] /goto ls~
[29/11/2011 23:01:55] /goto ls~
[29/11/2011 23:01:56] /goto ls~
[29/11/2011 23:01:57] /goto ls~
[29/11/2011 23:02:01] /t
[29/11/2011 23:03:47] /bc para criar guild é só falar .!createguild E o nome da guild. by: Deeh ;)
[29/11/2011 23:07:26] /bc para invitar alguma pessoa na guild, você tem que abrir o Channel e lá coloca !invite Nome do Player
[29/11/2011 23:10:22] /goto Verminor
[29/11/2011 23:10:24] /t
[29/11/2011 23:10:28] /goto Vip City
[29/11/2011 23:10:58] /down
[29/11/2011 23:10:59] /down
[29/11/2011 23:11:00] /down
[29/11/2011 23:11:00] /down
[29/11/2011 23:11:01] /down
[29/11/2011 23:11:06] /m exp bug
[29/11/2011 23:11:07] /m exp bug
[29/11/2011 23:11:08] /m exp bug
[29/11/2011 23:11:15] /attr maxhealth 10000
[29/11/2011 23:11:17] /attr maxhealth 10
[29/11/2011 23:11:22] /attr health 10
[29/11/2011 23:11:24] /attr maxhealth 10
[29/11/2011 23:11:25] /attr health 10
[29/11/2011 23:11:29] /attr maxhealth 10
[29/11/2011 23:11:30] /attr health 10
[29/11/2011 23:12:18] /r
[29/11/2011 23:12:18] /r
[29/11/2011 23:12:19] /r
[29/11/2011 23:12:20] /r
[29/11/2011 23:12:20] /r
[29/11/2011 23:12:21] /r
[29/11/2011 23:12:29] /m exp bug
[29/11/2011 23:12:35] /attr maxhealth 10
[29/11/2011 23:12:38] /attr health 10
[29/11/2011 23:12:40] /m exp bug
[29/11/2011 23:12:43] /m exp bug
[29/11/2011 23:12:45] /attr health 10
[29/11/2011 23:12:47] /attr maxhealth 10
[29/11/2011 23:12:49] /attr health 10
[29/11/2011 23:12:50] /attr maxhealth 10
[29/11/2011 23:12:51] /attr health 10
[29/11/2011 23:13:18] /r
[29/11/2011 23:13:18] /r
[29/11/2011 23:13:19] /r
[29/11/2011 23:13:20] /r
[29/11/2011 23:13:20] /r
[29/11/2011 23:13:22] /r
[29/11/2011 23:13:22] /r
[29/11/2011 23:56:44] /i 2160
[29/11/2011 23:56:50] /i 2160
[29/11/2011 23:56:56] /t
[29/11/2011 23:57:09] /ghost
[29/11/2011 23:58:15] /attr skull 0
[29/11/2011 23:58:56] /r
[29/11/2011 23:59:20] /r
[29/11/2011 23:59:26] /r
[29/11/2011 23:59:40] /m bosser
[29/11/2011 23:59:49] /b black bull
[29/11/2011 23:59:54] /m black bull
[29/11/2011 23:59:56] /m black bull
[30/11/2011 00:00:30] /goto Pally~
[30/11/2011 00:00:54] /a 10
[30/11/2011 00:00:55] /a 10
[30/11/2011 00:00:56] /a 10
[30/11/2011 00:00:58] /a 10
[30/11/2011 00:01:00] /a 10
[30/11/2011 00:01:01] /a 10
[30/11/2011 00:01:58] /m black bull
[30/11/2011 00:03:21] /ghost
[30/11/2011 00:03:43] /bc Clean & Save ;)
[30/11/2011 00:03:49] /clean
[30/11/2011 00:03:58] /save
[30/11/2011 00:05:41] /r
[30/11/2011 00:05:53] /i special hat
[30/11/2011 00:05:56] /r
[30/11/2011 00:06:02] /i special backpack
[30/11/2011 00:06:38] /i special hat
[30/11/2011 00:06:40] /i special armor
[30/11/2011 00:06:43] /i special legs
[30/11/2011 00:06:46] /i special boots
[30/11/2011 00:06:49] /i special shield
[30/11/2011 00:06:49] /i special shield
[30/11/2011 00:07:13] /r
[30/11/2011 00:07:21] /i special wand
[30/11/2011 00:07:41] /i special backpack
[30/11/2011 00:07:42] /i 2160
[30/11/2011 00:07:43] /i 2160
[30/11/2011 00:07:43] /i 2160
[30/11/2011 00:07:43] /i 2160
[30/11/2011 00:07:43] /i 2160
[30/11/2011 00:07:43] /i 2160
[30/11/2011 00:07:43] /i 2160
[30/11/2011 00:07:43] /i 2160
[30/11/2011 00:07:43] /i 2160
[30/11/2011 00:07:43] /i 2160
[30/11/2011 00:07:43] /i 2160
[30/11/2011 00:07:43] /i 2160
[30/11/2011 00:07:43] /i 2160
[30/11/2011 00:07:43] /i 2160
[30/11/2011 00:07:43] /i 2160
[30/11/2011 00:07:43] /i 2160
[30/11/2011 00:07:43] /i 2160
[30/11/2011 00:07:43] /i 2160
[30/11/2011 00:07:43] /i 2160
[30/11/2011 00:07:43] /i 2160
[30/11/2011 00:07:43] /i 2160
[30/11/2011 00:07:43] /i 2160
[30/11/2011 00:07:43] /i 2160
[30/11/2011 00:07:43] /i 2160
[30/11/2011 00:07:43] /i 2160
[30/11/2011 00:07:43] /i 2160
[30/11/2011 00:07:43] /i 2160
[30/11/2011 00:07:44] /i 2160
[30/11/2011 00:07:44] /i 2160
[30/11/2011 00:07:44] /i 2160
[30/11/2011 00:07:44] /i 2160
[30/11/2011 00:07:44] /i 2160
[30/11/2011 00:07:44] /i 2160
[30/11/2011 00:07:49] /a 3
[30/11/2011 00:08:09] /r
[30/11/2011 00:10:04] /i 5025
[30/11/2011 00:10:05] /i 5025
[30/11/2011 00:10:17] /m training monk
[30/11/2011 00:10:20] /a
[30/11/2011 00:10:32] /a
[30/11/2011 00:10:34] /m training monk
[30/11/2011 00:10:36] /a
[30/11/2011 00:10:45] /attr maxhealth 99999999999999
[30/11/2011 00:10:47] /attr maxhealth 999999999999999
[30/11/2011 00:10:52] /m training monk
[30/11/2011 00:10:54] /a
[30/11/2011 00:10:57] /attr maxhealth 99999999999999
[30/11/2011 00:11:00] /attr health 99999999999999
[30/11/2011 00:23:01] /i wild groud rune
[30/11/2011 00:23:39] /i wild grouth rune
[30/11/2011 00:25:33] /i wild grouth rune
[30/11/2011 00:25:45] /i backpack
[30/11/2011 00:25:51] /i 2278
[30/11/2011 00:25:53] /i 2279
[30/11/2011 00:25:58] /i 2280
[30/11/2011 00:26:02] /i 2281
[30/11/2011 00:26:19] /i 2282
[30/11/2011 00:26:22] /i 2283
[30/11/2011 00:26:24] /i 2284
[30/11/2011 00:26:26] /i 2285
[30/11/2011 00:28:24] /i 2286
[30/11/2011 00:28:29] /i 2287
[30/11/2011 00:28:35] /i 2288
[30/11/2011 00:28:40] /i 2289
[30/11/2011 00:28:55] /i 2290
[30/11/2011 00:29:13] /i 2291
[30/11/2011 00:29:24] /i 2292
[30/11/2011 00:29:34] /i 2293
[30/11/2011 00:29:40] /i 2294
[30/11/2011 00:29:58] /i 2295
[30/11/2011 00:30:08] /i 2296
[30/11/2011 13:05:07] /goto Mytologic
[30/11/2011 13:10:33] /i wild growth rune
[30/11/2011 13:26:06] /i 2160
[30/11/2011 13:26:16] /i special bow
[30/11/2011 13:26:30] /attr set attack 50
[30/11/2011 14:05:52] /a 3
[30/11/2011 14:06:03] /i 5025
[30/11/2011 14:06:05] /i 5025
[30/11/2011 14:06:09] /a
[30/11/2011 14:06:11] /r
[30/11/2011 14:06:30] /r
[30/11/2011 14:06:31] /r
[30/11/2011 14:06:39] /a 4
[30/11/2011 14:06:40] /a 4
[30/11/2011 22:39:15] /goto ls~
[30/11/2011 22:39:27] /down
[30/11/2011 22:39:30] /up
[30/11/2011 22:40:26] /up
[30/11/2011 22:40:31] /a
[30/11/2011 22:40:32] /up
[30/11/2011 22:41:55] /goto Pally~
[30/11/2011 22:42:38] /a 10
[30/11/2011 22:42:40] /a 10
[30/11/2011 22:42:41] /a 10
[30/11/2011 22:42:42] /a 10
[30/11/2011 22:42:43] /a 10
[30/11/2011 22:42:48] /up
[30/11/2011 22:42:52] /down
[30/11/2011 22:43:05] /up
[30/11/2011 22:43:06] /up
[30/11/2011 22:43:06] /up
[30/11/2011 22:43:08] /up
[30/11/2011 22:43:10] /down
[30/11/2011 22:43:28] /a 50
[30/11/2011 22:45:11] /goto Bobby~
[30/11/2011 22:50:41] /goto Rullex~
[30/11/2011 22:51:05] /up
[30/11/2011 22:51:43] /t
[30/11/2011 22:57:03] /i special axe
[30/11/2011 22:57:14] /i special shield
[30/11/2011 22:57:22] /i 2160
[30/11/2011 22:57:23] /i 2160
[30/11/2011 22:57:23] /i 2160
[30/11/2011 22:57:23] /i 2160
[30/11/2011 22:57:23] /i 2160
[30/11/2011 22:57:23] /i 2160
[30/11/2011 22:57:23] /i 2160
[30/11/2011 22:57:23] /i 2160
[30/11/2011 22:57:23] /i 2160
[30/11/2011 22:57:23] /i 2160
[30/11/2011 22:57:23] /i 2160
[30/11/2011 22:57:23] /i 2160
[30/11/2011 22:57:23] /i 2160
[30/11/2011 22:57:23] /i 2160
[30/11/2011 22:57:23] /i 2160
[30/11/2011 22:57:23] /i 2160
[30/11/2011 22:57:23] /i 2160
[30/11/2011 22:57:23] /i 2160
[30/11/2011 22:57:23] /i 2160
[30/11/2011 22:57:23] /i 2160
[30/11/2011 22:57:23] /i 2160
[30/11/2011 22:57:23] /i 2160
[30/11/2011 22:57:23] /i 2160
[30/11/2011 22:57:23] /i 2160
[30/11/2011 22:57:23] /i 2160
[30/11/2011 22:57:23] /i 2160
[30/11/2011 22:57:24] /i 2160
[30/11/2011 22:57:24] /i 2160
[30/11/2011 22:57:24] /i 2160
[30/11/2011 22:57:24] /i 2160
[30/11/2011 22:57:24] /i 2160
[30/11/2011 22:57:24] /i 2160
[30/11/2011 22:57:24] /i 2160
[30/11/2011 22:57:24] /i 2160
[30/11/2011 22:57:24] /i 2160
[30/11/2011 22:57:24] /i 2160
[30/11/2011 22:57:24] /i 2160
[30/11/2011 22:57:24] /i 2160
[30/11/2011 22:57:24] /i 2160
[30/11/2011 22:57:24] /i 2160
[30/11/2011 22:57:24] /i 2160
[30/11/2011 22:57:24] /i 2160
[30/11/2011 22:57:24] /i 2160
[30/11/2011 22:57:24] /i 2160
[30/11/2011 22:57:24] /i 2160
[30/11/2011 22:57:24] /i 2160
[30/11/2011 22:57:24] /i 2160
[30/11/2011 22:57:24] /i 2160
[30/11/2011 22:57:24] /i 2160
[30/11/2011 22:57:24] /i 2160
[30/11/2011 22:57:24] /i 2160
[30/11/2011 22:57:24] /i 2160
[30/11/2011 22:57:24] /i 2160
[30/11/2011 22:57:24] /i 2160
[30/11/2011 22:57:24] /i 2160
[30/11/2011 22:57:24] /i 2160
[30/11/2011 22:57:25] /i 2160
[30/11/2011 22:57:25] /i 2160
[30/11/2011 22:57:25] /i 2160
[30/11/2011 22:57:25] /i 2160
[30/11/2011 22:57:25] /i 2160
[30/11/2011 22:57:25] /i 2160
[30/11/2011 22:57:25] /i 2160
[30/11/2011 22:57:25] /i 2160
[30/11/2011 22:57:28] /r 100
[30/11/2011 22:57:28] /r 100
[30/11/2011 22:57:29] /r 100
[30/11/2011 22:57:29] /r 100
[30/11/2011 22:57:30] /r 100
[30/11/2011 22:57:30] /r 100
[30/11/2011 22:57:31] /r 100
[30/11/2011 22:57:31] /r 100
[30/11/2011 22:57:32] /r 100
[30/11/2011 22:57:33] /r 100
[30/11/2011 22:57:33] /r 100
[30/11/2011 22:57:34] /r 100
[30/11/2011 22:57:34] /r 100
[30/11/2011 22:57:35] /r 100
[30/11/2011 22:57:43] /i special backpack
[30/11/2011 23:05:35] /i 2160
[30/11/2011 23:05:46] /goto ls~
[30/11/2011 23:05:53] /goto Bobby~
[30/11/2011 23:06:42] /goto ls~
[30/11/2011 23:06:53] /c Bobby~
[30/11/2011 23:07:05] /a 3
[30/11/2011 23:07:07] /a 3
[30/11/2011 23:07:18] /c Bobby~
[30/11/2011 23:08:18] /t Bobby~
[30/11/2011 23:08:20] /t
[30/11/2011 23:13:23] /m training monk
[30/11/2011 23:23:35] /b AUSHUAHSUAHSUHASUHAS..to morrendo de rii maano
[30/11/2011 23:24:05] /b AUSHUAHSUAHSUHAUShASu..esses cara só faz eu da risada..AUSHAUHSUAHSUAShUAH
[06/12/2011 19:27:39] /ghost
[06/12/2011 19:27:42] /ghost
[06/12/2011 19:28:03] /i special backpack
[06/12/2011 19:28:29] /i 2160
[06/12/2011 19:28:30] /i 2160
[06/12/2011 19:28:30] /i 2160
[06/12/2011 19:28:31] /i 2160
[06/12/2011 19:28:31] /i 2160
[06/12/2011 19:28:32] /i 2160
[06/12/2011 19:28:32] /i 2160
[06/12/2011 19:28:33] /i 2160
[06/12/2011 19:28:33] /i 2160
[06/12/2011 19:28:34] /i 2160
[06/12/2011 19:28:34] /i 2160
[06/12/2011 19:28:35] /i 2160
[06/12/2011 19:28:36] /i 2160
[06/12/2011 19:28:36] /i 2160
[06/12/2011 19:28:37] /i 2160
[06/12/2011 19:28:37] /i 2160
[06/12/2011 19:28:38] /i 2160
[06/12/2011 19:28:38] /i 2160
[06/12/2011 19:28:39] /i 2160
[06/12/2011 19:28:39] /i 2160
[06/12/2011 19:28:40] /i 2160
[06/12/2011 19:28:40] /i 2160
[06/12/2011 19:28:41] /i 2160
[06/12/2011 19:28:41] /i 2160
[06/12/2011 19:28:42] /i 2160
[06/12/2011 19:28:43] /i 2160
[06/12/2011 19:28:48] /i 2160
[06/12/2011 19:28:49] /i 2160
[06/12/2011 19:28:49] /i 2160
[06/12/2011 19:28:50] /i 2160
[06/12/2011 19:28:50] /i 2160
[06/12/2011 19:28:51] /i 2160
[06/12/2011 19:28:51] /i 2160
[06/12/2011 19:28:52] /i 2160
[06/12/2011 19:28:52] /i 2160
[06/12/2011 19:28:53] /i 2160
[06/12/2011 19:28:53] /i 2160
[06/12/2011 19:28:54] /i 2160
[06/12/2011 19:28:55] /i 2160
[06/12/2011 19:28:55] /i 2160
[06/12/2011 19:28:56] /i 2160
[06/12/2011 19:28:57] /i 2160
[06/12/2011 19:28:57] /i 2160
[06/12/2011 19:28:58] /i 2160
[06/12/2011 19:28:59] /i 2160
[06/12/2011 19:29:02] /i 2160
[06/12/2011 19:29:03] /i 2160
[06/12/2011 19:29:03] /i 2160
[06/12/2011 19:29:04] /i 2160
[06/12/2011 19:29:04] /i 2160
[06/12/2011 19:29:05] /i 2160
[06/12/2011 19:29:05] /i 2160
[06/12/2011 19:29:06] /i 2160
[06/12/2011 19:29:06] /i 2160
[06/12/2011 19:29:07] /i 2160
[06/12/2011 19:29:07] /i 2160
[06/12/2011 19:29:08] /i 2160
[06/12/2011 19:29:08] /i 2160
[06/12/2011 19:29:09] /i 2160
[06/12/2011 19:29:09] /i 2160
[06/12/2011 19:29:10] /i 2160
[06/12/2011 19:29:11] /i 2160
[06/12/2011 19:29:11] /i 2160
[06/12/2011 19:29:12] /i 2160
[06/12/2011 19:29:13] /i 2160
[06/12/2011 19:29:13] /i 2160
[06/12/2011 19:29:14] /i 2160
[06/12/2011 19:29:15] /i 2160
[06/12/2011 19:29:16] /i 2160
[06/12/2011 19:29:16] /i 2160
[06/12/2011 19:29:20] /i 2160
[06/12/2011 19:29:20] /i 2160
[06/12/2011 19:29:21] /i 2160
[06/12/2011 19:29:21] /i 2160
[06/12/2011 19:29:22] /i 2160
[06/12/2011 19:29:22] /i 2160
[06/12/2011 19:29:23] /i 2160
[06/12/2011 19:29:23] /i 2160
[06/12/2011 19:29:24] /i 2160
[06/12/2011 19:29:24] /i 2160
[06/12/2011 19:29:25] /i 2160
[06/12/2011 19:29:26] /i 2160
[06/12/2011 19:29:47] /r
[06/12/2011 19:29:48] /r
[06/12/2011 19:29:48] /r
[06/12/2011 19:29:49] /r
[06/12/2011 19:30:36] /clean
[06/12/2011 19:30:44] /clean
[06/12/2011 19:31:00] /i backpack
[06/12/2011 19:31:22] /i special armor
[06/12/2011 19:31:24] /i special legas
[06/12/2011 19:31:28] /i special legs
[06/12/2011 19:31:31] /i special boots
[06/12/2011 19:31:35] /i special hat
[06/12/2011 19:31:39] /i special shield
[06/12/2011 19:31:41] /i special ring
[06/12/2011 19:32:06] /i special shield
[06/12/2011 22:56:46] /a
[06/12/2011 22:56:47] /t
[06/12/2011 23:31:43] /goto Borracharia~
[07/12/2011 11:45:17] /goto Nanzii~
[07/12/2011 11:47:24] /t Gordinho~
[07/12/2011 11:47:26] /t
[07/12/2011 11:47:41] /goto Petter~
[07/12/2011 11:47:48] /goto Petter~
[07/12/2011 11:47:51] /goto Petter~
[07/12/2011 11:47:55] /goto Petter~
[07/12/2011 11:48:21] /t
