[12/09/2012 14:55:41] /ghost
[12/09/2012 14:55:48] /goto Feio Stronda Kina
[12/09/2012 14:55:55] /a 3
[12/09/2012 14:55:56] /a 3
[12/09/2012 14:56:01] /c feio~
[12/09/2012 14:56:31] /c feio druid
[12/09/2012 14:56:46] /t feio~
[12/09/2012 14:56:55] /goto black boss
[12/09/2012 14:56:57] /goto black boss
[12/09/2012 14:57:34] /goto feio~
[12/09/2012 14:57:41] /a 33
[12/09/2012 14:57:43] /a 3
[12/09/2012 14:57:44] /a 3
[12/09/2012 14:57:44] /a 3
[12/09/2012 14:57:46] /a 3
[12/09/2012 14:57:46] /a 3
[12/09/2012 14:57:46] /a 3
[12/09/2012 14:57:49] /a 3
[12/09/2012 14:57:49] /a 3
[12/09/2012 14:57:50] /a 3
[12/09/2012 14:57:50] /a 3
[12/09/2012 14:57:51] /a 3
[12/09/2012 14:57:51] /a 3
[12/09/2012 14:57:52] /a 3
[12/09/2012 14:57:52] /a 3
[12/09/2012 14:57:53] /a 3
[12/09/2012 14:57:54] /a 3
[12/09/2012 14:57:54] /a 3
[12/09/2012 14:57:55] /a 3
[12/09/2012 14:57:55] /a 3
[12/09/2012 14:57:55] /a 3
[12/09/2012 14:57:56] /a 3
[12/09/2012 14:57:56] /a 3
[12/09/2012 14:57:58] /a 3
[12/09/2012 14:57:59] /a 3
[12/09/2012 14:58:01] /a 3
[12/09/2012 14:58:02] /a 10
[12/09/2012 14:58:05] /a 10
[12/09/2012 14:58:09] /a 3
[12/09/2012 14:58:10] /a 10
[12/09/2012 14:58:11] /a 10
[12/09/2012 14:58:11] /a 10
[12/09/2012 14:58:12] /a 10
[12/09/2012 14:58:12] /a 10
[12/09/2012 14:58:15] /a 10
[12/09/2012 14:58:16] /a 10
[12/09/2012 14:58:16] /a 10
[12/09/2012 14:58:18] /a 10
[12/09/2012 14:58:22] /a 1
[12/09/2012 14:58:22] /a 1
[12/09/2012 14:58:23] /a 1
[12/09/2012 14:58:23] /a 1
[12/09/2012 14:58:24] /a 1
[12/09/2012 14:58:25] /a 10
[12/09/2012 14:58:41] /a 5
[12/09/2012 14:58:44] /a 5
[12/09/2012 14:58:45] /a 5
[12/09/2012 14:58:45] /a 5
[12/09/2012 14:58:46] /a 5
[12/09/2012 14:58:47] /a 5
[12/09/2012 14:58:47] /a 5
[12/09/2012 14:58:49] /a 5
[12/09/2012 14:58:49] /a 5
[12/09/2012 14:58:49] /a 5
[12/09/2012 14:58:50] /a 5
[12/09/2012 14:58:53] /a 5
[12/09/2012 14:58:54] /a 5
[12/09/2012 14:58:54] /a 5
[12/09/2012 14:58:54] /a 5
[12/09/2012 14:58:55] /a 5
[12/09/2012 14:58:55] /a 5
[12/09/2012 14:58:56] /a 5
[12/09/2012 14:58:56] /a 5
[12/09/2012 14:58:58] /a 5
[12/09/2012 14:59:02] /c feio druid
[12/09/2012 15:00:24] /goto kina st~
[12/09/2012 15:00:48] /a
[12/09/2012 15:00:55] /a
[12/09/2012 15:00:56] /a
[12/09/2012 15:00:57] /up
[12/09/2012 15:01:09] /i speciaal backpack
[12/09/2012 15:01:13] /i special backpack
[12/09/2012 15:01:14] /i special backpack
[12/09/2012 15:01:15] /i special backpack
[12/09/2012 15:01:15] /i special backpack
[12/09/2012 15:01:16] /i special backpack
[12/09/2012 15:01:16] /i special backpack
[12/09/2012 15:01:47] /i 2160
[12/09/2012 15:01:47] /i 2160
[12/09/2012 15:01:47] /i 2160
[12/09/2012 15:01:47] /i 2160
[12/09/2012 15:01:47] /i 2160
[12/09/2012 15:01:47] /i 2160
[12/09/2012 15:01:47] /i 2160
[12/09/2012 15:01:48] /i 2160
[12/09/2012 15:01:48] /i 2160
[12/09/2012 15:01:48] /i 2160
[12/09/2012 15:01:48] /i 2160
[12/09/2012 15:01:48] /i 2160
[12/09/2012 15:01:48] /i 2160
[12/09/2012 15:01:48] /i 2160
[12/09/2012 15:01:48] /i 2160
[12/09/2012 15:01:49] /i 2160
[12/09/2012 15:01:49] /i 2160
[12/09/2012 15:01:49] /i 2160
[12/09/2012 15:01:49] /i 2160
[12/09/2012 15:01:49] /i 2160
[12/09/2012 15:01:49] /i 2160
[12/09/2012 15:01:49] /i 2160
[12/09/2012 15:01:49] /i 2160
[12/09/2012 15:01:50] /i 2160
[12/09/2012 15:01:50] /i 2160
[12/09/2012 15:01:50] /i 2160
[12/09/2012 15:01:50] /i 2160
[12/09/2012 15:01:50] /i 2160
[12/09/2012 15:01:50] /i 2160
[12/09/2012 15:01:50] /i 2160
[12/09/2012 15:01:50] /i 2160
[12/09/2012 15:01:50] /i 2160
[12/09/2012 15:01:50] /i 2160
[12/09/2012 15:01:50] /i 2160
[12/09/2012 15:01:50] /i 2160
[12/09/2012 15:01:51] /i 2160
[12/09/2012 15:01:51] /i 2160
[12/09/2012 15:01:51] /i 2160
[12/09/2012 15:01:51] /i 2160
[12/09/2012 15:01:51] /i 2160
[12/09/2012 15:01:51] /i 2160
[12/09/2012 15:01:51] /i 2160
[12/09/2012 15:01:51] /i 2160
[12/09/2012 15:01:51] /i 2160
[12/09/2012 15:01:51] /i 2160
[12/09/2012 15:01:51] /i 2160
[12/09/2012 15:01:51] /i 2160
[12/09/2012 15:01:52] /i 2160
[12/09/2012 15:01:52] /i 2160
[12/09/2012 15:01:52] /i 2160
[12/09/2012 15:01:52] /i 2160
[12/09/2012 15:01:52] /i 2160
[12/09/2012 15:01:52] /i 2160
[12/09/2012 15:01:52] /i 2160
[12/09/2012 15:01:52] /i 2160
[12/09/2012 15:01:52] /i 2160
[12/09/2012 15:01:52] /i 2160
[12/09/2012 15:01:52] /i 2160
[12/09/2012 15:01:52] /i 2160
[12/09/2012 15:01:53] /i 2160
[12/09/2012 15:01:53] /i 2160
[12/09/2012 15:01:53] /i 2160
[12/09/2012 15:01:53] /i 2160
[12/09/2012 15:01:53] /i 2160
[12/09/2012 15:01:53] /i 2160
[12/09/2012 15:01:53] /i 2160
[12/09/2012 15:01:53] /i 2160
[12/09/2012 15:01:53] /i 2160
[12/09/2012 15:01:53] /i 2160
[12/09/2012 15:01:53] /i 2160
[12/09/2012 15:01:54] /i 2160
[12/09/2012 15:01:54] /i 2160
[12/09/2012 15:01:54] /i 2160
[12/09/2012 15:01:54] /i 2160
[12/09/2012 15:01:54] /i 2160
[12/09/2012 15:01:54] /i 2160
[12/09/2012 15:01:54] /i 2160
[12/09/2012 15:01:54] /i 2160
[12/09/2012 15:01:54] /i 2160
[12/09/2012 15:01:54] /i 2160
[12/09/2012 15:01:55] /i 2160
[12/09/2012 15:01:55] /i 2160
[12/09/2012 15:01:55] /i 2160
[12/09/2012 15:01:55] /i 2160
[12/09/2012 15:01:55] /i 2160
[12/09/2012 15:01:55] /i 2160
[12/09/2012 15:01:55] /i 2160
[12/09/2012 15:01:55] /i 2160
[12/09/2012 15:01:55] /i 2160
[12/09/2012 15:01:55] /i 2160
[12/09/2012 15:01:56] /i 2160
[12/09/2012 15:01:56] /i 2160
[12/09/2012 15:01:56] /i 2160
[12/09/2012 15:01:56] /i 2160
[12/09/2012 15:01:56] /i 2160
[12/09/2012 15:01:56] /i 2160
[12/09/2012 15:01:56] /i 2160
[12/09/2012 15:01:56] /i 2160
[12/09/2012 15:01:56] /i 2160
[12/09/2012 15:01:56] /i 2160
[12/09/2012 15:01:57] /i 2160
[12/09/2012 15:01:57] /i 2160
[12/09/2012 15:01:57] /i 2160
[12/09/2012 15:01:57] /i 2160
[12/09/2012 15:01:57] /i 2160
[12/09/2012 15:01:57] /i 2160
[12/09/2012 15:01:57] /i 2160
[12/09/2012 15:01:57] /i 2160
[12/09/2012 15:01:57] /i 2160
[12/09/2012 15:01:57] /i 2160
[12/09/2012 15:01:58] /i 2160
[12/09/2012 15:01:58] /i 2160
[12/09/2012 15:01:58] /i 2160
[12/09/2012 15:01:58] /i 2160
[12/09/2012 15:01:58] /i 2160
[12/09/2012 15:01:58] /i 2160
[12/09/2012 15:01:58] /i 2160
[12/09/2012 15:01:58] /i 2160
[12/09/2012 15:01:58] /i 2160
[12/09/2012 15:01:58] /i 2160
[12/09/2012 15:01:58] /i 2160
[12/09/2012 15:01:59] /i 2160
[12/09/2012 15:01:59] /i 2160
[12/09/2012 15:01:59] /i 2160
[12/09/2012 15:01:59] /i 2160
[12/09/2012 15:01:59] /i 2160
[12/09/2012 15:01:59] /i 2160
[12/09/2012 15:01:59] /i 2160
[12/09/2012 15:01:59] /i 2160
[12/09/2012 15:01:59] /i 2160
[12/09/2012 15:01:59] /i 2160
[12/09/2012 15:02:00] /i 2160
[12/09/2012 15:02:00] /i 2160
[12/09/2012 15:02:00] /i 2160
[12/09/2012 15:02:00] /i 2160
[12/09/2012 15:02:00] /i 2160
[12/09/2012 15:02:00] /i 2160
[12/09/2012 15:02:00] /i 2160
[12/09/2012 15:02:00] /i 2160
[12/09/2012 15:02:00] /i 2160
[12/09/2012 15:02:00] /i 2160
[12/09/2012 15:02:01] /i 2160
[12/09/2012 15:02:01] /i 2160
[12/09/2012 15:02:01] /i 2160
[12/09/2012 15:02:01] /i 2160
[12/09/2012 15:02:01] /i 2160
[12/09/2012 15:02:01] /i 2160
[12/09/2012 15:02:01] /i 2160
[12/09/2012 15:02:01] /i 2160
[12/09/2012 15:02:01] /i 2160
[12/09/2012 15:02:01] /i 2160
[12/09/2012 15:02:02] /i 2160
[12/09/2012 15:02:02] /i 2160
[12/09/2012 15:02:02] /i 2160
[12/09/2012 15:02:02] /i 2160
[12/09/2012 15:02:02] /i 2160
[12/09/2012 15:02:02] /i 2160
[12/09/2012 15:02:02] /i 2160
[12/09/2012 15:02:02] /i 2160
[12/09/2012 15:02:02] /i 2160
[12/09/2012 15:02:02] /i 2160
[12/09/2012 15:02:03] /i 2160
[12/09/2012 15:02:03] /i 2160
[12/09/2012 15:02:03] /i 2160
[12/09/2012 15:02:03] /i 2160
[12/09/2012 15:02:03] /i 2160
[12/09/2012 15:02:03] /i 2160
[12/09/2012 15:02:03] /i 2160
[12/09/2012 15:02:03] /i 2160
[12/09/2012 15:02:03] /i 2160
[12/09/2012 15:02:03] /i 2160
[12/09/2012 15:02:04] /i 2160
[12/09/2012 15:02:04] /i 2160
[12/09/2012 15:02:04] /i 2160
[12/09/2012 15:02:04] /i 2160
[12/09/2012 15:02:04] /i 2160
[12/09/2012 15:02:04] /i 2160
[12/09/2012 15:02:04] /i 2160
[12/09/2012 15:02:04] /i 2160
[12/09/2012 15:02:04] /i 2160
[12/09/2012 15:02:04] /i 2160
[12/09/2012 15:02:05] /i 2160
[12/09/2012 15:02:05] /i 2160
[12/09/2012 15:02:05] /i 2160
[12/09/2012 15:02:05] /i 2160
[12/09/2012 15:02:05] /i 2160
[12/09/2012 15:02:05] /i 2160
[12/09/2012 15:02:05] /i 2160
[12/09/2012 15:02:05] /i 2160
[12/09/2012 15:02:05] /i 2160
[12/09/2012 15:02:05] /i 2160
[12/09/2012 15:02:06] /i 2160
[12/09/2012 15:02:06] /i 2160
[12/09/2012 15:02:06] /i 2160
[12/09/2012 15:02:06] /i 2160
[12/09/2012 15:02:06] /i 2160
[12/09/2012 15:02:06] /i 2160
[12/09/2012 15:02:06] /i 2160
[12/09/2012 15:02:06] /i 2160
[12/09/2012 15:02:06] /i 2160
[12/09/2012 15:02:06] /i 2160
[12/09/2012 15:02:07] /i 2160
[12/09/2012 15:02:07] /i 2160
[12/09/2012 15:02:07] /i 2160
[12/09/2012 15:02:07] /i 2160
[12/09/2012 15:02:07] /i 2160
[12/09/2012 15:02:07] /i 2160
[12/09/2012 15:02:12] /r all
[12/09/2012 15:02:19] /down
[12/09/2012 15:02:23] /up
[12/09/2012 15:02:26] /c feio str~
[12/09/2012 15:02:42] /r
[12/09/2012 15:02:48] /c kina ~
[12/09/2012 15:02:49] /c kina ~
[12/09/2012 15:02:52] /c kina st~
[12/09/2012 15:02:59] /i special backpack
[12/09/2012 15:02:59] /i special backpack
[12/09/2012 15:02:59] /i special backpack
[12/09/2012 15:03:00] /i special backpack
[12/09/2012 15:03:00] /i special backpack
[12/09/2012 15:03:01] /i special backpack
[12/09/2012 15:03:05] /i 2160
[12/09/2012 15:03:05] /i 2160
[12/09/2012 15:03:05] /i 2160
[12/09/2012 15:03:05] /i 2160
[12/09/2012 15:03:06] /i 2160
[12/09/2012 15:03:06] /i 2160
[12/09/2012 15:03:06] /i 2160
[12/09/2012 15:03:06] /i 2160
[12/09/2012 15:03:06] /i 2160
[12/09/2012 15:03:06] /i 2160
[12/09/2012 15:03:06] /i 2160
[12/09/2012 15:03:06] /i 2160
[12/09/2012 15:03:06] /i 2160
[12/09/2012 15:03:06] /i 2160
[12/09/2012 15:03:07] /i 2160
[12/09/2012 15:03:07] /i 2160
[12/09/2012 15:03:07] /i 2160
[12/09/2012 15:03:07] /i 2160
[12/09/2012 15:03:07] /i 2160
[12/09/2012 15:03:07] /i 2160
[12/09/2012 15:03:07] /i 2160
[12/09/2012 15:03:07] /i 2160
[12/09/2012 15:03:07] /i 2160
[12/09/2012 15:03:07] /i 2160
[12/09/2012 15:03:08] /i 2160
[12/09/2012 15:03:08] /i 2160
[12/09/2012 15:03:08] /i 2160
[12/09/2012 15:03:08] /i 2160
[12/09/2012 15:03:08] /i 2160
[12/09/2012 15:03:08] /i 2160
[12/09/2012 15:03:08] /i 2160
[12/09/2012 15:03:08] /i 2160
[12/09/2012 15:03:08] /i 2160
[12/09/2012 15:03:08] /i 2160
[12/09/2012 15:03:09] /i 2160
[12/09/2012 15:03:09] /i 2160
[12/09/2012 15:03:09] /i 2160
[12/09/2012 15:03:09] /i 2160
[12/09/2012 15:03:09] /i 2160
[12/09/2012 15:03:09] /i 2160
[12/09/2012 15:03:09] /i 2160
[12/09/2012 15:03:09] /i 2160
[12/09/2012 15:03:09] /i 2160
[12/09/2012 15:03:09] /i 2160
[12/09/2012 15:03:10] /i 2160
[12/09/2012 15:03:10] /i 2160
[12/09/2012 15:03:10] /i 2160
[12/09/2012 15:03:10] /i 2160
[12/09/2012 15:03:10] /i 2160
[12/09/2012 15:03:10] /i 2160
[12/09/2012 15:03:10] /i 2160
[12/09/2012 15:03:10] /i 2160
[12/09/2012 15:03:10] /i 2160
[12/09/2012 15:03:10] /i 2160
[12/09/2012 15:03:10] /i 2160
[12/09/2012 15:03:11] /i 2160
[12/09/2012 15:03:11] /i 2160
[12/09/2012 15:03:11] /i 2160
[12/09/2012 15:03:11] /i 2160
[12/09/2012 15:03:11] /i 2160
[12/09/2012 15:03:11] /i 2160
[12/09/2012 15:03:11] /i 2160
[12/09/2012 15:03:11] /i 2160
[12/09/2012 15:03:11] /i 2160
[12/09/2012 15:03:11] /i 2160
[12/09/2012 15:03:12] /i 2160
[12/09/2012 15:03:12] /i 2160
[12/09/2012 15:03:12] /i 2160
[12/09/2012 15:03:12] /i 2160
[12/09/2012 15:03:12] /i 2160
[12/09/2012 15:03:12] /i 2160
[12/09/2012 15:03:12] /i 2160
[12/09/2012 15:03:12] /i 2160
[12/09/2012 15:03:12] /i 2160
[12/09/2012 15:03:12] /i 2160
[12/09/2012 15:03:13] /i 2160
[12/09/2012 15:03:13] /i 2160
[12/09/2012 15:03:13] /i 2160
[12/09/2012 15:03:13] /i 2160
[12/09/2012 15:03:13] /i 2160
[12/09/2012 15:03:13] /i 2160
[12/09/2012 15:03:13] /i 2160
[12/09/2012 15:03:13] /i 2160
[12/09/2012 15:03:13] /i 2160
[12/09/2012 15:03:13] /i 2160
[12/09/2012 15:03:14] /i 2160
[12/09/2012 15:03:14] /i 2160
[12/09/2012 15:03:14] /i 2160
[12/09/2012 15:03:14] /i 2160
[12/09/2012 15:03:14] /i 2160
[12/09/2012 15:03:14] /i 2160
[12/09/2012 15:03:14] /i 2160
[12/09/2012 15:03:14] /i 2160
[12/09/2012 15:03:14] /i 2160
[12/09/2012 15:03:14] /i 2160
[12/09/2012 15:03:14] /i 2160
[12/09/2012 15:03:15] /i 2160
[12/09/2012 15:03:15] /i 2160
[12/09/2012 15:03:15] /i 2160
[12/09/2012 15:03:15] /i 2160
[12/09/2012 15:03:15] /i 2160
[12/09/2012 15:03:15] /i 2160
[12/09/2012 15:03:15] /i 2160
[12/09/2012 15:03:15] /i 2160
[12/09/2012 15:03:15] /i 2160
[12/09/2012 15:03:15] /i 2160
[12/09/2012 15:03:16] /i 2160
[12/09/2012 15:03:16] /i 2160
[12/09/2012 15:03:16] /i 2160
[12/09/2012 15:03:16] /i 2160
[12/09/2012 15:03:16] /i 2160
[12/09/2012 15:03:16] /i 2160
[12/09/2012 15:03:16] /i 2160
[12/09/2012 15:03:16] /i 2160
[12/09/2012 15:03:16] /i 2160
[12/09/2012 15:03:16] /i 2160
[12/09/2012 15:03:16] /i 2160
[12/09/2012 15:03:17] /i 2160
[12/09/2012 15:03:17] /i 2160
[12/09/2012 15:03:17] /i 2160
[12/09/2012 15:03:17] /i 2160
[12/09/2012 15:03:17] /i 2160
[12/09/2012 15:03:17] /i 2160
[12/09/2012 15:03:17] /i 2160
[12/09/2012 15:03:17] /i 2160
[12/09/2012 15:03:17] /i 2160
[12/09/2012 15:03:17] /i 2160
[12/09/2012 15:03:18] /i 2160
[12/09/2012 15:03:18] /i 2160
[12/09/2012 15:03:18] /i 2160
[12/09/2012 15:03:18] /i 2160
[12/09/2012 15:03:18] /i 2160
[12/09/2012 15:03:18] /i 2160
[12/09/2012 15:03:18] /i 2160
[12/09/2012 15:03:18] /i 2160
[12/09/2012 15:03:18] /i 2160
[12/09/2012 15:03:18] /i 2160
[12/09/2012 15:03:18] /i 2160
[12/09/2012 15:03:19] /i 2160
[12/09/2012 15:03:19] /i 2160
[12/09/2012 15:03:19] /i 2160
[12/09/2012 15:03:19] /i 2160
[12/09/2012 15:03:19] /i 2160
[12/09/2012 15:03:19] /i 2160
[12/09/2012 15:03:19] /i 2160
[12/09/2012 15:03:19] /i 2160
[12/09/2012 15:03:19] /i 2160
[12/09/2012 15:03:19] /i 2160
[12/09/2012 15:03:19] /i 2160
[12/09/2012 15:03:20] /i 2160
[12/09/2012 15:03:20] /i 2160
[12/09/2012 15:03:20] /i 2160
[12/09/2012 15:03:20] /i 2160
[12/09/2012 15:03:20] /i 2160
[12/09/2012 15:03:20] /i 2160
[12/09/2012 15:03:20] /i 2160
[12/09/2012 15:03:20] /i 2160
[12/09/2012 15:03:20] /i 2160
[12/09/2012 15:03:20] /i 2160
[12/09/2012 15:03:21] /i 2160
[12/09/2012 15:03:21] /i 2160
[12/09/2012 15:03:21] /i 2160
[12/09/2012 15:03:21] /i 2160
[12/09/2012 15:03:21] /i 2160
[12/09/2012 15:03:21] /i 2160
[12/09/2012 15:03:21] /i 2160
[12/09/2012 15:03:21] /i 2160
[12/09/2012 15:03:21] /i 2160
[12/09/2012 15:03:21] /i 2160
[12/09/2012 15:03:22] /i 2160
[12/09/2012 15:03:22] /i 2160
[12/09/2012 15:03:22] /i 2160
[12/09/2012 15:03:22] /i 2160
[12/09/2012 15:03:22] /i 2160
[12/09/2012 15:03:22] /i 2160
[12/09/2012 15:03:22] /i 2160
[12/09/2012 15:03:22] /i 2160
[12/09/2012 15:03:22] /i 2160
[12/09/2012 15:03:22] /i 2160
[12/09/2012 15:03:23] /i 2160
[12/09/2012 15:03:23] /i 2160
[12/09/2012 15:03:23] /i 2160
[12/09/2012 15:03:23] /i 2160
[12/09/2012 15:03:23] /i 2160
[12/09/2012 15:03:23] /i 2160
[12/09/2012 15:03:23] /i 2160
[12/09/2012 15:03:23] /i 2160
[12/09/2012 15:03:23] /i 2160
[12/09/2012 15:03:23] /i 2160
[12/09/2012 15:03:24] /i 2160
[12/09/2012 15:03:24] /i 2160
[12/09/2012 15:03:24] /i 2160
[12/09/2012 15:03:24] /i 2160
[12/09/2012 15:03:24] /i 2160
[12/09/2012 15:03:24] /i 2160
[12/09/2012 15:03:24] /i 2160
[12/09/2012 15:03:24] /i 2160
[12/09/2012 15:03:24] /i 2160
[12/09/2012 15:03:24] /i 2160
[12/09/2012 15:03:25] /i 2160
[12/09/2012 15:03:25] /i 2160
[12/09/2012 15:03:25] /i 2160
[12/09/2012 15:03:25] /i 2160
[12/09/2012 15:03:25] /i 2160
[12/09/2012 15:03:29] /r all
[12/09/2012 15:04:08] /i exp potion
[12/09/2012 15:04:11] /r all
[12/09/2012 15:04:17] /i special backpack
[12/09/2012 15:04:17] /i special backpack
[12/09/2012 15:04:18] /i special backpack
[12/09/2012 15:04:18] /i special backpack
[12/09/2012 15:04:22] /i special backpack
[12/09/2012 15:04:22] /i special backpack
[12/09/2012 15:04:22] /i special backpack
[12/09/2012 15:04:30] /i exp potion
[12/09/2012 15:04:30] /i exp potion
[12/09/2012 15:04:30] /i exp potion
[12/09/2012 15:04:31] /i exp potion
[12/09/2012 15:04:31] /i exp potion
[12/09/2012 15:04:31] /i exp potion
[12/09/2012 15:04:31] /i exp potion
[12/09/2012 15:04:31] /i exp potion
[12/09/2012 15:04:31] /i exp potion
[12/09/2012 15:04:31] /i exp potion
[12/09/2012 15:04:31] /i exp potion
[12/09/2012 15:04:31] /i exp potion
[12/09/2012 15:04:31] /i exp potion
[12/09/2012 15:04:32] /i exp potion
[12/09/2012 15:04:32] /i exp potion
[12/09/2012 15:04:32] /i exp potion
[12/09/2012 15:04:32] /i exp potion
[12/09/2012 15:04:32] /i exp potion
[12/09/2012 15:04:32] /i exp potion
[12/09/2012 15:04:32] /i exp potion
[12/09/2012 15:04:32] /i exp potion
[12/09/2012 15:04:32] /i exp potion
[12/09/2012 15:04:32] /i exp potion
[12/09/2012 15:04:33] /i exp potion
[12/09/2012 15:04:33] /i exp potion
[12/09/2012 15:04:33] /i exp potion
[12/09/2012 15:04:33] /i exp potion
[12/09/2012 15:04:33] /i exp potion
[12/09/2012 15:04:33] /i exp potion
[12/09/2012 15:04:33] /i exp potion
[12/09/2012 15:04:33] /i exp potion
[12/09/2012 15:04:33] /i exp potion
[12/09/2012 15:04:33] /i exp potion
[12/09/2012 15:04:34] /i exp potion
[12/09/2012 15:04:34] /i exp potion
[12/09/2012 15:04:34] /i exp potion
[12/09/2012 15:04:34] /i exp potion
[12/09/2012 15:04:34] /i exp potion
[12/09/2012 15:04:34] /i exp potion
[12/09/2012 15:04:34] /i exp potion
[12/09/2012 15:04:34] /i exp potion
[12/09/2012 15:04:34] /i exp potion
[12/09/2012 15:04:34] /i exp potion
[12/09/2012 15:04:35] /i exp potion
[12/09/2012 15:04:35] /i exp potion
[12/09/2012 15:04:35] /i exp potion
[12/09/2012 15:04:35] /i exp potion
[12/09/2012 15:04:35] /i exp potion
[12/09/2012 15:04:35] /i exp potion
[12/09/2012 15:04:35] /i exp potion
[12/09/2012 15:04:35] /i exp potion
[12/09/2012 15:04:35] /i exp potion
[12/09/2012 15:04:35] /i exp potion
[12/09/2012 15:04:36] /i exp potion
[12/09/2012 15:04:36] /i exp potion
[12/09/2012 15:04:36] /i exp potion
[12/09/2012 15:04:36] /i exp potion
[12/09/2012 15:04:36] /i exp potion
[12/09/2012 15:04:36] /i exp potion
[12/09/2012 15:04:36] /i exp potion
[12/09/2012 15:04:36] /i exp potion
[12/09/2012 15:04:36] /i exp potion
[12/09/2012 15:04:36] /i exp potion
[12/09/2012 15:04:37] /i exp potion
[12/09/2012 15:04:37] /i exp potion
[12/09/2012 15:04:37] /i exp potion
[12/09/2012 15:04:37] /i exp potion
[12/09/2012 15:04:37] /i exp potion
[12/09/2012 15:04:37] /i exp potion
[12/09/2012 15:04:37] /i exp potion
[12/09/2012 15:04:37] /i exp potion
[12/09/2012 15:04:37] /i exp potion
[12/09/2012 15:04:37] /i exp potion
[12/09/2012 15:04:37] /i exp potion
[12/09/2012 15:04:38] /i exp potion
[12/09/2012 15:04:38] /i exp potion
[12/09/2012 15:04:38] /i exp potion
[12/09/2012 15:04:38] /i exp potion
[12/09/2012 15:04:38] /i exp potion
[12/09/2012 15:04:38] /i exp potion
[12/09/2012 15:04:38] /i exp potion
[12/09/2012 15:04:38] /i exp potion
[12/09/2012 15:04:38] /i exp potion
[12/09/2012 15:04:38] /i exp potion
[12/09/2012 15:04:39] /i exp potion
[12/09/2012 15:04:39] /i exp potion
[12/09/2012 15:04:39] /i exp potion
[12/09/2012 15:04:39] /i exp potion
[12/09/2012 15:04:39] /i exp potion
[12/09/2012 15:04:39] /i exp potion
[12/09/2012 15:04:39] /i exp potion
[12/09/2012 15:04:39] /i exp potion
[12/09/2012 15:04:39] /i exp potion
[12/09/2012 15:04:39] /i exp potion
[12/09/2012 15:04:39] /i exp potion
[12/09/2012 15:04:40] /i exp potion
[12/09/2012 15:04:40] /i exp potion
[12/09/2012 15:04:40] /i exp potion
[12/09/2012 15:04:40] /i exp potion
[12/09/2012 15:04:40] /i exp potion
[12/09/2012 15:04:40] /i exp potion
[12/09/2012 15:04:40] /i exp potion
[12/09/2012 15:04:40] /i exp potion
[12/09/2012 15:04:40] /i exp potion
[12/09/2012 15:04:40] /i exp potion
[12/09/2012 15:04:41] /i exp potion
[12/09/2012 15:04:41] /i exp potion
[12/09/2012 15:04:41] /i exp potion
[12/09/2012 15:04:41] /i exp potion
[12/09/2012 15:04:41] /i exp potion
[12/09/2012 15:04:42] /i exp potion
[12/09/2012 15:04:42] /i exp potion
[12/09/2012 15:04:42] /i exp potion
[12/09/2012 15:04:42] /i exp potion
[12/09/2012 15:04:42] /i exp potion
[12/09/2012 15:04:42] /i exp potion
[12/09/2012 15:04:42] /i exp potion
[12/09/2012 15:04:42] /i exp potion
[12/09/2012 15:04:42] /i exp potion
[12/09/2012 15:04:42] /i exp potion
[12/09/2012 15:04:42] /i exp potion
[12/09/2012 15:04:43] /i exp potion
[12/09/2012 15:04:43] /i exp potion
[12/09/2012 15:04:43] /i exp potion
[12/09/2012 15:04:43] /i exp potion
[12/09/2012 15:04:43] /i exp potion
[12/09/2012 15:04:43] /i exp potion
[12/09/2012 15:04:43] /i exp potion
[12/09/2012 15:04:43] /i exp potion
[12/09/2012 15:04:43] /i exp potion
[12/09/2012 15:04:43] /i exp potion
[12/09/2012 15:04:44] /i exp potion
[12/09/2012 15:04:44] /i exp potion
[12/09/2012 15:04:44] /i exp potion
[12/09/2012 15:04:44] /i exp potion
[12/09/2012 15:04:44] /i exp potion
[12/09/2012 15:04:44] /i exp potion
[12/09/2012 15:04:44] /i exp potion
[12/09/2012 15:04:44] /i exp potion
[12/09/2012 15:04:44] /i exp potion
[12/09/2012 15:04:44] /i exp potion
[12/09/2012 15:04:45] /i exp potion
[12/09/2012 15:04:45] /i exp potion
[12/09/2012 15:04:45] /i exp potion
[12/09/2012 15:04:45] /i exp potion
[12/09/2012 15:04:45] /i exp potion
[12/09/2012 15:04:45] /i exp potion
[12/09/2012 15:04:45] /i exp potion
[12/09/2012 15:04:45] /i exp potion
[12/09/2012 15:04:45] /i exp potion
[12/09/2012 15:04:45] /i exp potion
[12/09/2012 15:04:46] /i exp potion
[12/09/2012 15:04:46] /i exp potion
[12/09/2012 15:04:46] /i exp potion
[12/09/2012 15:04:46] /i exp potion
[12/09/2012 15:04:46] /i exp potion
[12/09/2012 15:04:46] /i exp potion
[12/09/2012 15:04:46] /i exp potion
[12/09/2012 15:04:46] /i exp potion
[12/09/2012 15:04:46] /i exp potion
[12/09/2012 15:04:46] /i exp potion
[12/09/2012 15:04:47] /i exp potion
[12/09/2012 15:04:47] /i exp potion
[12/09/2012 15:04:47] /i exp potion
[12/09/2012 15:04:47] /i exp potion
[12/09/2012 15:04:47] /i exp potion
[12/09/2012 15:04:47] /i exp potion
[12/09/2012 15:04:47] /i exp potion
[12/09/2012 15:04:47] /i exp potion
[12/09/2012 15:04:47] /i exp potion
[12/09/2012 15:04:47] /i exp potion
[12/09/2012 15:04:47] /i exp potion
[12/09/2012 15:04:48] /i exp potion
[12/09/2012 15:04:48] /i exp potion
[12/09/2012 15:04:48] /i exp potion
[12/09/2012 15:04:48] /i exp potion
[12/09/2012 15:04:48] /i exp potion
[12/09/2012 15:04:48] /i exp potion
[12/09/2012 15:04:48] /i exp potion
[12/09/2012 15:04:48] /i exp potion
[12/09/2012 15:04:48] /i exp potion
[12/09/2012 15:04:48] /i exp potion
[12/09/2012 15:04:49] /i exp potion
[12/09/2012 15:04:49] /i exp potion
[12/09/2012 15:04:49] /i exp potion
[12/09/2012 15:04:49] /i exp potion
[12/09/2012 15:04:49] /i exp potion
[12/09/2012 15:04:49] /i exp potion
[12/09/2012 15:04:49] /i exp potion
[12/09/2012 15:04:49] /i exp potion
[12/09/2012 15:04:49] /i exp potion
[12/09/2012 15:04:49] /i exp potion
[12/09/2012 15:04:50] /i exp potion
[12/09/2012 15:04:50] /i exp potion
[12/09/2012 15:04:50] /i exp potion
[12/09/2012 15:04:50] /i exp potion
[12/09/2012 15:04:50] /i exp potion
[12/09/2012 15:04:50] /i exp potion
[12/09/2012 15:04:50] /i exp potion
[12/09/2012 15:04:50] /i exp potion
[12/09/2012 15:04:50] /i exp potion
[12/09/2012 15:04:50] /i exp potion
[12/09/2012 15:04:51] /i exp potion
[12/09/2012 15:04:51] /i exp potion
[12/09/2012 15:04:51] /i exp potion
[12/09/2012 15:04:51] /i exp potion
[12/09/2012 15:04:51] /i exp potion
[12/09/2012 15:04:51] /i exp potion
[12/09/2012 15:04:51] /i exp potion
[12/09/2012 15:04:51] /i exp potion
[12/09/2012 15:04:51] /i exp potion
[12/09/2012 15:04:51] /i exp potion
[12/09/2012 15:04:52] /i exp potion
[12/09/2012 15:04:52] /i exp potion
[12/09/2012 15:04:52] /i exp potion
[12/09/2012 15:04:52] /i exp potion
[12/09/2012 15:04:52] /i exp potion
[12/09/2012 15:04:52] /i exp potion
[12/09/2012 15:04:52] /i exp potion
[12/09/2012 15:04:52] /i exp potion
[12/09/2012 15:04:52] /i exp potion
[12/09/2012 15:04:52] /i exp potion
[12/09/2012 15:04:53] /i exp potion
[12/09/2012 15:04:53] /i exp potion
[12/09/2012 15:04:53] /i exp potion
[12/09/2012 15:04:53] /i exp potion
[12/09/2012 15:04:53] /i exp potion
[12/09/2012 15:04:53] /i exp potion
[12/09/2012 15:04:53] /i exp potion
[12/09/2012 15:04:53] /i exp potion
[12/09/2012 15:04:53] /i exp potion
[12/09/2012 15:04:53] /i exp potion
[12/09/2012 15:04:53] /i exp potion
[12/09/2012 15:04:54] /i exp potion
[12/09/2012 15:04:54] /i exp potion
[12/09/2012 15:04:54] /i exp potion
[12/09/2012 15:04:54] /i exp potion
[12/09/2012 15:04:54] /i exp potion
[12/09/2012 15:04:54] /i exp potion
[12/09/2012 15:04:54] /i exp potion
[12/09/2012 15:04:54] /i exp potion
[12/09/2012 15:04:54] /i exp potion
[12/09/2012 15:04:54] /i exp potion
[12/09/2012 15:04:55] /i exp potion
[12/09/2012 15:04:55] /i exp potion
[12/09/2012 15:04:55] /i exp potion
[12/09/2012 15:04:55] /i exp potion
[12/09/2012 15:04:55] /i exp potion
[12/09/2012 15:04:55] /i exp potion
[12/09/2012 15:04:55] /i exp potion
[12/09/2012 15:04:55] /i exp potion
[12/09/2012 15:04:55] /i exp potion
[12/09/2012 15:04:55] /i exp potion
[12/09/2012 15:04:56] /i exp potion
[12/09/2012 15:04:56] /i exp potion
[12/09/2012 15:04:56] /i exp potion
[12/09/2012 15:04:56] /i exp potion
[12/09/2012 15:04:56] /i exp potion
[12/09/2012 15:04:56] /i exp potion
[12/09/2012 15:04:56] /i exp potion
[12/09/2012 15:04:56] /i exp potion
[12/09/2012 15:04:56] /i exp potion
[12/09/2012 15:04:56] /i exp potion
[12/09/2012 15:04:56] /i exp potion
[12/09/2012 15:04:57] /i exp potion
[12/09/2012 15:04:57] /i exp potion
[12/09/2012 15:04:57] /i exp potion
[12/09/2012 15:04:57] /i exp potion
[12/09/2012 15:04:57] /i exp potion
[12/09/2012 15:04:57] /i exp potion
[12/09/2012 15:04:57] /i exp potion
[12/09/2012 15:04:57] /i exp potion
[12/09/2012 15:04:57] /i exp potion
[12/09/2012 15:04:57] /i exp potion
[12/09/2012 15:04:58] /i exp potion
[12/09/2012 15:04:58] /i exp potion
[12/09/2012 15:04:58] /i exp potion
[12/09/2012 15:04:58] /i exp potion
[12/09/2012 15:04:58] /i exp potion
[12/09/2012 15:04:58] /i exp potion
[12/09/2012 15:04:58] /i exp potion
[12/09/2012 15:04:58] /i exp potion
[12/09/2012 15:04:58] /i exp potion
[12/09/2012 15:04:58] /i exp potion
[12/09/2012 15:04:59] /i exp potion
[12/09/2012 15:04:59] /i exp potion
[12/09/2012 15:04:59] /i exp potion
[12/09/2012 15:04:59] /i exp potion
[12/09/2012 15:04:59] /i exp potion
[12/09/2012 15:05:00] /i exp potion
[12/09/2012 15:05:00] /i exp potion
[12/09/2012 15:05:00] /i exp potion
[12/09/2012 15:05:00] /i exp potion
[12/09/2012 15:05:00] /i exp potion
[12/09/2012 15:05:00] /i exp potion
[12/09/2012 15:05:00] /i exp potion
[12/09/2012 15:05:00] /i exp potion
[12/09/2012 15:05:00] /i exp potion
[12/09/2012 15:05:00] /i exp potion
[12/09/2012 15:05:00] /i exp potion
[12/09/2012 15:05:08] /a 4
[12/09/2012 15:05:18] /i special backpack
[12/09/2012 15:05:18] /i special backpack
[12/09/2012 15:05:19] /i special backpack
[12/09/2012 15:05:19] /i special backpack
[12/09/2012 15:05:19] /i special backpack
[12/09/2012 15:05:20] /i special backpack
[12/09/2012 15:05:25] /i exp potion
[12/09/2012 15:05:25] /i exp potion
[12/09/2012 15:05:25] /i exp potion
[12/09/2012 15:05:25] /i exp potion
[12/09/2012 15:05:26] /i exp potion
[12/09/2012 15:05:26] /i exp potion
[12/09/2012 15:05:26] /i exp potion
[12/09/2012 15:05:26] /i exp potion
[12/09/2012 15:05:26] /i exp potion
[12/09/2012 15:05:26] /i exp potion
[12/09/2012 15:05:26] /i exp potion
[12/09/2012 15:05:26] /i exp potion
[12/09/2012 15:05:26] /i exp potion
[12/09/2012 15:05:27] /i exp potion
[12/09/2012 15:05:27] /i exp potion
[12/09/2012 15:05:27] /i exp potion
[12/09/2012 15:05:27] /i exp potion
[12/09/2012 15:05:27] /i exp potion
[12/09/2012 15:05:27] /i exp potion
[12/09/2012 15:05:27] /i exp potion
[12/09/2012 15:05:27] /i exp potion
[12/09/2012 15:05:27] /i exp potion
[12/09/2012 15:05:27] /i exp potion
[12/09/2012 15:05:27] /i exp potion
[12/09/2012 15:05:27] /i exp potion
[12/09/2012 15:05:28] /i exp potion
[12/09/2012 15:05:28] /i exp potion
[12/09/2012 15:05:28] /i exp potion
[12/09/2012 15:05:28] /i exp potion
[12/09/2012 15:05:28] /i exp potion
[12/09/2012 15:05:28] /i exp potion
[12/09/2012 15:05:28] /i exp potion
[12/09/2012 15:05:28] /i exp potion
[12/09/2012 15:05:28] /i exp potion
[12/09/2012 15:05:28] /i exp potion
[12/09/2012 15:05:29] /i exp potion
[12/09/2012 15:05:29] /i exp potion
[12/09/2012 15:05:29] /i exp potion
[12/09/2012 15:05:29] /i exp potion
[12/09/2012 15:05:29] /i exp potion
[12/09/2012 15:05:29] /i exp potion
[12/09/2012 15:05:29] /i exp potion
[12/09/2012 15:05:29] /i exp potion
[12/09/2012 15:05:29] /i exp potion
[12/09/2012 15:05:29] /i exp potion
[12/09/2012 15:05:30] /i exp potion
[12/09/2012 15:05:30] /i exp potion
[12/09/2012 15:05:30] /i exp potion
[12/09/2012 15:05:30] /i exp potion
[12/09/2012 15:05:30] /i exp potion
[12/09/2012 15:05:30] /i exp potion
[12/09/2012 15:05:30] /i exp potion
[12/09/2012 15:05:30] /i exp potion
[12/09/2012 15:05:30] /i exp potion
[12/09/2012 15:05:30] /i exp potion
[12/09/2012 15:05:31] /i exp potion
[12/09/2012 15:05:31] /i exp potion
[12/09/2012 15:05:31] /i exp potion
[12/09/2012 15:05:31] /i exp potion
[12/09/2012 15:05:31] /i exp potion
[12/09/2012 15:05:31] /i exp potion
[12/09/2012 15:05:31] /i exp potion
[12/09/2012 15:05:31] /i exp potion
[12/09/2012 15:05:31] /i exp potion
[12/09/2012 15:05:31] /i exp potion
[12/09/2012 15:05:32] /i exp potion
[12/09/2012 15:05:32] /i exp potion
[12/09/2012 15:05:32] /i exp potion
[12/09/2012 15:05:32] /i exp potion
[12/09/2012 15:05:32] /i exp potion
[12/09/2012 15:05:32] /i exp potion
[12/09/2012 15:05:32] /i exp potion
[12/09/2012 15:05:32] /i exp potion
[12/09/2012 15:05:32] /i exp potion
[12/09/2012 15:05:32] /i exp potion
[12/09/2012 15:05:33] /i exp potion
[12/09/2012 15:05:33] /i exp potion
[12/09/2012 15:05:33] /i exp potion
[12/09/2012 15:05:33] /i exp potion
[12/09/2012 15:05:33] /i exp potion
[12/09/2012 15:05:33] /i exp potion
[12/09/2012 15:05:33] /i exp potion
[12/09/2012 15:05:33] /i exp potion
[12/09/2012 15:05:33] /i exp potion
[12/09/2012 15:05:33] /i exp potion
[12/09/2012 15:05:34] /i exp potion
[12/09/2012 15:05:34] /i exp potion
[12/09/2012 15:05:34] /i exp potion
[12/09/2012 15:05:34] /i exp potion
[12/09/2012 15:05:34] /i exp potion
[12/09/2012 15:05:34] /i exp potion
[12/09/2012 15:05:34] /i exp potion
[12/09/2012 15:05:34] /i exp potion
[12/09/2012 15:05:34] /i exp potion
[12/09/2012 15:05:34] /i exp potion
[12/09/2012 15:05:35] /i exp potion
[12/09/2012 15:05:35] /i exp potion
[12/09/2012 15:05:35] /i exp potion
[12/09/2012 15:05:35] /i exp potion
[12/09/2012 15:05:35] /i exp potion
[12/09/2012 15:05:35] /i exp potion
[12/09/2012 15:05:35] /i exp potion
[12/09/2012 15:05:35] /i exp potion
[12/09/2012 15:05:35] /i exp potion
[12/09/2012 15:05:35] /i exp potion
[12/09/2012 15:05:35] /i exp potion
[12/09/2012 15:05:36] /i exp potion
[12/09/2012 15:05:36] /i exp potion
[12/09/2012 15:05:36] /i exp potion
[12/09/2012 15:05:36] /i exp potion
[12/09/2012 15:05:36] /i exp potion
[12/09/2012 15:05:36] /i exp potion
[12/09/2012 15:05:36] /i exp potion
[12/09/2012 15:05:36] /i exp potion
[12/09/2012 15:05:36] /i exp potion
[12/09/2012 15:05:36] /i exp potion
[12/09/2012 15:05:37] /i exp potion
[12/09/2012 15:05:37] /i exp potion
[12/09/2012 15:05:37] /i exp potion
[12/09/2012 15:05:37] /i exp potion
[12/09/2012 15:05:37] /i exp potion
[12/09/2012 15:05:37] /i exp potion
[12/09/2012 15:05:37] /i exp potion
[12/09/2012 15:05:37] /i exp potion
[12/09/2012 15:05:37] /i exp potion
[12/09/2012 15:05:37] /i exp potion
[12/09/2012 15:05:38] /i exp potion
[12/09/2012 15:05:38] /i exp potion
[12/09/2012 15:05:38] /i exp potion
[12/09/2012 15:05:38] /i exp potion
[12/09/2012 15:05:38] /i exp potion
[12/09/2012 15:05:38] /i exp potion
[12/09/2012 15:05:38] /i exp potion
[12/09/2012 15:05:38] /i exp potion
[12/09/2012 15:05:38] /i exp potion
[12/09/2012 15:05:38] /i exp potion
[12/09/2012 15:05:39] /i exp potion
[12/09/2012 15:05:39] /i exp potion
[12/09/2012 15:05:39] /i exp potion
[12/09/2012 15:05:39] /i exp potion
[12/09/2012 15:05:39] /i exp potion
[12/09/2012 15:05:39] /i exp potion
[12/09/2012 15:05:39] /i exp potion
[12/09/2012 15:05:39] /i exp potion
[12/09/2012 15:05:39] /i exp potion
[12/09/2012 15:05:39] /i exp potion
[12/09/2012 15:05:40] /i exp potion
[12/09/2012 15:05:40] /i exp potion
[12/09/2012 15:05:40] /i exp potion
[12/09/2012 15:05:40] /i exp potion
[12/09/2012 15:05:40] /i exp potion
[12/09/2012 15:05:40] /i exp potion
[12/09/2012 15:05:40] /i exp potion
[12/09/2012 15:05:40] /i exp potion
[12/09/2012 15:05:40] /i exp potion
[12/09/2012 15:05:40] /i exp potion
[12/09/2012 15:05:40] /i exp potion
[12/09/2012 15:05:41] /i exp potion
[12/09/2012 15:05:41] /i exp potion
[12/09/2012 15:05:41] /i exp potion
[12/09/2012 15:05:41] /i exp potion
[12/09/2012 15:05:41] /i exp potion
[12/09/2012 15:05:41] /i exp potion
[12/09/2012 15:05:41] /i exp potion
[12/09/2012 15:05:42] /i exp potion
[12/09/2012 15:05:42] /i exp potion
[12/09/2012 15:05:42] /i exp potion
[12/09/2012 15:05:42] /i exp potion
[12/09/2012 15:05:42] /i exp potion
[12/09/2012 15:05:42] /i exp potion
[12/09/2012 15:05:42] /i exp potion
[12/09/2012 15:05:42] /i exp potion
[12/09/2012 15:05:42] /i exp potion
[12/09/2012 15:05:42] /i exp potion
[12/09/2012 15:05:42] /i exp potion
[12/09/2012 15:05:42] /i exp potion
[12/09/2012 15:05:42] /i exp potion
[12/09/2012 15:05:42] /i exp potion
[12/09/2012 15:05:43] /i exp potion
[12/09/2012 15:05:43] /i exp potion
[12/09/2012 15:05:43] /i exp potion
[12/09/2012 15:05:43] /i exp potion
[12/09/2012 15:05:43] /i exp potion
[12/09/2012 15:05:43] /i exp potion
[12/09/2012 15:05:43] /i exp potion
[12/09/2012 15:05:43] /i exp potion
[12/09/2012 15:05:43] /i exp potion
[12/09/2012 15:05:43] /i exp potion
[12/09/2012 15:05:44] /i exp potion
[12/09/2012 15:05:44] /i exp potion
[12/09/2012 15:05:44] /i exp potion
[12/09/2012 15:05:44] /i exp potion
[12/09/2012 15:05:44] /i exp potion
[12/09/2012 15:05:44] /i exp potion
[12/09/2012 15:05:44] /i exp potion
[12/09/2012 15:05:44] /i exp potion
[12/09/2012 15:05:44] /i exp potion
[12/09/2012 15:05:44] /i exp potion
[12/09/2012 15:05:45] /i exp potion
[12/09/2012 15:05:45] /i exp potion
[12/09/2012 15:05:45] /i exp potion
[12/09/2012 15:05:45] /i exp potion
[12/09/2012 15:05:45] /i exp potion
[12/09/2012 15:05:45] /i exp potion
[12/09/2012 15:05:45] /i exp potion
[12/09/2012 15:05:45] /i exp potion
[12/09/2012 15:05:45] /i exp potion
[12/09/2012 15:05:45] /i exp potion
[12/09/2012 15:05:46] /i exp potion
[12/09/2012 15:05:46] /i exp potion
[12/09/2012 15:05:46] /i exp potion
[12/09/2012 15:05:46] /i exp potion
[12/09/2012 15:05:46] /i exp potion
[12/09/2012 15:05:46] /i exp potion
[12/09/2012 15:05:46] /i exp potion
[12/09/2012 15:05:46] /i exp potion
[12/09/2012 15:05:46] /i exp potion
[12/09/2012 15:05:54] /r all
[12/09/2012 15:05:57] /a 1
[12/09/2012 15:06:01] /r all
[12/09/2012 15:06:13] /goto black boss
[12/09/2012 15:06:19] /goto master boss
[12/09/2012 15:06:42] /a
[12/09/2012 15:06:46] /a
[12/09/2012 15:06:54] /a 4
[12/09/2012 15:06:54] /a 4
[12/09/2012 15:06:56] /a 4
[12/09/2012 15:06:56] /a 4
[12/09/2012 15:06:57] /a 4
[12/09/2012 15:06:57] /a 4
[12/09/2012 15:06:57] /a 4
[12/09/2012 15:06:58] /a 4
[12/09/2012 15:06:58] /a 4
[12/09/2012 15:06:59] /a 4
[12/09/2012 15:06:59] /a 4
[12/09/2012 15:07:10] /c kina sty~
[12/09/2012 15:07:10] /c kina sty~
[12/09/2012 15:07:10] /c kina sty~
[12/09/2012 15:07:50] /r
[12/09/2012 15:09:06] /c zika
[12/09/2012 15:09:12] /attr group 6
[12/09/2012 15:09:22] /c zika
[12/09/2012 15:09:23] /c zika
[12/09/2012 15:09:28] /a
[12/09/2012 15:09:54] /c zika
[12/09/2012 15:09:55] /r
[12/09/2012 15:10:39] /ghost
