[17/03/2012 15:37:34] /ghost
[17/03/2012 16:18:27] /r
[17/03/2012 16:18:30] /i special backpack
[17/03/2012 16:18:33] /i supreme sword
[17/03/2012 16:18:35] /i supreme axe
[17/03/2012 16:18:38] /i supreme club
[17/03/2012 16:18:42] /i supreme bow
[17/03/2012 16:18:49] /i supreme arrow
[17/03/2012 16:18:55] /r
[17/03/2012 16:18:58] /i supreme shield
[17/03/2012 16:19:02] /i supreme ring
[17/03/2012 16:19:06] /i special hat
[17/03/2012 16:19:07] /i special amor
[17/03/2012 16:19:10] /i special armor
[17/03/2012 16:19:11] /i special legs
[17/03/2012 16:19:14] /i special boots
[17/03/2012 16:19:21] /i special backpack
[17/03/2012 16:19:36] /i supreme star
[17/03/2012 16:19:50] /r all
[17/03/2012 16:20:04] /i supreme wand
[17/03/2012 16:20:15] /i 1857
[17/03/2012 16:20:20] /i 2160
[17/03/2012 16:20:25] /i special shield
[17/03/2012 16:20:45] /i crystal coin
[17/03/2012 16:20:46] /i crystal coin
[17/03/2012 16:20:46] /i crystal coin
[17/03/2012 16:20:46] /i crystal coin
[17/03/2012 16:20:46] /i crystal coin
[17/03/2012 16:20:46] /i crystal coin
[17/03/2012 16:20:46] /i crystal coin
[17/03/2012 16:20:46] /i crystal coin
[17/03/2012 16:20:46] /i crystal coin
[17/03/2012 16:20:46] /i crystal coin
[17/03/2012 16:20:46] /i crystal coin
[17/03/2012 16:20:46] /i crystal coin
[17/03/2012 16:20:46] /i crystal coin
[17/03/2012 16:20:46] /i crystal coin
[17/03/2012 16:20:46] /i crystal coin
[17/03/2012 16:20:46] /i crystal coin
[17/03/2012 16:20:46] /i crystal coin
[17/03/2012 16:20:46] /i crystal coin
[17/03/2012 16:20:46] /i crystal coin
[17/03/2012 16:20:46] /i crystal coin
[17/03/2012 16:20:46] /i crystal coin
[17/03/2012 16:20:46] /i crystal coin
[17/03/2012 16:20:46] /i crystal coin
[17/03/2012 16:20:46] /i crystal coin
[17/03/2012 16:20:46] /i crystal coin
[17/03/2012 16:20:46] /i crystal coin
[17/03/2012 16:20:46] /i crystal coin
[17/03/2012 16:20:46] /i crystal coin
[17/03/2012 16:20:46] /i crystal coin
[17/03/2012 16:20:46] /i crystal coin
[17/03/2012 16:20:46] /i crystal coin
[17/03/2012 16:20:46] /i crystal coin
[17/03/2012 16:20:46] /i crystal coin
[17/03/2012 16:20:47] /i crystal coin
[17/03/2012 16:20:47] /i crystal coin
[17/03/2012 16:20:47] /i crystal coin
[17/03/2012 16:20:47] /i crystal coin
[17/03/2012 16:20:47] /i crystal coin
[17/03/2012 16:20:47] /i crystal coin
[17/03/2012 16:20:47] /i crystal coin
[17/03/2012 16:20:47] /i crystal coin
[17/03/2012 16:20:47] /i crystal coin
[17/03/2012 16:20:47] /i crystal coin
[17/03/2012 16:20:47] /i crystal coin
[17/03/2012 16:20:47] /i crystal coin
[17/03/2012 16:20:47] /i crystal coin
[17/03/2012 16:20:47] /i crystal coin
[17/03/2012 16:20:47] /i crystal coin
[17/03/2012 16:20:47] /i crystal coin
[17/03/2012 16:20:47] /i crystal coin
[17/03/2012 16:20:47] /i crystal coin
[17/03/2012 16:20:47] /i crystal coin
[17/03/2012 16:20:47] /i crystal coin
[17/03/2012 16:20:47] /i crystal coin
[17/03/2012 16:20:47] /i crystal coin
[17/03/2012 16:20:47] /i crystal coin
[17/03/2012 16:20:47] /i crystal coin
[17/03/2012 16:20:47] /i crystal coin
[17/03/2012 16:20:47] /i crystal coin
[17/03/2012 16:20:47] /i crystal coin
[17/03/2012 16:20:47] /i crystal coin
[17/03/2012 16:20:47] /i crystal coin
[17/03/2012 16:20:47] /i crystal coin
[17/03/2012 16:20:47] /i crystal coin
[17/03/2012 16:20:47] /i crystal coin
[17/03/2012 16:20:47] /i crystal coin
[17/03/2012 16:20:47] /i crystal coin
[17/03/2012 16:20:47] /i crystal coin
[17/03/2012 16:20:47] /i crystal coin
[17/03/2012 16:20:48] /i crystal coin
[17/03/2012 16:20:48] /i crystal coin
[17/03/2012 16:20:48] /i crystal coin
[17/03/2012 16:20:50] /r all
[17/03/2012 16:20:55] /i 1857
[17/03/2012 16:20:56] /i 2160
[17/03/2012 16:20:59] /i special armor
[17/03/2012 16:21:11] /i special backpack
[17/03/2012 16:22:27] /i exp potion
[17/03/2012 16:22:28] /i exp potion
[17/03/2012 16:22:28] /i exp potion
[17/03/2012 16:22:28] /i exp potion
[17/03/2012 16:22:28] /i exp potion
[17/03/2012 16:22:28] /i exp potion
[17/03/2012 16:22:28] /i exp potion
[17/03/2012 16:22:28] /i exp potion
[17/03/2012 16:22:28] /i exp potion
[17/03/2012 16:22:28] /i exp potion
[17/03/2012 16:22:28] /i exp potion
[17/03/2012 16:22:28] /i exp potion
[17/03/2012 16:22:28] /i exp potion
[17/03/2012 16:22:28] /i exp potion
[17/03/2012 16:22:28] /i exp potion
[17/03/2012 16:22:28] /i exp potion
[17/03/2012 16:22:28] /i exp potion
[17/03/2012 16:22:28] /i exp potion
[17/03/2012 16:22:28] /i exp potion
[17/03/2012 16:22:28] /i exp potion
[17/03/2012 16:22:28] /i exp potion
[17/03/2012 16:22:28] /i exp potion
[17/03/2012 16:22:28] /i exp potion
[17/03/2012 16:22:28] /i exp potion
[17/03/2012 16:22:28] /i exp potion
[17/03/2012 16:22:28] /i exp potion
[17/03/2012 16:22:28] /i exp potion
[17/03/2012 16:22:28] /i exp potion
[17/03/2012 16:22:28] /i exp potion
[17/03/2012 16:22:28] /i exp potion
[17/03/2012 16:22:28] /i exp potion
[17/03/2012 16:22:28] /i exp potion
[17/03/2012 16:22:28] /i exp potion
[17/03/2012 16:22:28] /i exp potion
[17/03/2012 16:22:29] /i exp potion
[17/03/2012 16:22:29] /i exp potion
[17/03/2012 16:22:29] /i exp potion
[17/03/2012 16:22:29] /i exp potion
[17/03/2012 16:22:29] /i exp potion
[17/03/2012 16:22:29] /i exp potion
[17/03/2012 16:22:29] /i exp potion
[17/03/2012 16:22:29] /i exp potion
[17/03/2012 16:22:29] /i exp potion
[17/03/2012 16:22:29] /i exp potion
[17/03/2012 16:22:29] /i exp potion
[17/03/2012 16:22:29] /i exp potion
[17/03/2012 16:22:29] /i exp potion
[17/03/2012 16:22:29] /i exp potion
[17/03/2012 16:22:29] /i exp potion
[17/03/2012 16:22:29] /i exp potion
[17/03/2012 16:22:29] /i exp potion
[17/03/2012 16:22:29] /i exp potion
[17/03/2012 16:22:29] /i exp potion
[17/03/2012 16:22:29] /i exp potion
[17/03/2012 16:22:29] /i exp potion
[17/03/2012 16:22:29] /i exp potion
[17/03/2012 16:22:29] /i exp potion
[17/03/2012 16:22:29] /i exp potion
[17/03/2012 16:22:29] /i exp potion
[17/03/2012 16:22:29] /i exp potion
[17/03/2012 16:22:29] /i exp potion
[17/03/2012 16:22:29] /i exp potion
[17/03/2012 16:22:29] /i exp potion
[17/03/2012 16:22:29] /i exp potion
[17/03/2012 16:22:29] /i exp potion
[17/03/2012 16:22:29] /i exp potion
[17/03/2012 16:22:29] /i exp potion
[17/03/2012 16:22:29] /i exp potion
[17/03/2012 16:22:30] /i exp potion
[17/03/2012 16:22:32] /r all
[17/03/2012 16:22:41] /i special backpack
[17/03/2012 16:22:45] /i energy ring
[17/03/2012 16:22:46] /i energy ring
[17/03/2012 16:22:46] /i energy ring
[17/03/2012 16:22:47] /i energy ring
[17/03/2012 16:22:50] /i club ring
[17/03/2012 16:22:51] /i club ring
[17/03/2012 16:22:55] /i axe ring
[17/03/2012 16:22:57] /i axe ring
[17/03/2012 16:23:03] /i sword ring
[17/03/2012 16:23:04] /i sword ring
[17/03/2012 16:24:49] /i mana potin
[17/03/2012 16:24:51] /i mana potion
[17/03/2012 16:24:58] /i remover frags
[17/03/2012 16:25:05] /i wild growth rune
[17/03/2012 16:25:10] /i magic wall rune
[17/03/2012 16:25:40] /goto [gm]been
[17/03/2012 17:08:32] /a 20
[17/03/2012 17:08:33] /a 20
[17/03/2012 17:08:39] /a 2
[17/03/2012 17:08:41] /a 2
[17/03/2012 17:16:03] /a
[17/03/2012 17:16:12] /i yellow tapestry
[17/03/2012 17:16:51] /i axe
[17/03/2012 17:17:03] /attr set attack 10000000
[17/03/2012 17:18:30] /m exp bug
[17/03/2012 17:18:34] /m exp bug
[17/03/2012 17:18:34] /m exp bug
[17/03/2012 17:18:35] /m exp bug
[17/03/2012 17:19:15] /m dourado
[17/03/2012 17:19:20] /m dorado
[17/03/2012 17:19:32] /m massive fire elemental
[17/03/2012 17:19:36] /m massive fire elemental
[17/03/2012 17:19:36] /m massive fire elemental
[17/03/2012 17:19:37] /m massive fire elemental
[17/03/2012 17:19:37] /m massive fire elemental
[17/03/2012 17:19:37] /m massive fire elemental
[17/03/2012 17:19:38] /m massive fire elemental
[17/03/2012 17:19:38] /m massive fire elemental
[17/03/2012 17:19:38] /m massive fire elemental
[17/03/2012 17:19:39] /m massive fire elemental
[17/03/2012 17:19:39] /m massive fire elemental
[17/03/2012 17:19:39] /m massive fire elemental
[17/03/2012 17:19:39] /m massive fire elemental
[17/03/2012 17:19:40] /m massive fire elemental
[17/03/2012 17:22:42] /m massive fire elemental
[17/03/2012 17:22:43] /m massive fire elemental
[17/03/2012 17:22:43] /m massive fire elemental
[17/03/2012 17:22:43] /m massive fire elemental
[17/03/2012 17:22:44] /m massive fire elemental
[17/03/2012 17:22:44] /m massive fire elemental
[17/03/2012 17:22:44] /m massive fire elemental
[17/03/2012 17:22:45] /m massive fire elemental
[17/03/2012 17:22:45] /m massive fire elemental
[17/03/2012 17:22:45] /m massive fire elemental
[17/03/2012 17:22:46] /m massive fire elemental
[17/03/2012 17:22:46] /m massive fire elemental
[17/03/2012 17:22:46] /m massive fire elemental
[17/03/2012 17:22:47] /m massive fire elemental
[17/03/2012 17:22:47] /m massive fire elemental
[17/03/2012 17:22:49] /m massive fire elemental
[17/03/2012 17:22:49] /m massive fire elemental
[17/03/2012 17:22:50] /m massive fire elemental
[17/03/2012 17:22:50] /m massive fire elemental
[17/03/2012 17:22:51] /m massive fire elemental
[17/03/2012 17:25:27] /m massive fire elemental
[17/03/2012 17:25:28] /m massive fire elemental
[17/03/2012 17:25:28] /m massive fire elemental
[17/03/2012 17:25:29] /m massive fire elemental
[17/03/2012 17:25:29] /m massive fire elemental
[17/03/2012 17:25:29] /m massive fire elemental
[17/03/2012 17:25:30] /m massive fire elemental
[17/03/2012 17:25:30] /m massive fire elemental
[17/03/2012 17:25:30] /m massive fire elemental
[17/03/2012 17:25:30] /m massive fire elemental
[17/03/2012 17:25:31] /m massive fire elemental
[17/03/2012 17:25:31] /m massive fire elemental
[17/03/2012 17:25:31] /m massive fire elemental
[17/03/2012 17:25:32] /m massive fire elemental
[17/03/2012 17:25:32] /m massive fire elemental
[17/03/2012 17:25:32] /m massive fire elemental
[17/03/2012 17:25:33] /m massive fire elemental
[17/03/2012 17:25:33] /m massive fire elemental
[17/03/2012 17:25:33] /m massive fire elemental
[17/03/2012 17:25:34] /m massive fire elemental
[17/03/2012 17:25:34] /m massive fire elemental
[17/03/2012 17:25:34] /m massive fire elemental
[17/03/2012 17:25:34] /m massive fire elemental
[17/03/2012 17:25:35] /m massive fire elemental
[17/03/2012 17:25:35] /m massive fire elemental
[17/03/2012 17:25:35] /m massive fire elemental
[17/03/2012 17:25:40] /m massive fire elemental
[17/03/2012 17:25:40] /m massive fire elemental
[17/03/2012 17:25:43] /m massive fire elemental
[17/03/2012 17:25:43] /m massive fire elemental
[17/03/2012 17:25:45] /a
[17/03/2012 17:25:47] /a
[17/03/2012 17:25:48] /m massive fire elemental
[17/03/2012 17:25:49] /m massive fire elemental
[17/03/2012 17:25:49] /m massive fire elemental
[17/03/2012 17:25:49] /m massive fire elemental
[17/03/2012 17:25:50] /m massive fire elemental
[17/03/2012 18:05:11] /up
[17/03/2012 18:05:15] /a
[17/03/2012 18:05:27] /i club
[17/03/2012 18:05:36] /attr set attack 1000000
