[22/02/2012 11:16:48] /ghost
[22/02/2012 11:16:53] /goto [Hos~
[22/02/2012 11:17:00] /ghost
[22/02/2012 11:17:12] /i supreme shield
[22/02/2012 11:17:19] /i supreme star
[22/02/2012 11:17:22] /i supreme hat
[22/02/2012 11:17:25] /i supreme armor
[22/02/2012 11:17:28] /i supreme legs
[22/02/2012 11:17:31] /i supreme boots
[22/02/2012 11:17:38] /i supreme axe
[22/02/2012 11:17:48] /i special ring
[22/02/2012 11:18:07] /a
[22/02/2012 11:18:23] /m master boos
[22/02/2012 11:18:26] /m master boss
[22/02/2012 11:18:27] /m master boss
[22/02/2012 11:18:35] /m black boss
[22/02/2012 11:19:18] /a
[22/02/2012 11:21:47] /a 5
[22/02/2012 11:21:53] /a 7
[22/02/2012 11:21:56] /a
[22/02/2012 11:21:59] /a 7
[22/02/2012 11:22:01] /a
[22/02/2012 11:22:02] /a
[22/02/2012 11:22:34] /a
[22/02/2012 11:25:03] /clean
[22/02/2012 11:26:33] /goto Lord
[22/02/2012 11:26:35] /goto Lord~
[22/02/2012 11:26:38] /a
[22/02/2012 11:26:39] /a
[22/02/2012 11:26:40] /a
[22/02/2012 11:26:41] /a
[22/02/2012 11:26:43] /a
[22/02/2012 11:27:34] /a
[22/02/2012 11:27:35] /a
[22/02/2012 11:27:36] /a
[22/02/2012 11:27:36] /a
[22/02/2012 11:28:03] /i manchete
[22/02/2012 11:28:10] /i machete
[22/02/2012 11:29:21] /a
[22/02/2012 11:29:22] /a
[22/02/2012 11:29:23] /a
[22/02/2012 11:29:40] /mc 
[22/02/2012 11:30:51] /a
[22/02/2012 11:31:02] /a
[22/02/2012 11:31:05] /a
[22/02/2012 11:31:10] /a
[22/02/2012 11:31:10] /a
[22/02/2012 11:31:11] /a
[22/02/2012 11:31:16] /a
[22/02/2012 11:31:19] /a 5
[22/02/2012 11:33:08] /a 6
[22/02/2012 11:33:15] /c Zee~
[22/02/2012 11:33:20] /c Ki~
[22/02/2012 11:33:55] /a
[22/02/2012 11:35:27] /goto [GM]~
[22/02/2012 11:35:35] /a
[22/02/2012 11:35:37] /a
[22/02/2012 11:35:46] /a
[22/02/2012 11:35:53] /a
[22/02/2012 11:35:56] /a
[22/02/2012 11:35:58] /a
[22/02/2012 11:35:59] /a
[22/02/2012 11:36:03] /a
[22/02/2012 11:36:16] /a 10
[22/02/2012 11:36:53] /b o caminho é la para baixo pessoal \/
[22/02/2012 11:36:53] /b o caminho é la para baixo pessoal \/
[22/02/2012 11:36:54] /b o caminho é la para baixo pessoal \/
[22/02/2012 11:37:03] /a
[22/02/2012 11:37:09] /a 5
[22/02/2012 11:37:11] /a
[22/02/2012 11:37:21] /a
[22/02/2012 11:37:24] /a 2
[22/02/2012 11:37:26] /a 2
[22/02/2012 11:37:36] /a
[22/02/2012 11:37:45] /a 20
[22/02/2012 11:37:47] /a 20
[22/02/2012 11:37:50] /a 5
[22/02/2012 11:37:51] /a 5
[22/02/2012 11:37:56] /a 3
[22/02/2012 11:38:22] /goto [GM]~
[22/02/2012 11:39:10] /a 10
[22/02/2012 11:39:17] /a
[22/02/2012 11:39:21] /a 20
[22/02/2012 11:39:22] /a 20
[22/02/2012 11:40:28] /save
[22/02/2012 11:40:59] /a
[22/02/2012 11:41:19] /c [GM]~
[22/02/2012 11:41:56] /goto Ki~
[22/02/2012 11:42:40] /c kin~
[22/02/2012 11:42:43] /r
[22/02/2012 11:43:12] /attr health 10000000
[22/02/2012 11:43:32] /goto zee~
[22/02/2012 11:44:11] /a 5
[22/02/2012 11:44:14] /r
[22/02/2012 11:44:17] /r
[22/02/2012 11:44:19] /r
[22/02/2012 11:44:23] /r
[22/02/2012 11:44:37] /r
[22/02/2012 11:48:03] /a
[22/02/2012 11:48:16] /a
[22/02/2012 11:48:19] /a
[22/02/2012 11:48:31] /a
[22/02/2012 11:48:32] /a
[22/02/2012 11:50:42] /a
[22/02/2012 11:50:47] /a
[22/02/2012 11:51:54] /a
[22/02/2012 11:53:05] /t
[22/02/2012 11:53:08] /up
[22/02/2012 11:53:12] /r
[22/02/2012 11:53:13] /t
[22/02/2012 11:53:21] /goto [GM]~
[22/02/2012 11:54:03] /a
[22/02/2012 11:54:10] /a
[22/02/2012 11:54:12] /a 2
[22/02/2012 11:54:13] /a 2
[22/02/2012 11:55:35] /a
[22/02/2012 11:55:36] /a
[22/02/2012 11:55:37] /a
[22/02/2012 11:56:35] /attr health 10000000
[22/02/2012 11:56:36] /a
[22/02/2012 11:56:38] /attr health 10000000
[22/02/2012 11:57:01] /a
[22/02/2012 11:57:04] /a
[22/02/2012 11:57:06] /a 2
[22/02/2012 11:57:38] /a
[22/02/2012 11:57:41] /i trapador
[22/02/2012 11:57:46] /m trapador
[22/02/2012 11:57:48] /m trapador
[22/02/2012 11:57:51] /m trapador
[22/02/2012 11:58:12] /a
[22/02/2012 11:58:15] /attr health 10000000
[22/02/2012 11:58:52] /clean
[22/02/2012 11:59:33] /a
[22/02/2012 11:59:36] /a 2
[22/02/2012 12:00:23] /a
[22/02/2012 12:00:37] /a
[22/02/2012 12:00:49] /r
[22/02/2012 12:00:50] /r
[22/02/2012 12:00:51] /r
[22/02/2012 12:01:16] /a
[22/02/2012 12:01:30] /a
[22/02/2012 12:03:02] /a
[22/02/2012 12:03:05] /a 2
[22/02/2012 12:04:19] /clean
[22/02/2012 12:05:49] /a
[22/02/2012 12:11:57] /t
[22/02/2012 12:12:03] /t [GM]~
[22/02/2012 12:12:11] /attr health 10000000
[22/02/2012 12:12:13] /attr health 10000000
[22/02/2012 12:12:20] /attr health 1
[22/02/2012 12:12:28] /attr health 1
[22/02/2012 12:12:28] /r
[22/02/2012 12:13:16] /b vou joga bilhar ;D
[22/02/2012 12:13:18] /mc
[22/02/2012 12:13:24] /mc
[22/02/2012 12:13:37] /i stone
[22/02/2012 12:13:38] /i stone
[22/02/2012 12:13:39] /i stone
[22/02/2012 12:13:39] /i stone
[22/02/2012 12:13:41] /i stone
[22/02/2012 12:13:50] /i stone
[22/02/2012 12:13:53] /i stone
[22/02/2012 12:13:54] /i stone
[22/02/2012 12:13:56] /i stone
[22/02/2012 12:13:56] /i stone
[22/02/2012 12:14:02] /i stone
[22/02/2012 12:14:04] /mc
[22/02/2012 12:14:14] /c tio~
[22/02/2012 12:14:22] /a
[22/02/2012 12:14:38] /c Kina Lou~
[22/02/2012 12:14:41] /c Kina Lou~
[22/02/2012 12:14:42] /a
[22/02/2012 12:14:43] /c Kina Lou~
[22/02/2012 12:14:44] /c Kina Lou~
[22/02/2012 12:14:54] /c Kina Louko
[22/02/2012 12:14:55] /c Kina Louko
[22/02/2012 12:14:57] /mc
[22/02/2012 12:15:08] /r
[22/02/2012 12:15:09] /r
[22/02/2012 12:15:13] /r
[22/02/2012 12:15:14] /r
[22/02/2012 12:15:15] /r
[22/02/2012 12:15:16] /r
[22/02/2012 12:15:19] /r
[22/02/2012 12:15:20] /r
[22/02/2012 12:15:21] /r
[22/02/2012 12:15:23] /r
[22/02/2012 12:15:28] /r
[22/02/2012 12:15:37] /up
[22/02/2012 12:15:47] /t
[23/02/2012 21:02:36] /b salve
[23/02/2012 21:03:53] /up
[23/02/2012 21:03:59] /a
[23/02/2012 21:05:18] /goto Stick Jobs
[23/02/2012 21:07:14] /mc
[23/02/2012 21:07:40] /b da para sair do mc e dps fica reclamando de lag no ot ¬¬
[23/02/2012 21:07:46] /b se num sair vou da ban 
[23/02/2012 21:07:47] /b se num sair vou da ban 
[23/02/2012 21:07:47] /b se num sair vou da ban 
[23/02/2012 21:07:48] /b se num sair vou da ban 
[23/02/2012 21:07:48] /b se num sair vou da ban 
[23/02/2012 21:07:50] /b da para sair do mc e dps fica reclamando de lag no ot ¬¬
[23/02/2012 21:07:51] /b da para sair do mc e dps fica reclamando de lag no ot ¬¬
[23/02/2012 21:07:51] /b da para sair do mc e dps fica reclamando de lag no ot ¬¬
[23/02/2012 21:08:24] /b ja volto
[23/02/2012 21:12:56] /unban
[23/02/2012 21:13:14] /goto Kina~
[23/02/2012 21:14:08] /a 10
[23/02/2012 21:14:09] /a 10
[23/02/2012 21:14:14] /b falem agr
[23/02/2012 21:14:17] /a
[23/02/2012 21:14:18] /a
[23/02/2012 21:14:19] /a
[23/02/2012 21:14:20] /b falem agr
[23/02/2012 21:14:30] /b theus s2s2
[23/02/2012 21:14:55] /mc
[23/02/2012 21:15:07] /unban Character
[23/02/2012 21:15:27] /unban Porrafuiban
[23/02/2012 21:15:30] /mc
[23/02/2012 21:16:20] /baninfo
[23/02/2012 21:18:58] /t
[23/02/2012 21:19:03] /mc
[23/02/2012 21:19:14] /up
[23/02/2012 21:21:49] /c Rhuch
[23/02/2012 21:21:56] /c Rhuch
[23/02/2012 21:21:59] /c Rhu~
[23/02/2012 21:23:19] /t more~
[23/02/2012 21:25:53] /goto Aa Mu~
[23/02/2012 21:26:00] /a
[23/02/2012 21:26:00] /a
[23/02/2012 21:26:01] /a
[23/02/2012 21:26:09] /c Rhu~
[23/02/2012 21:26:16] /a
[23/02/2012 21:28:29] /a 2
[23/02/2012 21:29:01] /a
[23/02/2012 21:52:10] /mc
[23/02/2012 21:52:20] /kick character
[23/02/2012 21:52:23] /mc
[23/02/2012 21:54:44] /b saindo
[23/02/2012 21:54:48] /ghost
[23/02/2012 21:55:23] /mc
[24/02/2012 10:08:16] /b bon dia
[03/03/2012 13:10:17] /a
[03/03/2012 13:10:20] /mc
[03/03/2012 13:10:32] /up
[03/03/2012 13:10:34] /ghost
[03/03/2012 13:10:38] /b salve
[03/03/2012 13:10:41] /b salve
[03/03/2012 13:10:42] /b salve
[03/03/2012 13:10:42] /b salve
[03/03/2012 13:12:21] /a
[03/03/2012 13:12:35] /down
[03/03/2012 13:12:37] /a
[03/03/2012 13:12:39] /a
[03/03/2012 13:12:42] /a
[03/03/2012 13:12:43] /a
[03/03/2012 13:12:45] /a
[03/03/2012 13:12:53] /a
[03/03/2012 13:13:30] /a
[03/03/2012 13:13:33] /a
[03/03/2012 13:13:34] /a
[03/03/2012 13:13:36] /t
[03/03/2012 13:14:33] /b vou saindo joga bola
[03/03/2012 15:15:17] /a
[03/03/2012 15:15:20] /a
[03/03/2012 15:15:24] /a
[03/03/2012 15:15:34] /mc
[03/03/2012 15:16:18] /c hakd
[03/03/2012 15:16:27] /c soh la~
[03/03/2012 15:16:57] /c cresp
[03/03/2012 15:17:03] /c crep~
[03/03/2012 15:17:11] /c ggi~
[03/03/2012 15:17:23] /c feg~
[03/03/2012 15:17:29] /c Huux
[03/03/2012 15:17:43] /c taliba
[03/03/2012 15:17:53] /c huuz~
[03/03/2012 15:18:02] /c huuz~
[03/03/2012 15:18:04] /a
[03/03/2012 15:18:06] /a
[03/03/2012 15:19:48] /mc
[03/03/2012 15:20:04] /c lulu
[03/03/2012 15:22:26] /a
[03/03/2012 15:22:37] /mc
[03/03/2012 15:23:05] /kick taliba
[03/03/2012 15:23:32] /kick Huuzx
[03/03/2012 15:23:37] /mc
[03/03/2012 15:24:10] /kick  hacd
[03/03/2012 15:24:13] /kick hacd
[03/03/2012 15:24:20] /kick hakd
[03/03/2012 15:24:35] /mc
[03/03/2012 15:24:53] /b sai do mc crl vou da ban
[03/03/2012 15:24:54] /b sai do mc crl vou da ban
[03/03/2012 15:24:54] /b sai do mc crl vou da ban
[03/03/2012 15:24:55] /b sai do mc crl vou da ban
[03/03/2012 15:25:25] /mc
[03/03/2012 15:25:50] /c Taliba
[03/03/2012 15:26:16] /t
[03/03/2012 15:26:37] /mc
[03/03/2012 15:27:20] /c Lulu
[03/03/2012 15:28:32] /c Hakd
[03/03/2012 15:28:32] /c Hakd
[03/03/2012 15:28:32] /c Hakd
[03/03/2012 15:29:25] /c pekita
[03/03/2012 15:29:29] /c didi
[03/03/2012 15:29:32] /c didi~
[03/03/2012 15:30:17] /mc
[03/03/2012 15:30:28] /t
[03/03/2012 15:31:31] /up
[03/03/2012 15:32:08] /up
[03/03/2012 15:32:12] /up 2
[03/03/2012 15:32:14] /up 3
[03/03/2012 15:32:40] /up 3
[03/03/2012 15:32:41] /up 4
[03/03/2012 15:32:43] /up 5
[03/03/2012 15:32:44] /up 7
[03/03/2012 15:32:46] /up 8
[03/03/2012 15:32:47] /up 9
[03/03/2012 15:32:48] /up 0
[03/03/2012 15:32:53] /up 10
[03/03/2012 15:32:57] /up 2
[03/03/2012 15:33:05] /a
[03/03/2012 15:33:36] /up
[03/03/2012 15:33:39] /up
[03/03/2012 15:37:23] /mc
[03/03/2012 15:37:40] /b quem quiser fala cmg pode pala
[04/03/2012 19:55:16] /t
[04/03/2012 19:57:37] /a
[04/03/2012 19:57:38] /a
[04/03/2012 19:57:55] /mc
[04/03/2012 19:58:00] /c die~
[04/03/2012 19:58:08] /c diee~
[04/03/2012 19:58:19] /c diee'd
[04/03/2012 19:58:22] /c diee'd
[04/03/2012 19:58:31] /kick Diee'd
[04/03/2012 19:58:44] /t
[04/03/2012 19:58:51] /ghost
[04/03/2012 20:03:58] /mc
[04/03/2012 20:04:06] /ghost
[04/03/2012 20:06:18] /i addon second
[04/03/2012 20:06:24] /i addon second
[04/03/2012 20:06:32] /i second second
[04/03/2012 20:06:47] /i second addon
[04/03/2012 20:09:43] /mc
