[06/03/2012 18:27:33] /a
[06/03/2012 18:27:33] /a
[06/03/2012 18:27:34] /a
[06/03/2012 18:27:34] /a
[06/03/2012 18:27:34] /a
[06/03/2012 18:27:35] /a
[06/03/2012 18:28:01] /i supreme wand
[06/03/2012 18:28:39] /a
[06/03/2012 18:28:40] /a
[06/03/2012 18:28:40] /a
[06/03/2012 18:28:41] /a
[06/03/2012 18:28:41] /a
[06/03/2012 18:28:42] /a
[06/03/2012 18:28:44] /a 30
[06/03/2012 18:28:48] /a 5
[06/03/2012 18:28:48] /a 5
[06/03/2012 18:28:49] /a 5
[06/03/2012 18:28:50] /a 5
[06/03/2012 18:28:50] /a 5
[06/03/2012 18:28:51] /a 5
[06/03/2012 18:28:51] /a 5
[06/03/2012 18:28:52] /a 5
[06/03/2012 18:28:52] /a 5
[06/03/2012 18:28:56] /c [HOSTER]
[06/03/2012 18:29:05] /goto [HOSTER]
[06/03/2012 18:29:11] /goto [HOSTER]
[06/03/2012 18:29:14] /goto [HOSTER]
[06/03/2012 18:29:18] /goto [HOSTER]
[06/03/2012 18:29:28] /m lord vampire
[06/03/2012 18:29:37] /r
[06/03/2012 18:29:39] /r
[06/03/2012 18:29:40] /r
[06/03/2012 18:30:00] /a
[06/03/2012 18:30:01] /a
[06/03/2012 18:30:02] /a
[06/03/2012 18:30:04] /a
[06/03/2012 18:30:04] /a
[06/03/2012 18:30:07] /a 4
[06/03/2012 18:30:09] /a
[06/03/2012 18:30:09] /a
[06/03/2012 18:30:13] /a 4
[06/03/2012 18:30:14] /a 4
[06/03/2012 18:30:16] /a 4
[06/03/2012 18:30:19] /down
[06/03/2012 18:30:34] /a 4
[06/03/2012 18:30:35] /a 4
[06/03/2012 18:31:23] /a 4
[06/03/2012 18:31:24] /a 4
[06/03/2012 18:31:25] /a 4
[06/03/2012 18:31:25] /a 4
[06/03/2012 18:31:26] /a 4
[06/03/2012 18:31:27] /a 4
[06/03/2012 18:31:32] /a 4
[06/03/2012 18:31:32] /a 4
[06/03/2012 18:31:33] /a 4
[06/03/2012 18:31:33] /a 4
[06/03/2012 18:31:34] /a 4
[06/03/2012 18:31:35] /a 4
[06/03/2012 18:31:36] /a 4
[06/03/2012 18:31:37] /a 4
[06/03/2012 18:31:40] /a 4
[06/03/2012 18:31:45] /up
[06/03/2012 18:31:50] /a 4
[06/03/2012 18:31:51] /a 4
[06/03/2012 18:31:51] /a 4
[06/03/2012 18:31:51] /a 4
[06/03/2012 18:31:52] /a 4
[06/03/2012 18:31:54] /a 4
[06/03/2012 18:31:55] /a 4
[06/03/2012 18:31:55] /a 4
[06/03/2012 18:31:59] /a 4
[06/03/2012 18:32:01] /a 4
[06/03/2012 18:32:04] /a 4
[06/03/2012 18:32:08] /a 4
[06/03/2012 18:32:10] /a 4
[06/03/2012 18:32:12] /a 4
[06/03/2012 18:32:14] /a 4
[06/03/2012 18:32:17] /a 1
[06/03/2012 18:32:19] /a 1
[06/03/2012 18:32:19] /a 1
[06/03/2012 18:32:48] /c [GM]Been
[06/03/2012 18:35:48] /goto [GM]Been
[06/03/2012 18:36:00] /ghost
[06/03/2012 18:56:12] /ghost
[06/03/2012 18:56:41] /i special ring
[06/03/2012 18:57:04] /i aol
[06/03/2012 18:57:11] /i amulet of loss
[06/03/2012 18:57:26] /i supreme ring
[06/03/2012 18:57:28] /i supreme boots
[06/03/2012 18:57:32] /i supreme armor
[06/03/2012 18:57:34] /i supreme legs
[06/03/2012 18:57:37] /i supreme hat
[06/03/2012 18:57:41] /i supreme shield
[06/03/2012 19:00:44] /m supreme beast
[06/03/2012 19:01:48] /goto ls master druid
[06/03/2012 19:03:08] /a
[06/03/2012 19:03:08] /a
[06/03/2012 19:03:12] /a
[06/03/2012 19:04:52] /a
[06/03/2012 19:04:54] /a
[06/03/2012 19:04:54] /a
[06/03/2012 19:04:55] /a
[06/03/2012 19:04:55] /a
[06/03/2012 19:04:55] /a
[06/03/2012 19:08:55] /a
[06/03/2012 19:08:55] /a
[06/03/2012 19:10:14] /a
[06/03/2012 19:10:14] /a
[06/03/2012 19:10:45] /a
[06/03/2012 19:10:46] /a
[06/03/2012 19:10:46] /a
[06/03/2012 19:10:51] /a
[06/03/2012 19:10:53] /a
[06/03/2012 19:10:55] /a
[06/03/2012 19:11:26] /a
[06/03/2012 19:11:27] /a
[06/03/2012 19:11:27] /a
[06/03/2012 19:11:30] /a
[06/03/2012 19:12:14] /r
[06/03/2012 22:20:16] /ghost
[06/03/2012 22:20:20] /ghost
[06/03/2012 22:20:37] /goto Kawazack killer
[06/03/2012 22:22:07] /b Entendam, não posso ajudar ninguém, sou god mas não posso ajudar...
[06/03/2012 22:22:23] /b Entendam, não posso ajudar ninguém, sou god mas não posso ajudar, não adianta pedir...
[06/03/2012 22:23:06] /c MoOsE
[06/03/2012 22:24:41] /i supreme axe
[06/03/2012 22:24:55] /r
