[30/09/2012 04:02:25] /goto um kina~
[30/09/2012 04:02:43] /attr set attack 750
[30/09/2012 04:10:23] /goto um~
[30/09/2012 04:10:41] /attr set attack 800
[30/09/2012 04:10:51] /attr mana 100000000000
[01/10/2012 14:16:57] /goto ninjaa
[01/10/2012 14:30:31] /t
[01/10/2012 14:30:48] /a 44
[01/10/2012 14:30:52] /i 424
[01/10/2012 14:30:54] /a
[01/10/2012 14:30:55] /i 424
[01/10/2012 14:31:16] /mc
[01/10/2012 14:31:40] /c druid~
[01/10/2012 14:31:56] /i exp potion
[01/10/2012 14:32:16] /a
[01/10/2012 14:32:24] /i 424
[01/10/2012 14:32:27] /a
[01/10/2012 14:32:29] /i 424
[01/10/2012 14:32:32] /a
[01/10/2012 14:32:33] /i 424
[01/10/2012 14:34:06] /m massive fire elemental
[01/10/2012 14:34:06] /m massive fire elemental
[01/10/2012 14:34:06] /m massive fire elemental
[01/10/2012 14:34:06] /m massive fire elemental
[01/10/2012 14:34:06] /m massive fire elemental
[01/10/2012 14:34:06] /m massive fire elemental
[01/10/2012 14:34:07] /m massive fire elemental
[01/10/2012 14:34:07] /m massive fire elemental
[01/10/2012 14:34:07] /m massive fire elemental
[01/10/2012 14:34:07] /m massive fire elemental
[01/10/2012 14:34:22] /m massive fire elemental
[01/10/2012 14:34:22] /m massive fire elemental
[01/10/2012 14:34:22] /m massive fire elemental
[01/10/2012 14:34:23] /m massive fire elemental
[01/10/2012 14:34:23] /m massive fire elemental
[01/10/2012 14:34:23] /m massive fire elemental
[01/10/2012 14:34:23] /m massive fire elemental
[01/10/2012 14:34:23] /m massive fire elemental
[01/10/2012 14:34:24] /m massive fire elemental
[01/10/2012 14:34:24] /m massive fire elemental
[01/10/2012 14:34:24] /m massive fire elemental
[01/10/2012 14:34:32] /m massive fire elemental
[01/10/2012 14:34:32] /m massive fire elemental
[01/10/2012 14:34:32] /m massive fire elemental
[01/10/2012 14:34:33] /m massive fire elemental
[01/10/2012 14:34:33] /m massive fire elemental
[01/10/2012 14:34:33] /m massive fire elemental
[01/10/2012 14:34:33] /m massive fire elemental
[01/10/2012 14:34:33] /m massive fire elemental
[01/10/2012 14:34:34] /m massive fire elemental
[01/10/2012 14:34:34] /m massive fire elemental
[01/10/2012 14:34:43] /m massive fire elemental
[01/10/2012 14:34:43] /m massive fire elemental
[01/10/2012 14:34:43] /m massive fire elemental
[01/10/2012 14:34:43] /m massive fire elemental
[01/10/2012 14:34:43] /m massive fire elemental
[01/10/2012 14:34:44] /m massive fire elemental
[01/10/2012 14:34:44] /m massive fire elemental
[01/10/2012 14:34:44] /m massive fire elemental
[01/10/2012 14:34:44] /m massive fire elemental
[01/10/2012 14:34:44] /m massive fire elemental
[01/10/2012 14:34:45] /m massive fire elemental
[01/10/2012 14:34:45] /m massive fire elemental
[01/10/2012 14:34:45] /m massive fire elemental
[01/10/2012 14:34:53] /m massive fire elemental
[01/10/2012 14:34:54] /m massive fire elemental
[01/10/2012 14:34:54] /m massive fire elemental
[01/10/2012 14:34:54] /m massive fire elemental
[01/10/2012 14:34:54] /m massive fire elemental
[01/10/2012 14:34:54] /m massive fire elemental
[01/10/2012 14:34:54] /m massive fire elemental
[01/10/2012 14:34:55] /m massive fire elemental
[01/10/2012 14:34:55] /m massive fire elemental
[01/10/2012 14:34:55] /m massive fire elemental
[01/10/2012 14:35:08] /r
[01/10/2012 14:35:10] /r
[01/10/2012 14:35:12] /r
[01/10/2012 14:35:15] /r
[01/10/2012 14:35:18] /r
[01/10/2012 14:35:20] /r
[01/10/2012 14:35:22] /r
[01/10/2012 14:35:38] /t druid~
[01/10/2012 14:36:57] /goto kuase~
[01/10/2012 14:37:10] /a 33
[01/10/2012 14:37:12] /a 33
[01/10/2012 14:37:13] /a 33
[01/10/2012 14:37:17] /a 33
[01/10/2012 14:37:21] /a 5
[01/10/2012 14:37:22] /a 5
[01/10/2012 14:37:35] /m treptin
[01/10/2012 14:37:36] /m treptin
[01/10/2012 14:37:36] /m treptin
[01/10/2012 14:37:36] /m treptin
[01/10/2012 14:37:37] /m treptin
[01/10/2012 14:37:37] /m treptin
[01/10/2012 14:37:37] /m treptin
[01/10/2012 14:37:40] /m treptin
[01/10/2012 14:38:20] /m treptin
[01/10/2012 14:38:22] /m treptin
[01/10/2012 14:38:34] /t
[01/10/2012 14:38:43] /a 33
[01/10/2012 14:38:45] /a 33
[01/10/2012 14:38:47] /a 33
[01/10/2012 14:38:49] /a 33
[01/10/2012 14:38:51] /a 3
[01/10/2012 14:38:51] /a 3
[01/10/2012 14:38:52] /a 3
[01/10/2012 14:38:52] /a 3
[01/10/2012 14:38:53] /a 3
[01/10/2012 14:38:54] /a 3
[02/10/2012 00:34:02] /goto closed~
[02/10/2012 00:34:07] /t
[02/10/2012 00:34:11] /a 33
[02/10/2012 00:34:12] /a 33
[02/10/2012 00:34:12] /a 33
[02/10/2012 00:34:13] /a 33
[02/10/2012 00:34:13] /a 33
[02/10/2012 00:34:14] /a 33
[02/10/2012 00:34:16] /a 33
[02/10/2012 00:34:18] /down
[02/10/2012 00:34:19] /down
[02/10/2012 00:34:19] /down
[02/10/2012 00:34:24] /a 33
[02/10/2012 00:34:27] /a
[02/10/2012 00:34:28] /a
[02/10/2012 00:34:28] /a
[02/10/2012 00:34:29] /a
[02/10/2012 00:34:32] /a
[02/10/2012 00:34:32] /a
[02/10/2012 00:34:33] /a
[02/10/2012 00:34:33] /a
[02/10/2012 00:34:34] /a
[02/10/2012 00:34:35] /a
[02/10/2012 00:34:36] /a
[02/10/2012 00:34:36] /a
[02/10/2012 00:34:45] /a 33
[02/10/2012 00:34:47] /a 3
[02/10/2012 00:34:49] /a 3
[02/10/2012 00:34:50] /down
[02/10/2012 00:34:51] /down
[02/10/2012 00:34:53] /down
[02/10/2012 00:34:55] /a 3
[02/10/2012 00:34:58] /down
[02/10/2012 00:35:00] /down
[02/10/2012 00:35:02] /down
[02/10/2012 00:35:04] /down
[02/10/2012 00:35:06] /down
[02/10/2012 00:35:09] /down
[02/10/2012 00:35:10] /down
[02/10/2012 00:35:13] /down
[02/10/2012 00:35:23] /c um~
[02/10/2012 00:35:53] /i exp potiob
[02/10/2012 00:35:55] /i exp potion
[02/10/2012 02:27:30] /i exp potion
[02/10/2012 02:27:36] /goto um ~
[02/10/2012 02:28:25] /m massive fire elemental
[02/10/2012 02:28:25] /m massive fire elemental
[02/10/2012 02:28:25] /m massive fire elemental
[02/10/2012 02:28:26] /m massive fire elemental
[02/10/2012 02:28:26] /m massive fire elemental
[02/10/2012 02:28:26] /m massive fire elemental
[02/10/2012 02:28:26] /m massive fire elemental
[02/10/2012 02:28:26] /m massive fire elemental
[02/10/2012 02:28:50] /r
[02/10/2012 02:28:51] /r
[02/10/2012 02:28:53] /r
[02/10/2012 02:28:55] /r
[02/10/2012 02:28:56] /r
[02/10/2012 02:28:59] /r
[02/10/2012 02:29:01] /r
[02/10/2012 02:29:02] /r
[02/10/2012 02:29:03] /r
[02/10/2012 02:29:39] /a 2
[02/10/2012 02:30:12] /goto kuase~
[02/10/2012 02:30:27] /a
[02/10/2012 02:30:36] /a 3
[02/10/2012 02:30:37] /a 3
[02/10/2012 02:30:56] /t
[02/10/2012 02:31:05] /goto clo~
[02/10/2012 02:32:22] /name Kina Yes , KInA YeS
[02/10/2012 02:33:25] /name Gean , KInA YeS
[02/10/2012 02:33:43] /name Gean , Kina Yes
[02/10/2012 02:34:18] /name KInA YeS , Kina Yes
[02/10/2012 02:34:25] /name KInA YeS , Gean
[02/10/2012 02:34:39] /name Gean , Kina Yes
[02/10/2012 02:34:45] /name Gean , Kina Yes
[02/10/2012 02:35:10] /name Gean , Kina Yes
[02/10/2012 02:35:14] /name Gean , Kina YeS
[02/10/2012 02:36:14] /name Kina Yes , Gean
[02/10/2012 02:36:33] /name Kina YeS , Kina Yes
[02/10/2012 02:37:08] /a 33
[02/10/2012 02:37:13] /a 33
[02/10/2012 02:37:15] /a 33
[02/10/2012 02:37:16] /a 33
[02/10/2012 02:37:19] /a 33
[02/10/2012 02:37:20] /a 33
[02/10/2012 02:37:21] /a 33
[02/10/2012 02:37:23] /a 3
[02/10/2012 02:37:24] /a 3
[02/10/2012 02:37:26] /a 3
[02/10/2012 02:37:29] /a
[02/10/2012 02:37:44] /i 424
[02/10/2012 12:31:45] /c um kina~
[02/10/2012 12:31:51] /i exp potion
[02/10/2012 12:32:07] /m massive fire elemental
[02/10/2012 12:32:14] /m massive fire elemental
[02/10/2012 12:32:22] /r
[02/10/2012 12:32:24] /r
[03/10/2012 11:58:20] /t um kina~
[03/10/2012 12:10:46] /goto ninjaa
[03/10/2012 12:10:52] /down
[03/10/2012 12:10:56] /goto ninjaa
[03/10/2012 12:26:38] /goto ninjaa
[03/10/2012 14:46:42] /goto whit boss
[03/10/2012 14:46:47] /goto whith boss
[03/10/2012 14:46:50] /goto whith boss
[03/10/2012 14:46:52] /r
[03/10/2012 14:46:53] /goto whith boss
[03/10/2012 14:46:57] /r
[03/10/2012 14:46:58] /goto whith boss
[03/10/2012 14:47:02] /r
[03/10/2012 14:47:05] /goto scarab
[03/10/2012 14:47:09] /goto whith boss
[03/10/2012 14:50:38] /name Neewbaa,^.- KoRiNGa
[04/10/2012 01:12:07] /a 33
[04/10/2012 01:12:43] /a
[04/10/2012 01:12:45] /a 33
[04/10/2012 01:14:23] /mc
[04/10/2012 01:19:06] /goto trep~
[04/10/2012 01:19:10] /goto treptin
[04/10/2012 01:19:16] /goto treptin
[04/10/2012 01:19:26] /down
[04/10/2012 01:19:27] /down
[04/10/2012 01:19:57] /goto treptin
[04/10/2012 01:20:12] /goto treptin
[04/10/2012 01:20:16] /goto treptin
[04/10/2012 01:20:36] /down
[04/10/2012 01:23:25] /c druid~
[04/10/2012 01:24:22] /goto treptin
[04/10/2012 01:24:24] /goto treptin
[04/10/2012 01:24:27] /goto treptin
[04/10/2012 01:24:29] /goto treptin
[04/10/2012 01:24:32] /goto treptin
[04/10/2012 01:24:38] /goto treptin
[04/10/2012 01:24:42] /goto treptin
[04/10/2012 01:24:46] /goto treptin
[04/10/2012 01:24:49] /goto treptin
[04/10/2012 01:24:53] /goto treptin
[04/10/2012 01:24:57] /goto treptin
[04/10/2012 01:25:03] /goto treptin
[04/10/2012 01:25:09] /goto treptin
[04/10/2012 01:25:33] /goto treptin
[04/10/2012 01:25:34] /goto treptin
[04/10/2012 01:25:35] /goto treptin
[04/10/2012 01:25:35] /goto treptin
[04/10/2012 01:25:36] /goto treptin
[04/10/2012 01:25:36] /goto treptin
[04/10/2012 01:25:36] /goto treptin
[04/10/2012 01:25:37] /goto treptin
[04/10/2012 01:25:37] /goto treptin
[04/10/2012 01:25:37] /goto treptin
[04/10/2012 01:25:38] /goto treptin
[04/10/2012 01:25:38] /goto treptin
[04/10/2012 01:25:38] /goto treptin
[04/10/2012 01:25:39] /goto treptin
[04/10/2012 01:25:39] /goto treptin
[04/10/2012 01:25:40] /goto treptin
[04/10/2012 01:25:40] /goto treptin
[04/10/2012 01:25:40] /goto treptin
[04/10/2012 01:25:40] /goto treptin
[04/10/2012 01:25:41] /goto treptin
[04/10/2012 01:25:41] /goto treptin
[04/10/2012 01:25:42] /goto treptin
[04/10/2012 01:25:42] /goto treptin
[04/10/2012 01:25:42] /goto treptin
[04/10/2012 01:25:43] /goto treptin
[04/10/2012 01:25:43] /goto treptin
[04/10/2012 01:25:43] /goto treptin
[04/10/2012 01:25:44] /goto treptin
[04/10/2012 01:25:44] /goto treptin
[04/10/2012 01:25:44] /goto treptin
[04/10/2012 01:25:45] /goto treptin
[04/10/2012 01:25:45] /goto treptin
[04/10/2012 01:25:45] /goto treptin
[04/10/2012 01:25:46] /goto treptin
[04/10/2012 01:25:46] /goto treptin
[04/10/2012 01:25:47] /goto treptin
[04/10/2012 01:25:47] /goto treptin
[04/10/2012 01:25:47] /goto treptin
[04/10/2012 01:25:48] /goto treptin
[04/10/2012 01:25:48] /goto treptin
[04/10/2012 01:25:48] /goto treptin
[04/10/2012 01:25:49] /goto treptin
[04/10/2012 01:25:49] /goto treptin
[04/10/2012 01:25:50] /goto treptin
[04/10/2012 01:25:50] /goto treptin
[04/10/2012 01:25:50] /goto treptin
[04/10/2012 01:26:14] /c druid
[04/10/2012 01:26:18] /c druid~
[04/10/2012 01:26:29] /t
[04/10/2012 01:26:44] /a
[04/10/2012 01:26:46] /a
[04/10/2012 01:26:48] /r
[04/10/2012 01:26:52] /a
[04/10/2012 01:26:54] /r
[04/10/2012 01:26:59] /m bosser
[04/10/2012 01:27:02] /m bosser
[04/10/2012 01:27:07] /c bosser
[04/10/2012 01:27:10] /m bosser
[04/10/2012 01:27:16] /a 3
[04/10/2012 01:27:19] /i 424
[04/10/2012 01:27:23] /m bosser
[04/10/2012 01:27:26] /a
[04/10/2012 01:27:29] /i 424
[04/10/2012 01:27:32] /m bosser
[04/10/2012 01:27:33] /m bosser
[04/10/2012 01:27:34] /m bosser
[04/10/2012 01:27:41] /m lord vampire
[04/10/2012 01:28:04] /m treptin
[04/10/2012 01:28:18] /r all
[04/10/2012 01:28:22] /m demob
[04/10/2012 01:28:25] /m demon
[04/10/2012 01:28:38] /m black skull
[04/10/2012 01:28:45] /m black kull
[04/10/2012 01:28:50] /m bosser
[04/10/2012 01:29:17] /a 5
[04/10/2012 01:29:32] /m bosser
[04/10/2012 01:29:37] /m black skull
[04/10/2012 01:29:47] /m black kull
[04/10/2012 01:30:11] /a 2
[04/10/2012 01:30:18] /c bosser
[04/10/2012 01:30:21] /c bosser
[04/10/2012 01:30:26] /a 3
[04/10/2012 01:30:28] /c bosser
[04/10/2012 01:30:32] /c bosser
[04/10/2012 01:30:38] /c bosser
[04/10/2012 01:30:41] /c bosser
[04/10/2012 01:30:47] /c black
[04/10/2012 01:30:59] /m black~
[04/10/2012 01:31:03] /m black skull
[04/10/2012 01:31:37] /i 4609
[04/10/2012 01:31:39] /i 4609
[04/10/2012 01:31:41] /t
[04/10/2012 01:32:45] /goto druid~
[04/10/2012 01:32:54] /m black bull
[04/10/2012 01:32:59] /t
[04/10/2012 01:33:11] /a 3
[04/10/2012 01:33:14] /m black bull
[04/10/2012 01:33:19] /a 3
[04/10/2012 01:34:11] /goto druid~
[04/10/2012 01:34:25] /c kua~
[04/10/2012 01:34:45] /goto treptin
[04/10/2012 01:34:47] /goto treptin
[04/10/2012 01:34:48] /goto treptin
[04/10/2012 01:34:49] /goto treptin
[04/10/2012 01:34:51] /goto treptin
[04/10/2012 01:34:52] /goto treptin
[04/10/2012 01:34:54] /goto treptin
[04/10/2012 01:34:56] /goto treptin
[04/10/2012 01:34:58] /goto treptin
[04/10/2012 01:35:00] /goto treptin
[04/10/2012 01:35:02] /goto treptin
[04/10/2012 01:35:03] /goto treptin
[04/10/2012 01:35:03] /goto treptin
[04/10/2012 01:35:04] /goto treptin
[04/10/2012 01:35:04] /goto treptin
[04/10/2012 01:35:06] /goto treptin
[04/10/2012 01:35:07] /goto treptin
[04/10/2012 01:35:08] /goto treptin
[04/10/2012 01:35:09] /goto treptin
[04/10/2012 01:35:10] /goto treptin
[04/10/2012 01:35:11] /goto treptin
[04/10/2012 01:35:12] /goto treptin
[04/10/2012 01:35:13] /goto treptin
[04/10/2012 01:35:14] /goto treptin
[04/10/2012 01:35:14] /goto treptin
[04/10/2012 01:35:15] /goto treptin
[04/10/2012 01:35:17] /goto treptin
[04/10/2012 01:35:19] /goto treptin
[04/10/2012 01:35:20] /goto treptin
[04/10/2012 01:35:21] /goto treptin
[04/10/2012 01:35:22] /goto treptin
[04/10/2012 01:35:29] /goto treptin
[04/10/2012 01:35:43] /c ku~
[04/10/2012 01:37:17] /t kua~
[04/10/2012 01:37:25] /goto druid~
[04/10/2012 01:37:47] /m exp bug
[04/10/2012 01:37:54] /t
[04/10/2012 01:37:59] /goto exp bug
[04/10/2012 01:38:27] /c druid~
[04/10/2012 01:38:41] /r
[04/10/2012 01:38:45] /t
[04/10/2012 01:38:47] /a 33
[04/10/2012 01:39:32] /a 33
[04/10/2012 01:39:33] /a 33
[04/10/2012 01:39:35] /a 33
[04/10/2012 01:39:38] /a 33
[04/10/2012 01:39:39] /a 33
[04/10/2012 01:39:41] /a 33
[04/10/2012 01:39:41] /a 33
[04/10/2012 01:39:42] /a 33
[04/10/2012 01:39:43] /a 33
[04/10/2012 01:39:45] /a 33
[04/10/2012 01:39:45] /a 33
[04/10/2012 01:39:46] /a 33
[04/10/2012 01:39:46] /a 33
[04/10/2012 01:39:47] /a 33
[04/10/2012 01:39:48] /a 33
[04/10/2012 01:39:48] /a 33
[04/10/2012 01:39:49] /a 33
[04/10/2012 01:39:51] /a 33
[04/10/2012 01:39:52] /a 33
[04/10/2012 01:39:53] /a 33
[04/10/2012 01:39:54] /a 33
[04/10/2012 01:39:54] /a 33
[04/10/2012 01:39:59] /a 33
[04/10/2012 01:39:59] /a 33
[04/10/2012 01:40:00] /a 33
[04/10/2012 01:40:02] /a 33
[04/10/2012 01:40:04] /t
[04/10/2012 01:40:48] /goto druid~
[04/10/2012 01:40:55] /i exp potion
[04/10/2012 01:42:18] /m exp bug
[04/10/2012 01:42:22] /m exp bug
[04/10/2012 01:42:24] /a
[04/10/2012 01:42:29] /m exp bug
[04/10/2012 01:42:30] /m exp bug
[04/10/2012 01:42:40] /m exp bug
[04/10/2012 01:42:42] /a
[04/10/2012 01:42:53] /m exp bug
[04/10/2012 01:42:58] /r
[04/10/2012 01:43:03] /t druid~
[04/10/2012 01:43:07] /r
[04/10/2012 01:43:10] /r
[04/10/2012 01:43:16] /r
[04/10/2012 01:43:18] /r
[04/10/2012 01:43:18] /r
[04/10/2012 01:43:20] /r
[04/10/2012 01:43:58] /goto exp bug
[04/10/2012 03:22:49] /t
[04/10/2012 03:23:04] /goto maco~
[04/10/2012 03:23:14] /t
[04/10/2012 03:24:12] /i exp potion
[04/10/2012 03:24:27] /a 33
[04/10/2012 03:24:30] /a 33
[04/10/2012 03:24:32] /a 33
[04/10/2012 03:24:33] /a 33
[04/10/2012 03:24:40] /a 3
[04/10/2012 03:24:41] /a 3
[04/10/2012 03:25:30] /t
[04/10/2012 03:25:31] /a 33
[04/10/2012 03:25:33] /a 33
[04/10/2012 03:25:41] /a 33
[04/10/2012 03:25:41] /a 33
[04/10/2012 03:25:44] /a 33
[04/10/2012 03:25:45] /a 33
[04/10/2012 03:25:47] /a 33
[04/10/2012 03:25:51] /up
[04/10/2012 03:25:55] /down
[04/10/2012 03:25:58] /down
[04/10/2012 03:26:01] /a
[04/10/2012 03:26:01] /a
[04/10/2012 03:26:02] /a
[04/10/2012 03:26:03] /a
[04/10/2012 03:26:04] /a
[04/10/2012 03:26:05] /a
[04/10/2012 03:26:13] /c um~
[04/10/2012 03:26:57] /m massive fire elemental
[04/10/2012 03:26:57] /m massive fire elemental
[04/10/2012 03:26:58] /m massive fire elemental
[04/10/2012 03:26:58] /m massive fire elemental
[04/10/2012 03:27:15] /m massive fire elemental
[04/10/2012 03:27:16] /m massive fire elemental
[04/10/2012 03:27:16] /m massive fire elemental
[04/10/2012 03:27:35] /r
[04/10/2012 03:27:36] /r
[04/10/2012 03:27:37] /r
[04/10/2012 03:27:38] /r
[04/10/2012 03:27:40] /r
[04/10/2012 03:27:55] /r
[04/10/2012 03:27:57] /r
[04/10/2012 03:27:58] /r
[04/10/2012 03:28:00] /r
[04/10/2012 03:28:01] /r
[04/10/2012 03:28:03] /r
[04/10/2012 03:28:05] /r
[04/10/2012 03:28:24] /t um~
[04/10/2012 08:28:14] /c coringa
[04/10/2012 08:28:21] /c coringa~
[04/10/2012 08:30:43] /m massive fire elemental
[04/10/2012 08:30:55] /m massive fire elemental
[04/10/2012 08:30:56] /m massive fire elemental
[04/10/2012 08:30:56] /m massive fire elemental
[04/10/2012 08:30:57] /m massive fire elemental
[04/10/2012 08:30:57] /m massive fire elemental
[04/10/2012 08:30:58] /m massive fire elemental
[04/10/2012 08:30:59] /m massive fire elemental
[04/10/2012 08:31:00] /m massive fire elemental
[04/10/2012 08:31:01] /m massive fire elemental
[04/10/2012 08:31:02] /m massive fire elemental
[04/10/2012 08:31:02] /m massive fire elemental
[04/10/2012 08:31:03] /m massive fire elemental
[04/10/2012 08:31:03] /m massive fire elemental
[04/10/2012 08:31:04] /m massive fire elemental
[04/10/2012 08:31:04] /m massive fire elemental
[04/10/2012 08:31:04] /m massive fire elemental
[04/10/2012 08:31:05] /m massive fire elemental
[04/10/2012 08:31:05] /m massive fire elemental
[04/10/2012 08:31:06] /m massive fire elemental
[04/10/2012 08:31:06] /m massive fire elemental
[04/10/2012 08:31:06] /m massive fire elemental
[04/10/2012 08:31:07] /m massive fire elemental
[04/10/2012 08:31:07] /m massive fire elemental
[04/10/2012 08:31:08] /m massive fire elemental
[04/10/2012 08:31:08] /m massive fire elemental
[04/10/2012 08:31:08] /m massive fire elemental
[04/10/2012 08:31:09] /m massive fire elemental
[04/10/2012 08:31:09] /m massive fire elemental
[04/10/2012 08:31:09] /m massive fire elemental
[04/10/2012 08:31:10] /m massive fire elemental
[04/10/2012 08:31:11] /m massive fire elemental
[04/10/2012 08:31:11] /m massive fire elemental
[04/10/2012 08:31:11] /m massive fire elemental
[04/10/2012 08:31:12] /m massive fire elemental
[04/10/2012 08:31:12] /m massive fire elemental
[04/10/2012 08:31:13] /m massive fire elemental
[04/10/2012 08:31:13] /m massive fire elemental
[04/10/2012 08:31:14] /m massive fire elemental
[04/10/2012 08:31:14] /m massive fire elemental
[04/10/2012 08:31:14] /m massive fire elemental
[04/10/2012 08:31:15] /m massive fire elemental
[04/10/2012 08:31:15] /m massive fire elemental
[04/10/2012 08:31:16] /m massive fire elemental
[04/10/2012 08:31:16] /m massive fire elemental
[04/10/2012 08:31:17] /m massive fire elemental
[04/10/2012 08:31:17] /m massive fire elemental
[04/10/2012 08:31:18] /m massive fire elemental
[04/10/2012 08:31:18] /m massive fire elemental
[04/10/2012 08:31:29] /m massive fire elemental
[04/10/2012 08:32:00] /r all
[04/10/2012 08:32:02] /r all
[04/10/2012 08:32:03] /r all
[04/10/2012 08:32:04] /r all
[04/10/2012 08:32:05] /r all
[04/10/2012 08:32:06] /r all
[04/10/2012 08:32:08] /r all
[04/10/2012 08:32:10] /r all
[04/10/2012 08:32:11] /r all
[04/10/2012 08:32:12] /r all
[04/10/2012 08:32:13] /r all
[04/10/2012 08:32:15] /r all
[04/10/2012 08:32:17] /r all
[04/10/2012 08:32:20] /r all
[04/10/2012 08:32:23] /r all
[04/10/2012 09:41:08] /goto maria m~
[04/10/2012 09:41:18] /c coringa~
[04/10/2012 09:49:44] /goto ^~~
[04/10/2012 09:49:46] /goto ^~
[04/10/2012 09:49:49] /a 10
[04/10/2012 09:49:49] /a 10
[04/10/2012 09:49:50] /a 10
[04/10/2012 09:49:51] /a 10
[04/10/2012 09:49:52] /a 10
[04/10/2012 09:49:52] /a 10
[04/10/2012 09:49:53] /a 10
[04/10/2012 09:49:54] /a 10
[04/10/2012 09:50:04] /i special backpack
[04/10/2012 09:50:04] /i special backpack
[04/10/2012 09:50:05] /i special backpack
[04/10/2012 09:50:13] /r all
[04/10/2012 09:50:14] /i 2160
[04/10/2012 09:50:23] /i supreme wand
[04/10/2012 09:50:30] /i supreme shield
[04/10/2012 09:50:33] /i supreme ring
[04/10/2012 09:50:43] /i supreme wand
[04/10/2012 09:50:46] /i special hat
[04/10/2012 09:50:48] /i special armor
[04/10/2012 09:50:50] /i special legs
[04/10/2012 09:50:53] /i special boots
[04/10/2012 09:51:14] /c ^~
[04/10/2012 09:52:00] /m massive fire elemental
[04/10/2012 09:52:02] /i exp bug
[04/10/2012 09:52:10] /i exp potion
[04/10/2012 09:52:10] /i exp potion
[04/10/2012 09:52:34] /m massive fire elemental
[04/10/2012 09:52:35] /m massive fire elemental
[04/10/2012 09:52:35] /m massive fire elemental
[04/10/2012 09:52:36] /m massive fire elemental
[04/10/2012 09:52:37] /m massive fire elemental
[04/10/2012 09:52:38] /m massive fire elemental
[04/10/2012 09:52:38] /m massive fire elemental
[04/10/2012 09:52:38] /m massive fire elemental
[04/10/2012 09:52:39] /m massive fire elemental
