[12/09/2012 15:38:11] /c feio~
[12/09/2012 15:38:22] /down
[12/09/2012 15:38:26] /down
[12/09/2012 15:38:27] /down
[12/09/2012 15:38:29] /down
[12/09/2012 15:38:30] /down
[12/09/2012 15:38:31] /down
[12/09/2012 15:38:38] /a 3
[12/09/2012 15:38:39] /a 3
[12/09/2012 15:38:39] /a 3
[12/09/2012 15:38:40] /a 3
[12/09/2012 15:38:44] /c / 
[12/09/2012 15:38:48] /c feio~
[12/09/2012 15:41:09] /t feio ~
[12/09/2012 15:41:18] /t
[12/09/2012 15:41:30] /a 33
[12/09/2012 15:41:48] /goto warrio~
[12/09/2012 15:41:57] /goto feio~
[12/09/2012 15:42:06] /up
[12/09/2012 15:43:04] /c Lord Ebuddy
[12/09/2012 15:47:01] /i special backpack
[12/09/2012 15:47:12] /i exp potion
[12/09/2012 15:47:13] /i exp potion
[12/09/2012 15:47:13] /i exp potion
[12/09/2012 15:47:13] /i exp potion
[12/09/2012 15:47:13] /i exp potion
[12/09/2012 15:47:13] /i exp potion
[12/09/2012 15:47:14] /i exp potion
[12/09/2012 15:47:14] /i exp potion
[12/09/2012 15:47:14] /i exp potion
[12/09/2012 15:47:14] /i exp potion
[12/09/2012 15:47:14] /i exp potion
[12/09/2012 15:47:14] /i exp potion
[12/09/2012 15:47:14] /i exp potion
[12/09/2012 15:47:14] /i exp potion
[12/09/2012 15:47:14] /i exp potion
[12/09/2012 15:47:14] /i exp potion
[12/09/2012 15:47:14] /i exp potion
[12/09/2012 15:47:14] /i exp potion
[12/09/2012 15:47:14] /i exp potion
[12/09/2012 15:47:14] /i exp potion
[12/09/2012 15:47:14] /i exp potion
[12/09/2012 15:47:14] /i exp potion
[12/09/2012 15:47:14] /i exp potion
[12/09/2012 15:47:15] /i exp potion
[12/09/2012 15:47:15] /i exp potion
[12/09/2012 15:47:15] /i exp potion
[12/09/2012 15:47:15] /i exp potion
[12/09/2012 15:47:15] /i exp potion
[12/09/2012 15:47:15] /i exp potion
[12/09/2012 15:47:15] /i exp potion
[12/09/2012 15:47:15] /i exp potion
[12/09/2012 15:47:16] /i exp potion
[12/09/2012 15:47:16] /i exp potion
[12/09/2012 15:47:16] /i exp potion
[12/09/2012 15:47:16] /i exp potion
[12/09/2012 15:47:16] /i exp potion
[12/09/2012 15:47:16] /i exp potion
[12/09/2012 15:47:16] /i exp potion
[12/09/2012 15:47:16] /i exp potion
[12/09/2012 15:47:16] /i exp potion
[12/09/2012 15:47:16] /i exp potion
[12/09/2012 15:47:16] /i exp potion
[12/09/2012 15:47:16] /i exp potion
[12/09/2012 15:47:16] /i exp potion
[12/09/2012 15:47:16] /i exp potion
[12/09/2012 15:47:16] /i exp potion
[12/09/2012 15:47:16] /i exp potion
[12/09/2012 15:47:16] /i exp potion
[12/09/2012 15:47:16] /i exp potion
[12/09/2012 15:47:16] /i exp potion
[12/09/2012 15:47:17] /i exp potion
[12/09/2012 15:47:17] /i exp potion
[12/09/2012 15:47:17] /i exp potion
[12/09/2012 15:47:17] /i exp potion
[12/09/2012 15:47:17] /i exp potion
[12/09/2012 15:47:17] /i exp potion
[12/09/2012 15:47:17] /i exp potion
[12/09/2012 15:47:17] /i exp potion
[12/09/2012 15:47:17] /i exp potion
[12/09/2012 15:47:17] /i exp potion
[12/09/2012 15:47:17] /i exp potion
[12/09/2012 15:47:17] /i exp potion
[12/09/2012 15:47:17] /i exp potion
[12/09/2012 15:47:17] /i exp potion
[12/09/2012 15:47:17] /i exp potion
[12/09/2012 15:47:17] /i exp potion
[12/09/2012 15:47:18] /i exp potion
[12/09/2012 15:47:18] /i exp potion
[12/09/2012 15:47:18] /i exp potion
[12/09/2012 15:47:18] /i exp potion
[12/09/2012 15:47:18] /i exp potion
[12/09/2012 15:47:20] /r
[12/09/2012 15:47:21] /r
[12/09/2012 15:47:22] /r
[12/09/2012 15:47:22] /r
[12/09/2012 15:47:23] /r
[12/09/2012 15:47:23] /r
[12/09/2012 15:47:26] /r all
[12/09/2012 15:47:31] /goto lord~
[12/09/2012 15:47:34] /goto lord~
[12/09/2012 15:47:51] /goto Feio Stronda Kina
[12/09/2012 15:47:52] /goto Feio Stronda Kina
[12/09/2012 15:47:54] /goto Feio Stronda Kina
[12/09/2012 15:48:21] /goto lord ebuddy
[12/09/2012 17:06:52] /mc
[12/09/2012 17:06:58] /a 33
[12/09/2012 17:07:00] /a 33
[12/09/2012 17:07:02] /up
[12/09/2012 17:07:07] /i 424
[12/09/2012 17:07:11] /a
[12/09/2012 17:07:12] /i 424
[12/09/2012 17:07:13] /a
[12/09/2012 17:07:14] /i 424
[12/09/2012 17:07:27] /c Kina Stylleed
[12/09/2012 17:07:50] /m massive fire elemenral
[12/09/2012 17:07:55] /m massive fire elemental
[12/09/2012 17:08:03] /m massive fire elemental
[12/09/2012 17:08:03] /m massive fire elemental
[12/09/2012 17:08:04] /m massive fire elemental
[12/09/2012 17:08:09] /m massive fire elemental
[12/09/2012 17:08:09] /m massive fire elemental
[12/09/2012 17:08:10] /m massive fire elemental
[12/09/2012 17:08:10] /m massive fire elemental
[12/09/2012 17:08:16] /m massive fire elemental
[12/09/2012 17:08:17] /m massive fire elemental
[12/09/2012 17:08:17] /m massive fire elemental
[12/09/2012 17:08:18] /m massive fire elemental
[12/09/2012 17:08:29] /m massive fire elemental
[12/09/2012 17:08:29] /m massive fire elemental
[12/09/2012 17:08:30] /m massive fire elemental
[12/09/2012 17:08:41] /m massive fire elemental
[12/09/2012 17:08:41] /m massive fire elemental
[12/09/2012 17:08:45] /m massive fire elemental
[12/09/2012 17:08:45] /m massive fire elemental
[12/09/2012 17:08:51] /m massive fire elemental
[12/09/2012 17:08:51] /m massive fire elemental
[12/09/2012 17:09:00] /r
[12/09/2012 17:09:02] /r
[12/09/2012 17:09:08] /r
[12/09/2012 17:09:20] /i supreme axe
[12/09/2012 17:09:30] /attr set attack 650
[12/09/2012 17:09:33] /attr set attack 750
[12/09/2012 17:09:45] /t Kina Stylleed
[12/09/2012 17:09:53] /c Kina Stylleed
[12/09/2012 17:09:55] /r
[12/09/2012 17:09:58] /t Kina Stylleed
[12/09/2012 17:13:46] /name Kina Stylleed
[12/09/2012 17:15:14] /name Kina Stylleed , Kina'yes
[12/09/2012 17:15:23] /name Kina Stylleed, Kina'yes
[12/09/2012 17:15:26] /name Kina Stylleed ,Kina'yes
[12/09/2012 17:15:43] /name Kina Stylleed ,Kina Yes
[12/09/2012 20:40:27] /a 100
[12/09/2012 20:40:31] /a 20
[12/09/2012 20:40:32] /a 20
[12/09/2012 20:40:35] /down
[12/09/2012 20:40:36] /a 20
[12/09/2012 20:40:37] /a 20
[12/09/2012 20:40:39] /a 20
[12/09/2012 20:40:40] /a 20
[12/09/2012 20:40:42] /down
[12/09/2012 20:40:43] /down
[12/09/2012 20:40:45] /down
[12/09/2012 20:40:46] /down
[12/09/2012 20:40:48] /down
[12/09/2012 20:40:49] /down
[12/09/2012 20:40:52] /a
[12/09/2012 20:40:53] /a
[12/09/2012 20:40:53] /a
[12/09/2012 20:40:53] /a
[12/09/2012 20:40:54] /a
[12/09/2012 20:40:54] /a
[12/09/2012 20:40:55] /a
[12/09/2012 20:40:55] /a
[12/09/2012 20:40:55] /a
[12/09/2012 20:40:56] /a
[12/09/2012 20:40:56] /a
[12/09/2012 20:40:57] /a
[12/09/2012 20:40:57] /a
[12/09/2012 20:40:57] /a
[12/09/2012 20:41:29] /c feio druid
[12/09/2012 20:42:53] /i special backpack
[12/09/2012 20:42:54] /i special backpack
[12/09/2012 20:42:54] /i special backpack
[12/09/2012 20:42:55] /i special backpack
[12/09/2012 20:42:55] /i special backpack
[12/09/2012 20:42:56] /i special backpack
[12/09/2012 20:42:56] /i special backpack
[12/09/2012 20:42:56] /i special backpack
[12/09/2012 20:42:57] /i special backpack
[12/09/2012 20:42:57] /i special backpack
[12/09/2012 20:43:19] /i exp potion
[12/09/2012 20:43:20] /i exp potion
[12/09/2012 20:43:20] /i exp potion
[12/09/2012 20:43:20] /i exp potion
[12/09/2012 20:43:20] /i exp potion
[12/09/2012 20:43:20] /i exp potion
[12/09/2012 20:43:20] /i exp potion
[12/09/2012 20:43:20] /i exp potion
[12/09/2012 20:43:20] /i exp potion
[12/09/2012 20:43:21] /i exp potion
[12/09/2012 20:43:21] /i exp potion
[12/09/2012 20:43:21] /i exp potion
[12/09/2012 20:43:21] /i exp potion
[12/09/2012 20:43:21] /i exp potion
[12/09/2012 20:43:21] /i exp potion
[12/09/2012 20:43:21] /i exp potion
[12/09/2012 20:43:21] /i exp potion
[12/09/2012 20:43:21] /i exp potion
[12/09/2012 20:43:21] /i exp potion
[12/09/2012 20:43:21] /i exp potion
[12/09/2012 20:43:22] /i exp potion
[12/09/2012 20:43:22] /i exp potion
[12/09/2012 20:43:22] /i exp potion
[12/09/2012 20:43:22] /i exp potion
[12/09/2012 20:43:22] /i exp potion
[12/09/2012 20:43:22] /i exp potion
[12/09/2012 20:43:22] /i exp potion
[12/09/2012 20:43:22] /i exp potion
[12/09/2012 20:43:22] /i exp potion
[12/09/2012 20:43:22] /i exp potion
[12/09/2012 20:43:23] /i exp potion
[12/09/2012 20:43:23] /i exp potion
[12/09/2012 20:43:23] /i exp potion
[12/09/2012 20:43:23] /i exp potion
[12/09/2012 20:43:23] /i exp potion
[12/09/2012 20:43:23] /i exp potion
[12/09/2012 20:43:23] /i exp potion
[12/09/2012 20:43:24] /i exp potion
[12/09/2012 20:43:24] /i exp potion
[12/09/2012 20:43:24] /i exp potion
[12/09/2012 20:43:24] /i exp potion
[12/09/2012 20:43:24] /i exp potion
[12/09/2012 20:43:24] /i exp potion
[12/09/2012 20:43:24] /i exp potion
[12/09/2012 20:43:24] /i exp potion
[12/09/2012 20:43:24] /i exp potion
[12/09/2012 20:43:24] /i exp potion
[12/09/2012 20:43:25] /i exp potion
[12/09/2012 20:43:25] /i exp potion
[12/09/2012 20:43:25] /i exp potion
[12/09/2012 20:43:25] /i exp potion
[12/09/2012 20:43:25] /i exp potion
[12/09/2012 20:43:25] /i exp potion
[12/09/2012 20:43:25] /i exp potion
[12/09/2012 20:43:25] /i exp potion
[12/09/2012 20:43:25] /i exp potion
[12/09/2012 20:43:25] /i exp potion
[12/09/2012 20:43:25] /i exp potion
[12/09/2012 20:43:26] /i exp potion
[12/09/2012 20:43:26] /i exp potion
[12/09/2012 20:43:26] /i exp potion
[12/09/2012 20:43:26] /i exp potion
[12/09/2012 20:43:26] /i exp potion
[12/09/2012 20:43:26] /i exp potion
[12/09/2012 20:43:26] /i exp potion
[12/09/2012 20:43:26] /i exp potion
[12/09/2012 20:43:26] /i exp potion
[12/09/2012 20:43:26] /i exp potion
[12/09/2012 20:43:26] /i exp potion
[12/09/2012 20:43:27] /i exp potion
[12/09/2012 20:43:27] /i exp potion
[12/09/2012 20:43:27] /i exp potion
[12/09/2012 20:43:27] /i exp potion
[12/09/2012 20:43:27] /i exp potion
[12/09/2012 20:43:27] /i exp potion
[12/09/2012 20:43:27] /i exp potion
[12/09/2012 20:43:27] /i exp potion
[12/09/2012 20:43:27] /i exp potion
[12/09/2012 20:43:28] /i exp potion
[12/09/2012 20:43:28] /i exp potion
[12/09/2012 20:43:28] /i exp potion
[12/09/2012 20:43:28] /i exp potion
[12/09/2012 20:43:28] /i exp potion
[12/09/2012 20:43:28] /i exp potion
[12/09/2012 20:43:28] /i exp potion
[12/09/2012 20:43:28] /i exp potion
[12/09/2012 20:43:28] /i exp potion
[12/09/2012 20:43:28] /i exp potion
[12/09/2012 20:43:28] /i exp potion
[12/09/2012 20:43:28] /i exp potion
[12/09/2012 20:43:29] /i exp potion
[12/09/2012 20:43:29] /i exp potion
[12/09/2012 20:43:29] /i exp potion
[12/09/2012 20:43:29] /i exp potion
[12/09/2012 20:43:29] /i exp potion
[12/09/2012 20:43:29] /i exp potion
[12/09/2012 20:43:29] /i exp potion
[12/09/2012 20:43:29] /i exp potion
[12/09/2012 20:43:29] /i exp potion
[12/09/2012 20:43:30] /i exp potion
[12/09/2012 20:43:30] /i exp potion
[12/09/2012 20:43:30] /i exp potion
[12/09/2012 20:43:30] /i exp potion
[12/09/2012 20:43:33] /i exp potion
[12/09/2012 20:43:33] /i exp potion
[12/09/2012 20:43:34] /i exp potion
[12/09/2012 20:43:34] /i exp potion
[12/09/2012 20:43:34] /i exp potion
[12/09/2012 20:43:34] /i exp potion
[12/09/2012 20:43:34] /i exp potion
[12/09/2012 20:43:34] /i exp potion
[12/09/2012 20:43:34] /i exp potion
[12/09/2012 20:43:34] /i exp potion
[12/09/2012 20:43:34] /i exp potion
[12/09/2012 20:43:35] /i exp potion
[12/09/2012 20:43:35] /i exp potion
[12/09/2012 20:43:35] /i exp potion
[12/09/2012 20:43:35] /i exp potion
[12/09/2012 20:43:35] /i exp potion
[12/09/2012 20:43:35] /i exp potion
[12/09/2012 20:43:35] /i exp potion
[12/09/2012 20:43:35] /i exp potion
[12/09/2012 20:43:35] /i exp potion
[12/09/2012 20:43:35] /i exp potion
[12/09/2012 20:43:36] /i exp potion
[12/09/2012 20:43:36] /i exp potion
[12/09/2012 20:43:36] /i exp potion
[12/09/2012 20:43:36] /i exp potion
[12/09/2012 20:43:36] /i exp potion
[12/09/2012 20:43:36] /i exp potion
[12/09/2012 20:43:36] /i exp potion
[12/09/2012 20:43:37] /i exp potion
[12/09/2012 20:43:37] /i exp potion
[12/09/2012 20:43:37] /i exp potion
[12/09/2012 20:43:37] /i exp potion
[12/09/2012 20:43:37] /i exp potion
[12/09/2012 20:43:37] /i exp potion
[12/09/2012 20:43:37] /i exp potion
[12/09/2012 20:43:37] /i exp potion
[12/09/2012 20:43:37] /i exp potion
[12/09/2012 20:43:38] /i exp potion
[12/09/2012 20:43:38] /i exp potion
[12/09/2012 20:43:38] /i exp potion
[12/09/2012 20:43:38] /i exp potion
[12/09/2012 20:43:38] /i exp potion
[12/09/2012 20:43:38] /i exp potion
[12/09/2012 20:43:38] /i exp potion
[12/09/2012 20:43:38] /i exp potion
[12/09/2012 20:43:38] /i exp potion
[12/09/2012 20:43:38] /i exp potion
[12/09/2012 20:43:39] /i exp potion
[12/09/2012 20:43:39] /i exp potion
[12/09/2012 20:43:39] /i exp potion
[12/09/2012 20:43:39] /i exp potion
[12/09/2012 20:43:39] /i exp potion
[12/09/2012 20:43:39] /i exp potion
[12/09/2012 20:43:39] /i exp potion
[12/09/2012 20:43:39] /i exp potion
[12/09/2012 20:43:40] /i exp potion
[12/09/2012 20:43:40] /i exp potion
[12/09/2012 20:43:40] /i exp potion
[12/09/2012 20:43:40] /i exp potion
[12/09/2012 20:43:40] /i exp potion
[12/09/2012 20:43:40] /i exp potion
[12/09/2012 20:43:40] /i exp potion
[12/09/2012 20:43:40] /i exp potion
[12/09/2012 20:43:40] /i exp potion
[12/09/2012 20:43:40] /i exp potion
[12/09/2012 20:43:40] /i exp potion
[12/09/2012 20:43:41] /i exp potion
[12/09/2012 20:43:41] /i exp potion
[12/09/2012 20:43:41] /i exp potion
[12/09/2012 20:43:41] /i exp potion
[12/09/2012 20:43:41] /i exp potion
[12/09/2012 20:43:41] /i exp potion
[12/09/2012 20:43:41] /i exp potion
[12/09/2012 20:43:41] /i exp potion
[12/09/2012 20:43:41] /i exp potion
[12/09/2012 20:43:41] /i exp potion
[12/09/2012 20:43:41] /i exp potion
[12/09/2012 20:43:42] /i exp potion
[12/09/2012 20:43:42] /i exp potion
[12/09/2012 20:43:42] /i exp potion
[12/09/2012 20:43:42] /i exp potion
[12/09/2012 20:43:42] /i exp potion
[12/09/2012 20:43:42] /i exp potion
[12/09/2012 20:43:42] /i exp potion
[12/09/2012 20:43:42] /i exp potion
[12/09/2012 20:43:42] /i exp potion
[12/09/2012 20:43:42] /i exp potion
[12/09/2012 20:43:42] /i exp potion
[12/09/2012 20:43:43] /i exp potion
[12/09/2012 20:43:43] /i exp potion
[12/09/2012 20:43:43] /i exp potion
[12/09/2012 20:43:43] /i exp potion
[12/09/2012 20:43:43] /i exp potion
[12/09/2012 20:43:43] /i exp potion
[12/09/2012 20:43:43] /i exp potion
[12/09/2012 20:43:43] /i exp potion
[12/09/2012 20:43:43] /i exp potion
[12/09/2012 20:43:44] /i exp potion
[12/09/2012 20:43:44] /i exp potion
[12/09/2012 20:43:44] /i exp potion
[12/09/2012 20:43:44] /i exp potion
[12/09/2012 20:43:44] /i exp potion
[12/09/2012 20:43:44] /i exp potion
[12/09/2012 20:43:44] /i exp potion
[12/09/2012 20:43:44] /i exp potion
[12/09/2012 20:43:44] /i exp potion
[12/09/2012 20:43:44] /i exp potion
[12/09/2012 20:43:44] /i exp potion
[12/09/2012 20:43:45] /i exp potion
[12/09/2012 20:43:45] /i exp potion
[12/09/2012 20:43:45] /i exp potion
[12/09/2012 20:43:45] /i exp potion
[12/09/2012 20:43:45] /i exp potion
[12/09/2012 20:43:45] /i exp potion
[12/09/2012 20:43:45] /i exp potion
[12/09/2012 20:43:45] /i exp potion
[12/09/2012 20:43:45] /i exp potion
[12/09/2012 20:43:46] /i exp potion
[12/09/2012 20:43:46] /i exp potion
[12/09/2012 20:43:46] /i exp potion
[12/09/2012 20:43:46] /i exp potion
[12/09/2012 20:43:46] /i exp potion
[12/09/2012 20:43:46] /i exp potion
[12/09/2012 20:43:46] /i exp potion
[12/09/2012 20:43:46] /i exp potion
[12/09/2012 20:43:46] /i exp potion
[12/09/2012 20:43:46] /i exp potion
[12/09/2012 20:43:47] /i exp potion
[12/09/2012 20:43:47] /i exp potion
[12/09/2012 20:43:47] /i exp potion
[12/09/2012 20:43:47] /i exp potion
[12/09/2012 20:43:47] /i exp potion
[12/09/2012 20:43:47] /i exp potion
[12/09/2012 20:43:47] /i exp potion
[12/09/2012 20:43:47] /i exp potion
[12/09/2012 20:43:47] /i exp potion
[12/09/2012 20:43:47] /i exp potion
[12/09/2012 20:43:48] /i exp potion
[12/09/2012 20:43:48] /i exp potion
[12/09/2012 20:43:48] /i exp potion
[12/09/2012 20:43:48] /i exp potion
[12/09/2012 20:43:48] /i exp potion
[12/09/2012 20:43:48] /i exp potion
[12/09/2012 20:43:48] /i exp potion
[12/09/2012 20:43:48] /i exp potion
[12/09/2012 20:43:48] /i exp potion
[12/09/2012 20:43:48] /i exp potion
[12/09/2012 20:43:49] /i exp potion
[12/09/2012 20:43:49] /i exp potion
[12/09/2012 20:43:49] /i exp potion
[12/09/2012 20:43:49] /i exp potion
[12/09/2012 20:43:49] /i exp potion
[12/09/2012 20:43:49] /i exp potion
[12/09/2012 20:43:49] /i exp potion
[12/09/2012 20:43:49] /i exp potion
[12/09/2012 20:43:49] /i exp potion
[12/09/2012 20:43:53] /r all
[12/09/2012 20:44:18] /r 
[12/09/2012 20:44:24] /i special backpack
[12/09/2012 20:44:25] /i special backpack
[12/09/2012 20:44:25] /i special backpack
[12/09/2012 20:44:25] /i special backpack
[12/09/2012 20:44:26] /i special backpack
[12/09/2012 20:44:26] /i special backpack
[12/09/2012 20:44:27] /i special backpack
[12/09/2012 20:44:29] /i special backpack
[12/09/2012 20:44:29] /i special backpack
[12/09/2012 20:44:43] /i 2160
[12/09/2012 20:44:43] /i 2160
[12/09/2012 20:44:43] /i 2160
[12/09/2012 20:44:43] /i 2160
[12/09/2012 20:44:44] /i 2160
[12/09/2012 20:44:44] /i 2160
[12/09/2012 20:44:44] /i 2160
[12/09/2012 20:44:44] /i 2160
[12/09/2012 20:44:44] /i 2160
[12/09/2012 20:44:44] /i 2160
[12/09/2012 20:44:44] /i 2160
[12/09/2012 20:44:44] /i 2160
[12/09/2012 20:44:44] /i 2160
[12/09/2012 20:44:44] /i 2160
[12/09/2012 20:44:45] /i 2160
[12/09/2012 20:44:45] /i 2160
[12/09/2012 20:44:45] /i 2160
[12/09/2012 20:44:45] /i 2160
[12/09/2012 20:44:45] /i 2160
[12/09/2012 20:44:45] /i 2160
[12/09/2012 20:44:45] /i 2160
[12/09/2012 20:44:45] /i 2160
[12/09/2012 20:44:46] /i 2160
[12/09/2012 20:44:46] /i 2160
[12/09/2012 20:44:46] /i 2160
[12/09/2012 20:44:46] /i 2160
[12/09/2012 20:44:46] /i 2160
[12/09/2012 20:44:46] /i 2160
[12/09/2012 20:44:46] /i 2160
[12/09/2012 20:44:46] /i 2160
[12/09/2012 20:44:46] /i 2160
[12/09/2012 20:44:46] /i 2160
[12/09/2012 20:44:46] /i 2160
[12/09/2012 20:44:47] /i 2160
[12/09/2012 20:44:47] /i 2160
[12/09/2012 20:44:47] /i 2160
[12/09/2012 20:44:47] /i 2160
[12/09/2012 20:44:47] /i 2160
[12/09/2012 20:44:47] /i 2160
[12/09/2012 20:44:47] /i 2160
[12/09/2012 20:44:47] /i 2160
[12/09/2012 20:44:47] /i 2160
[12/09/2012 20:44:48] /i 2160
[12/09/2012 20:44:48] /i 2160
[12/09/2012 20:44:48] /i 2160
[12/09/2012 20:44:48] /i 2160
[12/09/2012 20:44:48] /i 2160
[12/09/2012 20:44:48] /i 2160
[12/09/2012 20:44:48] /i 2160
[12/09/2012 20:44:48] /i 2160
[12/09/2012 20:44:48] /i 2160
[12/09/2012 20:44:48] /i 2160
[12/09/2012 20:44:48] /i 2160
[12/09/2012 20:44:49] /i 2160
[12/09/2012 20:44:49] /i 2160
[12/09/2012 20:44:49] /i 2160
[12/09/2012 20:44:49] /i 2160
[12/09/2012 20:44:49] /i 2160
[12/09/2012 20:44:49] /i 2160
[12/09/2012 20:44:49] /i 2160
[12/09/2012 20:44:49] /i 2160
[12/09/2012 20:44:49] /i 2160
[12/09/2012 20:44:50] /i 2160
[12/09/2012 20:44:50] /i 2160
[12/09/2012 20:44:50] /i 2160
[12/09/2012 20:44:50] /i 2160
[12/09/2012 20:44:50] /i 2160
[12/09/2012 20:44:50] /i 2160
[12/09/2012 20:44:50] /i 2160
[12/09/2012 20:44:50] /i 2160
[12/09/2012 20:44:50] /i 2160
[12/09/2012 20:44:51] /i 2160
[12/09/2012 20:44:51] /i 2160
[12/09/2012 20:44:51] /i 2160
[12/09/2012 20:44:51] /i 2160
[12/09/2012 20:44:51] /i 2160
[12/09/2012 20:44:51] /i 2160
[12/09/2012 20:44:51] /i 2160
[12/09/2012 20:44:51] /i 2160
[12/09/2012 20:44:51] /i 2160
[12/09/2012 20:44:51] /i 2160
[12/09/2012 20:44:52] /i 2160
[12/09/2012 20:44:52] /i 2160
[12/09/2012 20:44:52] /i 2160
[12/09/2012 20:44:52] /i 2160
[12/09/2012 20:44:52] /i 2160
[12/09/2012 20:44:52] /i 2160
[12/09/2012 20:44:52] /i 2160
[12/09/2012 20:44:52] /i 2160
[12/09/2012 20:44:52] /i 2160
[12/09/2012 20:44:52] /i 2160
[12/09/2012 20:44:53] /i 2160
[12/09/2012 20:44:53] /i 2160
[12/09/2012 20:44:53] /i 2160
[12/09/2012 20:44:53] /i 2160
[12/09/2012 20:44:53] /i 2160
[12/09/2012 20:44:53] /i 2160
[12/09/2012 20:44:53] /i 2160
[12/09/2012 20:44:53] /i 2160
[12/09/2012 20:44:53] /i 2160
[12/09/2012 20:44:53] /i 2160
[12/09/2012 20:44:53] /i 2160
[12/09/2012 20:44:54] /i 2160
[12/09/2012 20:44:54] /i 2160
[12/09/2012 20:44:54] /i 2160
[12/09/2012 20:44:54] /i 2160
[12/09/2012 20:44:54] /i 2160
[12/09/2012 20:44:54] /i 2160
[12/09/2012 20:44:54] /i 2160
[12/09/2012 20:44:54] /i 2160
[12/09/2012 20:44:54] /i 2160
[12/09/2012 20:44:54] /i 2160
[12/09/2012 20:44:55] /i 2160
[12/09/2012 20:44:55] /i 2160
[12/09/2012 20:44:55] /i 2160
[12/09/2012 20:44:55] /i 2160
[12/09/2012 20:44:55] /i 2160
[12/09/2012 20:44:55] /i 2160
[12/09/2012 20:44:55] /i 2160
[12/09/2012 20:44:56] /i 2160
[12/09/2012 20:44:56] /i 2160
[12/09/2012 20:44:56] /i 2160
[12/09/2012 20:44:56] /i 2160
[12/09/2012 20:44:56] /i 2160
[12/09/2012 20:44:56] /i 2160
[12/09/2012 20:44:56] /i 2160
[12/09/2012 20:44:56] /i 2160
[12/09/2012 20:44:56] /i 2160
[12/09/2012 20:44:56] /i 2160
[12/09/2012 20:44:56] /i 2160
[12/09/2012 20:44:56] /i 2160
[12/09/2012 20:44:56] /i 2160
[12/09/2012 20:44:56] /i 2160
[12/09/2012 20:44:57] /i 2160
[12/09/2012 20:44:57] /i 2160
[12/09/2012 20:44:57] /i 2160
[12/09/2012 20:44:57] /i 2160
[12/09/2012 20:44:57] /i 2160
[12/09/2012 20:44:57] /i 2160
[12/09/2012 20:44:57] /i 2160
[12/09/2012 20:44:57] /i 2160
[12/09/2012 20:44:57] /i 2160
[12/09/2012 20:44:57] /i 2160
[12/09/2012 20:44:57] /i 2160
[12/09/2012 20:44:58] /i 2160
[12/09/2012 20:44:58] /i 2160
[12/09/2012 20:44:58] /i 2160
[12/09/2012 20:44:58] /i 2160
[12/09/2012 20:44:58] /i 2160
[12/09/2012 20:44:58] /i 2160
[12/09/2012 20:44:58] /i 2160
[12/09/2012 20:44:58] /i 2160
[12/09/2012 20:44:59] /i 2160
[12/09/2012 20:44:59] /i 2160
[12/09/2012 20:44:59] /i 2160
[12/09/2012 20:44:59] /i 2160
[12/09/2012 20:44:59] /i 2160
[12/09/2012 20:44:59] /i 2160
[12/09/2012 20:44:59] /i 2160
[12/09/2012 20:44:59] /i 2160
[12/09/2012 20:44:59] /i 2160
[12/09/2012 20:44:59] /i 2160
[12/09/2012 20:45:00] /i 2160
[12/09/2012 20:45:00] /i 2160
[12/09/2012 20:45:00] /i 2160
[12/09/2012 20:45:00] /i 2160
[12/09/2012 20:45:00] /i 2160
[12/09/2012 20:45:00] /i 2160
[12/09/2012 20:45:00] /i 2160
[12/09/2012 20:45:00] /i 2160
[12/09/2012 20:45:00] /i 2160
[12/09/2012 20:45:00] /i 2160
[12/09/2012 20:45:01] /i 2160
[12/09/2012 20:45:01] /i 2160
[12/09/2012 20:45:01] /i 2160
[12/09/2012 20:45:01] /i 2160
[12/09/2012 20:45:01] /i 2160
[12/09/2012 20:45:01] /i 2160
[12/09/2012 20:45:01] /i 2160
[12/09/2012 20:45:01] /i 2160
[12/09/2012 20:45:01] /i 2160
[12/09/2012 20:45:02] /i 2160
[12/09/2012 20:45:02] /i 2160
[12/09/2012 20:45:02] /i 2160
[12/09/2012 20:45:02] /i 2160
[12/09/2012 20:45:02] /i 2160
[12/09/2012 20:45:02] /i 2160
[12/09/2012 20:45:02] /i 2160
[12/09/2012 20:45:02] /i 2160
[12/09/2012 20:45:02] /i 2160
[12/09/2012 20:45:02] /i 2160
[12/09/2012 20:45:02] /i 2160
[12/09/2012 20:45:02] /i 2160
[12/09/2012 20:45:03] /i 2160
[12/09/2012 20:45:03] /i 2160
[12/09/2012 20:45:03] /i 2160
[12/09/2012 20:45:03] /i 2160
[12/09/2012 20:45:03] /i 2160
[12/09/2012 20:45:03] /i 2160
[12/09/2012 20:45:03] /i 2160
[12/09/2012 20:45:03] /i 2160
[12/09/2012 20:45:03] /i 2160
[12/09/2012 20:45:03] /i 2160
[12/09/2012 20:45:03] /i 2160
[12/09/2012 20:45:04] /i 2160
[12/09/2012 20:45:04] /i 2160
[12/09/2012 20:45:04] /i 2160
[12/09/2012 20:45:06] /r all
[12/09/2012 20:45:19] /mc
[12/09/2012 21:55:39] /i special backpack
[12/09/2012 21:55:40] /i special backpack
[12/09/2012 21:55:40] /i special backpack
[12/09/2012 21:55:41] /i special backpack
[12/09/2012 21:55:41] /i special backpack
[12/09/2012 21:55:41] /i special backpack
[12/09/2012 21:55:42] /i special backpack
[12/09/2012 21:55:42] /i special backpack
[12/09/2012 21:55:55] /i 2160
[12/09/2012 21:55:56] /i 2160
[12/09/2012 21:55:56] /i 2160
[12/09/2012 21:55:56] /i 2160
[12/09/2012 21:55:56] /i 2160
[12/09/2012 21:55:56] /i 2160
[12/09/2012 21:55:56] /i 2160
[12/09/2012 21:55:56] /i 2160
[12/09/2012 21:55:56] /i 2160
[12/09/2012 21:55:56] /i 2160
[12/09/2012 21:55:57] /i 2160
[12/09/2012 21:55:57] /i 2160
[12/09/2012 21:55:57] /i 2160
[12/09/2012 21:55:57] /i 2160
[12/09/2012 21:55:57] /i 2160
[12/09/2012 21:55:57] /i 2160
[12/09/2012 21:55:57] /i 2160
[12/09/2012 21:55:57] /i 2160
[12/09/2012 21:55:57] /i 2160
[12/09/2012 21:55:57] /i 2160
[12/09/2012 21:55:58] /i 2160
[12/09/2012 21:55:58] /i 2160
[12/09/2012 21:55:58] /i 2160
[12/09/2012 21:55:58] /i 2160
[12/09/2012 21:55:58] /i 2160
[12/09/2012 21:55:58] /i 2160
[12/09/2012 21:55:58] /i 2160
[12/09/2012 21:55:58] /i 2160
[12/09/2012 21:55:58] /i 2160
[12/09/2012 21:55:58] /i 2160
[12/09/2012 21:55:58] /i 2160
[12/09/2012 21:55:59] /i 2160
[12/09/2012 21:55:59] /i 2160
[12/09/2012 21:55:59] /i 2160
[12/09/2012 21:55:59] /i 2160
[12/09/2012 21:55:59] /i 2160
[12/09/2012 21:55:59] /i 2160
[12/09/2012 21:55:59] /i 2160
[12/09/2012 21:55:59] /i 2160
[12/09/2012 21:55:59] /i 2160
[12/09/2012 21:55:59] /i 2160
[12/09/2012 21:56:00] /i 2160
[12/09/2012 21:56:00] /i 2160
[12/09/2012 21:56:00] /i 2160
[12/09/2012 21:56:00] /i 2160
[12/09/2012 21:56:00] /i 2160
[12/09/2012 21:56:00] /i 2160
[12/09/2012 21:56:00] /i 2160
[12/09/2012 21:56:00] /i 2160
[12/09/2012 21:56:00] /i 2160
[12/09/2012 21:56:01] /i 2160
[12/09/2012 21:56:01] /i 2160
[12/09/2012 21:56:01] /i 2160
[12/09/2012 21:56:01] /i 2160
[12/09/2012 21:56:01] /i 2160
[12/09/2012 21:56:01] /i 2160
[12/09/2012 21:56:01] /i 2160
[12/09/2012 21:56:01] /i 2160
[12/09/2012 21:56:01] /i 2160
[12/09/2012 21:56:02] /i 2160
[12/09/2012 21:56:02] /i 2160
[12/09/2012 21:56:02] /i 2160
[12/09/2012 21:56:02] /i 2160
[12/09/2012 21:56:02] /i 2160
[12/09/2012 21:56:02] /i 2160
[12/09/2012 21:56:02] /i 2160
[12/09/2012 21:56:02] /i 2160
[12/09/2012 21:56:02] /i 2160
[12/09/2012 21:56:03] /i 2160
[12/09/2012 21:56:03] /i 2160
[12/09/2012 21:56:03] /i 2160
[12/09/2012 21:56:03] /i 2160
[12/09/2012 21:56:03] /i 2160
[12/09/2012 21:56:03] /i 2160
[12/09/2012 21:56:03] /i 2160
[12/09/2012 21:56:03] /i 2160
[12/09/2012 21:56:03] /i 2160
[12/09/2012 21:56:03] /i 2160
[12/09/2012 21:56:04] /i 2160
[12/09/2012 21:56:04] /i 2160
[12/09/2012 21:56:04] /i 2160
[12/09/2012 21:56:04] /i 2160
[12/09/2012 21:56:04] /i 2160
[12/09/2012 21:56:04] /i 2160
[12/09/2012 21:56:04] /i 2160
[12/09/2012 21:56:04] /i 2160
[12/09/2012 21:56:04] /i 2160
[12/09/2012 21:56:04] /i 2160
[12/09/2012 21:56:05] /i 2160
[12/09/2012 21:56:05] /i 2160
[12/09/2012 21:56:05] /i 2160
[12/09/2012 21:56:05] /i 2160
[12/09/2012 21:56:05] /i 2160
[12/09/2012 21:56:05] /i 2160
[12/09/2012 21:56:05] /i 2160
[12/09/2012 21:56:05] /i 2160
[12/09/2012 21:56:06] /i 2160
[12/09/2012 21:56:06] /i 2160
[12/09/2012 21:56:06] /i 2160
[12/09/2012 21:56:06] /i 2160
[12/09/2012 21:56:06] /i 2160
[12/09/2012 21:56:06] /i 2160
[12/09/2012 21:56:06] /i 2160
[12/09/2012 21:56:06] /i 2160
[12/09/2012 21:56:06] /i 2160
[12/09/2012 21:56:06] /i 2160
[12/09/2012 21:56:06] /i 2160
[12/09/2012 21:56:07] /i 2160
[12/09/2012 21:56:07] /i 2160
[12/09/2012 21:56:07] /i 2160
[12/09/2012 21:56:07] /i 2160
[12/09/2012 21:56:07] /i 2160
[12/09/2012 21:56:07] /i 2160
[12/09/2012 21:56:07] /i 2160
[12/09/2012 21:56:07] /i 2160
[12/09/2012 21:56:07] /i 2160
[12/09/2012 21:56:07] /i 2160
[12/09/2012 21:56:07] /i 2160
[12/09/2012 21:56:08] /i 2160
[12/09/2012 21:56:08] /i 2160
[12/09/2012 21:56:08] /i 2160
[12/09/2012 21:56:08] /i 2160
[12/09/2012 21:56:08] /i 2160
[12/09/2012 21:56:08] /i 2160
[12/09/2012 21:56:08] /i 2160
[12/09/2012 21:56:08] /i 2160
[12/09/2012 21:56:08] /i 2160
[12/09/2012 21:56:09] /i 2160
[12/09/2012 21:56:09] /i 2160
[12/09/2012 21:56:09] /i 2160
[12/09/2012 21:56:09] /i 2160
[12/09/2012 21:56:09] /i 2160
[12/09/2012 21:56:09] /i 2160
[12/09/2012 21:56:09] /i 2160
[12/09/2012 21:56:09] /i 2160
[12/09/2012 21:56:09] /i 2160
[12/09/2012 21:56:10] /i 2160
[12/09/2012 21:56:10] /i 2160
[12/09/2012 21:56:10] /i 2160
[12/09/2012 21:56:10] /i 2160
[12/09/2012 21:56:10] /i 2160
[12/09/2012 21:56:10] /i 2160
[12/09/2012 21:56:10] /i 2160
[12/09/2012 21:56:10] /i 2160
[12/09/2012 21:56:10] /i 2160
[12/09/2012 21:56:10] /i 2160
[12/09/2012 21:56:11] /i 2160
[12/09/2012 21:56:11] /i 2160
[12/09/2012 21:56:11] /i 2160
[12/09/2012 21:56:11] /i 2160
[12/09/2012 21:56:11] /i 2160
[12/09/2012 21:56:11] /i 2160
[12/09/2012 21:56:11] /i 2160
[12/09/2012 21:56:11] /i 2160
[12/09/2012 21:56:11] /i 2160
[12/09/2012 21:56:12] /i 2160
[12/09/2012 21:56:12] /i 2160
[12/09/2012 21:56:12] /i 2160
[12/09/2012 21:56:12] /i 2160
[12/09/2012 21:56:12] /i 2160
[12/09/2012 21:56:12] /i 2160
[12/09/2012 21:56:12] /i 2160
[12/09/2012 21:56:12] /i 2160
[12/09/2012 21:56:12] /i 2160
[12/09/2012 21:56:12] /i 2160
[12/09/2012 21:56:12] /i 2160
[12/09/2012 21:56:13] /i 2160
[12/09/2012 21:56:13] /i 2160
[12/09/2012 21:56:13] /i 2160
[12/09/2012 21:56:13] /i 2160
[12/09/2012 21:56:13] /i 2160
[12/09/2012 21:56:13] /i 2160
[12/09/2012 21:56:13] /i 2160
[12/09/2012 21:56:13] /i 2160
[12/09/2012 21:56:13] /i 2160
[12/09/2012 21:56:13] /i 2160
[12/09/2012 21:56:14] /i 2160
[12/09/2012 21:56:14] /i 2160
[12/09/2012 21:56:14] /i 2160
[12/09/2012 21:56:14] /i 2160
[12/09/2012 21:56:14] /i 2160
[12/09/2012 21:56:14] /i 2160
[12/09/2012 21:56:14] /i 2160
[12/09/2012 21:56:14] /i 2160
[12/09/2012 21:56:14] /i 2160
[12/09/2012 21:56:14] /i 2160
[12/09/2012 21:56:14] /i 2160
[12/09/2012 21:56:15] /i 2160
[12/09/2012 21:56:15] /i 2160
[12/09/2012 21:56:15] /i 2160
[12/09/2012 21:56:15] /i 2160
[12/09/2012 21:56:15] /i 2160
[12/09/2012 21:56:15] /i 2160
[12/09/2012 21:56:15] /i 2160
[12/09/2012 21:56:15] /i 2160
[12/09/2012 21:56:16] /i 2160
[12/09/2012 21:56:16] /i 2160
[12/09/2012 21:56:16] /i 2160
[12/09/2012 21:56:16] /i 2160
[12/09/2012 21:56:16] /i 2160
[12/09/2012 21:56:16] /i 2160
[12/09/2012 21:56:16] /i 2160
[12/09/2012 21:56:16] /i 2160
[12/09/2012 21:56:16] /i 2160
[12/09/2012 21:56:17] /i 2160
[12/09/2012 21:56:17] /i 2160
[12/09/2012 21:56:17] /i 2160
[12/09/2012 21:56:17] /i 2160
[12/09/2012 21:56:28] /r
[12/09/2012 21:56:29] /r
[12/09/2012 21:56:32] /r all
[12/09/2012 21:56:40] /mc
[12/09/2012 21:56:53] /i
[12/09/2012 21:56:57] /i special backpack
[12/09/2012 21:56:58] /i special backpack
[12/09/2012 21:56:58] /i special backpack
[12/09/2012 21:56:59] /i special backpack
[12/09/2012 21:56:59] /i special backpack
[12/09/2012 21:56:59] /i special backpack
[12/09/2012 21:57:00] /i special backpack
[12/09/2012 21:57:06] /i exp potion
[12/09/2012 21:57:06] /i exp potion
[12/09/2012 21:57:06] /i exp potion
[12/09/2012 21:57:06] /i exp potion
[12/09/2012 21:57:06] /i exp potion
[12/09/2012 21:57:07] /i exp potion
[12/09/2012 21:57:07] /i exp potion
[12/09/2012 21:57:07] /i exp potion
[12/09/2012 21:57:07] /i exp potion
[12/09/2012 21:57:08] /i exp potion
[12/09/2012 21:57:08] /i exp potion
[12/09/2012 21:57:08] /i exp potion
[12/09/2012 21:57:08] /i exp potion
[12/09/2012 21:57:08] /i exp potion
[12/09/2012 21:57:08] /i exp potion
[12/09/2012 21:57:08] /i exp potion
[12/09/2012 21:57:08] /i exp potion
[12/09/2012 21:57:08] /i exp potion
[12/09/2012 21:57:08] /i exp potion
[12/09/2012 21:57:08] /i exp potion
[12/09/2012 21:57:08] /i exp potion
[12/09/2012 21:57:08] /i exp potion
[12/09/2012 21:57:08] /i exp potion
[12/09/2012 21:57:08] /i exp potion
[12/09/2012 21:57:08] /i exp potion
[12/09/2012 21:57:09] /i exp potion
[12/09/2012 21:57:09] /i exp potion
[12/09/2012 21:57:09] /i exp potion
[12/09/2012 21:57:09] /i exp potion
[12/09/2012 21:57:09] /i exp potion
[12/09/2012 21:57:09] /i exp potion
[12/09/2012 21:57:10] /i exp potion
[12/09/2012 21:57:10] /i exp potion
[12/09/2012 21:57:10] /i exp potion
[12/09/2012 21:57:10] /i exp potion
[12/09/2012 21:57:10] /i exp potion
[12/09/2012 21:57:10] /i exp potion
[12/09/2012 21:57:10] /i exp potion
[12/09/2012 21:57:10] /i exp potion
[12/09/2012 21:57:11] /i exp potion
[12/09/2012 21:57:11] /i exp potion
[12/09/2012 21:57:12] /i exp potion
[12/09/2012 21:57:12] /i exp potion
[12/09/2012 21:57:12] /i exp potion
[12/09/2012 21:57:12] /i exp potion
[12/09/2012 21:57:12] /i exp potion
[12/09/2012 21:57:12] /i exp potion
[12/09/2012 21:57:12] /i exp potion
[12/09/2012 21:57:12] /i exp potion
[12/09/2012 21:57:13] /i exp potion
[12/09/2012 21:57:13] /i exp potion
[12/09/2012 21:57:13] /i exp potion
[12/09/2012 21:57:13] /i exp potion
[12/09/2012 21:57:13] /i exp potion
[12/09/2012 21:57:13] /i exp potion
[12/09/2012 21:57:13] /i exp potion
[12/09/2012 21:57:13] /i exp potion
[12/09/2012 21:57:13] /i exp potion
[12/09/2012 21:57:14] /i exp potion
[12/09/2012 21:57:14] /i exp potion
[12/09/2012 21:57:14] /i exp potion
[12/09/2012 21:57:14] /i exp potion
[12/09/2012 21:57:14] /i exp potion
[12/09/2012 21:57:14] /i exp potion
[12/09/2012 21:57:14] /i exp potion
[12/09/2012 21:57:14] /i exp potion
[12/09/2012 21:57:14] /i exp potion
[12/09/2012 21:57:15] /i exp potion
[12/09/2012 21:57:15] /i exp potion
[12/09/2012 21:57:15] /i exp potion
[12/09/2012 21:57:15] /i exp potion
[12/09/2012 21:57:15] /i exp potion
[12/09/2012 21:57:15] /i exp potion
[12/09/2012 21:57:15] /i exp potion
[12/09/2012 21:57:15] /i exp potion
[12/09/2012 21:57:15] /i exp potion
[12/09/2012 21:57:15] /i exp potion
[12/09/2012 21:57:16] /i exp potion
[12/09/2012 21:57:16] /i exp potion
[12/09/2012 21:57:16] /i exp potion
[12/09/2012 21:57:16] /i exp potion
[12/09/2012 21:57:16] /i exp potion
[12/09/2012 21:57:16] /i exp potion
[12/09/2012 21:57:16] /i exp potion
[12/09/2012 21:57:16] /i exp potion
[12/09/2012 21:57:16] /i exp potion
[12/09/2012 21:57:16] /i exp potion
[12/09/2012 21:57:17] /i exp potion
[12/09/2012 21:57:17] /i exp potion
[12/09/2012 21:57:17] /i exp potion
[12/09/2012 21:57:17] /i exp potion
[12/09/2012 21:57:17] /i exp potion
[12/09/2012 21:57:17] /i exp potion
[12/09/2012 21:57:18] /i exp potion
[12/09/2012 21:57:18] /i exp potion
[12/09/2012 21:57:18] /i exp potion
[12/09/2012 21:57:18] /i exp potion
[12/09/2012 21:57:18] /i exp potion
[12/09/2012 21:57:18] /i exp potion
[12/09/2012 21:57:18] /i exp potion
[12/09/2012 21:57:18] /i exp potion
[12/09/2012 21:57:18] /i exp potion
[12/09/2012 21:57:18] /i exp potion
[12/09/2012 21:57:18] /i exp potion
[12/09/2012 21:57:18] /i exp potion
[12/09/2012 21:57:19] /i exp potion
[12/09/2012 21:57:19] /i exp potion
[12/09/2012 21:57:19] /i exp potion
[12/09/2012 21:57:19] /i exp potion
[12/09/2012 21:57:19] /i exp potion
[12/09/2012 21:57:19] /i exp potion
[12/09/2012 21:57:19] /i exp potion
[12/09/2012 21:57:19] /i exp potion
[12/09/2012 21:57:19] /i exp potion
[12/09/2012 21:57:19] /i exp potion
[12/09/2012 21:57:20] /i exp potion
[12/09/2012 21:57:20] /i exp potion
[12/09/2012 21:57:20] /i exp potion
[12/09/2012 21:57:20] /i exp potion
[12/09/2012 21:57:20] /i exp potion
[12/09/2012 21:57:20] /i exp potion
[12/09/2012 21:57:20] /i exp potion
[12/09/2012 21:57:20] /i exp potion
[12/09/2012 21:57:20] /i exp potion
[12/09/2012 21:57:20] /i exp potion
[12/09/2012 21:57:21] /i exp potion
[12/09/2012 21:57:21] /i exp potion
[12/09/2012 21:57:21] /i exp potion
[12/09/2012 21:57:21] /i exp potion
[12/09/2012 21:57:21] /i exp potion
[12/09/2012 21:57:21] /i exp potion
[12/09/2012 21:57:21] /i exp potion
[12/09/2012 21:57:21] /i exp potion
[12/09/2012 21:57:21] /i exp potion
[12/09/2012 21:57:22] /i exp potion
[12/09/2012 21:57:22] /i exp potion
[12/09/2012 21:57:22] /i exp potion
[12/09/2012 21:57:22] /i exp potion
[12/09/2012 21:57:22] /i exp potion
[12/09/2012 21:57:22] /i exp potion
[12/09/2012 21:57:22] /i exp potion
[12/09/2012 21:57:22] /i exp potion
[12/09/2012 21:57:22] /i exp potion
[12/09/2012 21:57:22] /i exp potion
[12/09/2012 21:57:23] /i exp potion
[12/09/2012 21:57:23] /i exp potion
[12/09/2012 21:57:23] /i exp potion
[12/09/2012 21:57:23] /i exp potion
[12/09/2012 21:57:23] /i exp potion
[12/09/2012 21:57:23] /i exp potion
[12/09/2012 21:57:23] /i exp potion
[12/09/2012 21:57:23] /i exp potion
[12/09/2012 21:57:23] /i exp potion
[12/09/2012 21:57:23] /i exp potion
[12/09/2012 21:57:24] /i exp potion
[12/09/2012 21:57:24] /i exp potion
[12/09/2012 21:57:24] /i exp potion
[12/09/2012 21:57:24] /i exp potion
[12/09/2012 21:57:24] /i exp potion
[12/09/2012 21:57:24] /i exp potion
[12/09/2012 21:57:24] /i exp potion
[12/09/2012 21:57:24] /i exp potion
[12/09/2012 21:57:24] /i exp potion
[12/09/2012 21:57:24] /i exp potion
[12/09/2012 21:57:25] /i exp potion
[12/09/2012 21:57:25] /i exp potion
[12/09/2012 21:57:25] /i exp potion
[12/09/2012 21:57:25] /i exp potion
[12/09/2012 21:57:25] /i exp potion
[12/09/2012 21:57:25] /i exp potion
[12/09/2012 21:57:25] /i exp potion
[12/09/2012 21:57:25] /i exp potion
[12/09/2012 21:57:25] /i exp potion
[12/09/2012 21:57:25] /i exp potion
[12/09/2012 21:57:25] /i exp potion
[12/09/2012 21:57:26] /i exp potion
[12/09/2012 21:57:26] /i exp potion
[12/09/2012 21:57:26] /i exp potion
[12/09/2012 21:57:26] /i exp potion
[12/09/2012 21:57:26] /i exp potion
[12/09/2012 21:57:26] /i exp potion
[12/09/2012 21:57:26] /i exp potion
[12/09/2012 21:57:26] /i exp potion
[12/09/2012 21:57:26] /i exp potion
[12/09/2012 21:57:26] /i exp potion
[12/09/2012 21:57:27] /i exp potion
[12/09/2012 21:57:27] /i exp potion
[12/09/2012 21:57:27] /i exp potion
[12/09/2012 21:57:27] /i exp potion
[12/09/2012 21:57:27] /i exp potion
[12/09/2012 21:57:27] /i exp potion
[12/09/2012 21:57:27] /i exp potion
[12/09/2012 21:57:27] /i exp potion
[12/09/2012 21:57:27] /i exp potion
[12/09/2012 21:57:28] /i exp potion
[12/09/2012 21:57:28] /i exp potion
[12/09/2012 21:57:28] /i exp potion
[12/09/2012 21:57:28] /i exp potion
[12/09/2012 21:57:28] /i exp potion
[12/09/2012 21:57:28] /i exp potion
[12/09/2012 21:57:28] /i exp potion
[12/09/2012 21:57:28] /i exp potion
[12/09/2012 21:57:28] /i exp potion
[12/09/2012 21:57:28] /i exp potion
[12/09/2012 21:57:31] /r all
[12/09/2012 21:57:32] /r all
[12/09/2012 21:57:32] /r
[12/09/2012 22:01:16] /c feio~
[12/09/2012 22:01:29] /i exp potion
[12/09/2012 22:01:31] /i exp potion
[12/09/2012 22:01:46] /m  massive fire elemental
[12/09/2012 22:01:47] /m  massive fire elemental
[12/09/2012 22:01:47] /m  massive fire elemental
[12/09/2012 22:01:48] /m  massive fire elemental
[12/09/2012 22:01:48] /m  massive fire elemental
[12/09/2012 22:01:49] /m  massive fire elemental
[12/09/2012 22:01:58] /m  massive fire elemental
[12/09/2012 22:02:17] /r
[12/09/2012 22:02:18] /r
[12/09/2012 22:02:20] /r
[12/09/2012 22:02:21] /r
[12/09/2012 22:02:24] /r
[12/09/2012 22:02:26] /r
[12/09/2012 22:02:27] /r
[12/09/2012 22:02:28] /r
[12/09/2012 22:02:29] /r
[12/09/2012 22:02:31] /t feio~
[12/09/2012 22:03:21] /goto feio~
[12/09/2012 22:06:26] /a
[12/09/2012 22:06:27] /a
[12/09/2012 22:06:32] /i 9827
[12/09/2012 22:06:37] /i 9827
[12/09/2012 22:06:40] /r
[12/09/2012 22:06:41] /r
[12/09/2012 22:06:46] /i 2798
[12/09/2012 22:06:49] /r all
[12/09/2012 22:06:52] /a
[12/09/2012 22:06:56] /i 2798
[12/09/2012 22:06:58] /i 2798
[12/09/2012 22:07:10] /i 2798
[12/09/2012 22:07:11] /i 2798
[12/09/2012 22:07:47] /r all
[12/09/2012 22:07:48] /r all
[12/09/2012 22:07:49] /r all
[12/09/2012 22:07:51] /r all
[12/09/2012 22:07:52] /r all
[12/09/2012 22:07:53] /r all
[12/09/2012 22:07:54] /r all
[12/09/2012 22:07:54] /r all
[12/09/2012 22:07:55] /r all
[12/09/2012 22:07:56] /r all
[12/09/2012 22:07:57] /r all
[12/09/2012 22:07:57] /r all
[12/09/2012 22:07:58] /r all
[12/09/2012 22:07:59] /r all
[12/09/2012 22:08:00] /r all
[12/09/2012 22:08:00] /r all
[12/09/2012 22:08:07] /i 2798
[12/09/2012 22:08:08] /i 2798
[12/09/2012 22:08:08] /i 2798
[12/09/2012 22:08:09] /i 2798
[12/09/2012 22:08:10] /i 2798
[12/09/2012 22:08:10] /i 2798
[12/09/2012 22:08:11] /i 2798
[12/09/2012 22:08:12] /i 2798
[12/09/2012 22:08:12] /i 2798
[12/09/2012 22:08:13] /i 2798
[12/09/2012 22:08:13] /i 2798
[12/09/2012 22:08:14] /i 2798
[12/09/2012 22:08:15] /i 2798
[12/09/2012 22:08:15] /i 2798
[12/09/2012 22:08:16] /i 2798
[12/09/2012 22:08:17] /i 2798
[12/09/2012 22:08:23] /i ice cube
[12/09/2012 22:08:27] /i 2798
[12/09/2012 22:08:36] /r all
[12/09/2012 22:08:43] /r all
[12/09/2012 22:08:44] /r all
[12/09/2012 22:08:45] /r all
[12/09/2012 22:08:46] /r all
[12/09/2012 22:08:47] /r all
[12/09/2012 22:08:48] /r all
[12/09/2012 22:08:48] /r all
[12/09/2012 22:08:50] /r all
[12/09/2012 22:08:50] /r all
[12/09/2012 22:08:51] /r all
[12/09/2012 22:08:52] /r all
[12/09/2012 22:08:53] /r all
[12/09/2012 22:09:04] /r 100
[12/09/2012 22:09:05] /r 100
[12/09/2012 22:09:06] /r 100
[12/09/2012 22:09:07] /r 100
[12/09/2012 22:09:11] /i ice cube
[12/09/2012 22:09:12] /i ice cube
[12/09/2012 22:09:13] /i ice cube
[12/09/2012 22:09:14] /r 100
[12/09/2012 22:09:15] /r 100
[12/09/2012 22:09:17] /i ice cube
[12/09/2012 22:09:18] /i ice cube
[12/09/2012 22:09:25] /i 1041
[12/09/2012 22:09:28] /i ice cube
[12/09/2012 22:09:29] /i ice cube
[12/09/2012 22:09:30] /i ice cube
[12/09/2012 22:09:31] /i ice cube
[12/09/2012 22:09:33] /i ice cube
[12/09/2012 22:09:33] /i ice cube
[12/09/2012 22:09:34] /i ice cube
[12/09/2012 22:09:35] /i ice cube
[12/09/2012 22:09:36] /i ice cube
[12/09/2012 22:09:38] /i ice cube
[12/09/2012 22:09:40] /i ice cube
[12/09/2012 22:09:41] /i ice cube
[12/09/2012 22:09:42] /i ice cube
[12/09/2012 22:09:50] /i blood herb
[12/09/2012 22:09:51] /i blood herb
[12/09/2012 22:09:52] /i blood herb
[12/09/2012 22:09:53] /i blood herb
[12/09/2012 22:09:54] /i blood herb
[12/09/2012 22:09:55] /i blood herb
[12/09/2012 22:09:55] /i blood herb
[12/09/2012 22:09:56] /i blood herb
[12/09/2012 22:09:57] /i blood herb
[12/09/2012 22:09:59] /i blood herb
[12/09/2012 22:10:00] /i blood herb
[12/09/2012 22:10:01] /i blood herb
[12/09/2012 22:10:02] /i blood herb
[12/09/2012 22:10:02] /i blood herb
[12/09/2012 22:10:04] /i blood herb
[12/09/2012 22:10:04] /i blood herb
[12/09/2012 22:10:06] /i blood herb
[12/09/2012 22:10:09] /i 2160
[12/09/2012 22:10:10] /i 2160
[12/09/2012 22:10:11] /i 2160
[12/09/2012 22:10:12] /i 2160
[12/09/2012 22:10:13] /i 2160
[12/09/2012 22:10:14] /i 2160
[12/09/2012 22:10:15] /i 2160
[12/09/2012 22:10:15] /i 2160
[12/09/2012 22:10:16] /i 2160
[12/09/2012 22:10:17] /i 2160
[12/09/2012 22:10:18] /i 2160
[12/09/2012 22:10:19] /i 2160
[12/09/2012 22:10:20] /i 2160
[12/09/2012 22:10:20] /i 2160
[12/09/2012 22:10:23] /i 2160
[12/09/2012 22:10:23] /i 2160
[12/09/2012 22:10:25] /i 2160
[12/09/2012 22:11:33] /i 5808
[12/09/2012 22:11:44] /i 2665
[12/09/2012 22:12:06] /i 2128
[12/09/2012 22:12:24] /a
[12/09/2012 22:12:25] /r
[12/09/2012 22:12:32] /i golden falcon
[12/09/2012 22:12:33] /i golden falcon
[12/09/2012 22:12:37] /i golden falcon
[12/09/2012 23:34:24] /goto kina yes
[12/09/2012 23:34:34] /down
[12/09/2012 23:34:40] /c kina yes
[13/09/2012 00:52:23] /goto gcxy~
[13/09/2012 00:52:30] /goto gxcy~
[13/09/2012 00:53:03] /goto Gsxy
[13/09/2012 01:43:57] /t kina~
[13/09/2012 08:19:01] /t
[13/09/2012 08:19:08] /a
[13/09/2012 08:19:20] /r all
[13/09/2012 08:19:21] /r all
[13/09/2012 08:19:22] /r all
[13/09/2012 08:19:23] /r all
[13/09/2012 08:19:24] /r all
[13/09/2012 08:19:25] /r all
[13/09/2012 08:19:25] /r all
[13/09/2012 08:19:26] /r all
[13/09/2012 08:19:27] /r all
[13/09/2012 08:19:28] /r all
[13/09/2012 08:19:29] /r all
[13/09/2012 08:19:30] /r all
[13/09/2012 08:19:31] /r all
[13/09/2012 08:19:32] /r all
[13/09/2012 08:19:33] /r all
[13/09/2012 08:19:39] /i ice cube
[13/09/2012 08:19:40] /i ice cube
[13/09/2012 08:19:41] /i ice cube
[13/09/2012 08:19:41] /i ice cube
[13/09/2012 08:19:42] /i ice cube
[13/09/2012 08:19:43] /i ice cube
[13/09/2012 08:19:43] /i ice cube
[13/09/2012 08:19:44] /i ice cube
[13/09/2012 08:19:45] /i ice cube
[13/09/2012 08:19:45] /i ice cube
[13/09/2012 08:19:46] /i ice cube
[13/09/2012 08:19:47] /i ice cube
[13/09/2012 08:19:47] /i ice cube
[13/09/2012 08:19:51] /i 9827
[13/09/2012 08:19:54] /r all
[13/09/2012 08:19:57] /i ice cube
[13/09/2012 08:20:01] /i 2798
[13/09/2012 08:20:04] /i 2798
[13/09/2012 08:20:04] /i 2798
[13/09/2012 08:20:05] /i 2798
[13/09/2012 08:20:06] /i 2798
[13/09/2012 08:20:06] /i 2798
[13/09/2012 08:20:07] /i 2798
[13/09/2012 08:20:08] /i 2798
[13/09/2012 08:20:08] /i 2798
[13/09/2012 08:20:09] /i 2798
[13/09/2012 08:20:10] /i 2798
[13/09/2012 08:20:11] /i 2798
[13/09/2012 08:20:11] /i 2798
[13/09/2012 08:20:31] /i ice cube
[13/09/2012 08:20:32] /i ice cube
[13/09/2012 08:20:33] /i ice cube
[13/09/2012 08:20:34] /i ice cube
[13/09/2012 08:20:35] /i ice cube
[13/09/2012 08:20:37] /i 2798
[13/09/2012 08:20:38] /i 2798
[13/09/2012 08:20:38] /i 2798
[13/09/2012 08:20:39] /i 2798
[13/09/2012 08:20:40] /i 2798
[13/09/2012 08:20:52] /i 2190
[13/09/2012 08:20:54] /r
[13/09/2012 08:20:56] /i 2160
[13/09/2012 08:20:57] /i 2160
[13/09/2012 08:20:58] /i 2160
[13/09/2012 08:20:59] /i 2160
[13/09/2012 08:21:00] /i 2160
[13/09/2012 08:21:00] /i 2160
[13/09/2012 08:21:01] /i 2160
[13/09/2012 08:21:02] /i 2160
[13/09/2012 08:21:02] /i 2160
[13/09/2012 08:21:03] /i 2160
[13/09/2012 08:21:03] /i 2160
[13/09/2012 08:21:06] /i 2160
[13/09/2012 08:21:07] /i 2160
[13/09/2012 08:21:16] /i 5808
[13/09/2012 08:21:27] /i 5791
[13/09/2012 08:21:37] /i 2128
[13/09/2012 08:21:39] /i 2128
[13/09/2012 08:21:45] /i 2665
[13/09/2012 08:21:46] /i 2665
[13/09/2012 08:21:54] /i golden falcon
[13/09/2012 08:21:56] /i golden falcon
[13/09/2012 08:22:00] /i golden falcon
[13/09/2012 08:22:04] /i ice cube
[13/09/2012 08:22:07] /i 2798
[13/09/2012 08:22:09] /i 2160
[13/09/2012 08:22:24] /i supreme axe
[13/09/2012 08:22:28] /i supreme wand
[13/09/2012 08:22:52] /mc
[13/09/2012 08:25:50] /i Frozen Starlight
[13/09/2012 08:26:06] /i Frozen Starlight
[13/09/2012 08:26:07] /i Frozen Starlight
[13/09/2012 08:26:08] /i Frozen Starlight
[13/09/2012 08:26:14] /i Frozen Starlight
[13/09/2012 08:26:23] /r
[13/09/2012 08:26:46] /i Frozen Starlight
[13/09/2012 08:26:49] /i Frozen Starlight
[13/09/2012 08:26:57] /r
[13/09/2012 08:27:10] /i supreme star
[13/09/2012 08:27:14] /r 98
[13/09/2012 08:27:41] /a
[13/09/2012 08:27:41] /a
[13/09/2012 08:27:46] /a
[13/09/2012 08:27:46] /a
[13/09/2012 08:28:05] /i Holy Falcon
[13/09/2012 08:28:07] /i Holy Falcon
[13/09/2012 08:28:47] /i Small Amethyst
[13/09/2012 08:32:12] /a
[13/09/2012 08:32:13] /a
[13/09/2012 08:32:16] /i 2151
[13/09/2012 08:32:18] /r all
[13/09/2012 08:32:20] /a 4
[13/09/2012 08:32:23] /i 2151
[13/09/2012 08:32:26] /i 2155
[13/09/2012 08:32:28] /i 2153
[13/09/2012 08:32:30] /i 2154
[13/09/2012 08:32:35] /i 2148
[13/09/2012 08:32:37] /r all
[13/09/2012 08:32:38] /r all
[13/09/2012 08:32:39] /r all
[13/09/2012 08:32:41] /a
[13/09/2012 08:32:41] /a
[13/09/2012 08:32:41] /a
[13/09/2012 08:32:47] /a
[13/09/2012 08:32:47] /a
[13/09/2012 08:32:47] /a
[13/09/2012 08:32:48] /a
[13/09/2012 08:32:49] /a
[13/09/2012 08:32:49] /a
[13/09/2012 08:32:51] /a
[13/09/2012 08:32:51] /a
[13/09/2012 08:32:51] /a
[13/09/2012 08:32:52] /a
[13/09/2012 08:32:53] /a
[13/09/2012 08:33:08] /a
[13/09/2012 08:33:09] /a
[13/09/2012 08:33:09] /a
[13/09/2012 08:33:09] /a
[13/09/2012 08:33:10] /t
[13/09/2012 08:33:13] /up
[13/09/2012 08:33:16] /down
[13/09/2012 08:33:18] /a 4
[13/09/2012 08:33:22] /a 4
[13/09/2012 08:33:25] /a 4
[13/09/2012 08:33:25] /a 4
[13/09/2012 08:33:26] /a 4
[13/09/2012 08:33:27] /a 4
[13/09/2012 08:33:28] /a 4
[13/09/2012 08:33:30] /a 4
[13/09/2012 08:33:37] /i infernal bolt
[13/09/2012 08:33:39] /r all
[13/09/2012 08:33:47] /i ice cube
[13/09/2012 08:33:49] /i 2798
[13/09/2012 08:33:53] /i 2160
[13/09/2012 08:33:59] /i golden falcon
[13/09/2012 08:34:08] /i 2361
[13/09/2012 08:34:14] /i infernal bolt 2
[13/09/2012 08:34:16] /i infernal bolt
[13/09/2012 08:34:23] /r 95
[13/09/2012 08:34:44] /a
[13/09/2012 08:34:44] /a
[13/09/2012 08:34:45] /r
[13/09/2012 08:34:47] /a
[13/09/2012 08:34:48] /a
[13/09/2012 08:34:56] /save
[13/09/2012 08:35:00] /save
[13/09/2012 08:38:57] /i 7762
[13/09/2012 08:38:58] /a
[13/09/2012 08:38:58] /a
[13/09/2012 08:39:00] /r all
[13/09/2012 08:39:01] /a
[13/09/2012 08:39:01] /a
[13/09/2012 08:40:28] /save
[13/09/2012 08:40:35] /a
[13/09/2012 08:40:35] /a
[13/09/2012 08:40:36] /a 10
[13/09/2012 08:40:37] /a 10
[13/09/2012 08:40:37] /a 10
[13/09/2012 08:40:38] /a 10
[13/09/2012 08:40:52] /up
[13/09/2012 08:40:54] /up
[13/09/2012 08:40:56] /up
[13/09/2012 08:40:59] /up
[13/09/2012 11:31:52] /goto warrior~
[13/09/2012 11:32:04] /goto warrior~
[13/09/2012 11:32:26] /c kina yes
[13/09/2012 13:28:19] /goto kina yes
[13/09/2012 13:28:26] /m  exp bug
[13/09/2012 13:55:01] /mc
[13/09/2012 13:55:08] /c feio str~
[13/09/2012 15:43:49] /i supreme axe
[13/09/2012 15:43:59] /attr set attack 700
[13/09/2012 15:44:07] /attr set defence 350
[13/09/2012 15:44:15] /attr set defense 350
[13/09/2012 15:44:26] /i supreme shield
[13/09/2012 15:44:30] /attr defense 1000
[13/09/2012 15:44:35] /c feio stro~
[13/09/2012 19:41:51] /goto warrior
[13/09/2012 19:41:57] /goto Krazzy Skilden
[13/09/2012 19:42:00] /a
[13/09/2012 19:42:01] /a
[13/09/2012 19:42:21] /a 10
[13/09/2012 19:42:21] /a 10
[13/09/2012 19:42:22] /a 10
[13/09/2012 19:42:22] /a 10
[13/09/2012 19:42:22] /a 10
[13/09/2012 19:42:23] /a 10
[13/09/2012 19:42:23] /a 10
[13/09/2012 19:42:24] /a 10
[13/09/2012 19:42:24] /a 10
[13/09/2012 19:42:24] /a 10
[13/09/2012 19:42:25] /a 10
[13/09/2012 19:42:25] /a 10
[13/09/2012 19:42:26] /a 10
[13/09/2012 19:42:26] /a 10
[13/09/2012 19:42:28] /down
[13/09/2012 19:42:29] /down
[13/09/2012 19:42:30] /down
[13/09/2012 19:42:31] /a 10
[13/09/2012 19:42:32] /a 10
[13/09/2012 19:42:32] /a 10
[13/09/2012 19:42:32] /a 10
[13/09/2012 19:42:34] /down
[13/09/2012 19:42:35] /down
[13/09/2012 19:42:36] /a 10
[13/09/2012 19:42:37] /a 10
[13/09/2012 19:42:39] /down
[13/09/2012 19:42:39] /down
[13/09/2012 19:42:41] /down
[13/09/2012 19:42:46] /c feio druid
[13/09/2012 19:43:10] /c warrior
[13/09/2012 19:43:23] /a
[13/09/2012 19:43:23] /a
[13/09/2012 19:43:23] /a
[13/09/2012 19:43:24] /a
[13/09/2012 19:45:54] /c feio druid
[13/09/2012 19:45:58] /r
[13/09/2012 19:46:06] /c feio str~
[13/09/2012 19:46:15] /t feio str~
[13/09/2012 19:46:39] /c feio~
[13/09/2012 21:25:20] /m massive fire elemental
[13/09/2012 21:25:21] /m massive fire elemental
[13/09/2012 21:25:23] /m massive fire elemental
[13/09/2012 21:25:35] /c feio str~
[13/09/2012 21:25:52] /c feio str~
[13/09/2012 21:25:54] /m massive fire elemental
[13/09/2012 21:25:55] /m massive fire elemental
[13/09/2012 21:25:55] /m massive fire elemental
[13/09/2012 21:26:12] /m massive fire elemental
[13/09/2012 21:26:12] /m massive fire elemental
[13/09/2012 21:26:13] /m massive fire elemental
[13/09/2012 21:26:13] /m massive fire elemental
[13/09/2012 21:26:13] /m massive fire elemental
[13/09/2012 21:26:21] /m massive fire elemental
[13/09/2012 21:26:21] /m massive fire elemental
[13/09/2012 21:26:21] /m massive fire elemental
[13/09/2012 21:26:22] /m massive fire elemental
[13/09/2012 21:26:22] /m massive fire elemental
[13/09/2012 21:26:28] /m massive fire elemental
[13/09/2012 21:26:28] /m massive fire elemental
[13/09/2012 21:26:28] /m massive fire elemental
[13/09/2012 21:26:42] /r all
[13/09/2012 21:26:43] /r all
[13/09/2012 21:26:44] /r all
[13/09/2012 21:26:45] /r all
[13/09/2012 21:26:46] /r all
[13/09/2012 21:26:47] /r all
[13/09/2012 21:26:48] /r all
[13/09/2012 21:26:49] /r all
[13/09/2012 21:26:50] /r all
[13/09/2012 21:26:51] /r all
[13/09/2012 21:26:52] /r all
[13/09/2012 21:26:53] /r all
[13/09/2012 21:26:55] /r
[13/09/2012 21:27:03] /t feio~
[13/09/2012 21:31:34] /attr skull 4
[13/09/2012 21:31:49] /c va la~
[13/09/2012 21:31:53] /attr skull 4
[13/09/2012 21:31:55] /kill va la~
[13/09/2012 21:46:15] /c va la~
[13/09/2012 21:46:35] /i supreme wand
[13/09/2012 21:46:42] /c kina yes
[13/09/2012 21:46:49] /t kina~
[13/09/2012 21:57:26] /t feio druid
[13/09/2012 23:17:22] /goto krazzy skilden
[13/09/2012 23:17:36] /goto verminor
