[30/12/2011 16:53:36] /b troco nick por 10kk
[30/12/2011 16:54:33] /t
[30/12/2011 16:54:42] /ghost
[30/12/2011 16:54:45] /b troco nick por 10kk
[30/12/2011 16:55:30] /b troco nick por 10kk
[30/12/2011 16:56:54] /goto [g~
[30/12/2011 16:57:16] /r
[30/12/2011 16:59:32] /t prin~
[30/12/2011 17:01:28] /clean
[30/12/2011 17:02:30] /t pall~
[30/12/2011 17:02:43] /a 5
[30/12/2011 17:02:53] /r
[30/12/2011 17:02:56] /r
[30/12/2011 17:02:57] /r
[30/12/2011 17:02:58] /r
[30/12/2011 17:02:58] /r
[30/12/2011 17:02:59] /r
[30/12/2011 17:03:00] /r
[30/12/2011 17:03:01] /r
[30/12/2011 17:03:02] /r
[30/12/2011 17:03:04] /r
[30/12/2011 17:03:05] /r
[30/12/2011 17:03:07] /r
[30/12/2011 17:03:08] /r
[30/12/2011 17:03:10] /r
[30/12/2011 17:03:10] /r
[30/12/2011 17:03:12] /r
[30/12/2011 17:03:29] /r
[30/12/2011 17:03:29] /r
[30/12/2011 17:03:30] /r
[30/12/2011 17:03:31] /r
[30/12/2011 17:03:31] /r
[30/12/2011 17:03:32] /r
[30/12/2011 17:05:06] /ghost
[30/12/2011 17:05:08] /a
[30/12/2011 17:05:09] /a
[30/12/2011 17:05:12] /a
[30/12/2011 17:06:29] /b evento pvp
[30/12/2011 17:06:32] /b qero ve porrada
[30/12/2011 17:06:34] /b DSHUHSAUDSAUHDSUHSAUHDAUHSDA
[30/12/2011 17:06:48] /b evento pvp ?
[30/12/2011 17:06:51] /goto [g~
[30/12/2011 17:07:26] /r
[30/12/2011 17:07:34] /b evento d pvp , kem ir me avisa
[30/12/2011 17:07:37] /b evento d pvp , kem ir me avisa
[30/12/2011 17:07:38] /b evento d pvp , kem ir me avisa
[30/12/2011 17:07:39] /b evento d pvp , kem ir me avisa
[30/12/2011 17:07:39] /b evento d pvp , kem ir me avisa
[30/12/2011 17:07:39] /b evento d pvp , kem ir me avisa
[30/12/2011 17:07:39] /b evento d pvp , kem ir me avisa
[30/12/2011 17:07:44] /c z~
[30/12/2011 17:07:59] /i 1025
[30/12/2011 17:08:00] /i 1025
[30/12/2011 17:08:01] /i 1025
[30/12/2011 17:08:01] /i 1025
[30/12/2011 17:08:02] /i 1025
[30/12/2011 17:08:03] /a
[30/12/2011 17:08:04] /i 1025
[30/12/2011 17:08:13] /c win~
[30/12/2011 17:08:19] /a
[30/12/2011 17:08:29] /c sub~
[30/12/2011 17:08:32] /a
[30/12/2011 17:08:33] /a
[30/12/2011 17:08:54] /b MAIS NGM KER EVENTO PVP?
[30/12/2011 17:08:55] /b MAIS NGM KER EVENTO PVP?
[30/12/2011 17:08:55] /b MAIS NGM KER EVENTO PVP?
[30/12/2011 17:09:14] /b MAIS NGM KER EVENTO PVP?
[30/12/2011 17:09:33] /c d~
[30/12/2011 17:09:39] /c d e~
[30/12/2011 17:09:42] /b MAIS NGM KER EVENTO PVP?
[30/12/2011 17:09:42] /b MAIS NGM KER EVENTO PVP?
[30/12/2011 17:09:42] /b MAIS NGM KER EVENTO PVP?
[30/12/2011 17:09:56] /c des~
[30/12/2011 17:09:59] /b MAIS NGM KER EVENTO PVP?
[30/12/2011 17:10:01] /b MAIS NGM KER EVENTO PVP?
[30/12/2011 17:10:04] /a
[30/12/2011 17:10:04] /a
[30/12/2011 17:10:06] /b MAIS NGM KER EVENTO PVP?
[30/12/2011 17:10:25] /b MAIS NGM KER EVENTO PVP?
[30/12/2011 17:10:27] /b MAIS NGM KER EVENTO PVP?
[30/12/2011 17:10:32] /c noisque~
[30/12/2011 17:10:40] /b MAIS NGM KER EVENTO PVP?
[30/12/2011 17:10:40] /b MAIS NGM KER EVENTO PVP?
[30/12/2011 17:10:56] /a
[30/12/2011 17:10:56] /a
[30/12/2011 17:10:57] /a
[30/12/2011 17:10:57] /a
[30/12/2011 17:11:01] /a
[30/12/2011 17:11:02] /r
[30/12/2011 17:11:04] /r
[30/12/2011 17:11:05] /r
[30/12/2011 17:11:06] /r
[30/12/2011 17:11:06] /r
[30/12/2011 17:11:16] /i 1026
[30/12/2011 17:11:18] /r
[30/12/2011 17:11:19] /r
[30/12/2011 17:11:19] /r
[30/12/2011 17:11:20] /r
[30/12/2011 17:11:33] /a
[30/12/2011 17:11:34] /a
[30/12/2011 17:11:36] /a
[30/12/2011 17:11:37] /a
[30/12/2011 17:11:40] /c z~
[30/12/2011 17:11:42] /a
[30/12/2011 17:11:43] /a
[30/12/2011 17:11:49] /r
[30/12/2011 17:11:51] /r
[30/12/2011 17:12:19] /a
[30/12/2011 17:12:20] /a
[30/12/2011 17:12:20] /a
[30/12/2011 17:12:20] /a
[30/12/2011 17:12:21] /a
[30/12/2011 17:12:26] /a
[30/12/2011 17:12:26] /a
[30/12/2011 17:12:27] /r
[30/12/2011 17:12:28] /r
[30/12/2011 17:12:31] /a
[30/12/2011 17:12:33] /a
[30/12/2011 17:12:33] /a
[30/12/2011 17:12:36] /a
[30/12/2011 17:12:37] /a
[30/12/2011 17:13:02] /a
[30/12/2011 17:13:53] /r
[30/12/2011 17:14:05] /a
[30/12/2011 17:14:06] /a
[30/12/2011 17:24:59] /ghost
[30/12/2011 17:27:02] /goto des~
[30/12/2011 17:27:13] /t
[30/12/2011 17:31:01] /goto dh~
[30/12/2011 17:32:35] /goto ka~
[30/12/2011 17:32:42] /c dh~
[30/12/2011 17:35:24] /mc
[30/12/2011 18:10:55] /r
[30/12/2011 18:11:04] /r 100
[30/12/2011 18:11:05] /r
[30/12/2011 18:11:06] /r
[30/12/2011 18:11:07] /r
[30/12/2011 18:20:48] /openserver
[30/12/2011 18:21:34] /i psecial backpack
[30/12/2011 18:23:47] /c ig~~ 
[30/12/2011 18:23:52] /c igoorito
[30/12/2011 18:25:16] /i backpack
[30/12/2011 18:25:23] /i crystal coin
[30/12/2011 18:25:23] /i crystal coin
[30/12/2011 18:25:24] /i crystal coin
[30/12/2011 18:25:24] /i crystal coin
[30/12/2011 18:25:25] /i crystal coin
[30/12/2011 18:25:25] /i crystal coin
[30/12/2011 18:25:25] /i crystal coin
[30/12/2011 18:25:25] /i crystal coin
[30/12/2011 18:25:26] /i crystal coin/i crystal coin
[30/12/2011 18:25:26] /i crystal coin
[30/12/2011 18:25:27] /i crystal coin
[30/12/2011 18:25:27] /i crystal coin
[30/12/2011 18:25:27] /i crystal coin
[30/12/2011 18:25:27] /i crystal coin
[30/12/2011 18:25:28] /i crystal coin
[30/12/2011 18:25:28] /i crystal coin
[30/12/2011 18:25:29] /i crystal coin
[30/12/2011 18:25:29] /i crystal coin
[30/12/2011 18:25:29] /i crystal coin
[30/12/2011 18:25:29] /i crystal coin
[30/12/2011 18:25:36] /i crystal coin
[30/12/2011 18:25:37] /i crystal coin
[30/12/2011 18:25:37] /i crystal coin
[30/12/2011 18:25:37] /i crystal coin
[30/12/2011 18:25:38] /i crystal coin
[30/12/2011 18:25:38] /i crystal coin
[30/12/2011 18:26:23] /r 100
[30/12/2011 18:26:24] /r 100
[30/12/2011 18:27:28] /i backpack
[30/12/2011 18:27:29] /i backpack
[30/12/2011 18:27:29] /i backpack
[30/12/2011 18:27:29] /i backpack
[30/12/2011 18:27:29] /i backpack
[30/12/2011 18:27:34] /i crystal coin
[30/12/2011 18:27:40] /i crystal coin
[30/12/2011 18:27:40] /i crystal coin
[30/12/2011 18:27:40] /i crystal coin
[30/12/2011 18:27:41] /i crystal coin
[30/12/2011 18:27:41] /i crystal coin
[30/12/2011 18:27:41] /i crystal coin
[30/12/2011 18:27:41] /i crystal coin
[30/12/2011 18:27:41] /i crystal coin
[30/12/2011 18:27:41] /i crystal coin
[30/12/2011 18:27:41] /i crystal coin
[30/12/2011 18:27:42] /i crystal coin
[30/12/2011 18:27:42] /i crystal coin
[30/12/2011 18:27:42] /i crystal coin
[30/12/2011 18:27:42] /i crystal coin
[30/12/2011 18:27:42] /i crystal coin
[30/12/2011 18:27:42] /i crystal coin
[30/12/2011 18:27:42] /i crystal coin
[30/12/2011 18:27:42] /i crystal coin
[30/12/2011 18:27:42] /i crystal coin
[30/12/2011 18:27:42] /i crystal coin
[30/12/2011 18:27:42] /i crystal coin
[30/12/2011 18:27:42] /i crystal coin
[30/12/2011 18:27:42] /i crystal coin
[30/12/2011 18:27:42] /i crystal coin
[30/12/2011 18:27:42] /i crystal coin
[30/12/2011 18:27:43] /i crystal coin
[30/12/2011 18:27:43] /i crystal coin
[30/12/2011 18:27:43] /i crystal coin
[30/12/2011 18:27:43] /i crystal coin
[30/12/2011 18:27:43] /i crystal coin
[30/12/2011 18:27:43] /i crystal coin
[30/12/2011 18:27:43] /i crystal coin
[30/12/2011 18:27:43] /i crystal coin
[30/12/2011 18:27:43] /i crystal coin
[30/12/2011 18:27:43] /i crystal coin
[30/12/2011 18:27:43] /i crystal coin
[30/12/2011 18:27:43] /i crystal coin
[30/12/2011 18:27:43] /i crystal coin
[30/12/2011 18:27:43] /i crystal coin
[30/12/2011 18:27:43] /i crystal coin
[30/12/2011 18:27:44] /i crystal coin
[30/12/2011 18:27:44] /i crystal coin
[30/12/2011 18:27:44] /i crystal coin
[30/12/2011 18:27:44] /i crystal coin
[30/12/2011 18:27:44] /i crystal coin
[30/12/2011 18:27:44] /i crystal coin
[30/12/2011 18:27:44] /i crystal coin
[30/12/2011 18:27:44] /i crystal coin
[30/12/2011 18:27:44] /i crystal coin
[30/12/2011 18:27:45] /i crystal coin
[30/12/2011 18:27:45] /i crystal coin
[30/12/2011 18:27:45] /i crystal coin
[30/12/2011 18:27:45] /i crystal coin
[30/12/2011 18:27:45] /i crystal coin
[30/12/2011 18:27:45] /i crystal coin
[30/12/2011 18:27:45] /i crystal coin
[30/12/2011 18:27:45] /i crystal coin
[30/12/2011 18:27:45] /i crystal coin
[30/12/2011 18:27:45] /i crystal coin
[30/12/2011 18:27:45] /i crystal coin
[30/12/2011 18:27:45] /i crystal coin
[30/12/2011 18:27:46] /i crystal coin
[30/12/2011 18:27:46] /i crystal coin
[30/12/2011 18:27:46] /i crystal coin
[30/12/2011 18:27:46] /i crystal coin
[30/12/2011 18:27:46] /i crystal coin
[30/12/2011 18:27:46] /i crystal coin
[30/12/2011 18:27:46] /i crystal coin
[30/12/2011 18:27:46] /i crystal coin
[30/12/2011 18:27:46] /i crystal coin
[30/12/2011 18:27:46] /i crystal coin
[30/12/2011 18:27:46] /i crystal coin
[30/12/2011 18:27:46] /i crystal coin
[30/12/2011 18:27:47] /i crystal coin
[30/12/2011 18:27:47] /i crystal coin
[30/12/2011 18:27:47] /i crystal coin
[30/12/2011 18:27:47] /i crystal coin
[30/12/2011 18:27:47] /i crystal coin
[30/12/2011 18:27:47] /i crystal coin
[30/12/2011 18:27:47] /i crystal coin
[30/12/2011 18:27:47] /i crystal coin
[30/12/2011 18:27:47] /i crystal coin
[30/12/2011 18:27:47] /i crystal coin
[30/12/2011 18:27:47] /i crystal coin
[30/12/2011 18:27:47] /i crystal coin
[30/12/2011 18:27:48] /i crystal coin
[30/12/2011 18:27:48] /i crystal coin
[30/12/2011 18:27:48] /i crystal coin
[30/12/2011 18:27:48] /i crystal coin
[30/12/2011 18:27:48] /i crystal coin
[30/12/2011 18:27:48] /i crystal coin
[30/12/2011 18:27:48] /i crystal coin
[30/12/2011 18:27:48] /i crystal coin
[30/12/2011 18:27:48] /i crystal coin
[30/12/2011 18:27:49] /i crystal coin
[30/12/2011 18:27:49] /i crystal coin
[30/12/2011 18:27:49] /i crystal coin
[30/12/2011 18:27:49] /i crystal coin
[30/12/2011 18:27:49] /i crystal coin
[30/12/2011 18:27:49] /i crystal coin
[30/12/2011 18:27:49] /i crystal coin
[30/12/2011 18:27:49] /i crystal coin
[30/12/2011 18:27:49] /i crystal coin
[30/12/2011 18:27:49] /i crystal coin
[30/12/2011 18:27:49] /i crystal coin
[30/12/2011 18:27:49] /i crystal coin
[30/12/2011 18:27:50] /i crystal coin
[30/12/2011 18:27:50] /i crystal coin
[30/12/2011 18:27:50] /i crystal coin
[30/12/2011 18:27:54] /r 100
[30/12/2011 18:27:54] /r 100
[30/12/2011 18:27:55] /r 100
[30/12/2011 18:27:55] /r 100
[30/12/2011 18:27:55] /r 100
[30/12/2011 18:27:56] /r 100
[30/12/2011 18:27:56] /r 100
[30/12/2011 18:27:56] /r 100
[30/12/2011 18:27:56] /r 100
[30/12/2011 18:27:57] /r 100
[30/12/2011 18:27:57] /r 100
[30/12/2011 18:27:57] /r 100
[30/12/2011 18:27:58] /r 100
[30/12/2011 18:27:58] /r 100
[30/12/2011 18:27:58] /r 100
[30/12/2011 18:27:59] /r 100
[30/12/2011 18:31:08] /clean
[30/12/2011 18:32:19] /m xp bug
[30/12/2011 18:32:23] /m exp bug
[30/12/2011 18:32:45] /r
[30/12/2011 18:35:57] /t
[30/12/2011 21:52:51] /up
[30/12/2011 21:59:09] /goto igoo~
[30/12/2011 21:59:15] /m exp bug
[30/12/2011 21:59:15] /m exp bug
[30/12/2011 21:59:16] /m exp bug
[30/12/2011 21:59:16] /m exp bug
[30/12/2011 21:59:16] /m exp bug/m exp bug/m exp bug
[30/12/2011 22:00:49] /a
[30/12/2011 22:00:49] /a
[30/12/2011 22:00:49] /a
[30/12/2011 22:01:49] /r
[30/12/2011 22:01:51] /r
[30/12/2011 22:01:53] /r
[30/12/2011 22:01:56] /r
[30/12/2011 22:20:35] /goto win~
[30/12/2011 22:20:41] /a
[30/12/2011 22:29:19] /b me desculpem , apertei o botao power do teclado sem quere UHDSUHDSAUHDSAUHDSAUH
[30/12/2011 22:29:19] /t
[30/12/2011 22:30:11] /b me desculpem , apertei o botao power do teclado sem quere UHDSUHDSAUHDSAUHDSAUH
[30/12/2011 22:30:41] /mc
[30/12/2011 22:43:57] /i backpack
[30/12/2011 22:43:58] /i backpack
[30/12/2011 22:43:58] /i backpack
[30/12/2011 22:43:58] /i backpack
[30/12/2011 22:43:59] /i backpack
[30/12/2011 22:43:59] /i backpack
[30/12/2011 22:43:59] /i backpack
[30/12/2011 22:44:00] /i backpack
[30/12/2011 22:44:00] /i backpack
[30/12/2011 22:44:00] /i backpack
[30/12/2011 22:44:01] /i backpack
[30/12/2011 22:44:01] /i backpack
[30/12/2011 22:44:07] /i crystal coin
[30/12/2011 22:44:07] /i crystal coin
[30/12/2011 22:44:08] /i crystal coin
[30/12/2011 22:44:08] /i crystal coin
[30/12/2011 22:44:08] /i crystal coin
[30/12/2011 22:44:09] /i crystal coin
[30/12/2011 22:44:09] /i crystal coin
[30/12/2011 22:44:09] /i crystal coin
[30/12/2011 22:44:09] /i crystal coin
[30/12/2011 22:44:09] /i crystal coin
[30/12/2011 22:44:09] /i crystal coin
[30/12/2011 22:44:09] /i crystal coin
[30/12/2011 22:44:09] /i crystal coin
[30/12/2011 22:44:09] /i crystal coin
[30/12/2011 22:44:09] /i crystal coin
[30/12/2011 22:44:09] /i crystal coin
[30/12/2011 22:44:09] /i crystal coin
[30/12/2011 22:44:09] /i crystal coin
[30/12/2011 22:44:10] /i crystal coin
[30/12/2011 22:44:10] /i crystal coin
[30/12/2011 22:44:10] /i crystal coin
[30/12/2011 22:44:10] /i crystal coin
[30/12/2011 22:44:10] /i crystal coin
[30/12/2011 22:44:10] /i crystal coin
[30/12/2011 22:44:10] /i crystal coin
[30/12/2011 22:44:10] /i crystal coin
[30/12/2011 22:44:10] /i crystal coin
[30/12/2011 22:44:10] /i crystal coin
[30/12/2011 22:44:10] /i crystal coin
[30/12/2011 22:44:10] /i crystal coin
[30/12/2011 22:44:12] /i crystal coin
[30/12/2011 22:44:12] /i crystal coin
[30/12/2011 22:44:12] /i crystal coin
[30/12/2011 22:44:12] /i crystal coin
[30/12/2011 22:44:12] /i crystal coin
[30/12/2011 22:44:12] /i crystal coin
[30/12/2011 22:44:12] /i crystal coin
[30/12/2011 22:44:12] /i crystal coin
[30/12/2011 22:44:12] /i crystal coin
[30/12/2011 22:44:12] /i crystal coin
[30/12/2011 22:44:12] /i crystal coin
[30/12/2011 22:44:12] /i crystal coin
[30/12/2011 22:44:13] /i crystal coin
[30/12/2011 22:44:13] /i crystal coin
[30/12/2011 22:44:14] /i crystal coin
[30/12/2011 22:44:14] /i crystal coin
[30/12/2011 22:44:14] /i crystal coin
[30/12/2011 22:44:14] /i crystal coin
[30/12/2011 22:44:14] /i crystal coin
[30/12/2011 22:44:14] /i crystal coin
[30/12/2011 22:44:15] /i crystal coin
[30/12/2011 22:44:15] /i crystal coin
[30/12/2011 22:44:15] /i crystal coin
[30/12/2011 22:44:15] /i crystal coin
[30/12/2011 22:44:15] /i crystal coin
[30/12/2011 22:44:15] /i crystal coin
[30/12/2011 22:44:16] /i crystal coin
[30/12/2011 22:44:16] /i crystal coin
[30/12/2011 22:44:16] /i crystal coin
[30/12/2011 22:44:16] /i crystal coin
[30/12/2011 22:44:16] /i crystal coin
[30/12/2011 22:44:16] /i crystal coin
[30/12/2011 22:44:16] /i crystal coin
[30/12/2011 22:44:17] /i crystal coin
[30/12/2011 22:44:17] /i crystal coin
[30/12/2011 22:44:17] /i crystal coin
[30/12/2011 22:44:17] /i crystal coin
[30/12/2011 22:44:17] /i crystal coin
[30/12/2011 22:44:17] /i crystal coin
[30/12/2011 22:44:17] /i crystal coin
[30/12/2011 22:44:17] /i crystal coin
[30/12/2011 22:44:18] /i crystal coin
[30/12/2011 22:44:18] /i crystal coin
[30/12/2011 22:44:18] /i crystal coin
[30/12/2011 22:44:18] /i crystal coin
[30/12/2011 22:44:18] /i crystal coin
[30/12/2011 22:44:18] /i crystal coin
[30/12/2011 22:44:18] /i crystal coin
[30/12/2011 22:44:18] /i crystal coin
[30/12/2011 22:44:18] /i crystal coin
[30/12/2011 22:44:18] /i crystal coin
[30/12/2011 22:44:18] /i crystal coin
[30/12/2011 22:44:18] /i crystal coin
[30/12/2011 22:44:18] /i crystal coin
[30/12/2011 22:44:18] /i crystal coin
[30/12/2011 22:44:18] /i crystal coin
[30/12/2011 22:44:19] /i crystal coin
[30/12/2011 22:44:19] /i crystal coin
[30/12/2011 22:44:19] /i crystal coin
[30/12/2011 22:44:19] /i crystal coin
[30/12/2011 22:44:19] /i crystal coin
[30/12/2011 22:44:19] /i crystal coin
[30/12/2011 22:44:19] /i crystal coin
[30/12/2011 22:44:19] /i crystal coin
[30/12/2011 22:44:19] /i crystal coin
[30/12/2011 22:44:19] /i crystal coin
[30/12/2011 22:44:19] /i crystal coin
[30/12/2011 22:44:19] /i crystal coin
[30/12/2011 22:44:19] /i crystal coin
[30/12/2011 22:44:19] /i crystal coin
[30/12/2011 22:44:19] /i crystal coin
[30/12/2011 22:44:19] /i crystal coin
[30/12/2011 22:44:19] /i crystal coin
[30/12/2011 22:44:19] /i crystal coin
[30/12/2011 22:44:19] /i crystal coin
[30/12/2011 22:44:19] /i crystal coin
[30/12/2011 22:44:20] /i crystal coin
[30/12/2011 22:44:20] /i crystal coin
[30/12/2011 22:44:20] /i crystal coin
[30/12/2011 22:44:20] /i crystal coin
[30/12/2011 22:44:20] /i crystal coin
[30/12/2011 22:44:20] /i crystal coin
[30/12/2011 22:44:20] /i crystal coin
[30/12/2011 22:44:20] /i crystal coin
[30/12/2011 22:44:20] /i crystal coin
[30/12/2011 22:44:20] /i crystal coin
[30/12/2011 22:44:20] /i crystal coin
[30/12/2011 22:44:20] /i crystal coin
[30/12/2011 22:44:20] /i crystal coin
[30/12/2011 22:44:20] /i crystal coin
[30/12/2011 22:44:21] /i crystal coin
[30/12/2011 22:44:21] /i crystal coin
[30/12/2011 22:44:21] /i crystal coin
[30/12/2011 22:44:21] /i crystal coin
[30/12/2011 22:44:21] /i crystal coin
[30/12/2011 22:44:21] /i crystal coin
[30/12/2011 22:44:21] /i crystal coin
[30/12/2011 22:44:21] /i crystal coin
[30/12/2011 22:44:21] /i crystal coin
[30/12/2011 22:44:21] /i crystal coin
[30/12/2011 22:44:21] /i crystal coin
[30/12/2011 22:44:21] /i crystal coin
[30/12/2011 22:44:21] /i crystal coin
[30/12/2011 22:44:21] /i crystal coin
[30/12/2011 22:44:21] /i crystal coin
[30/12/2011 22:44:21] /i crystal coin
[30/12/2011 22:44:21] /i crystal coin
[30/12/2011 22:44:22] /i crystal coin
[30/12/2011 22:44:22] /i crystal coin
[30/12/2011 22:44:22] /i crystal coin
[30/12/2011 22:44:22] /i crystal coin
[30/12/2011 22:44:22] /i crystal coin
[30/12/2011 22:44:22] /i crystal coin
[30/12/2011 22:44:22] /i crystal coin
[30/12/2011 22:44:22] /i crystal coin
[30/12/2011 22:44:22] /i crystal coin
[30/12/2011 22:44:22] /i crystal coin
[30/12/2011 22:44:22] /i crystal coin
[30/12/2011 22:44:22] /i crystal coin
[30/12/2011 22:44:22] /i crystal coin
[30/12/2011 22:44:22] /i crystal coin
[30/12/2011 22:44:22] /i crystal coin
[30/12/2011 22:44:22] /i crystal coin
[30/12/2011 22:44:22] /i crystal coin
[30/12/2011 22:44:22] /i crystal coin
[30/12/2011 22:44:22] /i crystal coin
[30/12/2011 22:44:22] /i crystal coin
[30/12/2011 22:44:22] /i crystal coin
[30/12/2011 22:44:22] /i crystal coin
[30/12/2011 22:44:23] /i crystal coin
[30/12/2011 22:44:23] /i crystal coin
[30/12/2011 22:44:23] /i crystal coin
[30/12/2011 22:44:23] /i crystal coin
[30/12/2011 22:44:23] /i crystal coin
[30/12/2011 22:44:23] /i crystal coin
[30/12/2011 22:44:23] /i crystal coin
[30/12/2011 22:44:23] /i crystal coin
[30/12/2011 22:44:23] /i crystal coin
[30/12/2011 22:44:23] /i crystal coin
[30/12/2011 22:44:24] /i crystal coin
[30/12/2011 22:44:25] /i crystal coin
[30/12/2011 22:44:25] /i crystal coin
[30/12/2011 22:44:25] /i crystal coin
[30/12/2011 22:44:25] /i crystal coin
[30/12/2011 22:44:25] /i crystal coin
[30/12/2011 22:44:25] /i crystal coin
[30/12/2011 22:44:25] /i crystal coin
[30/12/2011 22:44:25] /i crystal coin
[30/12/2011 22:44:25] /i crystal coin
[30/12/2011 22:44:25] /i crystal coin
[30/12/2011 22:44:25] /i crystal coin
[30/12/2011 22:44:25] /i crystal coin
[30/12/2011 22:44:25] /i crystal coin
[30/12/2011 22:44:26] /i crystal coin
[30/12/2011 22:44:26] /i crystal coin
[30/12/2011 22:44:26] /i crystal coin
[30/12/2011 22:44:26] /i crystal coin
[30/12/2011 22:44:26] /i crystal coin
[30/12/2011 22:44:26] /i crystal coin
[30/12/2011 22:44:26] /i crystal coin
[30/12/2011 22:44:26] /i crystal coin
[30/12/2011 22:44:26] /i crystal coin
[30/12/2011 22:44:26] /i crystal coin
[30/12/2011 22:44:26] /i crystal coin
[30/12/2011 22:44:26] /i crystal coin
[30/12/2011 22:44:26] /i crystal coin
[30/12/2011 22:44:26] /i crystal coin
[30/12/2011 22:44:26] /i crystal coin
[30/12/2011 22:44:26] /i crystal coin
[30/12/2011 22:44:26] /i crystal coin
[30/12/2011 22:44:27] /i crystal coin
[30/12/2011 22:44:27] /i crystal coin
[30/12/2011 22:44:27] /i crystal coin
[30/12/2011 22:44:27] /i crystal coin
[30/12/2011 22:44:27] /i crystal coin
[30/12/2011 22:44:27] /i crystal coin
[30/12/2011 22:44:27] /i crystal coin
[30/12/2011 22:44:27] /i crystal coin
[30/12/2011 22:44:27] /i crystal coin
[30/12/2011 22:44:27] /i crystal coin
[30/12/2011 22:44:27] /i crystal coin
[30/12/2011 22:44:27] /i crystal coin
[30/12/2011 22:44:27] /i crystal coin
[30/12/2011 22:44:27] /i crystal coin
[30/12/2011 22:44:27] /i crystal coin
[30/12/2011 22:44:27] /i crystal coin
[30/12/2011 22:44:28] /i crystal coin
[30/12/2011 22:44:28] /i crystal coin
[30/12/2011 22:44:28] /i crystal coin
[30/12/2011 22:44:28] /i crystal coin
[30/12/2011 22:44:28] /i crystal coin
[30/12/2011 22:44:28] /i crystal coin
[30/12/2011 22:44:28] /i crystal coin
[30/12/2011 22:44:28] /i crystal coin
[30/12/2011 22:44:28] /i crystal coin
[30/12/2011 22:44:28] /i crystal coin
[30/12/2011 22:44:28] /i crystal coin
[30/12/2011 22:44:28] /i crystal coin
[30/12/2011 22:44:28] /i crystal coin
[30/12/2011 22:44:28] /i crystal coin
[30/12/2011 22:44:28] /i crystal coin
[30/12/2011 22:44:28] /i crystal coin
[30/12/2011 22:44:28] /i crystal coin
[30/12/2011 22:44:28] /i crystal coin
[30/12/2011 22:44:29] /i crystal coin
[30/12/2011 22:44:29] /i crystal coin
[30/12/2011 22:44:29] /i crystal coin
[30/12/2011 22:44:29] /i crystal coin
[30/12/2011 22:44:29] /i crystal coin
[30/12/2011 22:44:29] /i crystal coin
[30/12/2011 22:44:29] /i crystal coin
[30/12/2011 22:44:29] /i crystal coin
[30/12/2011 22:44:29] /i crystal coin
[30/12/2011 22:44:29] /i crystal coin
[30/12/2011 22:44:29] /i crystal coin
[30/12/2011 22:44:29] /i crystal coin
[30/12/2011 22:44:29] /i crystal coin
[30/12/2011 22:44:29] /i crystal coin
[30/12/2011 22:44:29] /i crystal coin
[30/12/2011 22:44:29] /i crystal coin
[30/12/2011 22:44:30] /i crystal coin
[30/12/2011 22:44:30] /i crystal coin
[30/12/2011 22:44:30] /i crystal coin
[30/12/2011 22:44:30] /i crystal coin
[30/12/2011 22:44:30] /i crystal coin
[30/12/2011 22:44:30] /i crystal coin
[30/12/2011 22:44:30] /i crystal coin
[30/12/2011 22:44:30] /i crystal coin
[30/12/2011 22:44:30] /i crystal coin
[30/12/2011 22:44:30] /i crystal coin
[30/12/2011 22:44:30] /i crystal coin
[30/12/2011 22:44:30] /i crystal coin
[30/12/2011 22:44:30] /i crystal coin
[30/12/2011 22:44:30] /i crystal coin
[30/12/2011 22:44:30] /i crystal coin
[30/12/2011 22:44:30] /i crystal coin
[30/12/2011 22:44:30] /i crystal coin
[30/12/2011 22:44:31] /i crystal coin
[30/12/2011 22:44:31] /i crystal coin
[30/12/2011 22:44:31] /i crystal coin
[30/12/2011 22:44:31] /i crystal coin
[30/12/2011 22:44:31] /i crystal coin
[30/12/2011 22:44:31] /i crystal coin
[30/12/2011 22:44:31] /i crystal coin
[30/12/2011 22:44:31] /i crystal coin
[30/12/2011 22:44:31] /i crystal coin
[30/12/2011 22:44:31] /i crystal coin
[30/12/2011 22:44:31] /i crystal coin
[30/12/2011 22:44:31] /i crystal coin
[30/12/2011 22:44:31] /i crystal coin
[30/12/2011 22:44:31] /i crystal coin
[30/12/2011 22:44:31] /i crystal coin
[30/12/2011 22:44:31] /i crystal coin
[30/12/2011 22:44:32] /i crystal coin
[30/12/2011 22:44:32] /i crystal coin
[30/12/2011 22:44:32] /i crystal coin
[30/12/2011 22:44:32] /i crystal coin
[30/12/2011 22:44:32] /i crystal coin
[30/12/2011 22:44:32] /i crystal coin
[30/12/2011 22:44:32] /i crystal coin
[30/12/2011 22:44:32] /i crystal coin
[30/12/2011 22:44:32] /i crystal coin
[30/12/2011 22:44:32] /i crystal coin
[30/12/2011 22:44:32] /i crystal coin
[30/12/2011 22:44:32] /i crystal coin
[30/12/2011 22:44:32] /i crystal coin
[30/12/2011 22:44:32] /i crystal coin
[30/12/2011 22:44:32] /i crystal coin
[30/12/2011 22:44:32] /i crystal coin
[30/12/2011 22:44:32] /i crystal coin
[30/12/2011 22:44:32] /i crystal coin
[30/12/2011 22:44:32] /i crystal coin
[30/12/2011 22:44:32] /i crystal coin
[30/12/2011 22:44:32] /i crystal coin
[30/12/2011 22:44:32] /i crystal coin
[30/12/2011 22:44:32] /i crystal coin
[30/12/2011 22:44:32] /i crystal coin
[30/12/2011 22:44:33] /i crystal coin
[30/12/2011 22:44:33] /i crystal coin
[30/12/2011 22:44:33] /i crystal coin
[30/12/2011 22:44:33] /i crystal coin
[30/12/2011 22:44:33] /i crystal coin
[30/12/2011 22:44:33] /i crystal coin
[30/12/2011 22:44:33] /i crystal coin
[30/12/2011 22:44:33] /i crystal coin
[30/12/2011 22:44:33] /i crystal coin
[30/12/2011 22:44:35] /clean
[30/12/2011 22:45:09] /mc
[30/12/2011 23:05:24] /goto pho~
[30/12/2011 23:05:33] /t
[31/12/2011 01:35:07] /b ot vai cair ai galera , boa noite para voces ;d
[31/12/2011 01:35:07] /b ot vai cair ai galera , boa noite para voces ;d
[31/12/2011 01:35:08] /b ot vai cair ai galera , boa noite para voces ;d
[31/12/2011 01:35:08] /b ot vai cair ai galera , boa noite para voces ;d
[31/12/2011 01:35:08] /b ot vai cair ai galera , boa noite para voces ;d
[31/12/2011 01:35:08] /b ot vai cair ai galera , boa noite para voces ;d
[31/12/2011 01:35:09] /b ot vai cair ai galera , boa noite para voces ;d
[31/12/2011 01:35:09] /b ot vai cair ai galera , boa noite para voces ;d
[31/12/2011 01:35:09] /b ot vai cair ai galera , boa noite para voces ;d
[31/12/2011 01:35:09] /b ot vai cair ai galera , boa noite para voces ;d
[31/12/2011 01:35:10] /b ot vai cair ai galera , boa noite para voces ;d
[31/12/2011 01:35:10] /b ot vai cair ai galera , boa noite para voces ;d
[31/12/2011 01:35:10] /b ot vai cair ai galera , boa noite para voces ;d
[31/12/2011 01:35:11] /b ot vai cair ai galera , boa noite para voces ;d
[31/12/2011 01:35:11] /b ot vai cair ai galera , boa noite para voces ;d
[31/12/2011 01:35:11] /b ot vai cair ai galera , boa noite para voces ;d
[31/12/2011 01:35:11] /b ot vai cair ai galera , boa noite para voces ;d
[31/12/2011 01:35:12] /b ot vai cair ai galera , boa noite para voces ;d
[31/12/2011 01:35:12] /b ot vai cair ai galera , boa noite para voces ;d
[31/12/2011 01:35:12] /b ot vai cair ai galera , boa noite para voces ;d
[31/12/2011 01:35:13] /b ot vai cair ai galera , boa noite para voces ;d
[31/12/2011 01:35:13] /b ot vai cair ai galera , boa noite para voces ;d
[31/12/2011 01:35:15] /save
[31/12/2011 10:45:46] /m exp bug
[31/12/2011 10:45:50] /m exp bug
[31/12/2011 10:52:24] /goto igoo~
[31/12/2011 10:52:27] /m exp bug
[31/12/2011 10:52:28] /m exp bug
[31/12/2011 10:52:32] /t
[31/12/2011 11:51:19] /b save
[31/12/2011 11:53:03] /name I G O O R, GOD TEXUGO
[31/12/2011 11:54:08] /attr group 5
[31/12/2011 11:54:09] /r
[31/12/2011 11:54:38] /attr group 4
[31/12/2011 11:54:42] /attr group 4
[31/12/2011 11:54:43] /r
[31/12/2011 11:55:16] /attr group 6
[31/12/2011 11:55:16] /r
[31/12/2011 11:57:35] /name [gm] caique, GOD IGOOR TESÃO
[31/12/2011 11:57:50] /name [GM] Caique, GOD IGOOR TESÃO
[31/12/2011 11:57:58] /name [GM] Caique , GOD IGOOR TESÃO
[31/12/2011 11:58:03] /name [GM] Caique ,GOD IGOOR TESÃO
[31/12/2011 11:58:45] /name I G O O R ,GOD IGOOR TESÃO
[31/12/2011 11:59:44] /b INVASAAAAAAAAAAAAAAO
[31/12/2011 11:59:48] /b SOCORRRRRRRRRRRRRRRRRO
[31/12/2011 12:00:00] /m treptin
[31/12/2011 12:00:01] /m treptin
[31/12/2011 12:00:01] /m treptin
[31/12/2011 12:00:01] /m treptin
[31/12/2011 12:00:01] /m treptin
[31/12/2011 12:00:02] /m treptin
[31/12/2011 12:00:23] /m treptin
