[17/03/2012 14:03:22] /a
[17/03/2012 14:03:30] /a 2
[17/03/2012 14:03:38] /a 2
[17/03/2012 14:03:45] /t
[17/03/2012 14:03:56] /c júh demoniacs
[17/03/2012 14:03:57] /c júh demoniacs
[17/03/2012 14:03:58] /c júh demoniacs
[17/03/2012 14:03:58] /c júh demoniacs
[17/03/2012 14:03:59] /c júh demoniacs
[17/03/2012 14:03:59] /c júh demoniacs
[17/03/2012 14:03:59] /c júh demoniacs
[17/03/2012 14:04:00] /c júh demoniacs
[17/03/2012 14:04:00] /c júh demoniacs
[17/03/2012 14:04:00] /c júh demoniacs
[17/03/2012 14:04:01] /c júh demoniacs
[17/03/2012 14:04:01] /c júh demoniacs
[17/03/2012 14:04:01] /c júh demoniacs
[17/03/2012 14:04:26] /ghost
[17/03/2012 14:05:06] /name Karin'digdinsofoda
[17/03/2012 14:05:24] /name Karin'digdinsofoda, [GM] Lucas
[17/03/2012 14:05:53] /a
[17/03/2012 14:06:05] /i supreme ring
[17/03/2012 14:06:07] /i supreme ring
[17/03/2012 14:06:11] /i supreme shield
[17/03/2012 14:06:11] /i supreme shield
[17/03/2012 14:10:52] /owner Tiozaodotrocadillho
[17/03/2012 14:11:33] /c Júh Demoniacs
[17/03/2012 14:11:55] /c [GM]BEEn
[17/03/2012 14:15:44] /r
[17/03/2012 14:15:48] /r
[17/03/2012 14:15:58] /r all
[17/03/2012 14:16:03] /r all
[17/03/2012 14:16:05] /r all
[17/03/2012 14:16:23] /i supreme star
[17/03/2012 14:16:27] /i supreme legs
[17/03/2012 14:16:30] /i supreme boots
[17/03/2012 14:16:34] /i supreme shield
[17/03/2012 14:17:14] /attr skull 6
[17/03/2012 14:17:18] /attr skull 5
[17/03/2012 14:17:25] /kill [TUTOR] JÊh Demonia
[17/03/2012 14:19:39] /i supreme armor
[17/03/2012 14:19:56] /attr set attack 10000000
[17/03/2012 14:20:02] /r all
[17/03/2012 14:20:12] /i supreme sword
[17/03/2012 14:20:22] /attr set attack 1000000000
[17/03/2012 14:20:32] /i supreme club
[17/03/2012 14:20:36] /i supreme hat
[17/03/2012 14:20:40] /i supreme ring
[17/03/2012 14:20:58] /m lord vampire
[17/03/2012 14:21:06] /r
[17/03/2012 14:21:26] /i wild growth rune
[17/03/2012 14:21:31] /r all
[17/03/2012 14:21:36] /i magic wall rune
[17/03/2012 14:21:45] /m master boss
[17/03/2012 14:21:54] /m master bos
[17/03/2012 14:21:55] /m master boss
[17/03/2012 14:21:57] /m master boss
[17/03/2012 14:22:02] /m white boss
[17/03/2012 14:22:11] /m treptin
[17/03/2012 14:22:39] /i green tapestry
[17/03/2012 14:22:43] /r
[17/03/2012 14:22:46] /a
[17/03/2012 14:22:53] /i green tapestry
[17/03/2012 14:22:55] /a
[17/03/2012 14:23:03] /i yellow tapestry
[17/03/2012 14:23:04] /a
[17/03/2012 14:23:08] /i red tapestry
[17/03/2012 14:23:15] /a
[17/03/2012 14:23:18] /i yellow tapestry
[17/03/2012 14:23:20] /r
[17/03/2012 14:23:21] /r
[17/03/2012 14:23:22] /r
[17/03/2012 14:23:24] /a
[17/03/2012 14:23:30] /i 1915
[17/03/2012 14:23:44] /i 1038
[17/03/2012 14:23:46] /r
[17/03/2012 14:23:48] /i 1036
[17/03/2012 14:23:50] /r
[17/03/2012 14:23:51] /a
[17/03/2012 14:23:53] /i 1036
[17/03/2012 14:24:03] /i special backpack
[17/03/2012 14:24:07] /i crystal coin
[17/03/2012 14:24:08] /i crystal coin
[17/03/2012 14:24:08] /i crystal coin
[17/03/2012 14:24:09] /i crystal coin
[17/03/2012 14:24:09] /i crystal coin
[17/03/2012 14:24:18] /i crystal coinhi
[17/03/2012 14:24:32] /i special backpack
[17/03/2012 14:24:33] /i special backpack
[17/03/2012 14:24:33] /i special backpack
[17/03/2012 14:25:41] /t
[17/03/2012 14:27:36] /r
[17/03/2012 14:28:19] /i crysta coin
[17/03/2012 14:28:20] /i crysta coin
[17/03/2012 14:31:13] /i crystal coin
[17/03/2012 14:31:14] /i crystal coin
[17/03/2012 14:31:14] /i crystal coin
[17/03/2012 14:31:15] /i crystal coin
[17/03/2012 14:31:16] /i crystal coin
[17/03/2012 14:31:16] /i crystal coin
[17/03/2012 14:31:17] /i crystal coin
[17/03/2012 14:31:19] /i crystal coin
[17/03/2012 14:31:20] /i crystal coin
[17/03/2012 14:31:20] /i crystal coin
[17/03/2012 14:31:21] /i crystal coin
[17/03/2012 14:31:23] /i crystal coin
[17/03/2012 14:31:24] /i crystal coin
[17/03/2012 14:31:25] /i crystal coin
[17/03/2012 14:31:26] /i crystal coin
[17/03/2012 14:31:27] /i crystal coin
[17/03/2012 14:31:49] /i special bow
[17/03/2012 14:31:53] /i special arrowe
[17/03/2012 14:31:55] /i special arrow
[17/03/2012 14:32:12] /i crystal coin
[17/03/2012 14:32:13] /i crystal coin
[17/03/2012 14:32:14] /i crystal coin
[17/03/2012 14:32:15] /i crystal coin
[17/03/2012 14:32:17] /i crystal coin
[17/03/2012 14:32:20] /up
[17/03/2012 14:32:23] /i crystal coin
[17/03/2012 14:32:24] /i crystal coin
[17/03/2012 14:32:24] /i crystal coin
[17/03/2012 14:32:25] /i crystal coin
[17/03/2012 14:32:26] /i crystal coin
[17/03/2012 14:32:26] /i crystal coin
[17/03/2012 14:32:54] /i crystal coin
[17/03/2012 14:32:54] /i crystal coin
[17/03/2012 14:32:55] /i crystal coin
[17/03/2012 14:32:57] /i crystal coin
[17/03/2012 14:32:57] /i crystal coin
[17/03/2012 14:32:58] /i crystal coin
[17/03/2012 14:32:58] /i crystal coin
[17/03/2012 14:32:59] /i crystal coin
[17/03/2012 14:33:00] /i crystal coin
[17/03/2012 14:33:05] /i crystal coin
[17/03/2012 14:33:05] /i crystal coin
[17/03/2012 14:33:06] /i crystal coin
[17/03/2012 14:33:07] /i crystal coin
[17/03/2012 14:33:08] /i crystal coin
[17/03/2012 14:33:09] /i crystal coin
[17/03/2012 14:33:10] /i crystal coin
[17/03/2012 14:33:11] /i crystal coin
[17/03/2012 14:34:18] /i supreme sword
[17/03/2012 14:34:30] /i special armor
[17/03/2012 14:34:31] /i special hat
[17/03/2012 14:34:35] /i special legs
[17/03/2012 14:34:39] /i special boots
[17/03/2012 14:34:43] /i special ring
[17/03/2012 14:34:47] /i special shield
[17/03/2012 14:34:49] /goto nego blue
[17/03/2012 14:35:00] /c Júh demoniacs
[17/03/2012 15:21:40] /t
[17/03/2012 15:24:14] /m dourado
[17/03/2012 15:24:19] /c Júh demoniacs
[17/03/2012 15:24:49] /attr level,Júh demoniacs,100
[17/03/2012 15:24:51] /attr level,Júh demoniacs,100
[17/03/2012 15:25:03] /m dourado
[17/03/2012 15:25:15] /m massive fire elemental
[17/03/2012 15:25:25] /m massive fire elemental
[17/03/2012 15:25:26] /m massive fire elemental
[17/03/2012 15:25:39] /m massive fire elemental
[17/03/2012 15:25:39] /m massive fire elemental
[17/03/2012 15:25:40] /m massive fire elemental
[17/03/2012 15:25:40] /m massive fire elemental
[17/03/2012 15:25:40] /m massive fire elemental
[17/03/2012 15:25:41] /m massive fire elemental
[17/03/2012 15:25:41] /m massive fire elemental
[17/03/2012 15:25:41] /m massive fire elemental
[17/03/2012 15:25:42] /m massive fire elemental
[17/03/2012 15:25:42] /m massive fire elemental
[17/03/2012 15:25:42] /m massive fire elemental
[17/03/2012 15:25:43] /m massive fire elemental
[17/03/2012 15:25:43] /m massive fire elemental
[17/03/2012 15:26:01] /r all
[17/03/2012 15:26:04] /r all
[17/03/2012 15:26:20] /c ZeeH Lokiinhoo
[17/03/2012 15:26:57] /t Zeeh~
[17/03/2012 15:27:08] /m massive fire elemental
[17/03/2012 20:12:25] /t
[17/03/2012 20:12:29] /goto You'are dead
[17/03/2012 20:12:53] /a
[17/03/2012 20:12:53] /a
[17/03/2012 20:12:54] /a
[17/03/2012 20:12:56] /a
[17/03/2012 20:12:56] /a
[17/03/2012 20:13:48] /goto venon
[17/03/2012 20:13:53] /t
[17/03/2012 20:13:58] /goto as mina piira
[17/03/2012 20:14:01] /t
[17/03/2012 20:14:11] /goto new kina
[17/03/2012 20:15:17] /t
[17/03/2012 20:15:27] /c the americana
[17/03/2012 20:16:28] /t
[17/03/2012 20:16:36] /a
[17/03/2012 20:16:45] /a 10
[17/03/2012 20:16:46] /a 10
[17/03/2012 20:16:48] /a 10
[17/03/2012 20:16:48] /a 10
[17/03/2012 20:16:50] /a 10
[17/03/2012 20:16:53] /a 10
[17/03/2012 20:16:54] /a 10
[17/03/2012 20:16:55] /a 10
[17/03/2012 20:16:57] /a 10
[17/03/2012 20:16:57] /a 10
[17/03/2012 20:16:58] /a 10
[17/03/2012 20:17:00] /a 10
[17/03/2012 20:17:01] /a 10
[17/03/2012 20:17:04] /a 10
[17/03/2012 20:17:06] /a 10
[17/03/2012 20:17:07] /a 10
[17/03/2012 20:17:07] /a 10
[17/03/2012 20:17:09] /a 10
[17/03/2012 20:17:10] /a 10
[17/03/2012 20:17:11] /a 10
[17/03/2012 20:17:12] /a 10
[17/03/2012 20:17:12] /a 10
[17/03/2012 20:17:14] /a 10
[17/03/2012 20:17:15] /a 10
[17/03/2012 20:17:16] /a 10
[17/03/2012 20:17:17] /a 10
[17/03/2012 20:17:17] /a 10
[17/03/2012 20:17:18] /a 10
[17/03/2012 20:17:19] /a 10
[17/03/2012 20:17:22] /a
[17/03/2012 20:17:27] /a
[17/03/2012 20:17:27] /a
[17/03/2012 20:17:33] /a
[17/03/2012 20:17:34] /a
[17/03/2012 20:17:35] /a
[17/03/2012 20:17:38] /a
[17/03/2012 20:17:38] /a
[17/03/2012 20:17:41] /a 2
[17/03/2012 20:17:44] /a 2
[17/03/2012 20:17:45] /a 2
[17/03/2012 20:17:45] /a 2
[17/03/2012 20:17:45] /a 2
[17/03/2012 20:17:46] /a 2
[17/03/2012 20:17:46] /a 2
[17/03/2012 20:17:46] /a 2
[17/03/2012 20:17:50] /a 10
[17/03/2012 20:17:53] /a 2
[17/03/2012 20:17:54] /a 2
[17/03/2012 20:17:54] /a 2
[17/03/2012 20:17:55] /a 2
[17/03/2012 20:18:39] /c the americana
[17/03/2012 20:19:37] /a
[17/03/2012 20:20:04] /c the americana
[17/03/2012 20:20:09] /i supreme ring
[17/03/2012 20:20:14] /i supreme shield
[17/03/2012 20:20:21] /r all
[17/03/2012 20:24:50] /kick fernandinha
[17/03/2012 20:26:09] /a
[17/03/2012 20:26:09] /a
[17/03/2012 20:26:10] /a
[17/03/2012 20:26:33] /b Evento PvP [GM]Been Irá organizar, pois eu so vagabundo e não vo ajuda em nada.
[17/03/2012 20:26:46] /c [gm]been
[17/03/2012 20:26:55] /a
[17/03/2012 20:26:56] /a
[17/03/2012 20:27:04] /i stone
[17/03/2012 20:27:06] /r
[17/03/2012 20:27:14] /b Geral vem arena...
[17/03/2012 20:27:27] /b Geral vem arena... Até aqueles que querem apenas assistir o evento.
[17/03/2012 20:27:38] /c The americana
[17/03/2012 20:28:18] /c Like ah boss
[17/03/2012 20:28:46] /b Quem quer vir evento fala help !
[17/03/2012 20:28:51] /b Quem quer vir evento fala help !
[17/03/2012 20:28:51] /b Quem quer vir evento fala help !
[17/03/2012 20:30:21] /ghost
[17/03/2012 20:30:32] /a
[17/03/2012 20:30:32] /a
[17/03/2012 20:30:35] /c fernandinha
[17/03/2012 20:30:40] /c fernandinha
[17/03/2012 20:30:41] /c fernandinha
[17/03/2012 20:30:41] /c fernandinha
[17/03/2012 20:30:41] /c fernandinha
[17/03/2012 20:33:01] /c Júh demoniaca
[17/03/2012 20:33:06] /c Júh demoniacs
[17/03/2012 20:36:18] /r
[17/03/2012 20:36:20] /r all
[17/03/2012 20:36:21] /r all
[17/03/2012 20:36:22] /r all
[17/03/2012 20:36:23] /r all
[17/03/2012 20:36:24] /r all
[17/03/2012 20:36:25] /r all
[17/03/2012 20:37:33] /a
[17/03/2012 20:37:56] /i special backpack
[17/03/2012 20:38:03] /i special ultimate healing rune
[17/03/2012 20:38:09] /i special ultimate healling rune
[17/03/2012 20:39:02] /m treptin
[17/03/2012 20:43:19] /newtype 10
[17/03/2012 20:43:24] /newtype 0
[17/03/2012 20:43:49] /newtype 40
[17/03/2012 20:43:56] /newtype 40, the americana
[17/03/2012 20:44:16] /newtype 31, the americana
[17/03/2012 20:44:36] /newtype 360, the americana
[17/03/2012 20:44:43] /newtype 60, the americana
[17/03/2012 20:52:14] /t demolidor
[17/03/2012 20:52:16] /t the americana
[17/03/2012 20:52:21] /t Júh demoniacs
[17/03/2012 20:52:28] /i magic forcefield
[17/03/2012 20:52:46] /attr pos 10126 10031 9
[17/03/2012 20:53:20] /a
[17/03/2012 20:53:22] /a
[17/03/2012 20:53:31] /m treptin
[17/03/2012 20:53:31] /m treptin
[17/03/2012 20:53:32] /m treptin
[17/03/2012 20:53:32] /m treptin
[17/03/2012 20:54:08] /m White boss
[17/03/2012 20:54:12] /m Black boss
[17/03/2012 20:54:15] /m Black boss
[17/03/2012 20:54:15] /m Black boss
[17/03/2012 20:54:16] /m Black boss
[17/03/2012 20:54:18] /m Black boss
[17/03/2012 20:54:18] /m Black boss
[17/03/2012 20:54:19] /m Black boss
[17/03/2012 20:54:22] /m ice demon
[17/03/2012 20:54:24] /m ice demon
[17/03/2012 20:54:25] /m ice demon
[17/03/2012 20:54:25] /m ice demon
[17/03/2012 20:54:25] /m ice demon
[17/03/2012 20:54:26] /m ice demon
[17/03/2012 20:54:26] /m ice demon
[17/03/2012 20:54:26] /m ice demon
[17/03/2012 20:54:27] /m ice demon
[17/03/2012 20:54:27] /m ice demon
[17/03/2012 20:54:27] /m ice demon
[17/03/2012 20:54:28] /m Black boss
[17/03/2012 20:54:56] /m bug
[17/03/2012 20:55:02] /attr maxhealth 100000000000000000
[17/03/2012 20:55:03] /attr maxhealth 100000000000000000
[17/03/2012 20:55:03] /attr maxhealth 100000000000000000
[17/03/2012 20:55:04] /attr maxhealth 100000000000000000
[17/03/2012 20:55:08] /attr health 1000000000
[17/03/2012 20:55:09] /attr health 1000000000
[17/03/2012 20:55:10] /attr health 1000000000
[17/03/2012 20:55:10] /attr health 1000000000
[17/03/2012 20:55:10] /attr health 1000000000
[17/03/2012 20:55:11] /attr health 1000000000
[17/03/2012 20:55:20] /a
[17/03/2012 20:55:27] /attr health 1000000
[17/03/2012 20:55:28] /attr health 1000000
[17/03/2012 20:56:27] /i magic wall rune
[17/03/2012 20:56:37] /m tibia bugf
[17/03/2012 20:56:37] /m tibia bug
[17/03/2012 20:56:41] /m bug
[17/03/2012 20:57:06] /attr maxhealth 1000000000
[17/03/2012 20:57:11] /attr health 1000000000
[17/03/2012 20:57:12] /attr health 1000000000
[17/03/2012 20:57:21] /c Demolidor
[17/03/2012 20:57:26] /c Kajuru forever
[17/03/2012 20:58:15] /c Lady gaga
[17/03/2012 20:58:18] /c Kajuru forever
[17/03/2012 20:59:23] /m massive fire elemental
[17/03/2012 21:00:57] /a 2
[17/03/2012 21:01:32] /m treptin
[17/03/2012 21:01:32] /m treptin
[17/03/2012 21:01:33] /m treptin
[17/03/2012 21:01:33] /m treptin
[17/03/2012 21:01:33] /m treptin
[17/03/2012 21:01:34] /m treptin
[17/03/2012 21:01:34] /m treptin
[17/03/2012 21:01:34] /m treptin
[17/03/2012 21:01:34] /m treptin
[17/03/2012 21:01:35] /m treptin
[17/03/2012 21:01:35] /m treptin
[17/03/2012 21:01:35] /m treptin
[17/03/2012 21:01:36] /m treptin
[17/03/2012 21:01:36] /m treptin
[17/03/2012 21:01:41] /m treptin
[17/03/2012 21:01:54] /c demolido
[17/03/2012 21:01:56] /c demolidor
[17/03/2012 21:02:10] /m treptin
[17/03/2012 21:02:11] /m treptin
[17/03/2012 21:02:11] /m treptin
[17/03/2012 21:02:12] /m treptin
[17/03/2012 21:02:42] /i exp potion
[17/03/2012 21:02:56] /m massive fire elemental
[17/03/2012 21:03:14] /i exp potion
[17/03/2012 21:04:44] /m ghost
[17/03/2012 21:04:51] /attr maxhealth 1000000000
[17/03/2012 21:04:53] /attr maxhealth 1000000000
[17/03/2012 21:04:53] /attr maxhealth 1000000000
[17/03/2012 21:04:54] /attr maxhealth 1000000000
[17/03/2012 21:04:54] /attr maxhealth 1000000000
[17/03/2012 21:04:55] /attr maxhealth 1000000000
[17/03/2012 21:04:56] /attr maxhealth 1000000000
[17/03/2012 21:05:07] /m master ghoul
[17/03/2012 21:05:13] /m ghoul
[17/03/2012 21:05:49] /m ghoul
[17/03/2012 21:05:51] /m ghoul
[17/03/2012 21:05:52] /m ghoul
[17/03/2012 21:06:40] /c ghoul
[17/03/2012 21:06:42] /c ghoul
[17/03/2012 21:06:43] /c ghoul
[17/03/2012 21:06:43] /c ghoul
[17/03/2012 21:06:44] /c ghoul
[17/03/2012 21:06:44] /c ghoul
[17/03/2012 21:06:44] /c ghoul
[17/03/2012 21:06:45] /c ghoul
[17/03/2012 21:06:45] /c ghoul
[17/03/2012 21:06:45] /c ghoul
[17/03/2012 21:06:46] /c ghoul
[17/03/2012 21:06:46] /c ghoul
[17/03/2012 21:06:46] /c ghoul
[17/03/2012 21:06:47] /c ghoul
[17/03/2012 21:06:47] /c ghoul
[17/03/2012 21:07:01] /a
[17/03/2012 21:07:08] /a
[17/03/2012 21:07:08] /a
[17/03/2012 21:07:08] /a
[17/03/2012 21:07:08] /a
[17/03/2012 21:07:09] /a
[17/03/2012 21:07:11] /m ghoul
[17/03/2012 21:07:35] /attr maxhealth 10000000000
[17/03/2012 21:07:45] /attr health 10000000000
[17/03/2012 21:07:55] /a
[17/03/2012 21:07:56] /a
[17/03/2012 21:07:56] /a
[17/03/2012 21:07:56] /a
[17/03/2012 21:07:56] /a
[17/03/2012 21:18:02] /t
[17/03/2012 21:18:06] /t demolidor
[17/03/2012 21:18:22] /t Kajuru Forever
[17/03/2012 21:18:24] /ghost
[17/03/2012 21:20:08] /goto alvo dubledore
[17/03/2012 21:21:52] /m treptin
[17/03/2012 21:21:58] /attr maxhealth 10000000000000
[17/03/2012 21:22:01] /attr health 10000000000000
[17/03/2012 21:23:12] /m treptin
[17/03/2012 21:23:17] /attr maxhealth 1000000000000000000000
[17/03/2012 21:23:21] /attr health 1000000000000000000000
[17/03/2012 21:23:29] /attr health 1000000000000000000000
[17/03/2012 21:23:29] /attr health 1000000000000000000000
[17/03/2012 21:23:29] /attr health 1000000000000000000000
[17/03/2012 21:23:31] /attr health 1000000000000000000000
[17/03/2012 21:23:35] /attr health 100000000000
[17/03/2012 21:23:37] /attr health 10000000000000
[17/03/2012 21:23:39] /attr health 100000000000000
[17/03/2012 21:23:44] /attr health 1000000000000000
[17/03/2012 21:23:44] /attr health 1000000000000000
[17/03/2012 21:23:44] /attr health 1000000000000000
[17/03/2012 21:23:44] /attr health 1000000000000000
[17/03/2012 21:23:48] /attr health 1000000000000000
[17/03/2012 21:23:52] /attr health 100000000000000
[17/03/2012 21:23:58] /attr maxhealth 100000000000000
[17/03/2012 21:24:02] /attr health 100000000000000
[17/03/2012 21:24:24] /i supreme star
[17/03/2012 21:25:55] /goto Alvo dubledore
[17/03/2012 21:25:58] /goto Alvo dubledore
[17/03/2012 21:25:58] /goto Alvo dubledore
[17/03/2012 21:25:59] /goto Alvo dubledore
[17/03/2012 21:25:59] /goto Alvo dubledore
[17/03/2012 21:25:59] /goto Alvo dubledore
[17/03/2012 21:26:01] /goto Alvo dubledore
[17/03/2012 21:26:02] /goto Alvo dubledore
[17/03/2012 21:26:02] /goto Alvo dubledore
[17/03/2012 21:26:03] /goto Alvo dubledore
[17/03/2012 21:26:04] /goto Alvo dubledore
[17/03/2012 21:26:06] /goto Alvo dubledore
[17/03/2012 21:28:24] /t
[17/03/2012 21:28:37] /i club
[17/03/2012 21:28:42] /r
[17/03/2012 21:28:51] /i magic longsword
[17/03/2012 21:29:04] /attr set attack 1000000000000
[17/03/2012 21:29:10] /attr set attack 100000000
[17/03/2012 21:30:30] /r 
[17/03/2012 21:30:33] /i special backpack
[17/03/2012 21:30:35] /i exp potion
[17/03/2012 21:30:36] /i exp potion
[17/03/2012 21:30:36] /i exp potion
[17/03/2012 21:30:37] /i exp potion
[17/03/2012 21:30:37] /i exp potion
[17/03/2012 21:30:37] /i exp potion
[17/03/2012 21:30:38] /i exp potion
[17/03/2012 21:30:38] /i exp potion
[17/03/2012 21:30:44] /i exp potion
[17/03/2012 21:30:45] /i exp potion
[17/03/2012 21:30:45] /i exp potion
[17/03/2012 21:30:45] /i exp potion
[17/03/2012 21:30:45] /i exp potion
[17/03/2012 21:30:45] /i exp potion
[17/03/2012 21:30:45] /i exp potion
[17/03/2012 21:30:45] /i exp potion
[17/03/2012 21:30:45] /i exp potion
[17/03/2012 21:30:45] /i exp potion
[17/03/2012 21:30:45] /i exp potion
[17/03/2012 21:30:45] /i exp potion
[17/03/2012 21:30:45] /i exp potion
[17/03/2012 21:30:45] /i exp potion
[17/03/2012 21:30:45] /i exp potion
[17/03/2012 21:30:45] /i exp potion
[17/03/2012 21:30:45] /i exp potion
[17/03/2012 21:30:45] /i exp potion
[17/03/2012 21:30:45] /i exp potion
[17/03/2012 21:30:45] /i exp potion
[17/03/2012 21:30:45] /i exp potion
[17/03/2012 21:30:45] /i exp potion
[17/03/2012 21:30:45] /i exp potion
[17/03/2012 21:30:45] /i exp potion
[17/03/2012 21:30:45] /i exp potion
[17/03/2012 21:30:45] /i exp potion
[17/03/2012 21:30:45] /i exp potion
[17/03/2012 21:30:46] /i exp potion
[17/03/2012 21:30:46] /i exp potion
[17/03/2012 21:30:46] /i exp potion
[17/03/2012 21:30:46] /i exp potion
[17/03/2012 21:30:46] /i exp potion
[17/03/2012 21:30:46] /i exp potion
[17/03/2012 21:30:46] /i exp potion
[17/03/2012 21:30:46] /i exp potion
[17/03/2012 21:30:46] /i exp potion
[17/03/2012 21:30:46] /i exp potion
[17/03/2012 21:30:46] /i exp potion
[17/03/2012 21:30:46] /i exp potion
[17/03/2012 21:30:46] /i exp potion
[17/03/2012 21:30:46] /i exp potion
[17/03/2012 21:30:46] /i exp potion
[17/03/2012 21:30:46] /i exp potion
[17/03/2012 21:30:46] /i exp potion
[17/03/2012 21:30:46] /i exp potion
[17/03/2012 21:30:46] /i exp potion
[17/03/2012 21:30:46] /i exp potion
[17/03/2012 21:30:46] /i exp potion
[17/03/2012 21:30:46] /i exp potion
[17/03/2012 21:30:46] /i exp potion
[17/03/2012 21:30:46] /i exp potion
[17/03/2012 21:30:46] /i exp potion
[17/03/2012 21:30:46] /i exp potion
[17/03/2012 21:30:46] /i exp potion
[17/03/2012 21:30:46] /i exp potion
[17/03/2012 21:30:46] /i exp potion
[17/03/2012 21:30:48] /r all
[17/03/2012 21:30:51] /r all
[17/03/2012 21:30:53] /i special backpack
[17/03/2012 21:30:55] /i exp potion
[17/03/2012 21:30:55] /i exp potion
[17/03/2012 21:30:55] /i exp potion
[17/03/2012 21:30:55] /i exp potion
[17/03/2012 21:30:55] /i exp potion
[17/03/2012 21:30:55] /i exp potion
[17/03/2012 21:30:55] /i exp potion
[17/03/2012 21:30:55] /i exp potion
[17/03/2012 21:30:55] /i exp potion
[17/03/2012 21:30:55] /i exp potion
[17/03/2012 21:30:55] /i exp potion
[17/03/2012 21:30:55] /i exp potion
[17/03/2012 21:30:55] /i exp potion
[17/03/2012 21:30:56] /i exp potion
[17/03/2012 21:30:56] /i exp potion
[17/03/2012 21:30:56] /i exp potion
[17/03/2012 21:30:56] /i exp potion
[17/03/2012 21:30:56] /i exp potion
[17/03/2012 21:30:56] /i exp potion
[17/03/2012 21:30:56] /i exp potion
[17/03/2012 21:30:56] /i exp potion
[17/03/2012 21:30:56] /i exp potion
[17/03/2012 21:30:56] /i exp potion
[17/03/2012 21:30:56] /i exp potion
[17/03/2012 21:30:56] /i exp potion
[17/03/2012 21:30:56] /i exp potion
[17/03/2012 21:30:56] /i exp potion
[17/03/2012 21:30:56] /i exp potion
[17/03/2012 21:30:56] /i exp potion
[17/03/2012 21:30:56] /i exp potion
[17/03/2012 21:30:56] /i exp potion
[17/03/2012 21:30:56] /i exp potion
[17/03/2012 21:30:56] /i exp potion
[17/03/2012 21:30:56] /i exp potion
[17/03/2012 21:30:56] /i exp potion
[17/03/2012 21:30:56] /i exp potion
[17/03/2012 21:30:56] /i exp potion
[17/03/2012 21:30:56] /i exp potion
[17/03/2012 21:30:56] /i exp potion
[17/03/2012 21:30:56] /i exp potion
[17/03/2012 21:30:56] /i exp potion
[17/03/2012 21:30:56] /i exp potion
[17/03/2012 21:30:56] /i exp potion
[17/03/2012 21:30:56] /i exp potion
[17/03/2012 21:30:56] /i exp potion
[17/03/2012 21:30:56] /i exp potion
[17/03/2012 21:30:56] /i exp potion
[17/03/2012 21:30:56] /i exp potion
[17/03/2012 21:30:56] /i exp potion
[17/03/2012 21:30:57] /i exp potion
[17/03/2012 21:30:57] /i exp potion
[17/03/2012 21:30:57] /i exp potion
[17/03/2012 21:30:57] /i exp potion
[17/03/2012 21:30:57] /i exp potion
[17/03/2012 21:30:57] /i exp potion
[17/03/2012 21:30:57] /i exp potion
[17/03/2012 21:30:57] /i exp potion
[17/03/2012 21:30:57] /i exp potion
[17/03/2012 21:30:57] /i exp potion
[17/03/2012 21:30:57] /i exp potion
[17/03/2012 21:30:57] /i exp potion
[17/03/2012 21:30:57] /i exp potion
[17/03/2012 21:30:57] /i exp potion
[17/03/2012 21:30:57] /i exp potion
[17/03/2012 21:30:57] /i exp potion
[17/03/2012 21:30:57] /i exp potion
[17/03/2012 21:30:57] /i exp potion
[17/03/2012 21:30:57] /i exp potion
[17/03/2012 21:30:57] /i exp potion
[17/03/2012 21:30:59] /r all
[17/03/2012 21:31:02] /r all
[17/03/2012 21:31:09] /i special backpack
[17/03/2012 21:31:10] /i special backpack
[17/03/2012 21:31:17] /i exp potion
[17/03/2012 21:31:18] /i exp potion
[17/03/2012 21:31:18] /i exp potion
[17/03/2012 21:31:18] /i exp potion
[17/03/2012 21:31:18] /i exp potion
[17/03/2012 21:31:18] /i exp potion
[17/03/2012 21:31:18] /i exp potion
[17/03/2012 21:31:18] /i exp potion
[17/03/2012 21:31:18] /i exp potion
[17/03/2012 21:31:18] /i exp potion
[17/03/2012 21:31:18] /i exp potion
[17/03/2012 21:31:18] /i exp potion
[17/03/2012 21:31:18] /i exp potion
[17/03/2012 21:31:18] /i exp potion
[17/03/2012 21:31:18] /i exp potion
[17/03/2012 21:31:18] /i exp potion
[17/03/2012 21:31:18] /i exp potion
[17/03/2012 21:31:18] /i exp potion
[17/03/2012 21:31:18] /i exp potion
[17/03/2012 21:31:18] /i exp potion
[17/03/2012 21:31:23] /i exp potion
[17/03/2012 21:31:24] /i exp potion
[17/03/2012 21:31:25] /i exp potion
[17/03/2012 21:31:25] /i exp potion
[17/03/2012 21:31:25] /i exp potion
[17/03/2012 21:31:25] /i exp potion
[17/03/2012 21:31:25] /i exp potion
[17/03/2012 21:31:25] /i exp potion
[17/03/2012 21:31:25] /i exp potion
[17/03/2012 21:31:25] /i exp potion
[17/03/2012 21:31:25] /i exp potion
[17/03/2012 21:31:25] /i exp potion
[17/03/2012 21:31:25] /i exp potion
[17/03/2012 21:31:25] /i exp potion
[17/03/2012 21:31:25] /i exp potion
[17/03/2012 21:31:25] /i exp potion
[17/03/2012 21:31:25] /i exp potion
[17/03/2012 21:31:25] /i exp potion
[17/03/2012 21:31:25] /i exp potion
[17/03/2012 21:31:25] /i exp potion
[17/03/2012 21:31:25] /i exp potion
[17/03/2012 21:31:26] /i exp potion
[17/03/2012 21:31:26] /i exp potion
[17/03/2012 21:31:26] /i exp potion
[17/03/2012 21:31:26] /i exp potion
[17/03/2012 21:31:26] /i exp potion
[17/03/2012 21:31:26] /i exp potion
[17/03/2012 21:31:26] /i exp potion
[17/03/2012 21:31:26] /i exp potion
[17/03/2012 21:31:26] /i exp potion
[17/03/2012 21:31:26] /i exp potion
[17/03/2012 21:31:26] /i exp potion
[17/03/2012 21:31:26] /i exp potion
[17/03/2012 21:31:27] /i exp potion
[17/03/2012 21:31:27] /i exp potion
[17/03/2012 21:31:27] /i exp potion
[17/03/2012 21:31:27] /i exp potion
[17/03/2012 21:31:27] /i exp potion
[17/03/2012 21:31:27] /i exp potion
[17/03/2012 21:31:32] /i exp potion
[17/03/2012 21:31:32] /i exp potion
[17/03/2012 21:31:32] /i exp potion
[17/03/2012 21:31:32] /i exp potion
[17/03/2012 21:31:32] /i exp potion
[17/03/2012 21:31:32] /i exp potion
[17/03/2012 21:31:32] /i exp potion
[17/03/2012 21:31:32] /i exp potion
[17/03/2012 21:31:32] /i exp potion
[17/03/2012 21:31:32] /i exp potion
[17/03/2012 21:31:32] /i exp potion
[17/03/2012 21:31:32] /i exp potion
[17/03/2012 21:31:32] /i exp potion
[17/03/2012 21:31:32] /i exp potion
[17/03/2012 21:31:32] /i exp potion
[17/03/2012 21:31:32] /i exp potion
[17/03/2012 21:31:32] /i exp potion
[17/03/2012 21:31:33] /i exp potion
[17/03/2012 21:31:33] /i exp potion
[17/03/2012 21:31:33] /i exp potion
[17/03/2012 21:31:33] /i exp potion
[17/03/2012 21:31:33] /i exp potion
[17/03/2012 21:31:33] /i exp potion
[17/03/2012 21:31:33] /i exp potion
[17/03/2012 21:31:33] /i exp potion
[17/03/2012 21:31:33] /i exp potion
[17/03/2012 21:31:33] /i exp potion
[17/03/2012 21:31:33] /i exp potion
[17/03/2012 21:31:33] /i exp potion
[17/03/2012 21:31:33] /i exp potion
[17/03/2012 21:31:33] /i exp potion
[17/03/2012 21:31:33] /i exp potion
[17/03/2012 21:31:33] /i exp potion
[17/03/2012 21:31:33] /i exp potion
[17/03/2012 21:31:33] /i exp potion
[17/03/2012 21:31:33] /i exp potion
[17/03/2012 21:31:33] /i exp potion
[17/03/2012 21:31:33] /i exp potion
[17/03/2012 21:31:33] /i exp potion
[17/03/2012 21:31:33] /i exp potion
[17/03/2012 21:31:33] /i exp potion
[17/03/2012 21:31:33] /i exp potion
[17/03/2012 21:31:33] /i exp potion
[17/03/2012 21:31:33] /i exp potion
[17/03/2012 21:31:33] /i exp potion
[17/03/2012 21:31:33] /i exp potion
[17/03/2012 21:31:33] /i exp potion
[17/03/2012 21:31:33] /i exp potion
[17/03/2012 21:31:33] /i exp potion
[17/03/2012 21:31:33] /i exp potion
[17/03/2012 21:31:33] /i exp potion
[17/03/2012 21:31:33] /i exp potion
[17/03/2012 21:31:34] /i exp potion
[17/03/2012 21:31:34] /i exp potion
[17/03/2012 21:31:34] /i exp potion
[17/03/2012 21:31:34] /i exp potion
[17/03/2012 21:31:34] /i exp potion
[17/03/2012 21:31:34] /i exp potion
[17/03/2012 21:31:34] /i exp potion
[17/03/2012 21:31:34] /i exp potion
[17/03/2012 21:31:34] /i exp potion
[17/03/2012 21:31:34] /i exp potion
[17/03/2012 21:31:34] /i exp potion
[17/03/2012 21:31:34] /i exp potion
[17/03/2012 21:31:34] /i exp potion
[17/03/2012 21:31:34] /i exp potion
[17/03/2012 21:31:34] /i exp potion
[17/03/2012 21:31:34] /i exp potion
[17/03/2012 21:31:34] /i exp potion
[17/03/2012 21:31:34] /i exp potion
[17/03/2012 21:31:34] /i exp potion
[17/03/2012 21:31:34] /i exp potion
[17/03/2012 21:31:34] /i exp potion
[17/03/2012 21:31:34] /i exp potion
[17/03/2012 21:31:37] /r all
[17/03/2012 21:32:01] /m massive fire elemental
[17/03/2012 21:32:02] /m massive fire elemental
[17/03/2012 21:32:03] /m massive fire elemental
[17/03/2012 21:32:03] /m massive fire elemental
[17/03/2012 21:32:03] /m massive fire elemental
[17/03/2012 21:32:03] /m massive fire elemental
[17/03/2012 21:32:07] /m massive fire elemental
[17/03/2012 21:32:07] /m massive fire elemental
[17/03/2012 21:32:07] /m massive fire elemental
[17/03/2012 21:32:07] /m massive fire elemental
[17/03/2012 21:32:07] /m massive fire elemental
[17/03/2012 21:32:07] /m massive fire elemental
[17/03/2012 21:32:07] /m massive fire elemental
[17/03/2012 21:32:07] /m massive fire elemental
[17/03/2012 21:32:08] /m massive fire elemental
[17/03/2012 21:32:08] /m massive fire elemental
[17/03/2012 21:32:09] /m massive fire elemental
[17/03/2012 21:32:10] /m massive fire elemental
[17/03/2012 21:32:10] /m massive fire elemental
[17/03/2012 21:32:10] /m massive fire elemental
[17/03/2012 21:32:11] /m massive fire elemental
[17/03/2012 21:32:11] /m massive fire elemental
[17/03/2012 21:32:12] /m massive fire elemental
[17/03/2012 21:32:12] /m massive fire elemental
[17/03/2012 21:32:12] /m massive fire elemental
[17/03/2012 21:32:13] /m massive fire elemental
[17/03/2012 21:32:13] /m massive fire elemental
[17/03/2012 21:32:13] /m massive fire elemental
[17/03/2012 21:32:14] /m massive fire elemental
[17/03/2012 21:32:14] /m massive fire elemental
[17/03/2012 21:32:15] /m massive fire elemental
[17/03/2012 21:32:15] /m massive fire elemental
[17/03/2012 21:32:16] /m massive fire elemental
[17/03/2012 21:32:16] /m massive fire elemental
[17/03/2012 21:32:17] /m massive fire elemental
[17/03/2012 21:32:17] /m massive fire elemental
[17/03/2012 21:32:17] /m massive fire elemental
[17/03/2012 21:32:18] /m massive fire elemental
[17/03/2012 21:32:18] /m massive fire elemental
[17/03/2012 21:32:19] /m massive fire elemental
[17/03/2012 21:32:19] /m massive fire elemental
[17/03/2012 21:32:20] /m massive fire elemental
[17/03/2012 21:32:20] /m massive fire elemental
[17/03/2012 21:32:30] /a
[17/03/2012 21:32:31] /a
[17/03/2012 21:32:34] /a
[17/03/2012 21:32:35] /a
[17/03/2012 21:32:36] /a
[17/03/2012 21:32:38] /a
[17/03/2012 21:32:39] /a
[17/03/2012 21:32:40] /a
[17/03/2012 21:32:41] /a
[17/03/2012 21:32:44] /a
[17/03/2012 21:32:44] /a
[17/03/2012 21:32:46] /a
[17/03/2012 21:35:22] /up
[17/03/2012 21:35:26] /r
[17/03/2012 21:35:27] /r
[17/03/2012 21:35:28] /r
[17/03/2012 21:35:29] /r
[17/03/2012 21:35:29] /r
[17/03/2012 21:35:30] /r
[17/03/2012 21:35:31] /r
[17/03/2012 21:35:31] /r
[17/03/2012 21:35:31] /r
[17/03/2012 21:38:11] /i supreme sword
[17/03/2012 21:38:23] /attr set attack 10000000000
[17/03/2012 21:38:32] /clean
[17/03/2012 21:38:36] /clean
[17/03/2012 21:38:37] /clean
[17/03/2012 21:38:37] /clean
[17/03/2012 21:38:38] /clean
[17/03/2012 21:38:38] /clean
[17/03/2012 21:38:38] /clean
[17/03/2012 21:38:39] /clean
[17/03/2012 21:38:39] /clean
[17/03/2012 21:38:46] /i special backpack
[17/03/2012 21:39:00] /i 2160
[17/03/2012 21:39:00] /i 2160
[17/03/2012 21:39:01] /i 2160
[17/03/2012 21:39:01] /i 2160
[17/03/2012 21:39:01] /i 2160
[17/03/2012 21:39:01] /i 2160
[17/03/2012 21:39:01] /i 2160
[17/03/2012 21:39:01] /i 2160
[17/03/2012 21:39:01] /i 2160
[17/03/2012 21:39:01] /i 2160
[17/03/2012 21:39:01] /i 2160
[17/03/2012 21:39:01] /i 2160
[17/03/2012 21:39:01] /i 2160
[17/03/2012 21:39:01] /i 2160
[17/03/2012 21:39:01] /i 2160
[17/03/2012 21:39:01] /i 2160
[17/03/2012 21:39:01] /i 2160
[17/03/2012 21:39:01] /i 2160
[17/03/2012 21:39:01] /i 2160
[17/03/2012 21:39:01] /i 2160
[17/03/2012 21:39:01] /i 2160
[17/03/2012 21:39:01] /i 2160
[17/03/2012 21:39:01] /i 2160
[17/03/2012 21:39:01] /i 2160
[17/03/2012 21:39:01] /i 2160
[17/03/2012 21:39:01] /i 2160
[17/03/2012 21:39:01] /i 2160
[17/03/2012 21:39:01] /i 2160
[17/03/2012 21:39:01] /i 2160
[17/03/2012 21:39:01] /i 2160
[17/03/2012 21:39:01] /i 2160
[17/03/2012 21:39:01] /i 2160
[17/03/2012 21:39:01] /i 2160
[17/03/2012 21:39:01] /i 2160
[17/03/2012 21:39:01] /i 2160
[17/03/2012 21:39:01] /i 2160
[17/03/2012 21:39:02] /i 2160
[17/03/2012 21:39:02] /i 2160
[17/03/2012 21:39:02] /i 2160
[17/03/2012 21:39:02] /i 2160
[17/03/2012 21:39:02] /i 2160
[17/03/2012 21:39:02] /i 2160
[17/03/2012 21:39:02] /i 2160
[17/03/2012 21:39:02] /i 2160
[17/03/2012 21:39:02] /i 2160
[17/03/2012 21:39:02] /i 2160
[17/03/2012 21:39:02] /i 2160
[17/03/2012 21:39:02] /i 2160
[17/03/2012 21:39:02] /i 2160
[17/03/2012 21:39:02] /i 2160
[17/03/2012 21:39:02] /i 2160
[17/03/2012 21:39:02] /i 2160
[17/03/2012 21:39:02] /i 2160
[17/03/2012 21:39:02] /i 2160
[17/03/2012 21:39:02] /i 2160
[17/03/2012 21:39:02] /i 2160
[17/03/2012 21:39:02] /i 2160
[17/03/2012 21:39:04] /r all
[17/03/2012 21:39:09] /r all
[17/03/2012 21:39:13] /i special backpack
[17/03/2012 21:39:14] /i special backpack
[17/03/2012 21:39:16] /i special backpack
[17/03/2012 21:39:18] /i 2160
[17/03/2012 21:39:18] /i 2160
[17/03/2012 21:39:19] /i 2160
[17/03/2012 21:39:19] /i 2160
[17/03/2012 21:39:19] /i 2160
[17/03/2012 21:39:19] /i 2160
[17/03/2012 21:39:19] /i 2160
[17/03/2012 21:39:19] /i 2160
[17/03/2012 21:39:19] /i 2160
[17/03/2012 21:39:19] /i 2160
[17/03/2012 21:39:19] /i 2160
[17/03/2012 21:39:19] /i 2160
[17/03/2012 21:39:19] /i 2160
[17/03/2012 21:39:19] /i 2160
[17/03/2012 21:39:19] /i 2160
[17/03/2012 21:39:19] /i 2160
[17/03/2012 21:39:19] /i 2160
[17/03/2012 21:39:19] /i 2160
[17/03/2012 21:39:19] /i 2160
[17/03/2012 21:39:19] /i 2160
[17/03/2012 21:39:19] /i 2160
[17/03/2012 21:39:19] /i 2160
[17/03/2012 21:39:19] /i 2160
[17/03/2012 21:39:19] /i 2160
[17/03/2012 21:39:19] /i 2160
[17/03/2012 21:39:19] /i 2160
[17/03/2012 21:39:19] /i 2160
[17/03/2012 21:39:19] /i 2160
[17/03/2012 21:39:19] /i 2160
[17/03/2012 21:39:19] /i 2160
[17/03/2012 21:39:19] /i 2160
[17/03/2012 21:39:19] /i 2160
[17/03/2012 21:39:19] /i 2160
[17/03/2012 21:39:19] /i 2160
[17/03/2012 21:39:19] /i 2160
[17/03/2012 21:39:19] /i 2160
[17/03/2012 21:39:19] /i 2160
[17/03/2012 21:39:19] /i 2160
[17/03/2012 21:39:19] /i 2160
[17/03/2012 21:39:19] /i 2160
[17/03/2012 21:39:20] /i 2160
[17/03/2012 21:39:20] /i 2160
[17/03/2012 21:39:20] /i 2160
[17/03/2012 21:39:20] /i 2160
[17/03/2012 21:39:20] /i 2160
[17/03/2012 21:39:20] /i 2160
[17/03/2012 21:39:20] /i 2160
[17/03/2012 21:39:20] /i 2160
[17/03/2012 21:39:20] /i 2160
[17/03/2012 21:39:20] /i 2160
[17/03/2012 21:39:20] /i 2160
[17/03/2012 21:39:20] /i 2160
[17/03/2012 21:39:20] /i 2160
[17/03/2012 21:39:20] /i 2160
[17/03/2012 21:39:20] /i 2160
[17/03/2012 21:39:20] /i 2160
[17/03/2012 21:39:20] /i 2160
[17/03/2012 21:39:20] /i 2160
[17/03/2012 21:39:20] /i 2160
[17/03/2012 21:39:20] /i 2160
[17/03/2012 21:39:20] /i 2160
[17/03/2012 21:39:20] /i 2160
[17/03/2012 21:39:21] /i 2160
[17/03/2012 21:39:21] /i 2160
[17/03/2012 21:39:22] /i 2160
[17/03/2012 21:39:22] /i 2160
[17/03/2012 21:39:22] /i 2160
[17/03/2012 21:39:22] /i 2160
[17/03/2012 21:39:22] /i 2160
[17/03/2012 21:39:22] /i 2160
[17/03/2012 21:39:22] /i 2160
[17/03/2012 21:39:22] /i 2160
[17/03/2012 21:39:22] /i 2160
[17/03/2012 21:39:22] /i 2160
[17/03/2012 21:39:22] /i 2160
[17/03/2012 21:39:22] /i 2160
[17/03/2012 21:39:22] /i 2160
[17/03/2012 21:39:22] /i 2160
[17/03/2012 21:39:22] /i 2160
[17/03/2012 21:39:22] /i 2160
[17/03/2012 21:39:22] /i 2160
[17/03/2012 21:39:22] /i 2160
[17/03/2012 21:39:22] /i 2160
[17/03/2012 21:39:22] /i 2160
[17/03/2012 21:39:22] /i 2160
[17/03/2012 21:39:22] /i 2160
[17/03/2012 21:39:22] /i 2160
[17/03/2012 21:39:22] /i 2160
[17/03/2012 21:39:22] /i 2160
[17/03/2012 21:39:22] /i 2160
[17/03/2012 21:39:22] /i 2160
[17/03/2012 21:39:22] /i 2160
[17/03/2012 21:39:22] /i 2160
[17/03/2012 21:39:22] /i 2160
[17/03/2012 21:39:22] /i 2160
[17/03/2012 21:39:22] /i 2160
[17/03/2012 21:39:22] /i 2160
[17/03/2012 21:39:22] /i 2160
[17/03/2012 21:39:23] /i 2160
[17/03/2012 21:39:23] /i 2160
[17/03/2012 21:39:23] /i 2160
[17/03/2012 21:39:23] /i 2160
[17/03/2012 21:39:23] /i 2160
[17/03/2012 21:39:23] /i 2160
[17/03/2012 21:39:23] /i 2160
[17/03/2012 21:39:23] /i 2160
[17/03/2012 21:39:23] /i 2160
[17/03/2012 21:39:23] /i 2160
[17/03/2012 21:39:23] /i 2160
[17/03/2012 21:39:23] /i 2160
[17/03/2012 21:39:23] /i 2160
[17/03/2012 21:39:23] /i 2160
[17/03/2012 21:39:23] /i 2160
[17/03/2012 21:39:23] /i 2160
[17/03/2012 21:39:23] /i 2160
[17/03/2012 21:39:23] /i 2160
[17/03/2012 21:39:23] /i 2160
[17/03/2012 21:39:23] /i 2160
[17/03/2012 21:39:23] /i 2160
[17/03/2012 21:39:23] /i 2160
[17/03/2012 21:39:23] /i 2160
[17/03/2012 21:39:23] /i 2160
[17/03/2012 21:39:23] /i 2160
[17/03/2012 21:39:23] /i 2160
[17/03/2012 21:39:23] /i 2160
[17/03/2012 21:39:23] /i 2160
[17/03/2012 21:39:23] /i 2160
[17/03/2012 21:39:23] /i 2160
[17/03/2012 21:39:23] /i 2160
[17/03/2012 21:39:23] /i 2160
[17/03/2012 21:39:23] /i 2160
[17/03/2012 21:39:23] /i 2160
[17/03/2012 21:39:23] /i 2160
[17/03/2012 21:39:23] /i 2160
[17/03/2012 21:39:23] /i 2160
[17/03/2012 21:39:24] /i 2160
[17/03/2012 21:39:24] /i 2160
[17/03/2012 21:39:24] /i 2160
[17/03/2012 21:39:24] /i 2160
[17/03/2012 21:39:24] /i 2160
[17/03/2012 21:39:24] /i 2160
[17/03/2012 21:39:24] /i 2160
[17/03/2012 21:39:24] /i 2160
[17/03/2012 21:39:24] /i 2160
[17/03/2012 21:39:24] /i 2160
[17/03/2012 21:39:24] /i 2160
[17/03/2012 21:39:24] /i 2160
[17/03/2012 21:39:24] /i 2160
[17/03/2012 21:39:24] /i 2160
[17/03/2012 21:39:24] /i 2160
[17/03/2012 21:39:24] /i 2160
[17/03/2012 21:39:24] /i 2160
[17/03/2012 21:39:24] /i 2160
[17/03/2012 21:39:24] /i 2160
[17/03/2012 21:39:24] /i 2160
[17/03/2012 21:39:24] /i 2160
[17/03/2012 21:39:24] /i 2160
[17/03/2012 21:39:24] /i 2160
[17/03/2012 21:39:24] /i 2160
[17/03/2012 21:39:24] /i 2160
[17/03/2012 21:39:24] /i 2160
[17/03/2012 21:39:24] /i 2160
[17/03/2012 21:39:24] /i 2160
[17/03/2012 21:39:24] /i 2160
[17/03/2012 21:39:24] /i 2160
[17/03/2012 21:39:24] /i 2160
[17/03/2012 21:39:24] /i 2160
[17/03/2012 21:39:24] /i 2160
[17/03/2012 21:39:24] /i 2160
[17/03/2012 21:39:26] /r all
[17/03/2012 21:39:31] /r all
[17/03/2012 21:39:31] /r all
[17/03/2012 21:39:34] /r all
[17/03/2012 21:39:48] /i supreme sword
[17/03/2012 21:39:56] /r all
[17/03/2012 21:40:01] /i special backpack
[17/03/2012 21:40:08] /i supreme sword
[17/03/2012 21:40:14] /t
[17/03/2012 21:40:28] /i special backpack
[17/03/2012 21:40:33] /i amulet of loss
[17/03/2012 21:40:56] /r
[17/03/2012 21:41:11] /i special arrow
[17/03/2012 21:41:19] /i special armor
[17/03/2012 21:41:21] /i special hat
[17/03/2012 21:41:25] /i special legs
[17/03/2012 21:41:27] /i special boots
[17/03/2012 21:41:41] /i special legs
[17/03/2012 21:41:43] /i special armor
[17/03/2012 21:41:46] /i special hat
[17/03/2012 21:41:50] /i special boots
[17/03/2012 21:41:56] /i special shield
[17/03/2012 21:42:01] /i special armor
[17/03/2012 21:42:03] /i special hat
[17/03/2012 21:42:06] /i special shield
[17/03/2012 21:42:08] /i special legs
[17/03/2012 21:42:11] /i special boots
[17/03/2012 21:42:23] /i supreme sword
[17/03/2012 21:42:26] /r
[17/03/2012 21:42:28] /i supreme axe
[17/03/2012 21:42:31] /i supreme club
[17/03/2012 21:42:35] /i supreme special
[17/03/2012 21:42:35] /i supreme special
[17/03/2012 21:42:40] /i supreme special backpack
[17/03/2012 21:42:40] /i supreme special backpack
[17/03/2012 21:42:49] /i special backpack
[17/03/2012 21:42:51] /i special backpack
[17/03/2012 21:43:01] /i amulet of loss
[17/03/2012 21:43:17] /r
[17/03/2012 21:43:19] /i supreme wand
[17/03/2012 21:43:34] /a
[17/03/2012 21:43:36] /a
[17/03/2012 21:43:41] /a
[17/03/2012 21:43:42] /a
[17/03/2012 21:49:39] /attr set attack 1000000000
[17/03/2012 21:49:44] /attr set attack 10000000000
[17/03/2012 21:49:48] /attr set attack 100000000000
[17/03/2012 21:50:12] /attr set def 1000000
[17/03/2012 21:52:31] /i special backpack
[17/03/2012 21:52:33] /i exp potion
[17/03/2012 21:52:35] /i exp potion
[17/03/2012 21:52:35] /i exp potion
[17/03/2012 21:52:36] /i exp potion
[17/03/2012 21:52:36] /i exp potion
[17/03/2012 21:52:36] /i exp potion
[17/03/2012 21:52:36] /i exp potion
[17/03/2012 21:52:36] /i exp potion
[17/03/2012 21:52:36] /i exp potion
[17/03/2012 21:52:36] /i exp potion
[17/03/2012 21:52:36] /i exp potion
[17/03/2012 21:52:36] /i exp potion
[17/03/2012 21:52:36] /i exp potion
[17/03/2012 21:52:36] /i exp potion
[17/03/2012 21:52:36] /i exp potion
[17/03/2012 21:52:36] /i exp potion
[17/03/2012 21:52:36] /i exp potion
[17/03/2012 21:52:36] /i exp potion
[17/03/2012 21:52:36] /i exp potion
[17/03/2012 21:52:36] /i exp potion
[17/03/2012 21:52:36] /i exp potion
[17/03/2012 21:52:36] /i exp potion
[17/03/2012 21:52:36] /i exp potion
[17/03/2012 21:52:36] /i exp potion
[17/03/2012 21:52:36] /i exp potion
[17/03/2012 21:52:36] /i exp potion
[17/03/2012 21:52:36] /i exp potion
[17/03/2012 21:52:36] /i exp potion
[17/03/2012 21:52:36] /i exp potion
[17/03/2012 21:52:36] /i exp potion
[17/03/2012 21:52:36] /i exp potion
[17/03/2012 21:52:36] /i exp potion
[17/03/2012 21:52:36] /i exp potion
[17/03/2012 21:52:37] /i exp potion
[17/03/2012 21:52:37] /i exp potion
[17/03/2012 21:52:37] /i exp potion
[17/03/2012 21:52:37] /i exp potion
[17/03/2012 21:52:37] /i exp potion
[17/03/2012 21:52:37] /i exp potion
[17/03/2012 21:52:37] /i exp potion
[17/03/2012 21:52:37] /i exp potion
[17/03/2012 21:52:40] /i special backpack
[17/03/2012 21:52:40] /i exp potion
[17/03/2012 21:52:41] /i exp potion
[17/03/2012 21:52:41] /i exp potion
[17/03/2012 21:52:41] /i exp potion
[17/03/2012 21:52:41] /i exp potion
[17/03/2012 21:52:41] /i exp potion
[17/03/2012 21:52:41] /i exp potion
[17/03/2012 21:52:41] /i exp potion
[17/03/2012 21:52:41] /i exp potion
[17/03/2012 21:52:41] /i exp potion
[17/03/2012 21:52:41] /i exp potion
[17/03/2012 21:52:41] /i exp potion
[17/03/2012 21:52:41] /i exp potion
[17/03/2012 21:52:41] /i exp potion
[17/03/2012 21:52:41] /i exp potion
[17/03/2012 21:52:41] /i exp potion
[17/03/2012 21:52:41] /i exp potion
[17/03/2012 21:52:41] /i exp potion
[17/03/2012 21:52:41] /i exp potion
[17/03/2012 21:52:41] /i exp potion
[17/03/2012 21:52:41] /i exp potion
[17/03/2012 21:52:41] /i exp potion
[17/03/2012 21:52:41] /i exp potion
[17/03/2012 21:52:41] /i exp potion
[17/03/2012 21:52:41] /i exp potion
[17/03/2012 21:52:42] /i exp potion
[17/03/2012 21:52:45] /i exp potion
[17/03/2012 21:52:45] /i exp potion
[17/03/2012 21:52:45] /i exp potion
[17/03/2012 21:52:45] /i exp potion
[17/03/2012 21:52:45] /i exp potion
[17/03/2012 21:52:45] /i exp potion
[17/03/2012 21:52:46] /i exp potion
[17/03/2012 21:52:46] /i exp potion
[17/03/2012 21:52:46] /i exp potion
[17/03/2012 21:52:46] /i exp potion
[17/03/2012 21:52:46] /i exp potion
[17/03/2012 21:52:46] /i exp potion
[17/03/2012 21:52:46] /i exp potion
[17/03/2012 21:52:46] /i exp potion
[17/03/2012 21:52:46] /i exp potion
[17/03/2012 21:52:46] /i exp potion
[17/03/2012 21:52:46] /i exp potion
[17/03/2012 21:52:46] /i exp potion
[17/03/2012 21:52:46] /i exp potion
[17/03/2012 21:52:46] /i exp potion
[17/03/2012 21:52:46] /i exp potion
[17/03/2012 21:52:46] /i exp potion
[17/03/2012 21:52:46] /i exp potion
[17/03/2012 21:52:46] /i exp potion
[17/03/2012 21:52:46] /i exp potion
[17/03/2012 21:52:46] /i exp potion
[17/03/2012 21:52:46] /i exp potion
[17/03/2012 21:52:46] /i exp potion
[17/03/2012 21:52:46] /i special backpack
[17/03/2012 21:52:47] /i exp potion
[17/03/2012 21:52:47] /i exp potion
[17/03/2012 21:52:47] /i exp potion
[17/03/2012 21:52:47] /i exp potion
[17/03/2012 21:52:47] /i exp potion
[17/03/2012 21:52:48] /i exp potion
[17/03/2012 21:52:48] /i exp potion
[17/03/2012 21:52:48] /i exp potion
[17/03/2012 21:52:48] /i exp potion
[17/03/2012 21:52:48] /i exp potion
[17/03/2012 21:52:48] /i exp potion
[17/03/2012 21:52:48] /i exp potion
[17/03/2012 21:52:48] /i exp potion
[17/03/2012 21:52:48] /i exp potion
[17/03/2012 21:52:48] /i exp potion
[17/03/2012 21:52:48] /i exp potion
[17/03/2012 21:52:48] /i exp potion
[17/03/2012 21:52:48] /i exp potion
[17/03/2012 21:52:48] /i exp potion
[17/03/2012 21:52:48] /i exp potion
[17/03/2012 21:52:48] /i exp potion
[17/03/2012 21:52:48] /i exp potion
[17/03/2012 21:52:48] /i exp potion
[17/03/2012 21:52:48] /i exp potion
[17/03/2012 21:52:48] /i exp potion
[17/03/2012 21:52:48] /i exp potion
[17/03/2012 21:52:48] /i exp potion
[17/03/2012 21:52:48] /i exp potion
[17/03/2012 21:52:48] /i exp potion
[17/03/2012 21:52:48] /i exp potion
[17/03/2012 21:52:48] /i exp potion
[17/03/2012 21:52:48] /i exp potion
[17/03/2012 21:52:48] /i exp potion
[17/03/2012 21:52:50] /i exp potion
[17/03/2012 21:52:51] /i exp potion
[17/03/2012 21:52:51] /i exp potion
[17/03/2012 21:52:52] /i exp potion
[17/03/2012 21:52:52] /i exp potion
[17/03/2012 21:52:52] /i exp potion
[17/03/2012 21:52:52] /i exp potion
[17/03/2012 21:52:52] /i exp potion
[17/03/2012 21:52:52] /i exp potion
[17/03/2012 21:52:52] /i exp potion
[17/03/2012 21:52:52] /i exp potion
[17/03/2012 21:52:52] /i exp potion
[17/03/2012 21:52:52] /i exp potion
[17/03/2012 21:52:52] /i exp potion
[17/03/2012 21:52:52] /i exp potion
[17/03/2012 21:52:52] /i exp potion
[17/03/2012 21:52:52] /i exp potion
[17/03/2012 21:52:52] /i exp potion
[17/03/2012 21:52:52] /i exp potion
[17/03/2012 21:52:52] /i special backpack
[17/03/2012 21:52:53] /i exp potion
[17/03/2012 21:52:54] /i exp potion
[17/03/2012 21:52:54] /i exp potion
[17/03/2012 21:52:54] /i exp potion
[17/03/2012 21:52:54] /i exp potion
[17/03/2012 21:52:54] /i exp potion
[17/03/2012 21:52:54] /i exp potion
[17/03/2012 21:52:54] /i exp potion
[17/03/2012 21:52:54] /i exp potion
[17/03/2012 21:52:54] /i exp potion
[17/03/2012 21:52:54] /i exp potion
[17/03/2012 21:52:54] /i exp potion
[17/03/2012 21:52:54] /i exp potion
[17/03/2012 21:52:54] /i exp potion
[17/03/2012 21:52:54] /i exp potion
[17/03/2012 21:52:54] /i exp potion
[17/03/2012 21:52:54] /i exp potion
[17/03/2012 21:52:54] /i exp potion
[17/03/2012 21:52:54] /i exp potion
[17/03/2012 21:52:54] /i exp potion
[17/03/2012 21:52:56] /i exp potion
[17/03/2012 21:52:57] /i exp potion
[17/03/2012 21:52:57] /i exp potion
[17/03/2012 21:52:57] /i exp potion
[17/03/2012 21:52:57] /i exp potion
[17/03/2012 21:52:57] /i exp potion
[17/03/2012 21:52:57] /i exp potion
[17/03/2012 21:52:57] /i exp potion
[17/03/2012 21:52:57] /i exp potion
[17/03/2012 21:52:57] /i exp potion
[17/03/2012 21:52:57] /i exp potion
[17/03/2012 21:52:57] /i exp potion
[17/03/2012 21:52:57] /i exp potion
[17/03/2012 21:52:57] /i exp potion
[17/03/2012 21:52:57] /i exp potion
[17/03/2012 21:52:58] /i special backpack
[17/03/2012 21:52:58] /i exp potion
[17/03/2012 21:52:59] /i exp potion
[17/03/2012 21:52:59] /i exp potion
[17/03/2012 21:52:59] /i exp potion
[17/03/2012 21:52:59] /i exp potion
[17/03/2012 21:52:59] /i exp potion
[17/03/2012 21:52:59] /i exp potion
[17/03/2012 21:52:59] /i exp potion
[17/03/2012 21:52:59] /i exp potion
[17/03/2012 21:52:59] /i exp potion
[17/03/2012 21:52:59] /i exp potion
[17/03/2012 21:52:59] /i exp potion
[17/03/2012 21:52:59] /i exp potion
[17/03/2012 21:52:59] /i exp potion
[17/03/2012 21:52:59] /i exp potion
[17/03/2012 21:52:59] /i exp potion
[17/03/2012 21:52:59] /i exp potion
[17/03/2012 21:52:59] /i exp potion
[17/03/2012 21:52:59] /i exp potion
[17/03/2012 21:52:59] /i exp potion
[17/03/2012 21:52:59] /i exp potion
[17/03/2012 21:52:59] /i exp potion
[17/03/2012 21:52:59] /i exp potion
[17/03/2012 21:52:59] /i exp potion
[17/03/2012 21:52:59] /i exp potion
[17/03/2012 21:52:59] /i exp potion
[17/03/2012 21:52:59] /i exp potion
[17/03/2012 21:52:59] /i exp potion
[17/03/2012 21:52:59] /i exp potion
[17/03/2012 21:52:59] /i exp potion
[17/03/2012 21:53:00] /i exp potion
[17/03/2012 21:53:00] /i exp potion
[17/03/2012 21:53:03] /r all
[17/03/2012 21:53:31] /m massive fire elemental
[17/03/2012 21:53:31] /m massive fire elemental
[17/03/2012 21:53:31] /m massive fire elemental
[17/03/2012 21:53:32] /m massive fire elemental
[17/03/2012 21:53:32] /m massive fire elemental
[17/03/2012 21:53:32] /m massive fire elemental
[17/03/2012 21:53:33] /m massive fire elemental
[17/03/2012 21:53:33] /m massive fire elemental
[17/03/2012 21:53:33] /m massive fire elemental
[17/03/2012 21:53:34] /m massive fire elemental
[17/03/2012 21:53:34] /m massive fire elemental
[17/03/2012 21:53:34] /m massive fire elemental
[17/03/2012 21:53:35] /m massive fire elemental
[17/03/2012 21:53:35] /m massive fire elemental
[17/03/2012 21:53:36] /m massive fire elemental
[17/03/2012 21:53:37] /m massive fire elemental
[17/03/2012 21:53:37] /m massive fire elemental
[17/03/2012 21:53:38] /m massive fire elemental
[17/03/2012 21:53:38] /m massive fire elemental
[17/03/2012 21:53:41] /up
[17/03/2012 21:58:16] /m massive fire elemental
[17/03/2012 21:58:16] /m massive fire elemental
[17/03/2012 21:58:17] /m massive fire elemental
[17/03/2012 21:58:18] /m massive fire elemental
[17/03/2012 21:58:18] /m massive fire elemental
[17/03/2012 21:58:19] /m massive fire elemental
[17/03/2012 21:58:20] /m massive fire elemental
[17/03/2012 22:19:56] /t
[17/03/2012 22:20:42] /i special backpack
[17/03/2012 22:20:45] /i special backpack
