[01/12/2011 15:27:57] /b voltei haha
[01/12/2011 15:28:44] /goto GM Enriiquee
[01/12/2011 15:28:44] /goto GM Enriiquee
[01/12/2011 15:28:45] /goto GM Enriiquee
[01/12/2011 15:28:45] /goto GM Enriiquee
[01/12/2011 15:28:45] /goto GM Enriiquee
[01/12/2011 15:28:45] /goto GM Enriiquee
[01/12/2011 15:28:45] /goto GM Enriiquee
[01/12/2011 15:28:45] /goto GM Enriiquee
[01/12/2011 15:28:45] /goto GM Enriiquee
[01/12/2011 15:28:45] /goto GM Enriiquee
[01/12/2011 15:28:45] /goto GM Enriiquee
[01/12/2011 15:28:45] /goto GM Enriiquee
[01/12/2011 15:28:45] /goto GM Enriiquee
[01/12/2011 15:28:45] /goto GM Enriiquee
[01/12/2011 15:28:45] /goto GM Enriiquee
[01/12/2011 15:28:45] /goto GM Enriiquee
[01/12/2011 15:28:45] /goto GM Enriiquee
[01/12/2011 15:28:45] /goto GM Enriiquee
[01/12/2011 15:28:45] /goto GM Enriiquee
[01/12/2011 15:28:45] /goto GM Enriiquee
[01/12/2011 15:28:45] /goto GM Enriiquee
[01/12/2011 15:28:45] /goto GM Enriiquee
[01/12/2011 15:28:45] /goto GM Enriiquee
[01/12/2011 15:28:45] /goto GM Enriiquee
[01/12/2011 15:28:45] /goto GM Enriiquee
[01/12/2011 15:28:45] /goto GM Enriiquee
[01/12/2011 15:28:46] /goto GM Enriiquee
[01/12/2011 15:28:46] /goto GM Enriiquee
[01/12/2011 15:28:46] /goto GM Enriiquee
[01/12/2011 15:28:46] /goto GM Enriiquee
[01/12/2011 15:28:46] /goto GM Enriiquee
[01/12/2011 15:28:46] /goto GM Enriiquee
[01/12/2011 15:28:46] /goto GM Enriiquee
[01/12/2011 15:28:46] /goto GM Enriiquee
[01/12/2011 15:28:46] /goto GM Enriiquee
[01/12/2011 15:28:46] /goto GM Enriiquee
[01/12/2011 15:28:46] /goto GM Enriiquee
[01/12/2011 15:28:46] /goto GM Enriiquee
[01/12/2011 15:28:46] /goto GM Enriiquee
[01/12/2011 15:28:46] /goto GM Enriiquee
[01/12/2011 15:28:46] /goto GM Enriiquee
[01/12/2011 15:28:46] /goto GM Enriiquee
[01/12/2011 15:28:46] /goto GM Enriiquee
[01/12/2011 15:28:46] /goto GM Enriiquee
[01/12/2011 15:28:46] /goto GM Enriiquee
[01/12/2011 15:28:46] /goto GM Enriiquee
[01/12/2011 15:28:46] /goto GM Enriiquee
[01/12/2011 15:28:46] /goto GM Enriiquee
[01/12/2011 15:28:46] /goto GM Enriiquee
[01/12/2011 15:28:46] /goto GM Enriiquee
[01/12/2011 15:28:46] /goto GM Enriiquee
[01/12/2011 15:28:46] /goto GM Enriiquee
[01/12/2011 15:28:46] /goto GM Enriiquee
[01/12/2011 15:28:46] /goto GM Enriiquee
[01/12/2011 15:28:47] /goto GM Enriiquee
[01/12/2011 15:28:47] /goto GM Enriiquee
[01/12/2011 15:28:47] /goto GM Enriiquee
[01/12/2011 15:28:47] /goto GM Enriiquee
[01/12/2011 15:28:47] /goto GM Enriiquee
[01/12/2011 15:28:47] /goto GM Enriiquee
[01/12/2011 15:28:47] /goto GM Enriiquee
[01/12/2011 15:28:47] /goto GM Enriiquee
[01/12/2011 15:28:47] /goto GM Enriiquee
[01/12/2011 15:28:47] /goto GM Enriiquee
[01/12/2011 15:28:47] /goto GM Enriiquee
[01/12/2011 15:28:47] /goto GM Enriiquee
[01/12/2011 15:28:47] /goto GM Enriiquee
[01/12/2011 15:28:47] /goto GM Enriiquee
[01/12/2011 15:28:47] /goto GM Enriiquee
[01/12/2011 15:28:47] /goto GM Enriiquee
[01/12/2011 15:30:01] /a
[01/12/2011 15:30:02] /a
[01/12/2011 15:30:03] /a
[01/12/2011 15:30:03] /a
[01/12/2011 15:30:04] /a
[01/12/2011 15:30:04] /a
[01/12/2011 15:30:05] /a
[01/12/2011 15:30:06] /a
[01/12/2011 15:30:06] /a
[01/12/2011 15:30:08] /a
[01/12/2011 15:30:08] /a
[01/12/2011 15:30:08] /a
[01/12/2011 15:30:08] /a
[01/12/2011 15:30:08] /a
[01/12/2011 15:30:08] /a
[01/12/2011 15:30:08] /a
[01/12/2011 15:30:08] /a
[01/12/2011 15:30:08] /a
[01/12/2011 15:30:08] /a
[01/12/2011 15:30:08] /a
[01/12/2011 15:30:08] /a
[01/12/2011 15:30:10] /a
[01/12/2011 15:30:10] /a
[01/12/2011 15:30:11] /a
[01/12/2011 15:30:11] /a
[01/12/2011 15:30:12] /a
[01/12/2011 15:30:15] /a
[01/12/2011 15:30:16] /a
[01/12/2011 15:30:17] /a
[01/12/2011 15:30:18] /a
[01/12/2011 15:30:19] /a
[01/12/2011 15:30:21] /a
[01/12/2011 15:30:57] /clean
[01/12/2011 15:35:35] /a
[01/12/2011 17:12:33] /b caique ta aê ?
[01/12/2011 17:14:13] /b caique manda pvt
[01/12/2011 17:15:52] /b caique manda pvt mano
[01/12/2011 17:16:15] /up
[01/12/2011 17:16:16] /up
[01/12/2011 17:16:17] /up
[01/12/2011 17:16:17] /up
[01/12/2011 17:16:18] /up
[01/12/2011 17:16:20] /up
[02/12/2011 22:36:12] /t
[02/12/2011 22:36:19] /b eae galera :D
[02/12/2011 22:39:42] /b eae galera , que tal uma brincadeira ?
[02/12/2011 22:40:14] /clean
[02/12/2011 22:41:56] /ghost
[02/12/2011 22:46:22] /clean
[02/12/2011 22:46:29] /m rat
[02/12/2011 22:46:30] /m rat
[02/12/2011 22:46:31] /m rat
[02/12/2011 22:46:32] /m rat
[02/12/2011 22:46:32] /m rat
[02/12/2011 22:46:33] /m rat
[02/12/2011 22:46:33] /m rat
[02/12/2011 22:46:33] /m rat
[02/12/2011 22:46:34] /m rat
[02/12/2011 22:46:34] /m rat
[02/12/2011 22:46:34] /m rat
[02/12/2011 22:46:35] /m rat
[02/12/2011 22:46:35] /m rat
[02/12/2011 22:46:35] /m rat
[02/12/2011 22:46:36] /m rat
[02/12/2011 22:46:36] /m rat
[02/12/2011 22:46:36] /m rat
[02/12/2011 22:46:37] /m rat
[02/12/2011 22:46:37] /m rat
[02/12/2011 22:46:37] /m rat
[02/12/2011 22:46:38] /m rat
[02/12/2011 22:46:38] /m rat
[02/12/2011 22:46:39] /m rat
[02/12/2011 22:46:39] /m rat
[02/12/2011 22:46:39] /m rat
[02/12/2011 22:46:40] /m rat
[02/12/2011 22:46:40] /m rat
[02/12/2011 22:46:40] /m rat
[02/12/2011 22:46:41] /m rat
[02/12/2011 22:46:41] /m rat
[02/12/2011 22:46:41] /m rat
[02/12/2011 23:08:03] /up
[02/12/2011 23:09:35] /t
[03/12/2011 11:49:15] /b caique ta aê ?
[03/12/2011 11:51:26] /goto [hoster]
[03/12/2011 11:51:33] /goto [hoster]
[03/12/2011 23:59:23] /r
[03/12/2011 23:59:32] /i special backpack
[03/12/2011 23:59:41] /i special legs
[03/12/2011 23:59:43] /i special armor
[03/12/2011 23:59:45] /i special boots
[03/12/2011 23:59:46] /i special shield
[03/12/2011 23:59:49] /i special bow
[03/12/2011 23:59:50] /i special arrpw
[03/12/2011 23:59:53] /i special arrow
[03/12/2011 23:59:57] /i special  ring
[04/12/2011 00:00:00] /i special rind
[04/12/2011 00:00:05] /i special hat
[04/12/2011 00:00:10] /i amulet of loss
[04/12/2011 00:00:17] /i 2160
[04/12/2011 00:00:18] /i 2160
[04/12/2011 00:00:19] /i 2160
[04/12/2011 00:00:19] /i 2160
[04/12/2011 00:00:19] /i 2160
[04/12/2011 00:00:19] /i 2160
[04/12/2011 00:00:19] /i 2160
[04/12/2011 00:00:20] /i 2160
[04/12/2011 00:00:20] /i 2160
[04/12/2011 00:00:20] /i 2160
[04/12/2011 00:00:21] /i 2160
[04/12/2011 00:00:21] /i 2160
[04/12/2011 00:00:21] /i 2160
[04/12/2011 00:00:26] /i exp potion
[04/12/2011 00:00:27] /i exp potion
[04/12/2011 00:00:28] /i exp potion
[04/12/2011 00:00:28] /i exp potion
[04/12/2011 00:18:16] /goto rullex pally
[04/12/2011 00:18:30] /goto ls Karin
[04/12/2011 00:18:43] /a
[04/12/2011 00:18:47] /c ls Karin
[04/12/2011 00:18:49] /a
[04/12/2011 00:18:51] /c ls Karin
[04/12/2011 00:18:53] /a
[04/12/2011 00:19:04] /c ls Karin
[04/12/2011 00:19:18] /up
[04/12/2011 00:19:19] /up
[04/12/2011 00:19:25] /a 5
[04/12/2011 00:19:26] /a 5
[04/12/2011 00:19:27] /a 5
[04/12/2011 00:19:27] /a 5
[04/12/2011 00:19:30] /a 5
[04/12/2011 00:19:30] /a 5
[04/12/2011 00:19:31] /a 5
[04/12/2011 00:19:32] /a 5
[04/12/2011 00:19:32] /a 5
[04/12/2011 00:19:33] /a 5
[04/12/2011 00:19:35] /a 5
[04/12/2011 00:19:37] /a 5
[04/12/2011 00:19:38] /a 5
[04/12/2011 00:19:39] /a 5
[04/12/2011 00:19:39] /a 5
[04/12/2011 00:19:40] /a 5
[04/12/2011 00:19:41] /a 5
[04/12/2011 00:19:41] /a 5
[04/12/2011 00:19:42] /a 5
[04/12/2011 00:19:42] /a 5
[04/12/2011 00:19:43] /a 5
[04/12/2011 00:19:44] /a 5
[04/12/2011 00:20:17] /c ls Karin
[04/12/2011 00:30:30] /goto Bobby Lon
[04/12/2011 00:31:52] /goto is karin
[04/12/2011 00:31:59] /goto il karin
[04/12/2011 00:32:05] /goto ls Karin
[04/12/2011 00:32:21] /up
[04/12/2011 00:32:22] /up
[04/12/2011 00:32:22] /up
[04/12/2011 00:32:24] /up
[04/12/2011 00:32:26] /a
[04/12/2011 00:32:28] /a
[04/12/2011 00:32:28] /a
[04/12/2011 00:32:29] /a
[08/12/2011 16:32:31] /b enrique ?
[08/12/2011 16:40:03] /goto gm enriiquee
[08/12/2011 16:40:11] /a 
[08/12/2011 16:40:14] /a 2
