[23/01/2012 00:16:15] /b SO VIP CARAIO
[23/01/2012 16:07:57] /b KKKKKKKKKKKK ZIKA
[23/01/2012 16:32:29] /b SE E DOIDO ESSE OT AKI TAH ZIKA MANO 
[23/01/2012 17:24:20] /b AFK AE JAH VOLTO 
[23/01/2012 17:24:22] /b AFK AE JAH VOLTO 
[23/01/2012 17:43:06] /b ate que fim
[23/01/2012 17:57:23] /b ae quem quizer guild fala comigo por party
[23/01/2012 17:57:35] /b ae quem quizer guild fala comigo por party
[23/01/2012 18:01:16] /b e caique eu pego oq lah ? axe star sword?
[23/01/2012 18:05:25] /b AE QUEM NAO FEXA O MC VAI LEVA BAN
[23/01/2012 18:05:28] /b AE QUEM NAO FEXA O MC VAI LEVA BAN
[23/01/2012 18:05:38] /b AE QUEM NAO FEXA O MC VAI LEVA BAN
[23/01/2012 18:17:24] /b EU TO 10 BP CHEIA POR ELA
[23/01/2012 18:17:35] /b EU TO D0 BP CHEIA POR ELA
[23/01/2012 18:17:38] /b EU TO D0 BP CHEIA POR ELA
[23/01/2012 18:19:53] /b AE JAH TAH VENDIDA HOSTER ?
[25/01/2012 13:44:56] /b iae caique tah ae ?
[26/01/2012 21:02:40] /b salve caraio
[26/01/2012 21:06:54] /b salve porra
[26/01/2012 21:25:27] /b ALGUEM AE NESSA FITA ?
[26/01/2012 21:26:34] /b NAO AKI BOBBY LON 
[26/01/2012 22:48:54] /b ae caique me arruma uma wand ae
[26/01/2012 22:50:34] /b nao so god e nao tenho nun supreme =/
[27/01/2012 17:11:24] /b ai sim essa wand do capeta
[27/01/2012 17:12:00] /b aonde
[27/01/2012 17:12:19] /b onde tag essa wanr ae
[27/01/2012 17:13:01] /b me puxa ae caraio
[27/01/2012 17:31:09] /b so falto uma quest em caique se e mo gay mano ... ae ela tem que se fodona
[27/01/2012 17:38:27] /b ae quem quer ser eu tean  ?
[27/01/2012 17:38:59] /b Vishmainha aceita ae
[27/01/2012 17:43:12] /b AFK JAH VOLTO 
[27/01/2012 18:20:52] /b CARAIO EU TO EMPOLGADO QUANDO ESSA QUEST CHEGA CARAIO .. QUERO VER QUEM VAI ME PEGA NESSE OT ..
[05/02/2012 14:15:32] /b ae caique tah ae ?
[05/02/2012 15:16:11] /b voltei lek .. cai de moto e to de volta seus porra
[05/02/2012 15:17:23] /b e caique seu bixa do caraio 
[05/02/2012 15:23:49] /b foda e eu caraio cai de moto 
[05/02/2012 15:25:01] /b em zika e eu lek cai de moto e quebrei a perna
[05/02/2012 15:25:21] /b ae muda meu nome ae tem como
[05/02/2012 15:25:54] /b ae joga eu no templo ae parça
[05/02/2012 15:26:03] /b ae joga eu no templo ae parça
[05/02/2012 15:27:45] /b quantos tah valendo
[05/02/2012 15:28:38] /b eu do 8 bp cheia
[05/02/2012 15:32:54] /b caraio caiu aki essa porra mano
[05/02/2012 15:36:13] /b i morri denovo
[05/02/2012 17:34:31] /b gay
[05/02/2012 17:41:00] /b e ben tah ae ?
