[05/09/2012 16:55:50] /ghost
[05/09/2012 16:55:53] /a
[05/09/2012 16:55:54] /a
[05/09/2012 16:56:53] /name Kina Rebenta , FeIo StRoNdA KiNa
[05/09/2012 16:58:16] /c FeIo StRoNdA KiNa
[05/09/2012 16:58:18] /c FeIo StRoNdA KiNa
[05/09/2012 16:58:40] /c FeIo StRoNdA KiNa
[05/09/2012 16:58:42] /c FeIo StRoNdA KiNa
[05/09/2012 16:59:42] /name Druid Rebenta , FeIo StRoNda
[05/09/2012 17:01:57] /mc
[05/09/2012 17:03:58] /goto chiko~
[05/09/2012 17:04:02] /goto chiko~
[05/09/2012 17:04:03] /goto chiko~
[05/09/2012 17:04:04] /goto chiko~
[05/09/2012 17:04:05] /goto chiko~
[05/09/2012 17:04:05] /goto chiko~
[05/09/2012 17:04:06] /goto chiko~
[05/09/2012 17:04:06] /goto chiko~
[05/09/2012 17:04:07] /goto chiko~
[05/09/2012 17:04:07] /goto chiko~
[05/09/2012 17:04:08] /goto chiko~
[05/09/2012 17:04:08] /goto chiko~
[05/09/2012 17:04:09] /goto chiko~
[05/09/2012 17:04:10] /goto chiko~
[05/09/2012 17:04:11] /goto chiko~
[05/09/2012 17:04:13] /goto chiko~
[05/09/2012 17:04:13] /goto chiko~
[05/09/2012 17:04:14] /goto chiko~
[05/09/2012 17:04:15] /goto chiko~
[05/09/2012 17:04:16] /goto chiko~
[05/09/2012 17:04:17] /goto chiko~
[05/09/2012 17:04:18] /goto chiko~
[05/09/2012 17:04:19] /goto chiko~
[05/09/2012 17:04:20] /goto chiko~
[05/09/2012 17:04:20] /goto chiko~
[05/09/2012 17:04:21] /goto chiko~
[05/09/2012 17:04:23] /goto chiko~
[05/09/2012 17:04:25] /goto chiko~
[05/09/2012 17:04:26] /goto chiko~
[05/09/2012 17:04:27] /goto chiko~
[05/09/2012 17:04:29] /goto chiko~
[05/09/2012 17:04:30] /goto chiko~
[05/09/2012 17:04:30] /goto chiko~
[05/09/2012 17:04:31] /goto chiko~
[05/09/2012 17:04:32] /goto chiko~
[05/09/2012 17:04:33] /goto chiko~
[05/09/2012 17:46:43] /goto O Z M O Z E
