[28/11/2011 22:21:30] /c Majestyc
[28/11/2011 22:21:34] /c Majestyc
[28/11/2011 22:21:56] /c Majestyc
[28/11/2011 22:21:57] /attr skull 5
[28/11/2011 22:21:57] /kill Majestyc
[28/11/2011 22:22:47] /c [gm] been
[29/11/2011 12:06:48] /t
[29/11/2011 12:30:26] /a
[29/11/2011 12:30:27] /a
[29/11/2011 12:30:27] /a
[29/11/2011 12:30:29] /ghost
[29/11/2011 12:30:36] /info Mytologic
[29/11/2011 12:30:44] /info Mytologic
[29/11/2011 12:30:45] /info Mytologic
[29/11/2011 12:30:45] /info Mytologic
[29/11/2011 12:31:15] /wp
[29/11/2011 12:31:27] /baninfo
[29/11/2011 12:31:32] /baninfo Mytologic
[29/11/2011 12:32:14] /goto Lord Vampire
[29/11/2011 12:32:20] /c [gm] been
[29/11/2011 12:33:30] /goto treptin
[29/11/2011 12:33:47] /attr set attack 1000000
[29/11/2011 12:34:00] /attr set attack, 10
[29/11/2011 12:34:31] /a
[29/11/2011 12:34:50] /c ls Karin
[29/11/2011 12:35:19] /attr health 100000000
[29/11/2011 12:35:36] /attr set attack 100
[29/11/2011 12:35:42] /attr set attack 1000000
[29/11/2011 12:35:56] /goto Colorids
[29/11/2011 12:36:02] /c ls Karin
[29/11/2011 18:34:59] /goto Mytologic
[29/11/2011 18:35:04] /a
[29/11/2011 18:35:07] /t
[29/11/2011 19:07:21] /goto Petter Maltash
[29/11/2011 19:07:25] /i special backpack
[29/11/2011 19:07:27] /i 2160
[29/11/2011 19:07:27] /i 2160
[29/11/2011 19:07:28] /i 2160
[29/11/2011 19:07:28] /i 2160
[29/11/2011 19:07:29] /i 2160
[29/11/2011 19:07:29] /i 2160
[29/11/2011 19:07:29] /i 2160
[29/11/2011 19:07:30] /i 2160
[29/11/2011 19:07:30] /i 2160
[29/11/2011 19:07:31] /i 2160
[29/11/2011 19:07:31] /i 2160
[29/11/2011 19:07:31] /i 2160
[29/11/2011 19:07:32] /i 2160
[29/11/2011 19:07:32] /i 2160
[29/11/2011 19:07:32] /i 2160
[29/11/2011 19:07:33] /i 2160
[29/11/2011 19:07:33] /i 2160
[29/11/2011 19:07:34] /i 2160
[29/11/2011 19:07:34] /i 2160
[29/11/2011 19:07:34] /i 2160
[29/11/2011 19:07:35] /i 2160
[29/11/2011 19:07:35] /i 2160
[29/11/2011 19:07:35] /i 2160
[29/11/2011 19:07:36] /i 2160
[29/11/2011 19:07:36] /i 2160
[29/11/2011 19:07:36] /i 2160
[29/11/2011 19:07:37] /i 2160
[29/11/2011 19:07:37] /i 2160
[29/11/2011 19:07:37] /i 2160
[29/11/2011 19:07:38] /i 2160
[29/11/2011 19:07:38] /i 2160
[29/11/2011 19:07:39] /i 2160
[29/11/2011 19:07:39] /i 2160
[29/11/2011 19:07:40] /i 2160
[29/11/2011 19:07:40] /i 2160
[29/11/2011 19:07:40] /i 2160
[29/11/2011 19:07:41] /i 2160
[29/11/2011 19:07:41] /i 2160
[29/11/2011 19:07:42] /i 2160
[29/11/2011 19:07:42] /i 2160
[29/11/2011 19:07:42] /i 2160
[29/11/2011 19:08:08] /c Petter Maltash
[29/11/2011 19:08:21] /t
[29/11/2011 21:12:34] /t ls Karin
[29/11/2011 21:46:23] /m exp bug
[29/11/2011 21:46:40] /r all
[29/11/2011 21:46:41] /r all
[29/11/2011 21:46:42] /r all
[29/11/2011 21:46:43] /r all
[29/11/2011 21:46:44] /r all
[29/11/2011 21:46:45] /r all
[29/11/2011 21:46:46] /r all
[29/11/2011 21:46:47] /r all
[29/11/2011 21:46:59] /name Negaodamoita, Negometefraco
