[29/11/2011 21:50:46] /c ls Karin
[30/11/2011 11:47:36] /goto Mytologic
[30/11/2011 11:48:02] /goto Mytologic
[30/11/2011 11:48:26] /goto Lord Vampire
[30/11/2011 11:48:32] /goto Mytologic
[30/11/2011 11:48:38] /goto Rullex Pally
[30/11/2011 11:49:52] /goto Mytologic
[30/11/2011 11:50:06] /t
[30/11/2011 23:24:45] /goto Deeniis
[30/11/2011 23:25:10] /goto Deenis
[30/11/2011 23:25:20] /attr group 0
[30/11/2011 23:25:20] /attr group 0
[30/11/2011 23:27:31] /c [gm] theus
[30/11/2011 23:28:54] /a
[30/11/2011 23:28:55] /a
[30/11/2011 23:28:56] /a
[30/11/2011 23:28:56] /a
[30/11/2011 23:28:58] /a
[30/11/2011 23:28:59] /a
[30/11/2011 23:29:03] /a
[30/11/2011 23:29:03] /a
[30/11/2011 23:29:13] /t
[30/11/2011 23:29:19] /a
[30/11/2011 23:29:20] /a
[30/11/2011 23:29:23] /i golden falcon
[30/11/2011 23:29:33] /i golden falcin
[30/11/2011 23:29:36] /i golden falcon
[30/11/2011 23:30:02] /i special backpack
[30/11/2011 23:30:54] /r
[30/11/2011 23:30:55] /t
[30/11/2011 23:31:02] /i special backpack
[30/11/2011 23:31:30] /i special hat
[30/11/2011 23:31:32] /i special boots
[30/11/2011 23:31:34] /i special armor
[30/11/2011 23:31:37] /i special legs
[30/11/2011 23:31:39] /i special shield
[30/11/2011 23:31:53] /i special axe
[30/11/2011 23:31:55] /i special sword
[30/11/2011 23:31:57] /i special club
[30/11/2011 23:32:05] /i emerald bangle
[30/11/2011 23:33:44] /i special amulet
[30/11/2011 23:33:59] /i super amulet
[30/11/2011 23:34:07] /i 2160
[30/11/2011 23:34:08] /i 2160
[30/11/2011 23:34:08] /i 2160
[30/11/2011 23:34:09] /i 2160
[30/11/2011 23:34:09] /i 2160
[30/11/2011 23:34:09] /i 2160
[30/11/2011 23:34:22] /i 2160
[30/11/2011 23:34:22] /i 2160
[30/11/2011 23:34:22] /i 2160
[30/11/2011 23:34:22] /i 2160
[30/11/2011 23:34:23] /i 2160
[30/11/2011 23:34:23] /i 2160
[30/11/2011 23:34:23] /i 2160
[30/11/2011 23:34:23] /i 2160
[30/11/2011 23:34:23] /i 2160
[30/11/2011 23:34:23] /i 2160
[30/11/2011 23:34:23] /i 2160
[30/11/2011 23:34:23] /i 2160
[30/11/2011 23:34:23] /i 2160
[30/11/2011 23:34:23] /i 2160
[30/11/2011 23:34:23] /i 2160
[30/11/2011 23:34:23] /i 2160
[30/11/2011 23:34:23] /i 2160
[30/11/2011 23:34:23] /i 2160
[30/11/2011 23:34:23] /i 2160
[30/11/2011 23:34:23] /i 2160
[30/11/2011 23:34:23] /i 2160
[30/11/2011 23:34:24] /i 2160
[30/11/2011 23:34:24] /i 2160
[30/11/2011 23:34:24] /i 2160
[30/11/2011 23:34:24] /i 2160
[30/11/2011 23:34:26] /i 2160
[30/11/2011 23:34:27] /i 2160
[30/11/2011 23:34:27] /i 2160
[30/11/2011 23:34:27] /i 2160
[30/11/2011 23:34:27] /i 2160
[30/11/2011 23:34:27] /i 2160
[30/11/2011 23:34:27] /i 2160
[30/11/2011 23:34:27] /i 2160
[30/11/2011 23:34:27] /i 2160
[30/11/2011 23:34:27] /i 2160
[30/11/2011 23:34:27] /i 2160
[30/11/2011 23:34:27] /i 2160
[30/11/2011 23:34:28] /i 2160
[30/11/2011 23:34:28] /i 2160
[30/11/2011 23:34:28] /i 2160
[30/11/2011 23:34:28] /i 2160
[30/11/2011 23:34:28] /i 2160
[30/11/2011 23:34:28] /i 2160
[30/11/2011 23:34:28] /i 2160
[30/11/2011 23:34:28] /i 2160
[30/11/2011 23:34:28] /i 2160
[30/11/2011 23:34:28] /i 2160
[30/11/2011 23:34:28] /i 2160
[30/11/2011 23:34:28] /i 2160
[30/11/2011 23:34:28] /i 2160
[30/11/2011 23:34:30] /r all
[30/11/2011 23:34:57] /r all
[30/11/2011 23:35:01] /i special backpack
[30/11/2011 23:35:17] /i exp potion
[30/11/2011 23:35:17] /i exp potion
[30/11/2011 23:35:18] /i exp potion
[30/11/2011 23:35:18] /i exp potion
[30/11/2011 23:35:18] /i exp potion
[30/11/2011 23:35:18] /i exp potion
[30/11/2011 23:35:18] /i exp potion
[30/11/2011 23:35:18] /i exp potion
[30/11/2011 23:35:18] /i exp potion
[30/11/2011 23:35:18] /i exp potion
[30/11/2011 23:35:18] /i exp potion
[30/11/2011 23:35:18] /i exp potion
[30/11/2011 23:35:18] /i exp potion
[30/11/2011 23:35:18] /i exp potion
[30/11/2011 23:35:18] /i exp potion
[30/11/2011 23:35:18] /i exp potion
[30/11/2011 23:35:19] /i exp potion
[30/11/2011 23:35:19] /i exp potion
[30/11/2011 23:35:19] /i exp potion
[30/11/2011 23:35:19] /i exp potion
[30/11/2011 23:35:19] /i exp potion
[30/11/2011 23:35:19] /i exp potion
[30/11/2011 23:35:19] /i exp potion
[30/11/2011 23:35:19] /i exp potion
[30/11/2011 23:35:20] /i exp potion
[30/11/2011 23:35:20] /i exp potion
[30/11/2011 23:35:20] /i exp potion
[30/11/2011 23:35:20] /i exp potion
[30/11/2011 23:35:20] /i exp potion
[30/11/2011 23:35:21] /i exp potion
[30/11/2011 23:35:21] /i exp potion
[30/11/2011 23:35:21] /i exp potion
[30/11/2011 23:35:21] /i exp potion
[30/11/2011 23:35:24] /i exp potion
[30/11/2011 23:35:24] /i exp potion
[30/11/2011 23:35:25] /i exp potion
[30/11/2011 23:35:25] /i exp potion
[30/11/2011 23:35:30] /r all
[30/11/2011 23:35:34] /i special backpack
[30/11/2011 23:35:36] /i exp potion
[30/11/2011 23:35:36] /i exp potion
[30/11/2011 23:35:37] /i exp potion
[30/11/2011 23:35:37] /i exp potion
[30/11/2011 23:35:37] /i exp potion
[30/11/2011 23:35:37] /i exp potion
[30/11/2011 23:35:37] /i exp potion
[30/11/2011 23:35:37] /i exp potion
[30/11/2011 23:35:37] /i exp potion
[30/11/2011 23:35:37] /i exp potion
[30/11/2011 23:35:37] /i exp potion
[30/11/2011 23:35:37] /i exp potion
[30/11/2011 23:35:37] /i exp potion
[30/11/2011 23:35:37] /i exp potion
[30/11/2011 23:35:37] /i exp potion
[30/11/2011 23:35:37] /i exp potion
[30/11/2011 23:35:37] /i exp potion
[30/11/2011 23:35:37] /i exp potion
[30/11/2011 23:35:37] /i exp potion
[30/11/2011 23:35:39] /i exp potion
[30/11/2011 23:35:40] /i exp potion
[30/11/2011 23:35:40] /i exp potion
[30/11/2011 23:35:40] /i exp potion
[30/11/2011 23:35:40] /i exp potion
[30/11/2011 23:35:40] /i exp potion
[30/11/2011 23:35:40] /i exp potion
[30/11/2011 23:35:40] /i exp potion
[30/11/2011 23:35:40] /i exp potion
[30/11/2011 23:35:40] /i exp potion
[30/11/2011 23:35:40] /i exp potion
[30/11/2011 23:35:40] /i exp potion
[30/11/2011 23:35:40] /i exp potion
[30/11/2011 23:35:41] /i exp potion
[30/11/2011 23:35:41] /i exp potion
[30/11/2011 23:35:41] /i exp potion
[30/11/2011 23:35:41] /i exp potion
[30/11/2011 23:35:41] /i exp potion
[30/11/2011 23:35:41] /i exp potion
[30/11/2011 23:35:41] /i exp potion
[30/11/2011 23:35:41] /i exp potion
[30/11/2011 23:35:41] /i exp potion
[30/11/2011 23:35:41] /i exp potion
[30/11/2011 23:35:41] /i exp potion
[30/11/2011 23:35:41] /i exp potion
[30/11/2011 23:35:41] /i exp potion
[30/11/2011 23:35:41] /i exp potion
[30/11/2011 23:35:41] /i exp potion
[30/11/2011 23:35:41] /i exp potion
[30/11/2011 23:35:41] /i exp potion
[30/11/2011 23:35:41] /i exp potion
[30/11/2011 23:35:41] /i exp potion
[30/11/2011 23:35:41] /i exp potion
[30/11/2011 23:35:42] /i exp potion
[30/11/2011 23:35:42] /i exp potion
[30/11/2011 23:35:42] /i exp potion
[30/11/2011 23:35:42] /i exp potion
[30/11/2011 23:35:43] /i exp potion
[30/11/2011 23:35:43] /i exp potion
[30/11/2011 23:35:43] /i exp potion
[30/11/2011 23:35:43] /i exp potion
[30/11/2011 23:35:43] /i exp potion
[30/11/2011 23:35:43] /i exp potion
[30/11/2011 23:35:43] /i exp potion
[30/11/2011 23:35:43] /i exp potion
[30/11/2011 23:35:43] /i exp potion
[30/11/2011 23:35:43] /i exp potion
[30/11/2011 23:35:43] /i exp potion
[30/11/2011 23:35:43] /i exp potion
[30/11/2011 23:35:43] /i exp potion
[30/11/2011 23:35:43] /i exp potion
[30/11/2011 23:35:44] /i exp potion
[30/11/2011 23:35:44] /i exp potion
[30/11/2011 23:35:44] /i exp potion
[30/11/2011 23:35:44] /i exp potion
[30/11/2011 23:35:44] /r all
[30/11/2011 23:35:51] /goto ls Karin
[30/11/2011 23:36:15] /goto ls Karin
[30/11/2011 23:37:11] /t
[01/12/2011 20:43:34] /c Ka Wa~
[01/12/2011 20:43:41] /c Ka Wa Za Ck~
[01/12/2011 20:43:55] /c Ka Wa Za Ck Ma Ge
[01/12/2011 20:43:56] /c Ka Wa Za Ck Ma Ge
[01/12/2011 20:43:57] /c Ka Wa Za Ck Ma Ge
[01/12/2011 21:16:56] /i special backpack
[01/12/2011 21:16:56] /i exp potion
[01/12/2011 21:16:57] /i exp potion
[01/12/2011 21:16:57] /i exp potion
[01/12/2011 21:16:57] /i exp potion
[01/12/2011 21:16:57] /i exp potion
[01/12/2011 21:16:57] /i exp potion
[01/12/2011 21:16:57] /i exp potion
[01/12/2011 21:16:57] /i exp potion
[01/12/2011 21:16:57] /i exp potion
[01/12/2011 21:16:57] /i exp potion
[01/12/2011 21:16:57] /i exp potion
[01/12/2011 21:16:57] /i exp potion
[01/12/2011 21:16:58] /i exp potion
[01/12/2011 21:16:58] /i exp potion
[01/12/2011 21:16:58] /i exp potion
[01/12/2011 21:16:58] /i exp potion
[01/12/2011 21:16:58] /i exp potion
[01/12/2011 21:16:58] /i exp potion
[01/12/2011 21:16:58] /i exp potion
[01/12/2011 21:16:58] /i exp potion
[01/12/2011 21:16:58] /i exp potion
[01/12/2011 21:16:58] /i exp potion
[01/12/2011 21:16:58] /i exp potion
[01/12/2011 21:16:58] /i exp potion
[01/12/2011 21:16:58] /i exp potion
[01/12/2011 21:16:58] /i exp potion
[01/12/2011 21:16:58] /i exp potion
[01/12/2011 21:16:58] /i exp potion
[01/12/2011 21:16:58] /i exp potion
[01/12/2011 21:16:58] /i exp potion
[01/12/2011 21:16:58] /i exp potion
[01/12/2011 21:16:59] /i exp potion
[01/12/2011 21:16:59] /i exp potion
[01/12/2011 21:16:59] /i exp potion
[01/12/2011 21:16:59] /i exp potion
[01/12/2011 21:16:59] /i exp potion
[01/12/2011 21:16:59] /i exp potion
[01/12/2011 21:16:59] /i exp potion
[01/12/2011 21:16:59] /i exp potion
[01/12/2011 21:16:59] /i exp potion
[01/12/2011 21:16:59] /i exp potion
[01/12/2011 21:16:59] /i exp potion
[01/12/2011 21:16:59] /i exp potion
[01/12/2011 21:16:59] /i exp potion
[01/12/2011 21:16:59] /i exp potion
[01/12/2011 21:16:59] /i exp potion
[01/12/2011 21:16:59] /i exp potion
[01/12/2011 21:16:59] /i exp potion
[01/12/2011 21:16:59] /i exp potion
[01/12/2011 21:16:59] /i exp potion
[01/12/2011 21:16:59] /i exp potion
[01/12/2011 21:16:59] /i exp potion
[01/12/2011 21:16:59] /i exp potion
[01/12/2011 21:16:59] /i exp potion
[01/12/2011 21:16:59] /i exp potion
[01/12/2011 21:16:59] /i exp potion
[01/12/2011 21:16:59] /i exp potion
[01/12/2011 21:16:59] /i exp potion
[01/12/2011 21:16:59] /i exp potion
[01/12/2011 21:17:00] /i exp potion
[01/12/2011 21:17:00] /i exp potion
[01/12/2011 21:17:00] /i exp potion
[01/12/2011 21:17:00] /i exp potion
[01/12/2011 21:17:00] /i exp potion
[01/12/2011 21:17:00] /i exp potion
[01/12/2011 21:17:00] /i exp potion
[01/12/2011 21:17:00] /i exp potion
[01/12/2011 21:17:00] /i exp potion
[01/12/2011 21:17:00] /i exp potion
[01/12/2011 21:17:03] /r all
[01/12/2011 21:17:07] /goto Petter~
[01/12/2011 21:17:11] /goto Petter~
[01/12/2011 21:18:17] /m lord vampire
[01/12/2011 21:18:26] /r all
[01/12/2011 21:19:32] /t
[02/12/2011 18:17:36] /goto Colorids
[02/12/2011 18:18:37] /t
[02/12/2011 18:19:43] /a
