[08/12/2011 12:41:20] /c Doido Por Ili
[08/12/2011 12:41:27] /attr group 0
[08/12/2011 12:41:29] /attr group 6
[08/12/2011 12:41:31] /attr group 6
[08/12/2011 12:41:33] /attr group 6
[08/12/2011 12:42:55] /i 2160
[08/12/2011 12:42:56] /i 2160
[08/12/2011 12:42:56] /i 2160
[08/12/2011 12:42:56] /i 2160
[08/12/2011 12:42:56] /i 2160
[08/12/2011 12:42:56] /i 2160
[08/12/2011 12:42:56] /i 2160
[08/12/2011 12:42:56] /i 2160
[08/12/2011 12:42:56] /i 2160
[08/12/2011 12:42:56] /i 2160
[08/12/2011 12:42:56] /i 2160
[08/12/2011 12:42:56] /i 2160
[08/12/2011 12:42:56] /i 2160
[08/12/2011 12:42:56] /i 2160
[08/12/2011 12:42:56] /i 2160
[08/12/2011 12:42:56] /i 2160
[08/12/2011 12:42:56] /i 2160
[08/12/2011 12:42:56] /i 2160
[08/12/2011 12:42:57] /i 2160
[08/12/2011 12:42:57] /i 2160
[08/12/2011 12:42:57] /i 2160
[08/12/2011 12:42:57] /i 2160
[08/12/2011 12:43:23] /attr set attack 50
[08/12/2011 12:45:14] /i 2160
[08/12/2011 12:45:15] /i 2160
[08/12/2011 12:45:15] /i 2160
[08/12/2011 12:45:15] /i 2160
[08/12/2011 12:45:15] /i 2160
[08/12/2011 12:45:15] /i 2160
[08/12/2011 12:45:15] /i 2160
[08/12/2011 12:45:15] /i 2160
[08/12/2011 12:45:15] /i 2160
[08/12/2011 12:45:15] /i 2160
[08/12/2011 12:45:15] /i 2160
[08/12/2011 12:45:15] /i 2160
[08/12/2011 12:45:15] /i 2160
[08/12/2011 12:45:16] /i 2160
[08/12/2011 12:45:16] /i 2160
[08/12/2011 12:45:16] /i 2160
[08/12/2011 12:45:16] /i 2160
[08/12/2011 12:45:17] /i 2160
[08/12/2011 12:45:17] /i 2160
[08/12/2011 12:45:17] /i 2160
[08/12/2011 12:45:18] /i 2160
[08/12/2011 12:45:18] /i 2160
[08/12/2011 12:45:18] /i 2160
[08/12/2011 12:45:18] /i 2160
[08/12/2011 12:45:20] /i 2160
[08/12/2011 12:47:04] /goto Winter Wolf
[08/12/2011 12:47:09] /m exp bug
[08/12/2011 12:47:09] /m exp bug
[08/12/2011 12:47:12] /m exp bug
[08/12/2011 12:47:12] /m exp bug
[08/12/2011 12:47:12] /m exp bug
[08/12/2011 12:47:12] /m exp bug
[08/12/2011 12:47:12] /m exp bug
[08/12/2011 12:47:12] /m exp bug
[08/12/2011 12:47:14] /m exp bug
[08/12/2011 12:48:29] /r
[08/12/2011 12:48:34] /r
[08/12/2011 12:48:35] /r
[08/12/2011 12:48:36] /r
[08/12/2011 12:48:37] /r
[08/12/2011 12:51:11] /r
[08/12/2011 12:51:13] /r
[08/12/2011 12:51:14] /r
[08/12/2011 12:51:22] /attr set attack 9999999
[08/12/2011 12:52:05] /i exp potion
[08/12/2011 12:52:05] /i exp potion
[08/12/2011 12:52:10] /m exp bug
[08/12/2011 12:55:21] /c Brahma
[08/12/2011 12:55:34] /attr set attack 50
[08/12/2011 12:55:37] /m exp bug
[08/12/2011 12:55:50] /i exp potion
[08/12/2011 12:55:51] /i exp potion
[08/12/2011 12:55:52] /i exp potion
[08/12/2011 12:55:53] /i exp potion
[08/12/2011 12:55:55] /i exp potion
[08/12/2011 12:56:37] /attr set attack 8000
[08/12/2011 12:57:02] /attr set attack 8000000
[08/12/2011 12:57:31] /m exp bug
[08/12/2011 12:57:46] /attr set attack 999999999
[08/12/2011 12:57:49] /attr set attack 999999999
[08/12/2011 12:58:40] /attr set attack 50
[08/12/2011 12:58:51] /clean
[08/12/2011 12:58:53] /i 2160
[08/12/2011 12:58:54] /i 2160
[08/12/2011 12:58:54] /i 2160
[08/12/2011 12:58:54] /i 2160
[08/12/2011 12:58:54] /i 2160
[08/12/2011 12:58:54] /i 2160
[08/12/2011 12:58:54] /i 2160
[08/12/2011 12:58:54] /i 2160
[08/12/2011 12:58:54] /i 2160
[08/12/2011 12:58:54] /i 2160
[08/12/2011 12:58:54] /i 2160
[08/12/2011 12:58:54] /i 2160
[08/12/2011 12:58:54] /i 2160
[08/12/2011 12:58:54] /i 2160
[08/12/2011 12:58:54] /i 2160
[08/12/2011 12:58:54] /i 2160
[08/12/2011 12:58:54] /i 2160
[08/12/2011 12:58:55] /i 2160
[08/12/2011 12:58:55] /i 2160
[08/12/2011 12:58:55] /i 2160
[08/12/2011 12:58:55] /i 2160
[08/12/2011 13:00:54] /i expedition backpack
[08/12/2011 13:00:56] /i expedition backpack
[08/12/2011 13:00:57] /i expedition backpack
[08/12/2011 13:00:57] /i expedition backpack
[08/12/2011 13:01:15] /clean
[08/12/2011 13:01:19] /i 2160
[08/12/2011 13:01:19] /i 2160
[08/12/2011 13:01:19] /i 2160
[08/12/2011 13:01:19] /i 2160
[08/12/2011 13:01:20] /i 2160
[08/12/2011 13:01:20] /i 2160
[08/12/2011 13:01:20] /i 2160
[08/12/2011 13:01:20] /i 2160
[08/12/2011 13:01:20] /i 2160
[08/12/2011 13:01:20] /i 2160
[08/12/2011 13:01:20] /i 2160
[08/12/2011 13:01:20] /i 2160
[08/12/2011 13:01:20] /i 2160
[08/12/2011 13:01:20] /i 2160
[08/12/2011 13:01:20] /i 2160
[08/12/2011 13:01:20] /i 2160
[08/12/2011 13:01:20] /i 2160
[08/12/2011 13:01:20] /i 2160
[08/12/2011 13:01:20] /i 2160
[08/12/2011 13:01:20] /i 2160
[08/12/2011 13:01:20] /i 2160
[08/12/2011 13:01:20] /i 2160
[08/12/2011 13:01:20] /i 2160
[08/12/2011 13:01:20] /i 2160
[08/12/2011 13:01:20] /i 2160
[08/12/2011 13:01:20] /i 2160
[08/12/2011 13:01:20] /i 2160
[08/12/2011 13:01:20] /i 2160
[08/12/2011 13:01:21] /i 2160
[08/12/2011 13:01:21] /i 2160
[08/12/2011 13:01:21] /i 2160
[08/12/2011 13:01:21] /i 2160
[08/12/2011 13:01:21] /i 2160
[08/12/2011 13:01:21] /i 2160
[08/12/2011 13:01:21] /i 2160
[08/12/2011 13:01:21] /i 2160
[08/12/2011 13:01:21] /i 2160
[08/12/2011 13:01:21] /i 2160
[08/12/2011 13:01:21] /i 2160
[08/12/2011 13:01:22] /i 2160
[08/12/2011 13:01:22] /i 2160
[08/12/2011 13:01:22] /i 2160
[08/12/2011 13:01:22] /i 2160
[08/12/2011 13:01:23] /i 2160
[08/12/2011 13:01:23] /i 2160
[08/12/2011 13:01:23] /i 2160
[08/12/2011 13:01:23] /i 2160
[08/12/2011 13:01:23] /i 2160
[08/12/2011 13:01:23] /i 2160
[08/12/2011 13:01:23] /i 2160
[08/12/2011 13:01:23] /i 2160
[08/12/2011 13:01:23] /i 2160
[08/12/2011 13:01:23] /i 2160
[08/12/2011 13:01:23] /i 2160
[08/12/2011 13:01:23] /i 2160
[08/12/2011 13:01:23] /i 2160
[08/12/2011 13:01:23] /i 2160
[08/12/2011 13:01:23] /i 2160
[08/12/2011 13:01:23] /i 2160
[08/12/2011 13:01:23] /i 2160
[08/12/2011 13:01:23] /i 2160
[08/12/2011 13:01:23] /i 2160
[08/12/2011 13:01:23] /i 2160
[08/12/2011 13:01:23] /i 2160
[08/12/2011 13:01:23] /i 2160
[08/12/2011 13:01:23] /i 2160
[08/12/2011 13:01:23] /i 2160
[08/12/2011 13:01:24] /i 2160
[08/12/2011 13:01:24] /i 2160
[08/12/2011 13:01:25] /i 2160
[08/12/2011 13:01:25] /i 2160
[08/12/2011 13:01:25] /i 2160
[08/12/2011 13:01:25] /i 2160
[08/12/2011 13:01:26] /i 2160
[08/12/2011 13:01:26] /i 2160
[08/12/2011 13:01:26] /i 2160
[08/12/2011 13:01:27] /i 2160
[08/12/2011 13:01:27] /i 2160
[08/12/2011 13:02:24] /i expedition backpack
[08/12/2011 13:02:24] /i expedition backpack
[08/12/2011 13:02:25] /i expedition backpack
[08/12/2011 13:02:25] /i expedition backpack
[08/12/2011 13:02:25] /i expedition backpack
[08/12/2011 13:02:29] /i 2160
[08/12/2011 13:02:30] /i 2160
[08/12/2011 13:02:30] /i 2160
[08/12/2011 13:02:30] /i 2160
[08/12/2011 13:02:30] /i 2160
[08/12/2011 13:02:30] /i 2160
[08/12/2011 13:02:30] /i 2160
[08/12/2011 13:02:30] /i 2160
[08/12/2011 13:02:30] /i 2160
[08/12/2011 13:02:30] /i 2160
[08/12/2011 13:02:30] /i 2160
[08/12/2011 13:02:30] /i 2160
[08/12/2011 13:02:30] /i 2160
[08/12/2011 13:02:30] /i 2160
[08/12/2011 13:02:30] /i 2160
[08/12/2011 13:02:30] /i 2160
[08/12/2011 13:02:30] /i 2160
[08/12/2011 13:02:30] /i 2160
[08/12/2011 13:02:30] /i 2160
[08/12/2011 13:02:30] /i 2160
[08/12/2011 13:02:30] /i 2160
[08/12/2011 13:02:30] /i 2160
[08/12/2011 13:02:30] /i 2160
[08/12/2011 13:02:30] /i 2160
[08/12/2011 13:02:30] /i 2160
[08/12/2011 13:02:30] /i 2160
[08/12/2011 13:02:30] /i 2160
[08/12/2011 13:02:30] /i 2160
[08/12/2011 13:02:31] /i 2160
[08/12/2011 13:02:31] /i 2160
[08/12/2011 13:02:31] /i 2160
[08/12/2011 13:02:31] /i 2160
[08/12/2011 13:02:31] /i 2160
[08/12/2011 13:02:31] /i 2160
[08/12/2011 13:02:31] /i 2160
[08/12/2011 13:02:31] /i 2160
[08/12/2011 13:02:31] /i 2160
[08/12/2011 13:02:31] /i 2160
[08/12/2011 13:02:32] /i 2160
[08/12/2011 13:02:32] /i 2160
[08/12/2011 13:02:32] /i 2160
[08/12/2011 13:02:32] /i 2160
[08/12/2011 13:02:32] /i 2160
[08/12/2011 13:02:32] /i 2160
[08/12/2011 13:02:32] /i 2160
[08/12/2011 13:02:32] /i 2160
[08/12/2011 13:02:32] /i 2160
[08/12/2011 13:02:32] /i 2160
[08/12/2011 13:02:32] /i 2160
[08/12/2011 13:02:32] /i 2160
[08/12/2011 13:02:32] /i 2160
[08/12/2011 13:02:32] /i 2160
[08/12/2011 13:02:32] /i 2160
[08/12/2011 13:02:32] /i 2160
[08/12/2011 13:02:32] /i 2160
[08/12/2011 13:02:32] /i 2160
[08/12/2011 13:02:32] /i 2160
[08/12/2011 13:02:32] /i 2160
[08/12/2011 13:02:32] /i 2160
[08/12/2011 13:02:33] /i 2160
[08/12/2011 13:02:33] /i 2160
[08/12/2011 13:02:33] /i 2160
[08/12/2011 13:02:33] /i 2160
[08/12/2011 13:02:33] /i 2160
[08/12/2011 13:02:33] /i 2160
[08/12/2011 13:02:33] /i 2160
[08/12/2011 13:02:33] /i 2160
[08/12/2011 13:02:33] /i 2160
[08/12/2011 13:02:33] /i 2160
[08/12/2011 13:02:33] /i 2160
[08/12/2011 13:02:33] /i 2160
[08/12/2011 13:02:33] /i 2160
[08/12/2011 13:02:33] /i 2160
[08/12/2011 13:02:33] /i 2160
[08/12/2011 13:02:33] /i 2160
[08/12/2011 13:02:33] /i 2160
[08/12/2011 13:02:33] /i 2160
[08/12/2011 13:02:33] /i 2160
[08/12/2011 13:02:33] /i 2160
[08/12/2011 13:02:33] /i 2160
[08/12/2011 13:02:33] /i 2160
[08/12/2011 13:02:33] /i 2160
[08/12/2011 13:02:33] /i 2160
[08/12/2011 13:02:33] /i 2160
[08/12/2011 13:02:33] /i 2160
[08/12/2011 13:02:33] /i 2160
[08/12/2011 13:02:33] /i 2160
[08/12/2011 13:02:34] /i 2160
[08/12/2011 13:02:34] /i 2160
[08/12/2011 13:02:34] /i 2160
[08/12/2011 13:02:42] /clean
