[13/12/2011 16:16:51] /b eae negada
[13/12/2011 16:18:14] /b alguem ake joga hells2?
[13/12/2011 16:18:49] /b alguem ake joga hells2?
[13/12/2011 16:18:50] /b alguem ake joga hells2?
[19/12/2011 17:11:34] /b e ae negada
[19/12/2011 17:14:44] /b n exite bixo edited
[19/12/2011 17:15:15] /b modo de fla ne
[19/12/2011 17:20:08] /b kem achar o Bobby Lon eu do 1 exp potion
[19/12/2011 17:20:37] /b kem achar o Bobby Lon eu do 1 exp potion
[19/12/2011 17:20:38] /b kem achar o Bobby Lon eu do 1 exp potion
[19/12/2011 17:20:38] /b kem achar o Bobby Lon eu do 1 exp potion
[19/12/2011 17:23:47] /b kem achar o Bobby Lon eu do 1 exp potion
[19/12/2011 17:23:47] /b kem achar o Bobby Lon eu do 1 exp potion
[19/12/2011 17:23:48] /b kem achar o Bobby Lon eu do 1 exp potion
[19/12/2011 17:23:48] /b kem achar o Bobby Lon eu do 1 exp potion
[19/12/2011 17:23:49] /b kem achar o Bobby Lon eu do 1 exp potion
[19/12/2011 17:23:49] /b kem achar o Bobby Lon eu do 1 exp potion
[19/12/2011 17:23:50] /b kem achar o Bobby Lon eu do 1 exp potion
[19/12/2011 17:23:50] /b kem achar o Bobby Lon eu do 1 exp potion
[19/12/2011 17:24:37] /b kem achar o Bobby Lon eu do 1 exp potion
[19/12/2011 17:24:37] /b kem achar o Bobby Lon eu do 1 exp potion
[19/12/2011 17:24:38] /b kem achar o Bobby Lon eu do 1 exp potion
[19/12/2011 17:24:39] /b kem achar o Bobby Lon eu do 1 exp potion
[19/12/2011 17:24:39] /b kem achar o Bobby Lon eu do 1 exp potion
[19/12/2011 17:30:07] /b kem achar o Bobby Lon eu do 1 exp potion
[19/12/2011 17:30:08] /b kem achar o Bobby Lon eu do 1 exp potion
[19/12/2011 17:30:08] /b kem achar o Bobby Lon eu do 1 exp potion
[19/12/2011 17:30:09] /b kem achar o Bobby Lon eu do 1 exp potion
[19/12/2011 17:30:10] /b kem achar o Bobby Lon eu do 1 exp potion
[19/12/2011 17:36:25] /b vo bate uma punheta agr
