[31/12/2011 12:32:02] /r
[31/12/2011 12:32:07] /i special backpack
[31/12/2011 12:32:21] /i 2160
[31/12/2011 12:32:21] /i 2160
[31/12/2011 12:32:22] /i 2160
[31/12/2011 12:32:22] /i 2160
[31/12/2011 12:32:22] /i 2160
[31/12/2011 12:32:22] /i 2160
[31/12/2011 12:32:22] /i 2160
[31/12/2011 12:32:22] /i 2160
[31/12/2011 12:32:26] /i 2160
[31/12/2011 12:32:27] /i 2160
[31/12/2011 12:32:27] /i 2160
[31/12/2011 12:32:27] /i 2160
[31/12/2011 12:32:27] /i 2160
[31/12/2011 12:32:27] /i 2160
[31/12/2011 12:32:27] /i 2160
[31/12/2011 12:32:27] /i 2160
[31/12/2011 12:32:27] /i 2160
[31/12/2011 12:32:27] /i 2160
[31/12/2011 12:32:27] /i 2160
[31/12/2011 12:32:27] /i 2160
[31/12/2011 12:32:27] /i 2160
[31/12/2011 12:32:27] /i 2160
[31/12/2011 12:32:27] /i 2160
[31/12/2011 12:32:28] /i 2160
[31/12/2011 12:32:28] /i 2160
[31/12/2011 12:32:28] /i 2160
[31/12/2011 12:32:28] /i 2160
[31/12/2011 12:32:28] /i 2160
[31/12/2011 12:32:28] /i 2160
[31/12/2011 12:32:28] /i 2160
[31/12/2011 12:32:28] /i 2160
[31/12/2011 12:32:28] /i 2160
[31/12/2011 12:32:28] /i 2160
[31/12/2011 12:32:28] /i 2160
[31/12/2011 12:32:28] /i 2160
[31/12/2011 12:32:28] /i 2160
[31/12/2011 12:32:28] /i 2160
[31/12/2011 12:32:28] /i 2160
[31/12/2011 12:32:28] /i 2160
[31/12/2011 12:32:28] /i 2160
[31/12/2011 12:32:28] /i 2160
[31/12/2011 12:32:28] /i 2160
[31/12/2011 12:32:28] /i 2160
[31/12/2011 12:32:28] /i 2160
[31/12/2011 12:32:28] /i 2160
[31/12/2011 12:32:28] /i 2160
[31/12/2011 12:32:28] /i 2160
[31/12/2011 12:32:28] /i 2160
[31/12/2011 12:32:28] /i 2160
[31/12/2011 12:32:29] /i 2160
[31/12/2011 12:32:29] /i 2160
[31/12/2011 12:32:29] /i 2160
[31/12/2011 12:32:29] /i 2160
[31/12/2011 12:32:29] /i 2160
[31/12/2011 12:32:29] /i 2160
[31/12/2011 12:32:29] /i 2160
[31/12/2011 12:32:29] /i 2160
[31/12/2011 12:32:29] /i 2160
[31/12/2011 12:32:29] /i 2160
[31/12/2011 12:32:29] /i 2160
[31/12/2011 12:32:29] /i 2160
[31/12/2011 12:32:29] /i 2160
[31/12/2011 12:32:29] /i 2160
[31/12/2011 12:32:31] /r all
[31/12/2011 12:33:08] /i special backpack
[31/12/2011 12:33:23] /i special hat
[31/12/2011 12:33:25] /i special armor
[31/12/2011 12:33:28] /i special legs
[31/12/2011 12:33:32] /i special boots
[31/12/2011 12:33:35] /i special shield
[31/12/2011 12:33:51] /i exp potion
[31/12/2011 12:33:52] /i exp potion
[31/12/2011 12:33:52] /i exp potion
[31/12/2011 12:33:53] /i exp potion
[31/12/2011 12:33:53] /i exp potion
[31/12/2011 12:33:55] /i exp potion
[31/12/2011 12:33:57] /i exp potion
[31/12/2011 12:33:57] /i exp potion
[31/12/2011 12:34:44] /m exp bug
[31/12/2011 12:34:57] /attr maxhealth 10
[31/12/2011 12:34:58] /attr maxhealth 10
[31/12/2011 12:34:59] /attr maxhealth 10
[31/12/2011 12:35:04] /attr health 10
[31/12/2011 12:35:16] /r
[31/12/2011 12:35:16] /r
[31/12/2011 12:47:50] /t
