[29/11/2015 18:29:02] /ghost
[29/11/2015 18:35:33] /ghost
[29/11/2015 18:35:34] /ghost
[29/11/2015 18:35:35] /t
[29/11/2015 18:35:52] /b Vão nos cyclops fazer dinheiro
[29/11/2015 18:36:20] /b cyclops é so descer a cidade, um pouco pra esquerda
[29/11/2015 18:36:28] /b cyclops é so descer a cidade, um pouco pra esquerda
[29/11/2015 18:36:34] /b ESQUERDA
[29/11/2015 18:38:04] /goto Leo Zik Memo
[29/11/2015 18:38:09] /ghost
[29/11/2015 18:38:21] /ghost
[29/11/2015 18:38:36] /c Leo Zik Memo
[29/11/2015 18:38:40] /t
[29/11/2015 18:39:05] /goto Leo Zik Memo
[29/11/2015 18:39:38] /t
[29/11/2015 18:39:48] /ghost
[29/11/2015 18:39:49] /ghost
[29/11/2015 18:40:34] /goto revolltado
[29/11/2015 18:40:37] /t
[29/11/2015 18:40:48] /goto Jhow Rusha
[29/11/2015 18:40:50] /t
[29/11/2015 18:43:30] /name Sekk,  
