[09/09/2012 15:19:58] /attr group 
[09/09/2012 15:20:20] /attr set attack 99999999
[09/09/2012 15:20:45] /i massive fire elemental
[09/09/2012 15:20:47] /i massive fire elemental
[09/09/2012 15:20:50] /m massive fire elemental
[09/09/2012 15:20:51] /m massive fire elemental
[09/09/2012 15:20:51] /m massive fire elemental
[09/09/2012 15:21:11] /m massive fire elemental
[09/09/2012 15:21:11] /m massive fire elemental
[09/09/2012 15:21:12] /m massive fire elemental
[09/09/2012 15:21:16] /m massive fire elemental
[09/09/2012 15:21:17] /m massive fire elemental
[09/09/2012 15:21:17] /m massive fire elemental
[09/09/2012 15:21:18] /m massive fire elemental
[09/09/2012 15:21:18] /m massive fire elemental
[09/09/2012 15:21:19] /m massive fire elemental
[09/09/2012 15:21:29] /m massive fire elemental
[09/09/2012 15:21:49] /r all
[09/09/2012 15:21:50] /r all
[09/09/2012 15:21:53] /r a
[09/09/2012 15:21:58] /ghost
[09/09/2012 15:22:20] /i special backpack
[09/09/2012 15:22:30] /i supreme hat
[09/09/2012 15:22:32] /i supreme armor
[09/09/2012 15:22:36] /i supreme legs
[09/09/2012 15:22:39] /i supreme boots
[09/09/2012 15:22:42] /i supreme shield
[09/09/2012 15:22:43] /i supreme shield
[09/09/2012 15:22:43] /i supreme shield
[09/09/2012 15:22:44] /i supreme shield
[09/09/2012 15:22:44] /i supreme shield
[09/09/2012 15:22:44] /i supreme shield
[09/09/2012 15:22:45] /i supreme shield
[09/09/2012 15:22:48] /i supreme ring
[09/09/2012 15:22:48] /i supreme ring
[09/09/2012 15:22:48] /i supreme ring
[09/09/2012 15:22:49] /i supreme ring
[09/09/2012 15:22:49] /i supreme ring
[09/09/2012 15:22:50] /i supreme ring
[09/09/2012 15:22:50] /i supreme ring
[09/09/2012 15:23:32] /r
[09/09/2012 15:23:38] /mc
[09/09/2012 15:23:43] /c zua~
[09/09/2012 15:23:48] /r
[09/09/2012 15:24:06] /a 33
[09/09/2012 15:24:10] /goto pi~
[09/09/2012 15:24:12] /goto pi~
[09/09/2012 15:24:26] /goto lord~
[09/09/2012 15:24:29] /goto lord vampire
[09/09/2012 15:25:03] /c WaVaGaNtErS LoUcO
[09/09/2012 15:25:34] /t WaVaGaNtErS LoUcO
[09/09/2012 15:27:36] /mc
[09/09/2012 15:28:08] /goto lord vampire
[09/09/2012 15:28:10] /goto lord vampire
[09/09/2012 15:28:15] /goto kina~
[09/09/2012 15:28:19] /goto kina rus~
[09/09/2012 15:28:29] /goto kina rusher
[09/09/2012 15:28:33] /t
[09/09/2012 15:28:34] /goto lord vampire
[09/09/2012 15:28:50] /attr group 6
[09/09/2012 15:28:58] /goto hydra
[09/09/2012 15:29:19] /attr group 6
[09/09/2012 15:29:22] /attr group 6
[09/09/2012 15:29:22] /attr group 6
[09/09/2012 15:29:25] /attr group 6
[09/09/2012 15:29:27] /attr group 6
[09/09/2012 15:29:27] /attr group 6
[09/09/2012 15:29:30] /attr group 6
[09/09/2012 15:29:36] /a 33
[09/09/2012 15:29:37] /a 33
[09/09/2012 15:29:38] /a 33
[09/09/2012 15:29:39] /a 33
[09/09/2012 15:29:40] /a 3
[09/09/2012 15:29:41] /a 3
[09/09/2012 15:29:41] /a 3
[09/09/2012 15:29:42] /a 3
[09/09/2012 15:29:43] /a 3
[09/09/2012 15:29:44] /a 3
[09/09/2012 15:29:46] /a 3
[09/09/2012 15:29:46] /a 3
[09/09/2012 15:29:47] /a 3
[09/09/2012 15:29:47] /a 3
[09/09/2012 15:29:48] /a 3
[09/09/2012 15:29:49] /a 3
[09/09/2012 15:29:57] /goto chiquinh~
[09/09/2012 15:30:06] /goto lord vampire
