[29/02/2012 15:18:06] /ghost
[29/02/2012 15:18:24] /down
[29/02/2012 15:18:31] /down
[29/02/2012 15:18:35] /a 20
[29/02/2012 15:18:40] /up
[29/02/2012 15:22:58] /i supreme axe
[29/02/2012 15:23:03] /i supreme ring
[29/02/2012 15:23:10] /i supreme shield
[29/02/2012 15:23:49] /m exp bug
[29/02/2012 15:23:50] /m exp bug
[29/02/2012 15:23:51] /m exp bug
[29/02/2012 15:23:51] /m exp bug
[29/02/2012 15:23:52] /m exp bug
[29/02/2012 15:23:53] /a 2
[29/02/2012 15:23:54] /m exp bug
[29/02/2012 15:23:55] /m exp bug
[29/02/2012 15:23:57] /m exp bug
[29/02/2012 15:24:01] /m exp bug
[29/02/2012 15:24:01] /m exp bug
[29/02/2012 15:24:02] /m exp bug
[29/02/2012 15:30:03] /r
[29/02/2012 15:30:04] /r
[29/02/2012 15:30:05] /r
[29/02/2012 15:30:06] /r
[29/02/2012 15:30:06] /r
[29/02/2012 15:30:07] /r
[29/02/2012 15:30:07] /r
[29/02/2012 15:30:08] /r
[29/02/2012 15:30:09] /r
[29/02/2012 15:30:12] /r
[29/02/2012 15:30:13] /r
[29/02/2012 15:30:14] /r
[29/02/2012 15:30:15] /r
[29/02/2012 15:30:24] /i supreme axe
[29/02/2012 15:30:43] /attr 999999
[29/02/2012 15:31:02] /attr atack 999999
[29/02/2012 15:31:12] /attr attack 999999
[29/02/2012 16:14:37] /attr atk 999999999
[29/02/2012 16:14:49] /attr atack 99999
[29/02/2012 16:14:57] /attr 9999999
[29/02/2012 16:17:12] /attr attack 999999999
[29/02/2012 16:17:25] /attr attack 99999999999999999999
[29/02/2012 16:18:55] /cliport
[29/02/2012 16:20:02] /down
[29/02/2012 16:20:08] /up
[29/02/2012 16:20:20] /up
[29/02/2012 16:20:50] /down
[29/02/2012 16:20:59] /cliport
[29/02/2012 16:21:02] /a 20
[29/02/2012 16:21:05] /a 20
[29/02/2012 16:21:06] /a 20
[29/02/2012 16:21:08] /a 20
[29/02/2012 16:21:10] /a 20
[29/02/2012 16:21:12] /a 20
[29/02/2012 16:23:11] /attr atack999999
[29/02/2012 16:23:28] /attr attack999999
[29/02/2012 16:23:31] /attr attack999999
[29/02/2012 16:24:52] /m fire elemental
[29/02/2012 16:25:03] /m fire massive elemental
[29/02/2012 16:25:11] /m exp bug
[29/02/2012 16:25:12] /m exp bug
[29/02/2012 16:25:13] /m exp bug
[29/02/2012 16:25:13] /m exp bug
[29/02/2012 16:25:14] /m exp bug
[29/02/2012 16:25:15] /m exp bug
[29/02/2012 16:25:16] /m exp bug
[29/02/2012 16:25:17] /m exp bug
[29/02/2012 16:25:20] /a 2
[29/02/2012 16:25:24] /m exp bug
[29/02/2012 16:25:25] /m exp bug
[29/02/2012 16:25:26] /m exp bug
[29/02/2012 16:25:27] /m exp bug
[29/02/2012 16:25:29] /a 2
[29/02/2012 16:25:32] /m exp bug
[29/02/2012 16:25:33] /m exp bug
[29/02/2012 16:25:35] /m exp bug
[29/02/2012 16:25:36] /m exp bug
[29/02/2012 16:25:38] /a 2
[29/02/2012 16:25:41] /m exp bug
[29/02/2012 16:25:41] /m exp bug
[29/02/2012 16:25:42] /m exp bug
[29/02/2012 16:25:44] /a 2
[29/02/2012 16:25:45] /m exp bug
[29/02/2012 16:25:46] /m exp bug
[29/02/2012 16:34:25] /m exp bug
[29/02/2012 16:34:25] /m exp bug
[29/02/2012 16:34:25] /m exp bug
[29/02/2012 16:34:26] /m exp bug
[29/02/2012 16:34:26] /m exp bug
[29/02/2012 16:34:26] /m exp bug
[29/02/2012 16:34:26] /m exp bug
[29/02/2012 16:34:26] /m exp bug
[29/02/2012 16:34:26] /m exp bug
[29/02/2012 16:34:26] /m exp bug
[29/02/2012 16:34:26] /m exp bug
[29/02/2012 16:34:26] /m exp bug
[29/02/2012 16:34:26] /m exp bug
[29/02/2012 16:34:26] /m exp bug
[29/02/2012 16:34:26] /m exp bug
[29/02/2012 16:34:26] /m exp bug
[29/02/2012 16:34:26] /m exp bug
[29/02/2012 16:34:26] /m exp bug
[29/02/2012 16:34:27] /m exp bug
[29/02/2012 16:34:27] /a 2
[29/02/2012 16:34:28] /m exp bug
[29/02/2012 16:34:29] /m exp bug
[29/02/2012 16:34:29] /m exp bug
[29/02/2012 16:34:29] /m exp bug
[29/02/2012 16:34:29] /m exp bug
[29/02/2012 16:34:29] /m exp bug
[29/02/2012 16:34:29] /m exp bug
[29/02/2012 16:34:29] /m exp bug
[29/02/2012 16:34:29] /m exp bug
[29/02/2012 16:34:29] /m exp bug
[29/02/2012 16:34:29] /m exp bug
[29/02/2012 16:34:29] /m exp bug
[29/02/2012 16:34:29] /m exp bug
[29/02/2012 16:34:29] /m exp bug
[29/02/2012 16:34:30] /m exp bug
[29/02/2012 16:34:30] /m exp bug
[29/02/2012 16:34:30] /m exp bug
[29/02/2012 16:34:30] /m exp bug
[29/02/2012 16:34:30] /m exp bug
[29/02/2012 16:34:30] /m exp bug
[29/02/2012 16:34:32] /a 2
[29/02/2012 16:34:33] /m exp bug
[29/02/2012 16:34:35] /m exp bug
[29/02/2012 16:34:35] /m exp bug
[29/02/2012 16:34:35] /m exp bug
[29/02/2012 16:34:35] /m exp bug
[29/02/2012 16:34:35] /m exp bug
[29/02/2012 16:34:35] /m exp bug
[29/02/2012 16:34:35] /m exp bug
[29/02/2012 16:34:35] /m exp bug
[29/02/2012 16:34:35] /m exp bug
[29/02/2012 16:34:35] /m exp bug
[29/02/2012 16:34:35] /m exp bug
[29/02/2012 16:34:35] /m exp bug
[29/02/2012 16:34:35] /m exp bug
[29/02/2012 16:34:35] /m exp bug
[29/02/2012 16:34:35] /m exp bug
[29/02/2012 16:34:35] /m exp bug
[29/02/2012 16:34:35] /m exp bug
[29/02/2012 16:34:35] /m exp bug
[29/02/2012 16:34:35] /m exp bug
[29/02/2012 16:34:35] /m exp bug
[29/02/2012 16:34:35] /m exp bug
[29/02/2012 16:34:36] /m exp bug
[29/02/2012 16:34:36] /m exp bug
[29/02/2012 16:34:36] /m exp bug
[29/02/2012 16:34:36] /m exp bug
[29/02/2012 16:34:36] /m exp bug
[29/02/2012 16:34:36] /m exp bug
[29/02/2012 16:34:36] /m exp bug
[29/02/2012 16:34:36] /m exp bug
[29/02/2012 16:34:36] /m exp bug
[29/02/2012 16:34:36] /m exp bug
[29/02/2012 16:34:36] /m exp bug
[29/02/2012 16:34:36] /m exp bug
[29/02/2012 16:34:36] /m exp bug
[29/02/2012 16:34:36] /m exp bug
[29/02/2012 16:34:36] /m exp bug
[29/02/2012 16:34:37] /m exp bug
[29/02/2012 16:34:37] /m exp bug
[29/02/2012 16:34:37] /m exp bug
[29/02/2012 16:34:37] /m exp bug
[29/02/2012 16:34:37] /m exp bug
[29/02/2012 16:34:37] /m exp bug
[29/02/2012 16:34:37] /m exp bug
[29/02/2012 16:34:37] /m exp bug
[29/02/2012 16:34:37] /m exp bug
[29/02/2012 16:34:37] /m exp bug
[29/02/2012 16:34:37] /m exp bug
[29/02/2012 16:34:37] /m exp bug
[29/02/2012 16:34:38] /a 2
[29/02/2012 16:34:43] /m exp bug
[29/02/2012 16:34:44] /m exp bug
[29/02/2012 16:34:44] /m exp bug
[29/02/2012 16:34:44] /m exp bug
[29/02/2012 16:34:44] /m exp bug
[29/02/2012 16:34:44] /m exp bug
[29/02/2012 16:34:44] /m exp bug
[29/02/2012 16:34:44] /m exp bug
[29/02/2012 16:34:44] /m exp bug
[29/02/2012 16:34:44] /m exp bug
[29/02/2012 16:34:44] /m exp bug
[29/02/2012 16:34:44] /m exp bug
[29/02/2012 16:34:44] /m exp bug
[29/02/2012 16:34:44] /m exp bug
[29/02/2012 16:34:44] /m exp bug
[29/02/2012 16:34:44] /m exp bug
[29/02/2012 16:34:44] /m exp bug
[29/02/2012 16:34:45] /m exp bug
[29/02/2012 16:34:45] /m exp bug
[29/02/2012 16:34:46] /a 2
[29/02/2012 16:34:48] /m exp bug
[29/02/2012 16:34:48] /m exp bug
[29/02/2012 16:34:48] /m exp bug
[29/02/2012 16:34:48] /m exp bug
[29/02/2012 16:34:49] /m exp bug
[29/02/2012 16:34:49] /m exp bug
[29/02/2012 16:34:49] /m exp bug
[29/02/2012 16:34:49] /m exp bug
[29/02/2012 16:34:49] /m exp bug
[29/02/2012 16:34:49] /m exp bug
[29/02/2012 16:34:49] /m exp bug
[29/02/2012 16:34:49] /m exp bug
[29/02/2012 16:34:49] /m exp bug
[29/02/2012 16:34:49] /m exp bug
[29/02/2012 16:34:49] /m exp bug
[29/02/2012 16:34:49] /m exp bug
[29/02/2012 16:34:49] /m exp bug
[29/02/2012 16:34:49] /m exp bug
[29/02/2012 16:34:49] /m exp bug
[29/02/2012 16:34:49] /m exp bug
[29/02/2012 16:45:54] /name Like A BoSS ,ChaD ReeD ?
[29/02/2012 16:46:11] /m exp bug
[29/02/2012 16:46:13] /m exp bug
[29/02/2012 16:46:13] /m exp bug
[29/02/2012 16:46:13] /m exp bug
[29/02/2012 16:46:13] /m exp bug
[29/02/2012 16:46:13] /m exp bug
[29/02/2012 16:46:13] /m exp bug
[29/02/2012 16:46:15] /a 2
[29/02/2012 16:46:16] /m exp bug
[29/02/2012 16:46:16] /m exp bug
[29/02/2012 16:46:16] /m exp bug
[29/02/2012 16:46:16] /m exp bug
[29/02/2012 16:46:16] /m exp bug
[29/02/2012 16:46:17] /m exp bug
[29/02/2012 16:46:21] /a 2
[29/02/2012 16:46:23] /m exp bug
[29/02/2012 16:46:23] /m exp bug
[29/02/2012 16:46:23] /m exp bug
[29/02/2012 16:46:24] /m exp bug
[29/02/2012 17:21:32] /down
[29/02/2012 17:21:36] /down
[01/03/2012 16:42:14] /t
[01/03/2012 16:42:42] /m lord vampire
[01/03/2012 16:42:44] /m lord vampire
[01/03/2012 16:42:44] /m lord vampire
[01/03/2012 16:42:44] /m lord vampire
[01/03/2012 16:42:44] /m lord vampire
[01/03/2012 16:42:44] /m lord vampire
[01/03/2012 16:42:44] /m lord vampire
[01/03/2012 16:42:45] /m lord vampire
[01/03/2012 16:42:46] /m lord vampire
[01/03/2012 16:42:50] /m lord vampire
[01/03/2012 16:42:51] /m lord vampire
[01/03/2012 16:42:51] /m lord vampire
[01/03/2012 16:42:52] /m lord vampire
[01/03/2012 16:42:52] /m lord vampire
[01/03/2012 16:42:53] /m lord vampire
[01/03/2012 16:42:54] /m lord vampire
[01/03/2012 16:42:54] /m lord vampire
[01/03/2012 16:43:13] /m lord vampire
[01/03/2012 16:43:13] /m lord vampire
[01/03/2012 16:43:14] /m lord vampire
[01/03/2012 16:43:15] /m lord vampire
[01/03/2012 16:43:41] /r
[01/03/2012 16:43:45] /m lord vampire
[01/03/2012 16:43:46] /r
[01/03/2012 16:43:58] /c Huguiinho
[01/03/2012 16:44:06] /m treptin
[01/03/2012 16:44:08] /m treptin
[01/03/2012 16:44:12] /m treptin
[01/03/2012 16:44:13] /m treptin
[01/03/2012 16:44:14] /m treptin
[01/03/2012 16:44:15] /m treptin
[01/03/2012 16:44:15] /m treptin
[01/03/2012 16:44:16] /m treptin
[01/03/2012 16:44:16] /m treptin
[01/03/2012 16:44:17] /m treptin
[01/03/2012 16:44:23] /c Huguiinho
[01/03/2012 16:45:16] /clean
[01/03/2012 16:46:00] /a 20
[01/03/2012 16:46:14] /b huguinho
[01/03/2012 16:46:14] /t
[01/03/2012 16:46:35] /ghost
[01/03/2012 16:46:39] /ghost
[01/03/2012 16:47:09] /goto Huguiinho
[01/03/2012 16:47:19] /r
[01/03/2012 16:47:28] /r
[01/03/2012 16:47:35] /r
[01/03/2012 16:48:40] /goto knight fox
