[30/12/2011 14:51:37] /b eae seus lixos
[30/12/2011 14:51:59] /goto phod~
[30/12/2011 14:52:02] /a
[30/12/2011 14:52:20] /t
[30/12/2011 14:52:26] /b cotocos
[30/12/2011 14:52:30] /kick pho~
[30/12/2011 14:53:07] /b bg cotocos
[30/12/2011 15:23:42] /attr group 6
[30/12/2011 15:23:43] /r
[30/12/2011 15:23:52] /b ta lag ainda ?
[30/12/2011 15:24:11] /attr group 1
[30/12/2011 15:24:13] /b ta lag ainda ?
[30/12/2011 15:24:18] /attr group 1
[30/12/2011 15:24:19] /r
[30/12/2011 15:28:47] /attr group 6
[30/12/2011 15:28:49] /attr group 6
[30/12/2011 15:28:49] /r
[30/12/2011 15:28:59] /goto imm~
[30/12/2011 15:29:07] /goto imm~
[30/12/2011 15:29:11] /goto imm~
[30/12/2011 15:29:31] /ghost
[30/12/2011 15:29:45] /goto [~
[30/12/2011 15:30:37] /t
[30/12/2011 15:31:26] /b melhoro o lag seus cotocos?
[30/12/2011 15:32:29] /t
[30/12/2011 15:32:43] /a 2
[30/12/2011 15:32:44] /a 2
[30/12/2011 15:32:44] /a 2
[30/12/2011 15:32:44] /a 2
[30/12/2011 15:32:54] /goto [~
[30/12/2011 15:34:47] /t
[30/12/2011 15:34:51] /a 2
[30/12/2011 15:34:51] /a 2
[30/12/2011 15:34:59] /c pall~
[30/12/2011 15:35:04] /t pall~
[30/12/2011 15:35:08] /c pally negui~
[30/12/2011 15:35:12] /goto d] 
[30/12/2011 15:35:15] /goto deni~
[30/12/2011 15:38:35] /goto [~
[30/12/2011 15:38:37] /t
[30/12/2011 15:38:47] /goto de~
[30/12/2011 15:38:52] /goto deninho
[30/12/2011 15:40:39] /b melhoro o lag ? '-'
[30/12/2011 15:40:58] /ghost
[30/12/2011 15:41:01] /ghost
[30/12/2011 15:41:22] /goto pho~
[30/12/2011 15:41:31] /goto pho~
[30/12/2011 15:42:14] /c pho~
[30/12/2011 15:42:59] /m lord vampire
[30/12/2011 15:45:12] /t
[30/12/2011 15:50:52] /reload
[30/12/2011 15:50:58] /reload all
[30/12/2011 15:53:07] /b duvidas , fala cmg ai cotocos '-'
[30/12/2011 15:54:09] /b invasao no tmeplo
[30/12/2011 15:54:20] /m lord vampire
[30/12/2011 15:54:20] /m lord vampire
[30/12/2011 15:54:21] /m lord vampire
[30/12/2011 15:54:21] /m lord vampire
[30/12/2011 15:54:21] /m lord vampire/m lord vampire
[30/12/2011 15:54:22] /m lord vampire/m lord vampire/m lord vampire
[30/12/2011 15:54:23] /m lord vampire
[30/12/2011 15:54:23] /m lord vampire
[30/12/2011 15:54:23] /m lord vampire
[30/12/2011 15:54:24] /m lord vampire
[30/12/2011 15:54:24] /m lord vampire
[30/12/2011 15:54:24] /m lord vampire
[30/12/2011 15:54:25] /m lord vampire
[30/12/2011 15:54:25] /m lord vampire
[30/12/2011 15:54:25] /m lord vampire
[30/12/2011 15:54:25] /m lord vampire
[30/12/2011 15:54:26] /m lord vampire
[30/12/2011 15:54:26] /m lord vampire
[30/12/2011 15:54:26] /m lord vampire
[30/12/2011 15:54:32] /m lord vampire
[30/12/2011 15:54:32] /m lord vampire
[30/12/2011 15:54:32] /m lord vampire
[30/12/2011 15:54:33] /m lord vampire
[30/12/2011 15:54:33] /m lord vampire
[30/12/2011 15:54:48] /m lord vampire
[30/12/2011 15:54:48] /m lord vampire
[30/12/2011 15:54:49] /m lord vampire
[30/12/2011 15:54:49] /m lord vampire
[30/12/2011 15:54:49] /m lord vampire
[30/12/2011 15:54:52] /m lord vampire
[30/12/2011 15:54:52] /m lord vampire
[30/12/2011 15:54:52] /m lord vampire
[30/12/2011 15:54:54] /m lord vampire
[30/12/2011 15:54:55] /m lord vampire
[30/12/2011 15:54:55] /m lord vampire
[30/12/2011 15:54:55] /m lord vampire
[30/12/2011 15:55:06] /a 5
[30/12/2011 15:55:08] /m lord vampire
[30/12/2011 15:55:09] /m lord vampire
[30/12/2011 15:55:10] /m lord vampire
[30/12/2011 15:55:10] /m lord vampire
[30/12/2011 15:55:10] /m lord vampire
[30/12/2011 15:55:10] /m lord vampire
[30/12/2011 15:55:10] /m lord vampire
[30/12/2011 15:55:15] /m lord vampire
[30/12/2011 15:55:15] /m lord vampire
[30/12/2011 15:55:16] /m lord vampire
[30/12/2011 15:55:16] /m lord vampire
[30/12/2011 15:55:16] /m lord vampire
[30/12/2011 15:55:17] /m lord vampire
[30/12/2011 15:55:17] /m lord vampire
[30/12/2011 15:55:17] /m lord vampire
[30/12/2011 15:55:17] /m lord vampire
[30/12/2011 15:55:18] /m lord vampire
[30/12/2011 15:55:18] /m lord vampire
[30/12/2011 15:55:18] /m lord vampire
[30/12/2011 15:55:18] /m lord vampire
[30/12/2011 15:55:19] /m lord vampire
[30/12/2011 15:55:19] /t
[30/12/2011 15:55:25] /m lord vampire
[30/12/2011 15:55:26] /m lord vampire
[30/12/2011 15:55:26] /m lord vampire
[30/12/2011 15:55:26] /m lord vampire
[30/12/2011 15:55:26] /m lord vampire
[30/12/2011 15:55:27] /m lord vampire
[30/12/2011 15:55:27] /m lord vampire
[30/12/2011 15:55:27] /m lord vampire
[30/12/2011 15:55:28] /m lord vampire
[30/12/2011 15:55:28] /m lord vampire
[30/12/2011 15:55:31] /b pronto '-'
[30/12/2011 15:57:01] /clean
[30/12/2011 15:57:03] /save
[30/12/2011 15:57:39] /goto bloko~
[30/12/2011 15:58:03] /b quem é Os Havaianos ?
[30/12/2011 15:59:10] /b ta lag ai cotocos/
[30/12/2011 16:00:46] /goto win~
[30/12/2011 16:01:03] /t
[30/12/2011 16:01:11] /goto [gm~
[30/12/2011 16:01:25] /a 10
[30/12/2011 16:01:25] /a 10
[30/12/2011 16:01:26] /a 10
[30/12/2011 16:01:26] /a 10
[30/12/2011 16:01:26] /a 10
[30/12/2011 16:01:29] /a 10
[30/12/2011 16:01:47] /r
[30/12/2011 16:01:48] /r
[30/12/2011 16:01:49] /r
[30/12/2011 16:01:49] /r
[30/12/2011 16:01:50] /r
[30/12/2011 16:01:51] /r
[30/12/2011 16:01:51] /r
[30/12/2011 16:02:22] /r
[30/12/2011 16:04:40] /m bug
[30/12/2011 16:04:43] /m exp bug
[30/12/2011 16:05:13] /m special axe
[30/12/2011 16:05:22] /i special axe
[30/12/2011 16:05:33] /attr attack 1000
[30/12/2011 16:05:39] /attr attack 10000
[30/12/2011 16:06:23] /r
[30/12/2011 16:07:28] /mc
[30/12/2011 16:08:55] /mc
[30/12/2011 16:09:17] /mc
[30/12/2011 16:09:47] /goto ba~
[30/12/2011 16:10:10] /a 10
[30/12/2011 16:10:11] /a 10
[30/12/2011 16:10:15] /c ca~
[30/12/2011 16:10:28] /mc
[30/12/2011 16:10:51] /b vo almoça
[30/12/2011 16:11:29] /b nao é 24
[30/12/2011 16:11:41] /b to hosteando pq a net da xuxa do caique é mt lixo '-'
[30/12/2011 16:17:19] /goto [gm~
[30/12/2011 16:17:40] /t
[30/12/2011 16:18:09] /unban Inciting Rule
[30/12/2011 16:18:20] /unban
[30/12/2011 16:20:47] /b 16 nobs on , vamo chama os amigo ai seus cotocos
[30/12/2011 16:20:57] /b quero ve o movimento
[30/12/2011 16:21:00] /t
[30/12/2011 16:21:11] /c rai~
[30/12/2011 16:21:23] /ghost
[30/12/2011 16:21:25] /kick rai~
[30/12/2011 16:21:44] /mc
[30/12/2011 16:23:50] /ghost
[30/12/2011 16:24:19] /mc
[30/12/2011 16:26:15] /a
[30/12/2011 16:28:56] /info skolkitow
[30/12/2011 16:29:06] /info skolzitow
[30/12/2011 16:31:07] /mc
[30/12/2011 16:31:27] /t
[30/12/2011 16:31:34] /goto elite~
[30/12/2011 16:31:47] /goto bet~
[30/12/2011 16:31:59] /t
[30/12/2011 16:34:31] /mc
[30/12/2011 16:35:17] /c pro~
[30/12/2011 16:36:22] /t
[30/12/2011 16:37:20] /b ivi , oia os car se revelando
[30/12/2011 16:39:00] /clean
[30/12/2011 16:46:43] /b show ed ban hj em
[30/12/2011 16:46:53] /b distribuição gratuita '-'
