[08/12/2011 12:32:29] /ghost
[08/12/2011 12:33:12] /attr group 0
[08/12/2011 12:33:19] /goto Paladin Revoltado
[08/12/2011 12:33:22] /attr group 6
[08/12/2011 12:33:24] /r
[08/12/2011 12:33:25] /t
[08/12/2011 12:33:28] /up
[08/12/2011 12:33:29] /up
[08/12/2011 12:33:45] /attr group 6
[08/12/2011 13:13:27] /t
[08/12/2011 13:13:32] /attr group 0
[08/12/2011 13:13:32] /attr group 0
[08/12/2011 13:13:32] /attr group 0
[08/12/2011 13:13:33] /attr group 0
[08/12/2011 13:13:33] /attr group 0
[08/12/2011 13:13:33] /attr group 0
[08/12/2011 13:13:33] /attr group 0
[08/12/2011 13:13:34] /attr group 0
[08/12/2011 13:13:34] /attr group 0
[08/12/2011 13:13:34] /attr group 0
