[12/09/2012 15:10:18] /attr group 
[12/09/2012 15:10:19] /r
[12/09/2012 15:10:35] /attr group 6
[12/09/2012 15:10:41] /attr group 
[12/09/2012 15:10:43] /r
[12/09/2012 15:10:55] /ghost
[12/09/2012 15:13:59] /name Zika , Fudido Tromba
[12/09/2012 15:14:05] /t
[12/09/2012 15:14:06] /a 33
[12/09/2012 15:14:07] /a 33
[12/09/2012 15:14:07] /a 33
[12/09/2012 15:14:08] /a 33
[12/09/2012 15:14:08] /a 33
[12/09/2012 15:14:09] /a 33
[12/09/2012 15:14:10] /a 33
[12/09/2012 15:14:11] /up
[12/09/2012 15:14:17] /down
[12/09/2012 15:14:18] /down
[12/09/2012 15:14:19] /down
[12/09/2012 15:14:19] /down
[12/09/2012 15:14:23] /up
[12/09/2012 15:14:28] /i axe
[12/09/2012 15:14:37] /attr set attack 100000000000
[12/09/2012 15:14:40] /mc
[12/09/2012 15:15:10] /c druid~
[12/09/2012 15:15:18] /i exp potion
[12/09/2012 15:15:31] /i supreme wand
[12/09/2012 15:15:44] /m massive fire elemental
[12/09/2012 15:15:44] /m massive fire elemental
[12/09/2012 15:15:50] /m massive fire elemental
[12/09/2012 15:15:50] /m massive fire elemental
[12/09/2012 15:15:51] /m massive fire elemental
[12/09/2012 15:15:57] /m massive fire elemental
[12/09/2012 15:15:58] /m massive fire elemental
[12/09/2012 15:15:58] /m massive fire elemental
[12/09/2012 15:16:04] /m massive fire elemental
[12/09/2012 15:16:05] /m massive fire elemental
[12/09/2012 15:16:05] /m massive fire elemental
[12/09/2012 15:16:11] /m massive fire elemental
[12/09/2012 15:16:20] /r
[12/09/2012 15:16:21] /r
[12/09/2012 15:16:22] /r
[12/09/2012 15:16:23] /r
[12/09/2012 15:16:28] /name Druid Stylleed
[12/09/2012 15:16:50] /t Druid Stylleed
[12/09/2012 15:17:24] /name Druid Stylleed , Lord Ebuddy
